mode: set
Qingyu_backend/api/v1/admin/announcement_api.go:19.100,23.2 1 1
Qingyu_backend/api/v1/admin/announcement_api.go:43.62,53.59 2 1
Qingyu_backend/api/v1/admin/announcement_api.go:53.59,55.17 2 0
Qingyu_backend/api/v1/admin/announcement_api.go:55.17,57.4 1 0
Qingyu_backend/api/v1/admin/announcement_api.go:61.2,61.65 1 1
Qingyu_backend/api/v1/admin/announcement_api.go:61.65,63.3 1 0
Qingyu_backend/api/v1/admin/announcement_api.go:66.2,66.62 1 1
Qingyu_backend/api/v1/admin/announcement_api.go:66.62,68.3 1 0
Qingyu_backend/api/v1/admin/announcement_api.go:71.2,71.50 1 1
Qingyu_backend/api/v1/admin/announcement_api.go:71.50,72.55 1 0
Qingyu_backend/api/v1/admin/announcement_api.go:72.55,74.4 1 0
Qingyu_backend/api/v1/admin/announcement_api.go:78.2,78.53 1 1
Qingyu_backend/api/v1/admin/announcement_api.go:78.53,79.57 1 0
Qingyu_backend/api/v1/admin/announcement_api.go:79.57,81.4 1 0
Qingyu_backend/api/v1/admin/announcement_api.go:85.2,85.47 1 1
Qingyu_backend/api/v1/admin/announcement_api.go:85.47,87.3 1 0
Qingyu_backend/api/v1/admin/announcement_api.go:90.2,90.56 1 1
Qingyu_backend/api/v1/admin/announcement_api.go:90.56,92.3 1 0
Qingyu_backend/api/v1/admin/announcement_api.go:95.2,96.16 2 1
Qingyu_backend/api/v1/admin/announcement_api.go:96.16,99.3 2 1
Qingyu_backend/api/v1/admin/announcement_api.go:101.2,101.27 1 1
Qingyu_backend/api/v1/admin/announcement_api.go:117.65,119.14 2 1
Qingyu_backend/api/v1/admin/announcement_api.go:119.14,122.3 2 0
Qingyu_backend/api/v1/admin/announcement_api.go:124.2,125.16 2 1
Qingyu_backend/api/v1/admin/announcement_api.go:125.16,128.3 2 1
Qingyu_backend/api/v1/admin/announcement_api.go:130.2,130.35 1 1
Qingyu_backend/api/v1/admin/announcement_api.go:146.64,148.47 2 1
Qingyu_backend/api/v1/admin/announcement_api.go:148.47,151.3 2 1
Qingyu_backend/api/v1/admin/announcement_api.go:154.2,154.48 1 1
Qingyu_backend/api/v1/admin/announcement_api.go:154.48,156.3 1 0
Qingyu_backend/api/v1/admin/announcement_api.go:158.2,159.16 2 1
Qingyu_backend/api/v1/admin/announcement_api.go:159.16,162.3 2 1
Qingyu_backend/api/v1/admin/announcement_api.go:164.2,164.35 1 1
Qingyu_backend/api/v1/admin/announcement_api.go:182.64,184.14 2 1
Qingyu_backend/api/v1/admin/announcement_api.go:184.14,187.3 2 0
Qingyu_backend/api/v1/admin/announcement_api.go:189.2,190.47 2 1
Qingyu_backend/api/v1/admin/announcement_api.go:190.47,193.3 2 0
Qingyu_backend/api/v1/admin/announcement_api.go:195.2,195.98 1 1
Qingyu_backend/api/v1/admin/announcement_api.go:195.98,198.3 2 1
Qingyu_backend/api/v1/admin/announcement_api.go:200.2,200.26 1 1
Qingyu_backend/api/v1/admin/announcement_api.go:217.64,219.14 2 1
Qingyu_backend/api/v1/admin/announcement_api.go:219.14,222.3 2 0
Qingyu_backend/api/v1/admin/announcement_api.go:224.2,224.92 1 1
Qingyu_backend/api/v1/admin/announcement_api.go:224.92,227.3 2 1
Qingyu_backend/api/v1/admin/announcement_api.go:229.2,229.26 1 1
Qingyu_backend/api/v1/admin/announcement_api.go:245.63,247.47 2 1
Qingyu_backend/api/v1/admin/announcement_api.go:247.47,250.3 2 0
Qingyu_backend/api/v1/admin/announcement_api.go:252.2,252.93 1 1
Qingyu_backend/api/v1/admin/announcement_api.go:252.93,255.3 2 1
Qingyu_backend/api/v1/admin/announcement_api.go:257.2,257.26 1 1
Qingyu_backend/api/v1/admin/announcement_api.go:278.57,280.47 2 1
Qingyu_backend/api/v1/admin/announcement_api.go:280.47,283.3 2 0
Qingyu_backend/api/v1/admin/announcement_api.go:286.2,286.23 1 1
Qingyu_backend/api/v1/admin/announcement_api.go:286.23,289.3 2 1
Qingyu_backend/api/v1/admin/announcement_api.go:291.2,291.90 1 1
Qingyu_backend/api/v1/admin/announcement_api.go:291.90,294.3 2 0
Qingyu_backend/api/v1/admin/announcement_api.go:296.2,296.26 1 1
Qingyu_backend/api/v1/admin/audit_admin_api.go:18.78,22.2 1 1
Qingyu_backend/api/v1/admin/audit_admin_api.go:40.60,45.47 4 1
Qingyu_backend/api/v1/admin/audit_admin_api.go:45.47,46.50 1 1
Qingyu_backend/api/v1/admin/audit_admin_api.go:46.50,48.4 1 1
Qingyu_backend/api/v1/admin/audit_admin_api.go:51.2,51.50 1 1
Qingyu_backend/api/v1/admin/audit_admin_api.go:51.50,52.51 1 1
Qingyu_backend/api/v1/admin/audit_admin_api.go:52.51,54.4 1 1
Qingyu_backend/api/v1/admin/audit_admin_api.go:58.2,59.16 2 1
Qingyu_backend/api/v1/admin/audit_admin_api.go:59.16,62.3 2 1
Qingyu_backend/api/v1/admin/audit_admin_api.go:66.2,69.30 3 1
Qingyu_backend/api/v1/admin/audit_admin_api.go:88.55,90.19 2 1
Qingyu_backend/api/v1/admin/audit_admin_api.go:90.19,93.3 2 1
Qingyu_backend/api/v1/admin/audit_admin_api.go:95.2,96.47 2 1
Qingyu_backend/api/v1/admin/audit_admin_api.go:96.47,99.3 2 1
Qingyu_backend/api/v1/admin/audit_admin_api.go:102.2,103.13 2 1
Qingyu_backend/api/v1/admin/audit_admin_api.go:103.13,106.3 2 1
Qingyu_backend/api/v1/admin/audit_admin_api.go:109.2,113.16 3 1
Qingyu_backend/api/v1/admin/audit_admin_api.go:113.16,116.3 2 1
Qingyu_backend/api/v1/admin/audit_admin_api.go:118.2,119.14 2 1
Qingyu_backend/api/v1/admin/audit_admin_api.go:119.14,121.3 1 1
Qingyu_backend/api/v1/admin/audit_admin_api.go:123.2,123.46 1 1
Qingyu_backend/api/v1/admin/audit_admin_api.go:142.56,144.19 2 1
Qingyu_backend/api/v1/admin/audit_admin_api.go:144.19,147.3 2 1
Qingyu_backend/api/v1/admin/audit_admin_api.go:149.2,150.47 2 1
Qingyu_backend/api/v1/admin/audit_admin_api.go:150.47,153.3 2 1
Qingyu_backend/api/v1/admin/audit_admin_api.go:156.2,157.13 2 1
Qingyu_backend/api/v1/admin/audit_admin_api.go:157.13,160.3 2 1
Qingyu_backend/api/v1/admin/audit_admin_api.go:163.2,167.16 3 1
Qingyu_backend/api/v1/admin/audit_admin_api.go:167.16,170.3 2 1
Qingyu_backend/api/v1/admin/audit_admin_api.go:172.2,173.14 2 1
Qingyu_backend/api/v1/admin/audit_admin_api.go:173.14,175.3 1 1
Qingyu_backend/api/v1/admin/audit_admin_api.go:177.2,177.46 1 1
Qingyu_backend/api/v1/admin/audit_admin_api.go:195.61,199.51 3 1
Qingyu_backend/api/v1/admin/audit_admin_api.go:199.51,200.48 1 1
Qingyu_backend/api/v1/admin/audit_admin_api.go:200.48,202.4 1 1
Qingyu_backend/api/v1/admin/audit_admin_api.go:205.2,205.50 1 1
Qingyu_backend/api/v1/admin/audit_admin_api.go:205.50,206.51 1 1
Qingyu_backend/api/v1/admin/audit_admin_api.go:206.51,208.4 1 1
Qingyu_backend/api/v1/admin/audit_admin_api.go:212.2,213.16 2 1
Qingyu_backend/api/v1/admin/audit_admin_api.go:213.16,216.3 2 1
Qingyu_backend/api/v1/admin/audit_admin_api.go:218.2,218.30 1 1
Qingyu_backend/api/v1/admin/audit_admin_api.go:234.62,237.16 2 1
Qingyu_backend/api/v1/admin/audit_admin_api.go:237.16,240.3 2 1
Qingyu_backend/api/v1/admin/audit_admin_api.go:242.2,242.28 1 1
Qingyu_backend/api/v1/admin/banner_api.go:19.69,23.2 1 0
Qingyu_backend/api/v1/admin/banner_api.go:42.50,52.59 2 0
Qingyu_backend/api/v1/admin/banner_api.go:52.59,54.17 2 0
Qingyu_backend/api/v1/admin/banner_api.go:54.17,56.4 1 0
Qingyu_backend/api/v1/admin/banner_api.go:60.2,60.59 1 0
Qingyu_backend/api/v1/admin/banner_api.go:60.59,62.3 1 0
Qingyu_backend/api/v1/admin/banner_api.go:65.2,65.50 1 0
Qingyu_backend/api/v1/admin/banner_api.go:65.50,66.55 1 0
Qingyu_backend/api/v1/admin/banner_api.go:66.55,68.4 1 0
Qingyu_backend/api/v1/admin/banner_api.go:72.2,72.53 1 0
Qingyu_backend/api/v1/admin/banner_api.go:72.53,73.57 1 0
Qingyu_backend/api/v1/admin/banner_api.go:73.57,75.4 1 0
Qingyu_backend/api/v1/admin/banner_api.go:79.2,79.47 1 0
Qingyu_backend/api/v1/admin/banner_api.go:79.47,81.3 1 0
Qingyu_backend/api/v1/admin/banner_api.go:84.2,84.56 1 0
Qingyu_backend/api/v1/admin/banner_api.go:84.56,86.3 1 0
Qingyu_backend/api/v1/admin/banner_api.go:89.2,90.16 2 0
Qingyu_backend/api/v1/admin/banner_api.go:90.16,93.3 2 0
Qingyu_backend/api/v1/admin/banner_api.go:95.2,95.27 1 0
Qingyu_backend/api/v1/admin/banner_api.go:111.53,113.14 2 0
Qingyu_backend/api/v1/admin/banner_api.go:113.14,116.3 2 0
Qingyu_backend/api/v1/admin/banner_api.go:118.2,119.16 2 0
Qingyu_backend/api/v1/admin/banner_api.go:119.16,122.3 2 0
Qingyu_backend/api/v1/admin/banner_api.go:124.2,124.29 1 0
Qingyu_backend/api/v1/admin/banner_api.go:140.52,142.47 2 0
Qingyu_backend/api/v1/admin/banner_api.go:142.47,145.3 2 0
Qingyu_backend/api/v1/admin/banner_api.go:147.2,148.16 2 0
Qingyu_backend/api/v1/admin/banner_api.go:148.16,151.3 2 0
Qingyu_backend/api/v1/admin/banner_api.go:153.2,153.29 1 0
Qingyu_backend/api/v1/admin/banner_api.go:171.52,173.14 2 0
Qingyu_backend/api/v1/admin/banner_api.go:173.14,176.3 2 0
Qingyu_backend/api/v1/admin/banner_api.go:178.2,179.47 2 0
Qingyu_backend/api/v1/admin/banner_api.go:179.47,182.3 2 0
Qingyu_backend/api/v1/admin/banner_api.go:184.2,184.86 1 0
Qingyu_backend/api/v1/admin/banner_api.go:184.86,187.3 2 0
Qingyu_backend/api/v1/admin/banner_api.go:189.2,189.26 1 0
Qingyu_backend/api/v1/admin/banner_api.go:206.52,208.14 2 0
Qingyu_backend/api/v1/admin/banner_api.go:208.14,211.3 2 0
Qingyu_backend/api/v1/admin/banner_api.go:213.2,213.80 1 0
Qingyu_backend/api/v1/admin/banner_api.go:213.80,216.3 2 0
Qingyu_backend/api/v1/admin/banner_api.go:218.2,218.26 1 0
Qingyu_backend/api/v1/admin/banner_api.go:234.57,236.47 2 0
Qingyu_backend/api/v1/admin/banner_api.go:236.47,239.3 2 0
Qingyu_backend/api/v1/admin/banner_api.go:241.2,241.87 1 0
Qingyu_backend/api/v1/admin/banner_api.go:241.87,244.3 2 0
Qingyu_backend/api/v1/admin/banner_api.go:246.2,246.26 1 0
Qingyu_backend/api/v1/admin/banner_api.go:262.55,264.47 2 0
Qingyu_backend/api/v1/admin/banner_api.go:264.47,267.3 2 0
Qingyu_backend/api/v1/admin/banner_api.go:269.2,269.85 1 0
Qingyu_backend/api/v1/admin/banner_api.go:269.85,272.3 2 0
Qingyu_backend/api/v1/admin/banner_api.go:274.2,274.26 1 0
Qingyu_backend/api/v1/admin/banner_api.go:288.59,290.14 2 0
Qingyu_backend/api/v1/admin/banner_api.go:290.14,293.3 2 0
Qingyu_backend/api/v1/admin/banner_api.go:295.2,295.87 1 0
Qingyu_backend/api/v1/admin/banner_api.go:295.87,298.3 2 0
Qingyu_backend/api/v1/admin/banner_api.go:300.2,300.26 1 0
Qingyu_backend/api/v1/admin/config_api.go:19.74,23.2 1 0
Qingyu_backend/api/v1/admin/config_api.go:41.53,43.16 2 0
Qingyu_backend/api/v1/admin/config_api.go:43.16,46.3 2 0
Qingyu_backend/api/v1/admin/config_api.go:48.2,50.4 1 0
Qingyu_backend/api/v1/admin/config_api.go:71.54,73.46 2 0
Qingyu_backend/api/v1/admin/config_api.go:73.46,76.3 2 0
Qingyu_backend/api/v1/admin/config_api.go:78.2,79.16 2 0
Qingyu_backend/api/v1/admin/config_api.go:79.16,82.3 2 0
Qingyu_backend/api/v1/admin/config_api.go:84.2,84.60 1 0
Qingyu_backend/api/v1/admin/config_api.go:107.52,109.47 2 0
Qingyu_backend/api/v1/admin/config_api.go:109.47,112.3 2 0
Qingyu_backend/api/v1/admin/config_api.go:115.2,120.88 2 0
Qingyu_backend/api/v1/admin/config_api.go:120.88,123.3 2 0
Qingyu_backend/api/v1/admin/config_api.go:125.2,125.59 1 0
Qingyu_backend/api/v1/admin/config_api.go:147.57,149.47 2 0
Qingyu_backend/api/v1/admin/config_api.go:149.47,152.3 2 0
Qingyu_backend/api/v1/admin/config_api.go:155.2,156.37 2 0
Qingyu_backend/api/v1/admin/config_api.go:156.37,161.3 1 0
Qingyu_backend/api/v1/admin/config_api.go:163.2,163.94 1 0
Qingyu_backend/api/v1/admin/config_api.go:163.94,166.3 2 0
Qingyu_backend/api/v1/admin/config_api.go:168.2,168.65 1 0
Qingyu_backend/api/v1/admin/config_api.go:188.54,190.47 2 0
Qingyu_backend/api/v1/admin/config_api.go:190.47,193.3 2 0
Qingyu_backend/api/v1/admin/config_api.go:195.2,195.95 1 0
Qingyu_backend/api/v1/admin/config_api.go:195.95,198.3 2 0
Qingyu_backend/api/v1/admin/config_api.go:200.2,200.59 1 0
Qingyu_backend/api/v1/admin/config_api.go:219.56,221.16 2 0
Qingyu_backend/api/v1/admin/config_api.go:221.16,224.3 2 0
Qingyu_backend/api/v1/admin/config_api.go:226.2,228.4 1 0
Qingyu_backend/api/v1/admin/config_api.go:243.59,244.83 1 0
Qingyu_backend/api/v1/admin/config_api.go:244.83,247.3 2 0
Qingyu_backend/api/v1/admin/config_api.go:249.2,249.59 1 0
Qingyu_backend/api/v1/admin/events_api.go:19.90,23.2 1 1
Qingyu_backend/api/v1/admin/events_api.go:48.57,50.47 2 1
Qingyu_backend/api/v1/admin/events_api.go:50.47,53.3 2 1
Qingyu_backend/api/v1/admin/events_api.go:56.2,56.20 1 1
Qingyu_backend/api/v1/admin/events_api.go:56.20,58.3 1 1
Qingyu_backend/api/v1/admin/events_api.go:59.2,59.40 1 1
Qingyu_backend/api/v1/admin/events_api.go:59.40,62.3 2 1
Qingyu_backend/api/v1/admin/events_api.go:65.2,72.20 2 1
Qingyu_backend/api/v1/admin/events_api.go:72.20,74.17 2 1
Qingyu_backend/api/v1/admin/events_api.go:74.17,77.4 2 1
Qingyu_backend/api/v1/admin/events_api.go:78.3,78.31 1 1
Qingyu_backend/api/v1/admin/events_api.go:81.2,81.18 1 1
Qingyu_backend/api/v1/admin/events_api.go:81.18,83.17 2 1
Qingyu_backend/api/v1/admin/events_api.go:83.17,86.4 2 0
Qingyu_backend/api/v1/admin/events_api.go:87.3,87.27 1 1
Qingyu_backend/api/v1/admin/events_api.go:92.2,93.16 2 1
Qingyu_backend/api/v1/admin/events_api.go:93.16,97.3 3 1
Qingyu_backend/api/v1/admin/events_api.go:100.2,108.16 2 1
Qingyu_backend/api/v1/admin/events_api.go:108.16,110.3 1 1
Qingyu_backend/api/v1/admin/events_api.go:112.2,112.27 1 1
Qingyu_backend/api/v1/admin/permission_api.go:20.89,24.2 1 1
Qingyu_backend/api/v1/admin/permission_api.go:39.61,41.16 2 1
Qingyu_backend/api/v1/admin/permission_api.go:41.16,44.3 2 1
Qingyu_backend/api/v1/admin/permission_api.go:46.2,46.34 1 1
Qingyu_backend/api/v1/admin/permission_api.go:61.57,63.16 2 1
Qingyu_backend/api/v1/admin/permission_api.go:63.16,66.3 2 0
Qingyu_backend/api/v1/admin/permission_api.go:68.2,69.16 2 1
Qingyu_backend/api/v1/admin/permission_api.go:69.16,72.3 2 1
Qingyu_backend/api/v1/admin/permission_api.go:74.2,74.33 1 1
Qingyu_backend/api/v1/admin/permission_api.go:90.60,92.47 2 1
Qingyu_backend/api/v1/admin/permission_api.go:92.47,95.3 2 1
Qingyu_backend/api/v1/admin/permission_api.go:97.2,97.90 1 1
Qingyu_backend/api/v1/admin/permission_api.go:97.90,100.3 2 0
Qingyu_backend/api/v1/admin/permission_api.go:102.2,102.26 1 1
Qingyu_backend/api/v1/admin/permission_api.go:118.60,120.16 2 1
Qingyu_backend/api/v1/admin/permission_api.go:120.16,123.3 2 0
Qingyu_backend/api/v1/admin/permission_api.go:125.2,126.47 2 1
Qingyu_backend/api/v1/admin/permission_api.go:126.47,129.3 2 0
Qingyu_backend/api/v1/admin/permission_api.go:131.2,132.90 2 1
Qingyu_backend/api/v1/admin/permission_api.go:132.90,135.3 2 0
Qingyu_backend/api/v1/admin/permission_api.go:137.2,137.26 1 1
Qingyu_backend/api/v1/admin/permission_api.go:152.60,154.16 2 1
Qingyu_backend/api/v1/admin/permission_api.go:154.16,157.3 2 0
Qingyu_backend/api/v1/admin/permission_api.go:159.2,159.90 1 1
Qingyu_backend/api/v1/admin/permission_api.go:159.90,162.3 2 0
Qingyu_backend/api/v1/admin/permission_api.go:164.2,164.26 1 1
Qingyu_backend/api/v1/admin/permission_api.go:180.55,182.16 2 1
Qingyu_backend/api/v1/admin/permission_api.go:182.16,185.3 2 1
Qingyu_backend/api/v1/admin/permission_api.go:187.2,187.28 1 1
Qingyu_backend/api/v1/admin/permission_api.go:202.51,204.18 2 1
Qingyu_backend/api/v1/admin/permission_api.go:204.18,207.3 2 0
Qingyu_backend/api/v1/admin/permission_api.go:209.2,210.16 2 1
Qingyu_backend/api/v1/admin/permission_api.go:210.16,213.3 2 1
Qingyu_backend/api/v1/admin/permission_api.go:215.2,215.27 1 1
Qingyu_backend/api/v1/admin/permission_api.go:231.54,233.47 2 1
Qingyu_backend/api/v1/admin/permission_api.go:233.47,236.3 2 0
Qingyu_backend/api/v1/admin/permission_api.go:238.2,238.84 1 1
Qingyu_backend/api/v1/admin/permission_api.go:238.84,241.3 2 0
Qingyu_backend/api/v1/admin/permission_api.go:243.2,243.26 1 1
Qingyu_backend/api/v1/admin/permission_api.go:259.54,261.18 2 1
Qingyu_backend/api/v1/admin/permission_api.go:261.18,264.3 2 0
Qingyu_backend/api/v1/admin/permission_api.go:266.2,267.47 2 1
Qingyu_backend/api/v1/admin/permission_api.go:267.47,270.3 2 0
Qingyu_backend/api/v1/admin/permission_api.go:272.2,273.84 2 1
Qingyu_backend/api/v1/admin/permission_api.go:273.84,276.3 2 0
Qingyu_backend/api/v1/admin/permission_api.go:278.2,278.26 1 1
Qingyu_backend/api/v1/admin/permission_api.go:293.54,295.18 2 1
Qingyu_backend/api/v1/admin/permission_api.go:295.18,298.3 2 0
Qingyu_backend/api/v1/admin/permission_api.go:300.2,300.86 1 1
Qingyu_backend/api/v1/admin/permission_api.go:300.86,303.3 2 0
Qingyu_backend/api/v1/admin/permission_api.go:305.2,305.26 1 1
Qingyu_backend/api/v1/admin/permission_api.go:321.66,325.42 3 1
Qingyu_backend/api/v1/admin/permission_api.go:325.42,328.3 2 0
Qingyu_backend/api/v1/admin/permission_api.go:330.2,330.114 1 1
Qingyu_backend/api/v1/admin/permission_api.go:330.114,333.3 2 0
Qingyu_backend/api/v1/admin/permission_api.go:335.2,335.26 1 1
Qingyu_backend/api/v1/admin/permission_api.go:351.68,355.42 3 1
Qingyu_backend/api/v1/admin/permission_api.go:355.42,358.3 2 0
Qingyu_backend/api/v1/admin/permission_api.go:360.2,360.116 1 1
Qingyu_backend/api/v1/admin/permission_api.go:360.116,363.3 2 0
Qingyu_backend/api/v1/admin/permission_api.go:365.2,365.26 1 1
Qingyu_backend/api/v1/admin/permission_api.go:380.62,382.18 2 1
Qingyu_backend/api/v1/admin/permission_api.go:382.18,385.3 2 1
Qingyu_backend/api/v1/admin/permission_api.go:387.2,388.16 2 1
Qingyu_backend/api/v1/admin/permission_api.go:388.16,391.3 2 0
Qingyu_backend/api/v1/admin/permission_api.go:393.2,393.34 1 1
Qingyu_backend/api/v1/admin/permission_api.go:409.56,411.18 2 1
Qingyu_backend/api/v1/admin/permission_api.go:411.18,414.3 2 1
Qingyu_backend/api/v1/admin/permission_api.go:416.2,417.16 2 1
Qingyu_backend/api/v1/admin/permission_api.go:417.16,420.3 2 0
Qingyu_backend/api/v1/admin/permission_api.go:422.2,422.28 1 1
Qingyu_backend/api/v1/admin/permission_api.go:437.60,439.18 2 1
Qingyu_backend/api/v1/admin/permission_api.go:439.18,442.3 2 1
Qingyu_backend/api/v1/admin/permission_api.go:444.2,445.47 2 1
Qingyu_backend/api/v1/admin/permission_api.go:445.47,448.3 2 1
Qingyu_backend/api/v1/admin/permission_api.go:450.2,450.102 1 1
Qingyu_backend/api/v1/admin/permission_api.go:450.102,453.3 2 0
Qingyu_backend/api/v1/admin/permission_api.go:455.2,455.26 1 1
Qingyu_backend/api/v1/admin/permission_api.go:470.62,474.32 3 1
Qingyu_backend/api/v1/admin/permission_api.go:474.32,477.3 2 1
Qingyu_backend/api/v1/admin/permission_api.go:479.2,479.100 1 1
Qingyu_backend/api/v1/admin/permission_api.go:479.100,482.3 2 0
Qingyu_backend/api/v1/admin/permission_api.go:484.2,484.26 1 1
Qingyu_backend/api/v1/admin/permission_api.go:498.62,500.18 2 1
Qingyu_backend/api/v1/admin/permission_api.go:500.18,503.3 2 1
Qingyu_backend/api/v1/admin/permission_api.go:505.2,506.16 2 1
Qingyu_backend/api/v1/admin/permission_api.go:506.16,509.3 2 0
Qingyu_backend/api/v1/admin/permission_api.go:511.2,511.34 1 1
Qingyu_backend/api/v1/admin/quota_admin_api.go:18.69,22.2 1 0
Qingyu_backend/api/v1/admin/quota_admin_api.go:40.59,42.24 2 0
Qingyu_backend/api/v1/admin/quota_admin_api.go:42.24,45.3 2 0
Qingyu_backend/api/v1/admin/quota_admin_api.go:47.2,48.47 2 0
Qingyu_backend/api/v1/admin/quota_admin_api.go:48.47,51.3 2 0
Qingyu_backend/api/v1/admin/quota_admin_api.go:54.2,55.23 2 0
Qingyu_backend/api/v1/admin/quota_admin_api.go:56.15,57.38 1 0
Qingyu_backend/api/v1/admin/quota_admin_api.go:58.17,59.40 1 0
Qingyu_backend/api/v1/admin/quota_admin_api.go:60.15,61.38 1 0
Qingyu_backend/api/v1/admin/quota_admin_api.go:62.10,64.9 2 0
Qingyu_backend/api/v1/admin/quota_admin_api.go:67.2,68.16 2 0
Qingyu_backend/api/v1/admin/quota_admin_api.go:68.16,71.3 2 0
Qingyu_backend/api/v1/admin/quota_admin_api.go:73.2,73.53 1 0
Qingyu_backend/api/v1/admin/quota_admin_api.go:91.60,93.24 2 0
Qingyu_backend/api/v1/admin/quota_admin_api.go:93.24,96.3 2 0
Qingyu_backend/api/v1/admin/quota_admin_api.go:98.2,99.16 2 0
Qingyu_backend/api/v1/admin/quota_admin_api.go:99.16,102.3 2 0
Qingyu_backend/api/v1/admin/quota_admin_api.go:104.2,104.53 1 0
Qingyu_backend/api/v1/admin/quota_admin_api.go:122.61,124.24 2 0
Qingyu_backend/api/v1/admin/quota_admin_api.go:124.24,127.3 2 0
Qingyu_backend/api/v1/admin/quota_admin_api.go:129.2,130.16 2 0
Qingyu_backend/api/v1/admin/quota_admin_api.go:130.16,133.3 2 0
Qingyu_backend/api/v1/admin/quota_admin_api.go:135.2,135.53 1 0
Qingyu_backend/api/v1/admin/quota_admin_api.go:153.63,155.24 2 0
Qingyu_backend/api/v1/admin/quota_admin_api.go:155.24,158.3 2 0
Qingyu_backend/api/v1/admin/quota_admin_api.go:161.2,162.16 2 0
Qingyu_backend/api/v1/admin/quota_admin_api.go:162.16,165.3 2 0
Qingyu_backend/api/v1/admin/quota_admin_api.go:167.2,167.56 1 0
Qingyu_backend/api/v1/admin/system_admin_api.go:18.69,22.2 1 0
Qingyu_backend/api/v1/admin/system_admin_api.go:39.59,41.47 2 0
Qingyu_backend/api/v1/admin/system_admin_api.go:41.47,44.3 2 0
Qingyu_backend/api/v1/admin/system_admin_api.go:47.2,48.13 2 0
Qingyu_backend/api/v1/admin/system_admin_api.go:48.13,51.3 2 0
Qingyu_backend/api/v1/admin/system_admin_api.go:54.2,55.16 2 0
Qingyu_backend/api/v1/admin/system_admin_api.go:55.16,58.3 2 0
Qingyu_backend/api/v1/admin/system_admin_api.go:60.2,60.26 1 0
Qingyu_backend/api/v1/admin/system_admin_api.go:78.62,80.18 2 0
Qingyu_backend/api/v1/admin/system_admin_api.go:80.18,83.3 2 0
Qingyu_backend/api/v1/admin/system_admin_api.go:86.2,87.16 2 0
Qingyu_backend/api/v1/admin/system_admin_api.go:87.16,90.3 2 0
Qingyu_backend/api/v1/admin/system_admin_api.go:92.2,92.28 1 0
Qingyu_backend/api/v1/admin/system_admin_api.go:112.61,129.16 7 0
Qingyu_backend/api/v1/admin/system_admin_api.go:129.16,132.3 2 0
Qingyu_backend/api/v1/admin/system_admin_api.go:134.2,134.91 1 0
Qingyu_backend/api/v1/admin/system_admin_api.go:150.59,155.16 3 0
Qingyu_backend/api/v1/admin/system_admin_api.go:155.16,158.3 2 0
Qingyu_backend/api/v1/admin/system_admin_api.go:160.2,160.28 1 0
Qingyu_backend/api/v1/admin/system_admin_api.go:176.60,181.16 3 0
Qingyu_backend/api/v1/admin/system_admin_api.go:181.16,184.3 2 0
Qingyu_backend/api/v1/admin/system_admin_api.go:186.2,186.30 1 0
Qingyu_backend/api/v1/admin/system_admin_api.go:204.63,206.47 2 0
Qingyu_backend/api/v1/admin/system_admin_api.go:206.47,209.3 2 0
Qingyu_backend/api/v1/admin/system_admin_api.go:211.2,215.16 3 0
Qingyu_backend/api/v1/admin/system_admin_api.go:215.16,218.3 2 0
Qingyu_backend/api/v1/admin/system_admin_api.go:220.2,220.26 1 0
Qingyu_backend/api/v1/admin/system_admin_api.go:238.63,246.47 2 0
Qingyu_backend/api/v1/admin/system_admin_api.go:246.47,249.3 2 0
Qingyu_backend/api/v1/admin/system_admin_api.go:252.2,253.13 2 0
Qingyu_backend/api/v1/admin/system_admin_api.go:253.13,256.3 2 0
Qingyu_backend/api/v1/admin/system_admin_api.go:258.2,262.16 3 0
Qingyu_backend/api/v1/admin/system_admin_api.go:262.16,265.3 2 0
Qingyu_backend/api/v1/admin/system_admin_api.go:267.2,267.35 1 0
Qingyu_backend/api/v1/admin/system_admin_api.go:285.61,293.16 5 0
Qingyu_backend/api/v1/admin/system_admin_api.go:293.16,296.3 2 0
Qingyu_backend/api/v1/admin/system_admin_api.go:298.2,298.77 1 0
Qingyu_backend/api/v1/admin/user_admin_api.go:20.84,24.2 1 1
Qingyu_backend/api/v1/admin/user_admin_api.go:43.52,52.53 4 1
Qingyu_backend/api/v1/admin/user_admin_api.go:52.53,54.3 1 0
Qingyu_backend/api/v1/admin/user_admin_api.go:56.2,57.16 2 1
Qingyu_backend/api/v1/admin/user_admin_api.go:57.16,60.3 2 1
Qingyu_backend/api/v1/admin/user_admin_api.go:62.2,69.29 2 1
Qingyu_backend/api/v1/admin/user_admin_api.go:86.56,88.18 2 1
Qingyu_backend/api/v1/admin/user_admin_api.go:88.18,91.3 2 0
Qingyu_backend/api/v1/admin/user_admin_api.go:93.2,94.16 2 1
Qingyu_backend/api/v1/admin/user_admin_api.go:94.16,95.42 1 1
Qingyu_backend/api/v1/admin/user_admin_api.go:95.42,98.4 2 1
Qingyu_backend/api/v1/admin/user_admin_api.go:99.3,100.9 2 0
Qingyu_backend/api/v1/admin/user_admin_api.go:103.2,103.27 1 1
Qingyu_backend/api/v1/admin/user_admin_api.go:121.59,123.18 2 1
Qingyu_backend/api/v1/admin/user_admin_api.go:123.18,126.3 2 1
Qingyu_backend/api/v1/admin/user_admin_api.go:128.2,129.47 2 1
Qingyu_backend/api/v1/admin/user_admin_api.go:129.47,132.3 2 1
Qingyu_backend/api/v1/admin/user_admin_api.go:134.2,135.99 2 1
Qingyu_backend/api/v1/admin/user_admin_api.go:135.99,136.42 1 1
Qingyu_backend/api/v1/admin/user_admin_api.go:136.42,139.4 2 1
Qingyu_backend/api/v1/admin/user_admin_api.go:140.3,140.52 1 1
Qingyu_backend/api/v1/admin/user_admin_api.go:140.52,143.4 2 1
Qingyu_backend/api/v1/admin/user_admin_api.go:144.3,145.9 2 0
Qingyu_backend/api/v1/admin/user_admin_api.go:148.2,148.26 1 1
Qingyu_backend/api/v1/admin/user_admin_api.go:166.57,168.18 2 1
Qingyu_backend/api/v1/admin/user_admin_api.go:168.18,171.3 2 1
Qingyu_backend/api/v1/admin/user_admin_api.go:173.2,174.47 2 1
Qingyu_backend/api/v1/admin/user_admin_api.go:174.47,177.3 2 0
Qingyu_backend/api/v1/admin/user_admin_api.go:179.2,179.99 1 1
Qingyu_backend/api/v1/admin/user_admin_api.go:179.99,180.42 1 1
Qingyu_backend/api/v1/admin/user_admin_api.go:180.42,183.4 2 0
Qingyu_backend/api/v1/admin/user_admin_api.go:184.3,184.52 1 1
Qingyu_backend/api/v1/admin/user_admin_api.go:184.52,187.4 2 0
Qingyu_backend/api/v1/admin/user_admin_api.go:188.3,188.41 1 1
Qingyu_backend/api/v1/admin/user_admin_api.go:188.41,191.4 2 1
Qingyu_backend/api/v1/admin/user_admin_api.go:192.3,193.9 2 0
Qingyu_backend/api/v1/admin/user_admin_api.go:196.2,196.26 1 1
Qingyu_backend/api/v1/admin/user_admin_api.go:213.53,215.18 2 1
Qingyu_backend/api/v1/admin/user_admin_api.go:215.18,218.3 2 0
Qingyu_backend/api/v1/admin/user_admin_api.go:220.2,220.85 1 1
Qingyu_backend/api/v1/admin/user_admin_api.go:220.85,221.42 1 1
Qingyu_backend/api/v1/admin/user_admin_api.go:221.42,224.4 2 0
Qingyu_backend/api/v1/admin/user_admin_api.go:225.3,225.52 1 1
Qingyu_backend/api/v1/admin/user_admin_api.go:225.52,228.4 2 1
Qingyu_backend/api/v1/admin/user_admin_api.go:229.3,230.9 2 0
Qingyu_backend/api/v1/admin/user_admin_api.go:233.2,233.26 1 1
Qingyu_backend/api/v1/admin/user_admin_api.go:251.60,253.18 2 1
Qingyu_backend/api/v1/admin/user_admin_api.go:253.18,256.3 2 0
Qingyu_backend/api/v1/admin/user_admin_api.go:258.2,262.16 4 1
Qingyu_backend/api/v1/admin/user_admin_api.go:262.16,263.43 1 1
Qingyu_backend/api/v1/admin/user_admin_api.go:263.43,266.4 2 1
Qingyu_backend/api/v1/admin/user_admin_api.go:267.3,268.9 2 0
Qingyu_backend/api/v1/admin/user_admin_api.go:271.2,278.29 2 1
Qingyu_backend/api/v1/admin/user_admin_api.go:294.60,296.18 2 1
Qingyu_backend/api/v1/admin/user_admin_api.go:296.18,299.3 2 1
Qingyu_backend/api/v1/admin/user_admin_api.go:301.2,302.16 2 1
Qingyu_backend/api/v1/admin/user_admin_api.go:302.16,303.43 1 0
Qingyu_backend/api/v1/admin/user_admin_api.go:303.43,306.4 2 0
Qingyu_backend/api/v1/admin/user_admin_api.go:307.3,308.9 2 0
Qingyu_backend/api/v1/admin/user_admin_api.go:311.2,311.28 1 1
Qingyu_backend/api/v1/admin/user_admin_api.go:328.60,330.18 2 1
Qingyu_backend/api/v1/admin/user_admin_api.go:330.18,333.3 2 0
Qingyu_backend/api/v1/admin/user_admin_api.go:335.2,336.16 2 1
Qingyu_backend/api/v1/admin/user_admin_api.go:336.16,337.42 1 1
Qingyu_backend/api/v1/admin/user_admin_api.go:337.42,340.4 2 1
Qingyu_backend/api/v1/admin/user_admin_api.go:341.3,342.9 2 0
Qingyu_backend/api/v1/admin/user_admin_api.go:345.2,350.29 2 1
Qingyu_backend/api/v1/admin/user_admin_api.go:366.60,368.47 2 1
Qingyu_backend/api/v1/admin/user_admin_api.go:368.47,371.3 2 1
Qingyu_backend/api/v1/admin/user_admin_api.go:373.2,373.27 1 1
Qingyu_backend/api/v1/admin/user_admin_api.go:373.27,376.3 2 1
Qingyu_backend/api/v1/admin/user_admin_api.go:378.2,379.105 2 1
Qingyu_backend/api/v1/admin/user_admin_api.go:379.105,382.3 2 0
Qingyu_backend/api/v1/admin/user_admin_api.go:384.2,384.26 1 1
Qingyu_backend/api/v1/admin/user_admin_api.go:400.59,402.47 2 1
Qingyu_backend/api/v1/admin/user_admin_api.go:402.47,405.3 2 0
Qingyu_backend/api/v1/admin/user_admin_api.go:407.2,407.27 1 1
Qingyu_backend/api/v1/admin/user_admin_api.go:407.27,410.3 2 1
Qingyu_backend/api/v1/admin/user_admin_api.go:412.2,412.96 1 1
Qingyu_backend/api/v1/admin/user_admin_api.go:412.96,415.3 2 0
Qingyu_backend/api/v1/admin/user_admin_api.go:417.2,417.26 1 1
Qingyu_backend/api/v1/admin/user_admin_api.go:434.54,436.19 2 1
Qingyu_backend/api/v1/admin/user_admin_api.go:436.19,439.3 2 1
Qingyu_backend/api/v1/admin/user_admin_api.go:441.2,445.16 4 1
Qingyu_backend/api/v1/admin/user_admin_api.go:445.16,448.3 2 0
Qingyu_backend/api/v1/admin/user_admin_api.go:450.2,457.29 2 1
Qingyu_backend/api/v1/admin/user_admin_api.go:470.56,472.16 2 1
Qingyu_backend/api/v1/admin/user_admin_api.go:472.16,475.3 2 1
Qingyu_backend/api/v1/admin/user_admin_api.go:477.2,477.29 1 1
