mode: set
Qingyu_backend/service/user/converter.go:15.52,16.17 1 1
Qingyu_backend/service/user/converter.go:16.17,18.3 1 1
Qingyu_backend/service/user/converter.go:20.2,53.3 2 1
Qingyu_backend/service/user/converter.go:57.58,59.23 2 1
Qingyu_backend/service/user/converter.go:59.23,61.3 1 1
Qingyu_backend/service/user/converter.go:62.2,62.15 1 1
Qingyu_backend/service/user/converter.go:66.66,68.23 2 0
Qingyu_backend/service/user/converter.go:68.23,70.3 1 0
Qingyu_backend/service/user/converter.go:71.2,71.15 1 0
Qingyu_backend/service/user/converter.go:76.57,77.16 1 1
Qingyu_backend/service/user/converter.go:77.16,79.3 1 1
Qingyu_backend/service/user/converter.go:81.2,84.16 3 1
Qingyu_backend/service/user/converter.go:84.16,86.3 1 1
Qingyu_backend/service/user/converter.go:88.2,89.16 2 1
Qingyu_backend/service/user/converter.go:89.16,91.3 1 0
Qingyu_backend/service/user/converter.go:93.2,94.16 2 1
Qingyu_backend/service/user/converter.go:94.16,96.3 1 0
Qingyu_backend/service/user/converter.go:98.2,100.16 2 1
Qingyu_backend/service/user/converter.go:101.125,101.125 0 1
Qingyu_backend/service/user/converter.go:103.10,104.64 1 1
Qingyu_backend/service/user/converter.go:107.2,108.16 2 1
Qingyu_backend/service/user/converter.go:108.16,110.3 1 0
Qingyu_backend/service/user/converter.go:112.2,113.16 2 1
Qingyu_backend/service/user/converter.go:113.16,115.3 1 0
Qingyu_backend/service/user/converter.go:117.2,142.8 1 1
Qingyu_backend/service/user/converter.go:147.66,148.16 1 0
Qingyu_backend/service/user/converter.go:148.16,150.3 1 0
Qingyu_backend/service/user/converter.go:152.2,156.16 3 0
Qingyu_backend/service/user/converter.go:157.125,157.125 0 0
Qingyu_backend/service/user/converter.go:159.10,160.64 1 0
Qingyu_backend/service/user/converter.go:163.2,164.16 2 0
Qingyu_backend/service/user/converter.go:164.16,167.3 1 0
Qingyu_backend/service/user/converter.go:169.2,170.16 2 0
Qingyu_backend/service/user/converter.go:170.16,173.3 1 0
Qingyu_backend/service/user/converter.go:175.2,200.8 1 0
Qingyu_backend/service/user/email_verification_token.go:18.61,19.35 1 0
Qingyu_backend/service/user/email_verification_token.go:19.35,25.3 2 0
Qingyu_backend/service/user/email_verification_token.go:26.2,26.27 1 0
Qingyu_backend/service/user/email_verification_token.go:46.72,48.2 1 0
Qingyu_backend/service/user/email_verification_token.go:51.113,54.48 2 0
Qingyu_backend/service/user/email_verification_token.go:54.48,56.3 1 0
Qingyu_backend/service/user/email_verification_token.go:58.2,60.19 2 0
Qingyu_backend/service/user/email_verification_token.go:60.19,62.3 1 0
Qingyu_backend/service/user/email_verification_token.go:65.2,76.18 4 0
Qingyu_backend/service/user/email_verification_token.go:80.109,85.13 4 0
Qingyu_backend/service/user/email_verification_token.go:85.13,87.3 1 0
Qingyu_backend/service/user/email_verification_token.go:90.2,90.32 1 0
Qingyu_backend/service/user/email_verification_token.go:90.32,92.3 1 0
Qingyu_backend/service/user/email_verification_token.go:94.2,94.28 1 0
Qingyu_backend/service/user/email_verification_token.go:94.28,96.3 1 0
Qingyu_backend/service/user/email_verification_token.go:98.2,98.20 1 0
Qingyu_backend/service/user/email_verification_token.go:98.20,100.3 1 0
Qingyu_backend/service/user/email_verification_token.go:102.2,102.43 1 0
Qingyu_backend/service/user/email_verification_token.go:102.43,104.3 1 0
Qingyu_backend/service/user/email_verification_token.go:106.2,106.12 1 0
Qingyu_backend/service/user/email_verification_token.go:110.97,115.13 4 0
Qingyu_backend/service/user/email_verification_token.go:115.13,117.3 1 0
Qingyu_backend/service/user/email_verification_token.go:119.2,120.12 2 0
Qingyu_backend/service/user/email_verification_token.go:124.80,129.41 4 0
Qingyu_backend/service/user/email_verification_token.go:129.41,130.37 1 0
Qingyu_backend/service/user/email_verification_token.go:130.37,132.4 1 0
Qingyu_backend/service/user/email_verification_token.go:137.63,141.21 3 0
Qingyu_backend/service/user/email_verification_token.go:141.21,143.3 1 0
Qingyu_backend/service/user/errors.go:24.37,25.9 1 0
Qingyu_backend/service/user/errors.go:26.31,27.13 1 0
Qingyu_backend/service/user/errors.go:28.31,29.13 1 0
Qingyu_backend/service/user/errors.go:30.31,31.13 1 0
Qingyu_backend/service/user/errors.go:32.31,33.13 1 0
Qingyu_backend/service/user/errors.go:34.31,35.13 1 0
Qingyu_backend/service/user/errors.go:36.18,37.13 1 0
Qingyu_backend/service/user/errors.go:38.10,39.40 1 0
Qingyu_backend/service/user/errors.go:44.36,45.11 1 0
Qingyu_backend/service/user/errors.go:46.23,47.26 1 0
Qingyu_backend/service/user/errors.go:48.23,49.25 1 0
Qingyu_backend/service/user/errors.go:50.26,51.28 1 0
Qingyu_backend/service/user/errors.go:52.28,53.31 1 0
Qingyu_backend/service/user/errors.go:54.23,55.25 1 0
Qingyu_backend/service/user/errors.go:56.23,57.25 1 0
Qingyu_backend/service/user/errors.go:58.27,59.29 1 0
Qingyu_backend/service/user/errors.go:60.24,61.26 1 0
Qingyu_backend/service/user/errors.go:62.10,63.45 1 0
Qingyu_backend/service/user/errors.go:77.36,78.21 1 0
Qingyu_backend/service/user/errors.go:78.21,79.20 1 0
Qingyu_backend/service/user/errors.go:79.20,81.4 1 0
Qingyu_backend/service/user/errors.go:82.3,82.60 1 0
Qingyu_backend/service/user/errors.go:84.2,84.24 1 0
Qingyu_backend/service/user/errors.go:88.36,90.2 1 0
Qingyu_backend/service/user/errors.go:93.56,96.2 2 0
Qingyu_backend/service/user/errors.go:99.53,102.2 2 0
Qingyu_backend/service/user/errors.go:105.78,108.2 2 0
Qingyu_backend/service/user/errors.go:111.40,114.2 1 0
Qingyu_backend/service/user/errors.go:117.62,122.2 1 0
Qingyu_backend/service/user/errors.go:125.34,128.2 2 0
Qingyu_backend/service/user/errors.go:131.50,132.41 1 0
Qingyu_backend/service/user/errors.go:132.41,134.3 1 0
Qingyu_backend/service/user/errors.go:135.2,135.14 1 0
Qingyu_backend/service/user/errors.go:141.45,143.22 2 0
Qingyu_backend/service/user/errors.go:143.22,145.3 1 0
Qingyu_backend/service/user/errors.go:146.2,146.60 1 0
Qingyu_backend/service/user/errors.go:150.44,152.17 2 0
Qingyu_backend/service/user/errors.go:152.17,154.3 1 0
Qingyu_backend/service/user/errors.go:155.2,155.76 1 0
Qingyu_backend/service/user/errors.go:159.49,161.15 2 0
Qingyu_backend/service/user/errors.go:161.15,163.3 1 0
Qingyu_backend/service/user/errors.go:164.2,164.78 1 0
Qingyu_backend/service/user/errors.go:168.49,172.15 3 0
Qingyu_backend/service/user/errors.go:173.18,175.25 2 0
Qingyu_backend/service/user/errors.go:176.15,178.22 2 0
Qingyu_backend/service/user/errors.go:179.10,181.20 2 0
Qingyu_backend/service/user/errors.go:184.2,184.83 1 0
Qingyu_backend/service/user/errors.go:188.32,190.2 1 0
Qingyu_backend/service/user/errors.go:193.32,195.2 1 0
Qingyu_backend/service/user/errors.go:198.49,200.18 2 0
Qingyu_backend/service/user/errors.go:200.18,202.3 1 0
Qingyu_backend/service/user/errors.go:203.2,203.64 1 0
Qingyu_backend/service/user/errors.go:207.63,212.39 2 0
Qingyu_backend/service/user/errors.go:212.39,214.3 1 0
Qingyu_backend/service/user/errors.go:215.2,215.12 1 0
Qingyu_backend/service/user/password_reset_token.go:19.70,20.42 1 0
Qingyu_backend/service/user/password_reset_token.go:20.42,24.3 1 0
Qingyu_backend/service/user/password_reset_token.go:25.2,25.40 1 0
Qingyu_backend/service/user/password_reset_token.go:43.64,47.2 1 0
Qingyu_backend/service/user/password_reset_token.go:50.102,53.49 2 0
Qingyu_backend/service/user/password_reset_token.go:53.49,55.3 1 0
Qingyu_backend/service/user/password_reset_token.go:56.2,69.19 5 0
Qingyu_backend/service/user/password_reset_token.go:73.99,78.13 4 0
Qingyu_backend/service/user/password_reset_token.go:78.13,80.3 1 0
Qingyu_backend/service/user/password_reset_token.go:82.2,82.30 1 0
Qingyu_backend/service/user/password_reset_token.go:82.30,84.3 1 0
Qingyu_backend/service/user/password_reset_token.go:86.2,86.20 1 0
Qingyu_backend/service/user/password_reset_token.go:86.20,88.3 1 0
Qingyu_backend/service/user/password_reset_token.go:90.2,90.43 1 0
Qingyu_backend/service/user/password_reset_token.go:90.43,92.3 1 0
Qingyu_backend/service/user/password_reset_token.go:94.2,94.12 1 0
Qingyu_backend/service/user/password_reset_token.go:98.94,103.13 4 0
Qingyu_backend/service/user/password_reset_token.go:103.13,105.3 1 0
Qingyu_backend/service/user/password_reset_token.go:107.2,108.12 2 0
Qingyu_backend/service/user/password_reset_token.go:112.77,117.41 4 0
Qingyu_backend/service/user/password_reset_token.go:117.41,118.37 1 0
Qingyu_backend/service/user/password_reset_token.go:118.37,120.4 1 0
Qingyu_backend/service/user/password_service.go:29.20,34.2 1 0
Qingyu_backend/service/user/password_service.go:37.82,40.31 2 0
Qingyu_backend/service/user/password_service.go:40.31,42.3 1 0
Qingyu_backend/service/user/password_service.go:45.2,45.74 1 0
Qingyu_backend/service/user/password_service.go:49.101,51.93 1 0
Qingyu_backend/service/user/password_service.go:51.93,53.3 1 0
Qingyu_backend/service/user/password_service.go:56.2,56.73 1 0
Qingyu_backend/service/user/password_service.go:56.73,58.3 1 0
Qingyu_backend/service/user/password_service.go:61.2,62.16 2 0
Qingyu_backend/service/user/password_service.go:62.16,64.3 1 0
Qingyu_backend/service/user/password_service.go:67.2,67.77 1 0
Qingyu_backend/service/user/password_service.go:71.117,73.40 1 0
Qingyu_backend/service/user/password_service.go:73.40,75.3 1 0
Qingyu_backend/service/user/password_service.go:78.2,79.16 2 0
Qingyu_backend/service/user/password_service.go:79.16,81.3 1 0
Qingyu_backend/service/user/password_service.go:84.2,84.41 1 0
Qingyu_backend/service/user/password_service.go:84.41,86.3 1 0
Qingyu_backend/service/user/password_service.go:89.2,90.16 2 0
Qingyu_backend/service/user/password_service.go:90.16,92.3 1 0
Qingyu_backend/service/user/password_service.go:95.2,95.71 1 0
Qingyu_backend/service/user/password_service.go:99.58,102.2 2 0
Qingyu_backend/service/user/password_service.go:105.103,107.2 1 0
Qingyu_backend/service/user/password_service.go:110.101,112.2 1 0
Qingyu_backend/service/user/password_validator.go:19.48,28.2 1 0
Qingyu_backend/service/user/password_validator.go:31.78,33.33 1 0
Qingyu_backend/service/user/password_validator.go:33.33,35.3 1 0
Qingyu_backend/service/user/password_validator.go:38.2,38.78 1 0
Qingyu_backend/service/user/password_validator.go:38.78,40.3 1 0
Qingyu_backend/service/user/password_validator.go:43.2,43.78 1 0
Qingyu_backend/service/user/password_validator.go:43.78,45.3 1 0
Qingyu_backend/service/user/password_validator.go:48.2,48.74 1 0
Qingyu_backend/service/user/password_validator.go:48.74,50.3 1 0
Qingyu_backend/service/user/password_validator.go:53.2,53.93 1 0
Qingyu_backend/service/user/password_validator.go:53.93,55.3 1 0
Qingyu_backend/service/user/password_validator.go:58.2,58.34 1 0
Qingyu_backend/service/user/password_validator.go:58.34,60.3 1 0
Qingyu_backend/service/user/password_validator.go:63.2,63.34 1 0
Qingyu_backend/service/user/password_validator.go:63.34,65.3 1 0
Qingyu_backend/service/user/password_validator.go:67.2,67.17 1 0
Qingyu_backend/service/user/password_validator.go:71.68,74.2 2 0
Qingyu_backend/service/user/password_validator.go:77.67,81.24 2 0
Qingyu_backend/service/user/password_validator.go:81.24,83.3 1 0
Qingyu_backend/service/user/password_validator.go:84.2,84.25 1 0
Qingyu_backend/service/user/password_validator.go:84.25,86.3 1 0
Qingyu_backend/service/user/password_validator.go:87.2,87.25 1 0
Qingyu_backend/service/user/password_validator.go:87.25,89.3 1 0
Qingyu_backend/service/user/password_validator.go:92.2,92.55 1 0
Qingyu_backend/service/user/password_validator.go:92.55,94.3 1 0
Qingyu_backend/service/user/password_validator.go:95.2,95.55 1 0
Qingyu_backend/service/user/password_validator.go:95.55,97.3 1 0
Qingyu_backend/service/user/password_validator.go:98.2,98.55 1 0
Qingyu_backend/service/user/password_validator.go:98.55,100.3 1 0
Qingyu_backend/service/user/password_validator.go:101.2,101.72 1 0
Qingyu_backend/service/user/password_validator.go:101.72,103.3 1 0
Qingyu_backend/service/user/password_validator.go:106.2,106.34 1 0
Qingyu_backend/service/user/password_validator.go:106.34,108.3 1 0
Qingyu_backend/service/user/password_validator.go:109.2,109.34 1 0
Qingyu_backend/service/user/password_validator.go:109.34,111.3 1 0
Qingyu_backend/service/user/password_validator.go:113.2,113.15 1 0
Qingyu_backend/service/user/password_validator.go:113.15,115.3 1 0
Qingyu_backend/service/user/password_validator.go:116.2,116.17 1 0
Qingyu_backend/service/user/password_validator.go:116.17,118.3 1 0
Qingyu_backend/service/user/password_validator.go:120.2,120.14 1 0
Qingyu_backend/service/user/password_validator.go:124.70,127.17 2 0
Qingyu_backend/service/user/password_validator.go:127.17,129.3 1 0
Qingyu_backend/service/user/password_validator.go:129.8,129.24 1 0
Qingyu_backend/service/user/password_validator.go:129.24,131.3 1 0
Qingyu_backend/service/user/password_validator.go:131.8,131.24 1 0
Qingyu_backend/service/user/password_validator.go:131.24,133.3 1 0
Qingyu_backend/service/user/password_validator.go:133.8,135.3 1 0
Qingyu_backend/service/user/password_validator.go:141.40,143.32 1 0
Qingyu_backend/service/user/password_validator.go:143.32,144.33 1 0
Qingyu_backend/service/user/password_validator.go:144.33,145.44 1 0
Qingyu_backend/service/user/password_validator.go:145.44,147.5 1 0
Qingyu_backend/service/user/password_validator.go:152.2,153.36 2 0
Qingyu_backend/service/user/password_validator.go:153.36,154.41 1 0
Qingyu_backend/service/user/password_validator.go:154.41,155.60 1 0
Qingyu_backend/service/user/password_validator.go:155.60,157.5 1 0
Qingyu_backend/service/user/password_validator.go:161.2,161.14 1 0
Qingyu_backend/service/user/password_validator.go:165.44,176.29 3 0
Qingyu_backend/service/user/password_validator.go:176.29,178.3 1 0
Qingyu_backend/service/user/password_validator.go:180.2,180.20 1 0
Qingyu_backend/service/user/transaction_manager.go:23.90,28.2 1 0
Qingyu_backend/service/user/transaction_manager.go:38.112,40.16 2 0
Qingyu_backend/service/user/transaction_manager.go:40.16,42.3 1 0
Qingyu_backend/service/user/transaction_manager.go:43.2,45.77 2 0
Qingyu_backend/service/user/transaction_manager.go:45.77,46.52 1 0
Qingyu_backend/service/user/transaction_manager.go:46.52,48.4 1 0
Qingyu_backend/service/user/transaction_manager.go:51.3,51.33 1 0
Qingyu_backend/service/user/transaction_manager.go:51.33,52.48 1 0
Qingyu_backend/service/user/transaction_manager.go:52.48,54.66 1 0
Qingyu_backend/service/user/transaction_manager.go:54.66,56.6 1 0
Qingyu_backend/service/user/transaction_manager.go:57.5,57.88 1 0
Qingyu_backend/service/user/transaction_manager.go:62.3,62.55 1 0
Qingyu_backend/service/user/transaction_manager.go:62.55,64.4 1 0
Qingyu_backend/service/user/transaction_manager.go:66.3,66.13 1 0
Qingyu_backend/service/user/transaction_manager.go:97.101,99.26 1 0
Qingyu_backend/service/user/transaction_manager.go:99.26,101.3 1 0
Qingyu_backend/service/user/transaction_manager.go:102.2,105.16 3 0
Qingyu_backend/service/user/transaction_manager.go:105.16,107.3 1 0
Qingyu_backend/service/user/transaction_manager.go:109.2,112.25 2 0
Qingyu_backend/service/user/transaction_manager.go:112.25,114.35 2 0
Qingyu_backend/service/user/transaction_manager.go:114.35,117.18 2 0
Qingyu_backend/service/user/transaction_manager.go:117.18,119.5 1 0
Qingyu_backend/service/user/transaction_manager.go:120.4,120.39 1 0
Qingyu_backend/service/user/transaction_manager.go:122.3,126.17 4 0
Qingyu_backend/service/user/transaction_manager.go:126.17,128.4 1 0
Qingyu_backend/service/user/transaction_manager.go:132.2,132.27 1 0
Qingyu_backend/service/user/transaction_manager.go:132.27,134.33 2 0
Qingyu_backend/service/user/transaction_manager.go:134.33,136.4 1 0
Qingyu_backend/service/user/transaction_manager.go:137.3,137.36 1 0
Qingyu_backend/service/user/transaction_manager.go:137.36,139.4 1 0
Qingyu_backend/service/user/transaction_manager.go:140.3,140.37 1 0
Qingyu_backend/service/user/transaction_manager.go:140.37,142.4 1 0
Qingyu_backend/service/user/transaction_manager.go:143.3,147.17 4 0
Qingyu_backend/service/user/transaction_manager.go:147.17,149.4 1 0
Qingyu_backend/service/user/transaction_manager.go:152.2,152.12 1 0
Qingyu_backend/service/user/transaction_manager.go:155.102,159.2 2 0
Qingyu_backend/service/user/transaction_manager.go:161.65,163.2 1 0
Qingyu_backend/service/user/transaction_manager.go:166.101,176.16 3 0
Qingyu_backend/service/user/transaction_manager.go:176.16,177.34 1 0
Qingyu_backend/service/user/transaction_manager.go:177.34,180.4 1 0
Qingyu_backend/service/user/transaction_manager.go:181.3,181.36 1 0
Qingyu_backend/service/user/transaction_manager.go:184.2,184.21 1 0
Qingyu_backend/service/user/transaction_manager.go:188.102,199.16 3 0
Qingyu_backend/service/user/transaction_manager.go:199.16,201.3 1 0
Qingyu_backend/service/user/transaction_manager.go:203.2,203.52 1 0
Qingyu_backend/service/user/transaction_manager.go:213.84,218.2 1 0
Qingyu_backend/service/user/transaction_manager.go:226.97,227.20 1 0
Qingyu_backend/service/user/transaction_manager.go:227.20,229.3 1 0
Qingyu_backend/service/user/transaction_manager.go:230.2,230.39 1 0
Qingyu_backend/service/user/transaction_manager.go:233.107,245.16 3 0
Qingyu_backend/service/user/transaction_manager.go:245.16,247.3 1 0
Qingyu_backend/service/user/transaction_manager.go:250.2,259.16 2 0
Qingyu_backend/service/user/transaction_manager.go:259.16,261.3 1 0
Qingyu_backend/service/user/transaction_manager.go:264.2,272.16 2 0
Qingyu_backend/service/user/transaction_manager.go:272.16,274.3 1 0
Qingyu_backend/service/user/transaction_manager.go:276.2,276.12 1 0
Qingyu_backend/service/user/transaction_manager.go:279.107,284.16 2 0
Qingyu_backend/service/user/transaction_manager.go:284.16,286.3 1 0
Qingyu_backend/service/user/transaction_manager.go:289.2,292.16 2 0
Qingyu_backend/service/user/transaction_manager.go:292.16,294.3 1 0
Qingyu_backend/service/user/transaction_manager.go:297.2,300.16 2 0
Qingyu_backend/service/user/transaction_manager.go:300.16,302.3 1 0
Qingyu_backend/service/user/transaction_manager.go:305.2,313.16 2 0
Qingyu_backend/service/user/transaction_manager.go:313.16,315.3 1 0
Qingyu_backend/service/user/transaction_manager.go:318.2,321.16 2 0
Qingyu_backend/service/user/transaction_manager.go:321.16,323.3 1 0
Qingyu_backend/service/user/transaction_manager.go:325.2,325.12 1 0
Qingyu_backend/service/user/transaction_manager.go:328.98,331.2 2 0
Qingyu_backend/service/user/transaction_manager.go:333.61,335.21 2 0
Qingyu_backend/service/user/transaction_manager.go:335.21,337.3 1 0
Qingyu_backend/service/user/transaction_manager.go:338.2,338.72 1 0
Qingyu_backend/service/user/transaction_manager.go:342.109,349.2 2 0
Qingyu_backend/service/user/transaction_manager.go:357.95,365.16 3 0
Qingyu_backend/service/user/transaction_manager.go:365.16,367.3 1 0
Qingyu_backend/service/user/transaction_manager.go:369.2,369.12 1 0
Qingyu_backend/service/user/transaction_manager.go:372.96,375.2 2 0
Qingyu_backend/service/user/transaction_manager.go:377.59,379.2 1 0
Qingyu_backend/service/user/transaction_manager.go:387.54,389.2 1 0
Qingyu_backend/service/user/transaction_manager.go:399.81,402.29 2 0
Qingyu_backend/service/user/transaction_manager.go:402.29,405.43 2 0
Qingyu_backend/service/user/transaction_manager.go:405.43,409.49 2 0
Qingyu_backend/service/user/transaction_manager.go:409.49,413.78 3 0
Qingyu_backend/service/user/transaction_manager.go:413.78,415.6 1 0
Qingyu_backend/service/user/transaction_manager.go:418.4,418.73 1 0
Qingyu_backend/service/user/transaction_manager.go:421.3,421.46 1 0
Qingyu_backend/service/user/transaction_manager.go:424.2,425.12 2 0
Qingyu_backend/service/user/transaction_manager.go:434.82,436.2 1 0
Qingyu_backend/service/user/transaction_manager.go:439.121,440.20 1 0
Qingyu_backend/service/user/transaction_manager.go:441.18,442.49 1 0
Qingyu_backend/service/user/transaction_manager.go:443.20,444.50 1 0
Qingyu_backend/service/user/transaction_manager.go:445.10,446.13 1 0
Qingyu_backend/service/user/transaction_manager.go:451.109,453.9 2 0
Qingyu_backend/service/user/transaction_manager.go:453.9,455.3 1 0
Qingyu_backend/service/user/transaction_manager.go:457.2,458.9 2 0
Qingyu_backend/service/user/transaction_manager.go:458.9,460.3 1 0
Qingyu_backend/service/user/transaction_manager.go:463.2,467.16 2 0
Qingyu_backend/service/user/transaction_manager.go:467.16,469.3 1 0
Qingyu_backend/service/user/transaction_manager.go:471.2,471.16 1 0
Qingyu_backend/service/user/transaction_manager.go:471.16,473.3 1 0
Qingyu_backend/service/user/transaction_manager.go:475.2,475.12 1 0
Qingyu_backend/service/user/transaction_manager.go:479.110,481.9 2 0
Qingyu_backend/service/user/transaction_manager.go:481.9,483.3 1 0
Qingyu_backend/service/user/transaction_manager.go:485.2,486.9 2 0
Qingyu_backend/service/user/transaction_manager.go:486.9,488.3 1 0
Qingyu_backend/service/user/transaction_manager.go:490.2,491.9 2 0
Qingyu_backend/service/user/transaction_manager.go:491.9,493.3 1 0
Qingyu_backend/service/user/transaction_manager.go:496.2,500.16 2 0
Qingyu_backend/service/user/transaction_manager.go:500.16,502.3 1 0
Qingyu_backend/service/user/transaction_manager.go:504.2,504.20 1 0
Qingyu_backend/service/user/transaction_manager.go:504.20,506.3 1 0
Qingyu_backend/service/user/transaction_manager.go:509.2,512.16 2 0
Qingyu_backend/service/user/transaction_manager.go:512.16,514.3 1 0
Qingyu_backend/service/user/transaction_manager.go:516.2,516.20 1 0
Qingyu_backend/service/user/transaction_manager.go:516.20,518.3 1 0
Qingyu_backend/service/user/transaction_manager.go:520.2,520.12 1 0
Qingyu_backend/service/user/user_service.go:19.42,20.16 1 0
Qingyu_backend/service/user/user_service.go:20.16,22.3 1 0
Qingyu_backend/service/user/user_service.go:23.2,26.35 2 0
Qingyu_backend/service/user/user_service.go:30.38,35.2 1 0
Qingyu_backend/service/user/user_service.go:38.36,39.43 1 0
Qingyu_backend/service/user/user_service.go:39.43,40.35 1 0
Qingyu_backend/service/user/user_service.go:40.35,42.4 1 0
Qingyu_backend/service/user/user_service.go:44.2,44.11 1 0
Qingyu_backend/service/user/user_service.go:56.115,63.2 1 0
Qingyu_backend/service/user/user_service.go:66.65,68.2 1 0
Qingyu_backend/service/user/user_service.go:71.61,73.2 1 0
Qingyu_backend/service/user/user_service.go:76.60,78.2 1 0
Qingyu_backend/service/user/user_service.go:81.51,83.2 1 0
Qingyu_backend/service/user/user_service.go:86.47,88.2 1 0
Qingyu_backend/service/user/user_service.go:91.124,93.57 1 0
Qingyu_backend/service/user/user_service.go:93.57,95.3 1 0
Qingyu_backend/service/user/user_service.go:98.2,99.16 2 0
Qingyu_backend/service/user/user_service.go:99.16,101.3 1 0
Qingyu_backend/service/user/user_service.go:102.2,102.12 1 0
Qingyu_backend/service/user/user_service.go:102.12,104.3 1 0
Qingyu_backend/service/user/user_service.go:106.2,107.16 2 0
Qingyu_backend/service/user/user_service.go:107.16,109.3 1 0
Qingyu_backend/service/user/user_service.go:110.2,110.12 1 0
Qingyu_backend/service/user/user_service.go:110.12,112.3 1 0
Qingyu_backend/service/user/user_service.go:115.2,124.55 2 0
Qingyu_backend/service/user/user_service.go:124.55,126.3 1 0
Qingyu_backend/service/user/user_service.go:129.2,131.52 3 0
Qingyu_backend/service/user/user_service.go:131.52,133.17 2 0
Qingyu_backend/service/user/user_service.go:133.17,135.9 1 0
Qingyu_backend/service/user/user_service.go:138.3,141.31 2 0
Qingyu_backend/service/user/user_service.go:141.31,144.33 2 0
Qingyu_backend/service/user/user_service.go:144.33,147.5 1 0
Qingyu_backend/service/user/user_service.go:150.4,150.31 1 0
Qingyu_backend/service/user/user_service.go:150.31,152.5 1 0
Qingyu_backend/service/user/user_service.go:155.4,156.12 2 0
Qingyu_backend/service/user/user_service.go:160.3,160.120 1 0
Qingyu_backend/service/user/user_service.go:164.2,164.20 1 0
Qingyu_backend/service/user/user_service.go:164.20,166.3 1 0
Qingyu_backend/service/user/user_service.go:168.2,170.8 1 0
Qingyu_backend/service/user/user_service.go:174.115,176.18 1 0
Qingyu_backend/service/user/user_service.go:176.18,178.3 1 0
Qingyu_backend/service/user/user_service.go:181.2,182.16 2 0
Qingyu_backend/service/user/user_service.go:182.16,183.42 1 0
Qingyu_backend/service/user/user_service.go:183.42,185.4 1 0
Qingyu_backend/service/user/user_service.go:186.3,186.120 1 0
Qingyu_backend/service/user/user_service.go:189.2,191.8 1 0
Qingyu_backend/service/user/user_service.go:195.124,197.18 1 0
Qingyu_backend/service/user/user_service.go:197.18,199.3 1 0
Qingyu_backend/service/user/user_service.go:200.2,200.27 1 0
Qingyu_backend/service/user/user_service.go:200.27,202.3 1 0
Qingyu_backend/service/user/user_service.go:205.2,206.16 2 0
Qingyu_backend/service/user/user_service.go:206.16,208.3 1 0
Qingyu_backend/service/user/user_service.go:209.2,209.13 1 0
Qingyu_backend/service/user/user_service.go:209.13,211.3 1 0
Qingyu_backend/service/user/user_service.go:214.2,214.68 1 0
Qingyu_backend/service/user/user_service.go:214.68,216.3 1 0
Qingyu_backend/service/user/user_service.go:219.2,220.16 2 0
Qingyu_backend/service/user/user_service.go:220.16,222.3 1 0
Qingyu_backend/service/user/user_service.go:224.2,226.8 1 0
Qingyu_backend/service/user/user_service.go:230.124,232.18 1 0
Qingyu_backend/service/user/user_service.go:232.18,234.3 1 0
Qingyu_backend/service/user/user_service.go:237.2,238.16 2 0
Qingyu_backend/service/user/user_service.go:238.16,240.3 1 0
Qingyu_backend/service/user/user_service.go:241.2,241.13 1 0
Qingyu_backend/service/user/user_service.go:241.13,243.3 1 0
Qingyu_backend/service/user/user_service.go:246.2,246.55 1 0
Qingyu_backend/service/user/user_service.go:246.55,248.3 1 0
Qingyu_backend/service/user/user_service.go:250.2,253.8 1 0
Qingyu_backend/service/user/user_service.go:257.121,268.22 2 0
Qingyu_backend/service/user/user_service.go:268.22,270.3 1 0
Qingyu_backend/service/user/user_service.go:271.2,271.18 1 0
Qingyu_backend/service/user/user_service.go:271.18,273.3 1 0
Qingyu_backend/service/user/user_service.go:276.2,277.16 2 0
Qingyu_backend/service/user/user_service.go:277.16,279.3 1 0
Qingyu_backend/service/user/user_service.go:282.2,283.16 2 0
Qingyu_backend/service/user/user_service.go:283.16,285.3 1 0
Qingyu_backend/service/user/user_service.go:288.2,299.8 3 0
Qingyu_backend/service/user/user_service.go:303.130,305.59 1 0
Qingyu_backend/service/user/user_service.go:305.59,307.3 1 0
Qingyu_backend/service/user/user_service.go:310.2,311.16 2 0
Qingyu_backend/service/user/user_service.go:311.16,313.3 1 0
Qingyu_backend/service/user/user_service.go:314.2,314.12 1 0
Qingyu_backend/service/user/user_service.go:314.12,316.3 1 0
Qingyu_backend/service/user/user_service.go:318.2,319.16 2 0
Qingyu_backend/service/user/user_service.go:319.16,321.3 1 0
Qingyu_backend/service/user/user_service.go:322.2,322.12 1 0
Qingyu_backend/service/user/user_service.go:322.12,324.3 1 0
Qingyu_backend/service/user/user_service.go:327.2,336.55 2 0
Qingyu_backend/service/user/user_service.go:336.55,338.3 1 0
Qingyu_backend/service/user/user_service.go:341.2,343.52 3 0
Qingyu_backend/service/user/user_service.go:343.52,345.17 2 0
Qingyu_backend/service/user/user_service.go:345.17,347.9 1 0
Qingyu_backend/service/user/user_service.go:350.3,353.31 2 0
Qingyu_backend/service/user/user_service.go:353.31,356.33 2 0
Qingyu_backend/service/user/user_service.go:356.33,359.5 1 0
Qingyu_backend/service/user/user_service.go:362.4,362.31 1 0
Qingyu_backend/service/user/user_service.go:362.31,364.5 1 0
Qingyu_backend/service/user/user_service.go:367.4,368.12 2 0
Qingyu_backend/service/user/user_service.go:372.3,372.120 1 0
Qingyu_backend/service/user/user_service.go:376.2,376.20 1 0
Qingyu_backend/service/user/user_service.go:376.20,378.3 1 0
Qingyu_backend/service/user/user_service.go:381.2,382.16 2 0
Qingyu_backend/service/user/user_service.go:382.16,384.3 1 0
Qingyu_backend/service/user/user_service.go:386.2,389.8 1 0
Qingyu_backend/service/user/user_service.go:393.121,395.46 1 0
Qingyu_backend/service/user/user_service.go:395.46,397.3 1 0
Qingyu_backend/service/user/user_service.go:400.2,404.16 3 0
Qingyu_backend/service/user/user_service.go:404.16,406.42 2 0
Qingyu_backend/service/user/user_service.go:406.42,408.4 1 0
Qingyu_backend/service/user/user_service.go:409.3,409.120 1 0
Qingyu_backend/service/user/user_service.go:412.2,418.29 3 0
Qingyu_backend/service/user/user_service.go:418.29,420.3 1 0
Qingyu_backend/service/user/user_service.go:420.8,422.3 1 0
Qingyu_backend/service/user/user_service.go:423.2,427.42 3 0
Qingyu_backend/service/user/user_service.go:427.42,430.3 2 0
Qingyu_backend/service/user/user_service.go:432.2,435.21 2 0
Qingyu_backend/service/user/user_service.go:436.37,442.4 1 0
Qingyu_backend/service/user/user_service.go:443.35,449.4 1 0
Qingyu_backend/service/user/user_service.go:450.36,456.4 1 0
Qingyu_backend/service/user/user_service.go:457.35,457.35 0 0
Qingyu_backend/service/user/user_service.go:459.10,465.4 1 0
Qingyu_backend/service/user/user_service.go:469.2,470.14 2 0
Qingyu_backend/service/user/user_service.go:470.14,472.3 1 0
Qingyu_backend/service/user/user_service.go:473.2,473.75 1 0
Qingyu_backend/service/user/user_service.go:473.75,480.3 1 0
Qingyu_backend/service/user/user_service.go:483.2,484.16 2 0
Qingyu_backend/service/user/user_service.go:484.16,486.3 1 0
Qingyu_backend/service/user/user_service.go:488.2,491.8 1 0
Qingyu_backend/service/user/user_service.go:495.124,510.2 1 0
Qingyu_backend/service/user/user_service.go:513.133,529.2 1 0
Qingyu_backend/service/user/user_service.go:532.139,534.18 1 0
Qingyu_backend/service/user/user_service.go:534.18,536.3 1 0
Qingyu_backend/service/user/user_service.go:541.2,542.68 2 0
Qingyu_backend/service/user/user_service.go:542.68,544.3 1 0
Qingyu_backend/service/user/user_service.go:546.2,548.8 1 0
Qingyu_backend/service/user/user_service.go:552.136,554.61 1 0
Qingyu_backend/service/user/user_service.go:554.61,556.3 1 0
Qingyu_backend/service/user/user_service.go:559.2,560.16 2 0
Qingyu_backend/service/user/user_service.go:560.16,561.42 1 0
Qingyu_backend/service/user/user_service.go:561.42,563.4 1 0
Qingyu_backend/service/user/user_service.go:564.3,564.120 1 0
Qingyu_backend/service/user/user_service.go:568.2,568.48 1 0
Qingyu_backend/service/user/user_service.go:568.48,570.3 1 0
Qingyu_backend/service/user/user_service.go:573.2,574.61 2 0
Qingyu_backend/service/user/user_service.go:574.61,576.3 1 0
Qingyu_backend/service/user/user_service.go:577.2,579.79 2 0
Qingyu_backend/service/user/user_service.go:579.79,581.3 1 0
Qingyu_backend/service/user/user_service.go:583.2,585.8 1 0
Qingyu_backend/service/user/user_service.go:594.133,596.21 1 0
Qingyu_backend/service/user/user_service.go:596.21,598.3 1 0
Qingyu_backend/service/user/user_service.go:601.2,602.16 2 0
Qingyu_backend/service/user/user_service.go:602.16,603.42 1 0
Qingyu_backend/service/user/user_service.go:603.42,608.4 1 0
Qingyu_backend/service/user/user_service.go:609.3,609.120 1 0
Qingyu_backend/service/user/user_service.go:613.2,615.16 3 0
Qingyu_backend/service/user/user_service.go:615.16,617.3 1 0
Qingyu_backend/service/user/user_service.go:620.2,652.8 5 0
Qingyu_backend/service/user/user_service.go:656.124,658.22 1 0
Qingyu_backend/service/user/user_service.go:658.22,660.3 1 0
Qingyu_backend/service/user/user_service.go:661.2,661.22 1 0
Qingyu_backend/service/user/user_service.go:661.22,663.3 1 0
Qingyu_backend/service/user/user_service.go:666.2,667.16 2 0
Qingyu_backend/service/user/user_service.go:667.16,669.3 1 0
Qingyu_backend/service/user/user_service.go:672.2,673.16 2 0
Qingyu_backend/service/user/user_service.go:673.16,675.3 1 0
Qingyu_backend/service/user/user_service.go:678.2,678.79 1 0
Qingyu_backend/service/user/user_service.go:678.79,680.3 1 0
Qingyu_backend/service/user/user_service.go:682.2,684.8 1 0
Qingyu_backend/service/user/user_service.go:688.124,690.22 1 0
Qingyu_backend/service/user/user_service.go:690.22,692.3 1 0
Qingyu_backend/service/user/user_service.go:693.2,693.22 1 0
Qingyu_backend/service/user/user_service.go:693.22,695.3 1 0
Qingyu_backend/service/user/user_service.go:698.2,699.16 2 0
Qingyu_backend/service/user/user_service.go:699.16,701.3 1 0
Qingyu_backend/service/user/user_service.go:704.2,704.79 1 0
Qingyu_backend/service/user/user_service.go:704.79,706.3 1 0
Qingyu_backend/service/user/user_service.go:708.2,710.8 1 0
Qingyu_backend/service/user/user_service.go:714.130,716.22 1 0
Qingyu_backend/service/user/user_service.go:716.22,718.3 1 0
Qingyu_backend/service/user/user_service.go:721.2,722.16 2 0
Qingyu_backend/service/user/user_service.go:722.16,724.3 1 0
Qingyu_backend/service/user/user_service.go:727.2,728.16 2 0
Qingyu_backend/service/user/user_service.go:728.16,730.3 1 0
Qingyu_backend/service/user/user_service.go:733.2,734.29 2 0
Qingyu_backend/service/user/user_service.go:734.29,736.3 1 0
Qingyu_backend/service/user/user_service.go:738.2,740.8 1 0
Qingyu_backend/service/user/user_service.go:744.148,746.22 1 0
Qingyu_backend/service/user/user_service.go:746.22,748.3 1 0
Qingyu_backend/service/user/user_service.go:751.2,752.16 2 0
Qingyu_backend/service/user/user_service.go:752.16,754.3 1 0
Qingyu_backend/service/user/user_service.go:757.2,758.16 2 0
Qingyu_backend/service/user/user_service.go:758.16,760.3 1 0
Qingyu_backend/service/user/user_service.go:762.2,764.8 1 0
Qingyu_backend/service/user/user_service.go:770.89,771.24 1 0
Qingyu_backend/service/user/user_service.go:771.24,773.3 1 0
Qingyu_backend/service/user/user_service.go:774.2,774.21 1 0
Qingyu_backend/service/user/user_service.go:774.21,776.3 1 0
Qingyu_backend/service/user/user_service.go:777.2,777.24 1 0
Qingyu_backend/service/user/user_service.go:777.24,779.3 1 0
Qingyu_backend/service/user/user_service.go:780.2,780.12 1 0
Qingyu_backend/service/user/user_service.go:784.93,785.24 1 0
Qingyu_backend/service/user/user_service.go:785.24,787.3 1 0
Qingyu_backend/service/user/user_service.go:788.2,788.21 1 0
Qingyu_backend/service/user/user_service.go:788.21,790.3 1 0
Qingyu_backend/service/user/user_service.go:791.2,791.24 1 0
Qingyu_backend/service/user/user_service.go:791.24,793.3 1 0
Qingyu_backend/service/user/user_service.go:794.2,794.12 1 0
Qingyu_backend/service/user/user_service.go:798.97,799.18 1 0
Qingyu_backend/service/user/user_service.go:799.18,801.3 1 0
Qingyu_backend/service/user/user_service.go:802.2,802.27 1 0
Qingyu_backend/service/user/user_service.go:802.27,804.3 1 0
Qingyu_backend/service/user/user_service.go:805.2,805.27 1 0
Qingyu_backend/service/user/user_service.go:805.27,807.3 1 0
Qingyu_backend/service/user/user_service.go:808.2,808.12 1 0
Qingyu_backend/service/user/user_service.go:812.88,816.2 1 0
Qingyu_backend/service/user/user_service.go:821.157,823.41 1 0
Qingyu_backend/service/user/user_service.go:823.41,825.3 1 0
Qingyu_backend/service/user/user_service.go:828.2,829.16 2 0
Qingyu_backend/service/user/user_service.go:829.16,830.42 1 0
Qingyu_backend/service/user/user_service.go:830.42,832.4 1 0
Qingyu_backend/service/user/user_service.go:833.3,833.120 1 0
Qingyu_backend/service/user/user_service.go:837.2,837.29 1 0
Qingyu_backend/service/user/user_service.go:837.29,839.3 1 0
Qingyu_backend/service/user/user_service.go:842.2,842.24 1 0
Qingyu_backend/service/user/user_service.go:842.24,848.3 1 0
Qingyu_backend/service/user/user_service.go:851.2,853.16 3 0
Qingyu_backend/service/user/user_service.go:853.16,855.3 1 0
Qingyu_backend/service/user/user_service.go:858.2,890.8 4 0
Qingyu_backend/service/user/user_service.go:894.127,896.40 1 0
Qingyu_backend/service/user/user_service.go:896.40,898.3 1 0
Qingyu_backend/service/user/user_service.go:901.2,902.16 2 0
Qingyu_backend/service/user/user_service.go:902.16,903.42 1 0
Qingyu_backend/service/user/user_service.go:903.42,905.4 1 0
Qingyu_backend/service/user/user_service.go:906.3,906.120 1 0
Qingyu_backend/service/user/user_service.go:910.2,911.89 2 0
Qingyu_backend/service/user/user_service.go:911.89,913.3 1 0
Qingyu_backend/service/user/user_service.go:916.2,916.69 1 0
Qingyu_backend/service/user/user_service.go:916.69,918.3 1 0
Qingyu_backend/service/user/user_service.go:921.2,925.68 2 0
Qingyu_backend/service/user/user_service.go:925.68,927.3 1 0
Qingyu_backend/service/user/user_service.go:929.2,932.8 1 0
Qingyu_backend/service/user/user_service.go:938.154,940.21 1 0
Qingyu_backend/service/user/user_service.go:940.21,942.3 1 0
Qingyu_backend/service/user/user_service.go:945.2,946.16 2 0
Qingyu_backend/service/user/user_service.go:946.16,947.42 1 0
Qingyu_backend/service/user/user_service.go:947.42,954.4 1 0
Qingyu_backend/service/user/user_service.go:955.3,955.120 1 0
Qingyu_backend/service/user/user_service.go:959.2,961.16 3 0
Qingyu_backend/service/user/user_service.go:961.16,963.3 1 0
Qingyu_backend/service/user/user_service.go:966.2,1002.8 6 0
Qingyu_backend/service/user/user_service.go:1006.154,1008.62 1 0
Qingyu_backend/service/user/user_service.go:1008.62,1010.3 1 0
Qingyu_backend/service/user/user_service.go:1013.2,1014.16 2 0
Qingyu_backend/service/user/user_service.go:1014.16,1015.42 1 0
Qingyu_backend/service/user/user_service.go:1015.42,1017.4 1 0
Qingyu_backend/service/user/user_service.go:1018.3,1018.120 1 0
Qingyu_backend/service/user/user_service.go:1022.2,1023.78 2 0
Qingyu_backend/service/user/user_service.go:1023.78,1025.3 1 0
Qingyu_backend/service/user/user_service.go:1028.2,1028.55 1 0
Qingyu_backend/service/user/user_service.go:1028.55,1030.3 1 0
Qingyu_backend/service/user/user_service.go:1031.2,1034.86 2 0
Qingyu_backend/service/user/user_service.go:1034.86,1036.3 1 0
Qingyu_backend/service/user/user_service.go:1039.2,1039.69 1 0
Qingyu_backend/service/user/user_service.go:1039.69,1045.3 1 0
Qingyu_backend/service/user/user_service.go:1047.2,1050.8 1 0
Qingyu_backend/service/user/user_service.go:1056.88,1058.2 1 0
Qingyu_backend/service/user/user_service.go:1061.81,1064.16 2 0
Qingyu_backend/service/user/user_service.go:1064.16,1065.42 1 0
Qingyu_backend/service/user/user_service.go:1065.42,1067.4 1 0
Qingyu_backend/service/user/user_service.go:1068.3,1068.115 1 0
Qingyu_backend/service/user/user_service.go:1072.2,1072.22 1 0
Qingyu_backend/service/user/user_service.go:1072.22,1074.3 1 0
Qingyu_backend/service/user/user_service.go:1077.2,1083.64 2 0
Qingyu_backend/service/user/user_service.go:1083.64,1085.3 1 0
Qingyu_backend/service/user/user_service.go:1087.2,1087.12 1 0
Qingyu_backend/service/user/user_service.go:1091.81,1094.16 2 0
Qingyu_backend/service/user/user_service.go:1094.16,1095.42 1 0
Qingyu_backend/service/user/user_service.go:1095.42,1097.4 1 0
Qingyu_backend/service/user/user_service.go:1098.3,1098.115 1 0
Qingyu_backend/service/user/user_service.go:1102.2,1102.22 1 0
Qingyu_backend/service/user/user_service.go:1102.22,1104.3 1 0
Qingyu_backend/service/user/user_service.go:1107.2,1113.64 2 0
Qingyu_backend/service/user/user_service.go:1113.64,1115.3 1 0
Qingyu_backend/service/user/user_service.go:1117.2,1117.12 1 0
Qingyu_backend/service/user/user_service.go:1121.99,1128.2 1 0
Qingyu_backend/service/user/user_service.go:1131.101,1134.16 2 0
Qingyu_backend/service/user/user_service.go:1134.16,1136.3 1 0
Qingyu_backend/service/user/user_service.go:1139.2,1139.38 1 0
Qingyu_backend/service/user/user_service.go:1139.38,1141.3 1 0
Qingyu_backend/service/user/user_service.go:1143.2,1143.12 1 0
Qingyu_backend/service/user/user_service.go:1148.133,1150.22 1 0
Qingyu_backend/service/user/user_service.go:1150.22,1152.3 1 0
Qingyu_backend/service/user/user_service.go:1153.2,1153.26 1 0
Qingyu_backend/service/user/user_service.go:1153.26,1155.3 1 0
Qingyu_backend/service/user/user_service.go:1156.2,1156.18 1 0
Qingyu_backend/service/user/user_service.go:1156.18,1158.3 1 0
Qingyu_backend/service/user/user_service.go:1161.2,1165.33 2 0
Qingyu_backend/service/user/user_service.go:1165.33,1167.3 1 0
Qingyu_backend/service/user/user_service.go:1170.2,1171.16 2 0
Qingyu_backend/service/user/user_service.go:1171.16,1172.42 1 0
Qingyu_backend/service/user/user_service.go:1172.42,1174.4 1 0
Qingyu_backend/service/user/user_service.go:1175.3,1175.120 1 0
Qingyu_backend/service/user/user_service.go:1179.2,1181.36 3 0
Qingyu_backend/service/user/user_service.go:1181.36,1182.42 1 0
Qingyu_backend/service/user/user_service.go:1182.42,1184.9 2 0
Qingyu_backend/service/user/user_service.go:1188.2,1188.23 1 0
Qingyu_backend/service/user/user_service.go:1188.23,1190.3 1 0
Qingyu_backend/service/user/user_service.go:1193.2,1194.36 2 0
Qingyu_backend/service/user/user_service.go:1194.36,1195.42 1 0
Qingyu_backend/service/user/user_service.go:1195.42,1197.9 2 0
Qingyu_backend/service/user/user_service.go:1201.2,1201.83 1 0
Qingyu_backend/service/user/user_service.go:1201.83,1203.3 1 0
Qingyu_backend/service/user/user_service.go:1208.2,1209.32 2 0
Qingyu_backend/service/user/user_service.go:1209.32,1211.3 1 0
Qingyu_backend/service/user/user_service.go:1211.8,1211.39 1 0
Qingyu_backend/service/user/user_service.go:1211.39,1213.37 1 0
Qingyu_backend/service/user/user_service.go:1213.37,1214.44 1 0
Qingyu_backend/service/user/user_service.go:1214.44,1216.5 1 0
Qingyu_backend/service/user/user_service.go:1219.3,1219.25 1 0
Qingyu_backend/service/user/user_service.go:1219.25,1221.4 1 0
Qingyu_backend/service/user/user_service.go:1225.2,1228.68 2 0
Qingyu_backend/service/user/user_service.go:1228.68,1230.3 1 0
Qingyu_backend/service/user/user_service.go:1232.2,1234.8 1 0
Qingyu_backend/service/user/user_validator.go:22.74,26.2 1 0
Qingyu_backend/service/user/user_validator.go:35.41,37.2 1 0
Qingyu_backend/service/user/user_validator.go:42.42,43.17 1 0
Qingyu_backend/service/user/user_validator.go:43.17,45.3 1 0
Qingyu_backend/service/user/user_validator.go:46.2,47.24 2 0
Qingyu_backend/service/user/user_validator.go:47.24,49.3 1 0
Qingyu_backend/service/user/user_validator.go:50.2,50.37 1 0
Qingyu_backend/service/user/user_validator.go:54.90,58.70 2 0
Qingyu_backend/service/user/user_validator.go:58.70,60.3 1 0
Qingyu_backend/service/user/user_validator.go:63.2,63.76 1 0
Qingyu_backend/service/user/user_validator.go:63.76,65.3 1 0
Qingyu_backend/service/user/user_validator.go:68.2,68.78 1 0
Qingyu_backend/service/user/user_validator.go:68.78,70.3 1 0
Qingyu_backend/service/user/user_validator.go:72.2,72.21 1 0
Qingyu_backend/service/user/user_validator.go:72.21,74.3 1 0
Qingyu_backend/service/user/user_validator.go:76.2,76.12 1 0
Qingyu_backend/service/user/user_validator.go:80.108,84.74 2 0
Qingyu_backend/service/user/user_validator.go:84.74,86.3 1 0
Qingyu_backend/service/user/user_validator.go:89.2,89.96 1 0
Qingyu_backend/service/user/user_validator.go:89.96,91.3 1 0
Qingyu_backend/service/user/user_validator.go:93.2,93.21 1 0
Qingyu_backend/service/user/user_validator.go:93.21,95.3 1 0
Qingyu_backend/service/user/user_validator.go:97.2,97.12 1 0
Qingyu_backend/service/user/user_validator.go:101.85,105.58 2 0
Qingyu_backend/service/user/user_validator.go:105.58,107.3 1 0
Qingyu_backend/service/user/user_validator.go:110.2,110.52 1 0
Qingyu_backend/service/user/user_validator.go:110.52,112.3 1 0
Qingyu_backend/service/user/user_validator.go:115.2,115.25 1 0
Qingyu_backend/service/user/user_validator.go:115.25,116.59 1 0
Qingyu_backend/service/user/user_validator.go:116.59,118.4 1 0
Qingyu_backend/service/user/user_validator.go:121.2,121.15 1 0
Qingyu_backend/service/user/user_validator.go:125.89,129.28 2 0
Qingyu_backend/service/user/user_validator.go:129.28,130.62 1 0
Qingyu_backend/service/user/user_validator.go:130.62,132.4 1 0
Qingyu_backend/service/user/user_validator.go:136.2,136.25 1 0
Qingyu_backend/service/user/user_validator.go:136.25,137.56 1 0
Qingyu_backend/service/user/user_validator.go:137.56,139.4 1 0
Qingyu_backend/service/user/user_validator.go:143.2,143.28 1 0
Qingyu_backend/service/user/user_validator.go:143.28,144.62 1 0
Qingyu_backend/service/user/user_validator.go:144.62,146.4 1 0
Qingyu_backend/service/user/user_validator.go:149.2,149.15 1 0
Qingyu_backend/service/user/user_validator.go:153.76,154.20 1 0
Qingyu_backend/service/user/user_validator.go:154.20,160.3 1 0
Qingyu_backend/service/user/user_validator.go:162.2,162.39 1 0
Qingyu_backend/service/user/user_validator.go:162.39,168.3 1 0
Qingyu_backend/service/user/user_validator.go:170.2,170.39 1 0
Qingyu_backend/service/user/user_validator.go:170.39,176.3 1 0
Qingyu_backend/service/user/user_validator.go:179.2,180.14 2 0
Qingyu_backend/service/user/user_validator.go:180.14,186.3 1 0
Qingyu_backend/service/user/user_validator.go:189.2,189.46 1 0
Qingyu_backend/service/user/user_validator.go:189.46,195.3 1 0
Qingyu_backend/service/user/user_validator.go:198.2,198.45 1 0
Qingyu_backend/service/user/user_validator.go:198.45,199.44 1 0
Qingyu_backend/service/user/user_validator.go:199.44,205.4 1 0
Qingyu_backend/service/user/user_validator.go:208.2,208.12 1 0
Qingyu_backend/service/user/user_validator.go:212.70,213.17 1 0
Qingyu_backend/service/user/user_validator.go:213.17,219.3 1 0
Qingyu_backend/service/user/user_validator.go:221.2,221.33 1 0
Qingyu_backend/service/user/user_validator.go:221.33,227.3 1 0
Qingyu_backend/service/user/user_validator.go:230.2,231.14 2 0
Qingyu_backend/service/user/user_validator.go:231.14,237.3 1 0
Qingyu_backend/service/user/user_validator.go:239.2,239.12 1 0
Qingyu_backend/service/user/user_validator.go:243.76,244.20 1 0
Qingyu_backend/service/user/user_validator.go:244.20,250.3 1 0
Qingyu_backend/service/user/user_validator.go:252.2,252.39 1 0
Qingyu_backend/service/user/user_validator.go:252.39,258.3 1 0
Qingyu_backend/service/user/user_validator.go:260.2,260.39 1 0
Qingyu_backend/service/user/user_validator.go:260.39,266.3 1 0
Qingyu_backend/service/user/user_validator.go:269.2,272.30 3 0
Qingyu_backend/service/user/user_validator.go:272.30,278.3 1 0
Qingyu_backend/service/user/user_validator.go:281.2,281.37 1 0
Qingyu_backend/service/user/user_validator.go:281.37,282.40 1 0
Qingyu_backend/service/user/user_validator.go:282.40,288.4 1 0
Qingyu_backend/service/user/user_validator.go:291.2,291.12 1 0
Qingyu_backend/service/user/user_validator.go:295.105,299.66 2 0
Qingyu_backend/service/user/user_validator.go:299.66,301.3 1 0
Qingyu_backend/service/user/user_validator.go:304.2,304.60 1 0
Qingyu_backend/service/user/user_validator.go:304.60,306.3 1 0
Qingyu_backend/service/user/user_validator.go:308.2,308.15 1 0
Qingyu_backend/service/user/user_validator.go:312.132,316.28 2 0
Qingyu_backend/service/user/user_validator.go:316.28,317.87 1 0
Qingyu_backend/service/user/user_validator.go:317.87,319.4 1 0
Qingyu_backend/service/user/user_validator.go:323.2,323.25 1 0
Qingyu_backend/service/user/user_validator.go:323.25,324.81 1 0
Qingyu_backend/service/user/user_validator.go:324.81,326.4 1 0
Qingyu_backend/service/user/user_validator.go:329.2,329.15 1 0
Qingyu_backend/service/user/user_validator.go:333.100,335.16 2 0
Qingyu_backend/service/user/user_validator.go:335.16,341.3 1 0
Qingyu_backend/service/user/user_validator.go:343.2,343.12 1 0
Qingyu_backend/service/user/user_validator.go:343.12,349.3 1 0
Qingyu_backend/service/user/user_validator.go:351.2,351.12 1 0
Qingyu_backend/service/user/user_validator.go:355.94,357.16 2 0
Qingyu_backend/service/user/user_validator.go:357.16,363.3 1 0
Qingyu_backend/service/user/user_validator.go:365.2,365.12 1 0
Qingyu_backend/service/user/user_validator.go:365.12,371.3 1 0
Qingyu_backend/service/user/user_validator.go:373.2,373.12 1 0
Qingyu_backend/service/user/user_validator.go:377.124,380.16 2 0
Qingyu_backend/service/user/user_validator.go:380.16,386.3 1 0
Qingyu_backend/service/user/user_validator.go:388.2,388.13 1 0
Qingyu_backend/service/user/user_validator.go:388.13,390.3 1 0
Qingyu_backend/service/user/user_validator.go:393.2,394.16 2 0
Qingyu_backend/service/user/user_validator.go:394.16,400.3 1 0
Qingyu_backend/service/user/user_validator.go:403.2,403.44 1 0
Qingyu_backend/service/user/user_validator.go:403.44,405.3 1 0
Qingyu_backend/service/user/user_validator.go:408.2,412.3 1 0
Qingyu_backend/service/user/user_validator.go:416.118,419.16 2 0
Qingyu_backend/service/user/user_validator.go:419.16,425.3 1 0
Qingyu_backend/service/user/user_validator.go:427.2,427.13 1 0
Qingyu_backend/service/user/user_validator.go:427.13,429.3 1 0
Qingyu_backend/service/user/user_validator.go:432.2,433.16 2 0
Qingyu_backend/service/user/user_validator.go:433.16,439.3 1 0
Qingyu_backend/service/user/user_validator.go:442.2,442.44 1 0
Qingyu_backend/service/user/user_validator.go:442.44,444.3 1 0
Qingyu_backend/service/user/user_validator.go:447.2,451.3 1 0
Qingyu_backend/service/user/user_validator.go:455.87,459.45 2 0
Qingyu_backend/service/user/user_validator.go:459.45,460.91 1 0
Qingyu_backend/service/user/user_validator.go:460.91,466.4 1 0
Qingyu_backend/service/user/user_validator.go:470.2,470.66 1 0
Qingyu_backend/service/user/user_validator.go:470.66,476.3 1 0
Qingyu_backend/service/user/user_validator.go:478.2,478.15 1 0
Qingyu_backend/service/user/user_validator.go:482.76,484.44 2 0
Qingyu_backend/service/user/user_validator.go:484.44,485.28 1 0
Qingyu_backend/service/user/user_validator.go:485.28,487.4 1 0
Qingyu_backend/service/user/user_validator.go:490.2,494.3 1 0
Qingyu_backend/service/user/user_validator.go:498.72,499.18 1 0
Qingyu_backend/service/user/user_validator.go:499.18,505.3 1 0
Qingyu_backend/service/user/user_validator.go:507.2,507.61 1 0
Qingyu_backend/service/user/user_validator.go:507.61,513.3 1 0
Qingyu_backend/service/user/user_validator.go:515.2,515.12 1 0
Qingyu_backend/service/user/verification_service.go:28.24,35.2 1 0
Qingyu_backend/service/user/verification_service.go:38.95,40.31 1 0
Qingyu_backend/service/user/verification_service.go:40.32,42.3 0 0
Qingyu_backend/service/user/verification_service.go:42.8,42.40 1 0
Qingyu_backend/service/user/verification_service.go:42.40,45.32 2 0
Qingyu_backend/service/user/verification_service.go:45.32,47.4 1 0
Qingyu_backend/service/user/verification_service.go:52.2,56.16 3 0
Qingyu_backend/service/user/verification_service.go:56.16,58.3 1 0
Qingyu_backend/service/user/verification_service.go:75.2,75.43 1 0
Qingyu_backend/service/user/verification_service.go:75.43,81.3 1 0
Qingyu_backend/service/user/verification_service.go:83.2,83.12 1 0
Qingyu_backend/service/user/verification_service.go:87.95,91.16 3 0
Qingyu_backend/service/user/verification_service.go:91.16,93.3 1 0
Qingyu_backend/service/user/verification_service.go:96.2,96.43 1 0
Qingyu_backend/service/user/verification_service.go:96.43,102.3 1 0
Qingyu_backend/service/user/verification_service.go:104.2,104.12 1 0
Qingyu_backend/service/user/verification_service.go:108.99,111.16 2 0
Qingyu_backend/service/user/verification_service.go:111.16,113.3 1 0
Qingyu_backend/service/user/verification_service.go:115.2,115.12 1 0
Qingyu_backend/service/user/verification_service.go:119.88,121.2 1 0
Qingyu_backend/service/user/verification_service.go:124.104,127.16 2 0
Qingyu_backend/service/user/verification_service.go:127.16,129.3 1 0
Qingyu_backend/service/user/verification_service.go:132.2,132.25 1 0
Qingyu_backend/service/user/verification_service.go:132.25,134.3 1 0
Qingyu_backend/service/user/verification_service.go:137.2,137.55 1 0
Qingyu_backend/service/user/verification_service.go:141.104,144.16 2 0
Qingyu_backend/service/user/verification_service.go:144.16,146.3 1 0
Qingyu_backend/service/user/verification_service.go:149.2,149.25 1 0
Qingyu_backend/service/user/verification_service.go:149.25,151.3 1 0
Qingyu_backend/service/user/verification_service.go:154.2,154.55 1 0
Qingyu_backend/service/user/verification_service.go:158.104,160.16 2 0
Qingyu_backend/service/user/verification_service.go:160.16,162.3 1 0
Qingyu_backend/service/user/verification_service.go:165.2,165.38 1 0
Qingyu_backend/service/user/verification_service.go:165.38,167.3 1 0
Qingyu_backend/service/user/verification_service.go:169.2,169.12 1 0
Qingyu_backend/service/user/verification_service.go:173.92,175.2 1 0
Qingyu_backend/service/user/verification_service.go:178.92,180.2 1 0
Qingyu_backend/service/user/verification_service.go:183.92,185.2 1 0
Qingyu_backend/service/user/verification_service.go:188.107,190.2 1 0
Qingyu_backend/service/user/verification_service.go:193.55,196.2 1 0
