mode: set
Qingyu_backend/service/events/bookstore_events.go:62.125,82.2 1 0
Qingyu_backend/service/events/bookstore_events.go:85.116,105.2 1 0
Qingyu_backend/service/events/bookstore_events.go:119.89,138.2 1 0
Qingyu_backend/service/events/bookstore_events.go:141.90,161.2 1 0
Qingyu_backend/service/events/bookstore_events.go:180.132,197.2 1 0
Qingyu_backend/service/events/bookstore_events.go:200.121,216.2 1 0
Qingyu_backend/service/events/bookstore_events.go:219.76,231.2 1 0
Qingyu_backend/service/events/bookstore_events.go:251.121,269.2 1 0
Qingyu_backend/service/events/bookstore_events.go:288.123,305.2 1 0
Qingyu_backend/service/events/bookstore_events.go:308.93,322.2 1 0
Qingyu_backend/service/events/bookstore_events.go:325.61,337.2 1 0
Qingyu_backend/service/events/bookstore_events.go:348.64,352.2 1 0
Qingyu_backend/service/events/bookstore_events.go:355.89,356.30 1 0
Qingyu_backend/service/events/bookstore_events.go:357.26,359.103 2 0
Qingyu_backend/service/events/bookstore_events.go:363.29,365.106 2 0
Qingyu_backend/service/events/bookstore_events.go:369.2,369.12 1 0
Qingyu_backend/service/events/bookstore_events.go:373.61,375.2 1 0
Qingyu_backend/service/events/bookstore_events.go:378.71,383.2 1 0
Qingyu_backend/service/events/bookstore_events.go:392.64,396.2 1 0
Qingyu_backend/service/events/bookstore_events.go:399.89,400.30 1 0
Qingyu_backend/service/events/bookstore_events.go:401.26,403.109 2 0
Qingyu_backend/service/events/bookstore_events.go:407.29,409.112 2 0
Qingyu_backend/service/events/bookstore_events.go:412.26,414.124 2 0
Qingyu_backend/service/events/bookstore_events.go:418.2,418.12 1 0
Qingyu_backend/service/events/bookstore_events.go:422.61,424.2 1 0
Qingyu_backend/service/events/bookstore_events.go:427.71,433.2 1 0
Qingyu_backend/service/events/bookstore_events.go:442.48,446.2 1 0
Qingyu_backend/service/events/bookstore_events.go:449.81,450.30 1 0
Qingyu_backend/service/events/bookstore_events.go:451.25,453.99 2 0
Qingyu_backend/service/events/bookstore_events.go:457.23,459.74 2 0
Qingyu_backend/service/events/bookstore_events.go:465.2,465.12 1 0
Qingyu_backend/service/events/bookstore_events.go:469.53,471.2 1 0
Qingyu_backend/service/events/bookstore_events.go:474.63,479.2 1 0
Qingyu_backend/service/events/bookstore_events.go:488.76,492.2 1 0
Qingyu_backend/service/events/bookstore_events.go:495.95,496.30 1 0
Qingyu_backend/service/events/bookstore_events.go:497.32,499.105 2 0
Qingyu_backend/service/events/bookstore_events.go:502.32,504.105 2 0
Qingyu_backend/service/events/bookstore_events.go:507.32,509.82 2 0
Qingyu_backend/service/events/bookstore_events.go:514.2,514.12 1 0
Qingyu_backend/service/events/bookstore_events.go:518.67,520.2 1 0
Qingyu_backend/service/events/bookstore_events.go:523.77,529.2 1 0
Qingyu_backend/service/events/dead_letter_queue.go:65.66,74.2 3 0
Qingyu_backend/service/events/dead_letter_queue.go:77.73,100.2 3 0
Qingyu_backend/service/events/dead_letter_queue.go:103.80,119.16 3 0
Qingyu_backend/service/events/dead_letter_queue.go:119.16,121.3 1 0
Qingyu_backend/service/events/dead_letter_queue.go:123.2,123.12 1 0
Qingyu_backend/service/events/dead_letter_queue.go:127.106,135.16 4 0
Qingyu_backend/service/events/dead_letter_queue.go:135.16,137.3 1 0
Qingyu_backend/service/events/dead_letter_queue.go:138.2,141.47 3 0
Qingyu_backend/service/events/dead_letter_queue.go:141.47,143.3 1 0
Qingyu_backend/service/events/dead_letter_queue.go:145.2,145.19 1 0
Qingyu_backend/service/events/dead_letter_queue.go:149.93,152.16 3 0
Qingyu_backend/service/events/dead_letter_queue.go:152.16,153.34 1 0
Qingyu_backend/service/events/dead_letter_queue.go:153.34,155.4 1 0
Qingyu_backend/service/events/dead_letter_queue.go:156.3,156.68 1 0
Qingyu_backend/service/events/dead_letter_queue.go:159.2,159.19 1 0
Qingyu_backend/service/events/dead_letter_queue.go:163.80,166.16 2 0
Qingyu_backend/service/events/dead_letter_queue.go:166.16,168.3 1 0
Qingyu_backend/service/events/dead_letter_queue.go:169.2,169.17 1 0
Qingyu_backend/service/events/dead_letter_queue.go:169.17,171.3 1 0
Qingyu_backend/service/events/dead_letter_queue.go:174.2,197.16 7 0
Qingyu_backend/service/events/dead_letter_queue.go:197.16,199.3 1 0
Qingyu_backend/service/events/dead_letter_queue.go:201.2,201.12 1 0
Qingyu_backend/service/events/dead_letter_queue.go:205.77,207.16 2 0
Qingyu_backend/service/events/dead_letter_queue.go:207.16,209.3 1 0
Qingyu_backend/service/events/dead_letter_queue.go:210.2,210.12 1 0
Qingyu_backend/service/events/dead_letter_queue.go:214.74,216.16 2 0
Qingyu_backend/service/events/dead_letter_queue.go:216.16,218.3 1 0
Qingyu_backend/service/events/dead_letter_queue.go:219.2,219.19 1 0
Qingyu_backend/service/events/dead_letter_queue.go:223.94,227.16 2 0
Qingyu_backend/service/events/dead_letter_queue.go:227.16,229.3 1 0
Qingyu_backend/service/events/dead_letter_queue.go:231.2,231.33 1 0
Qingyu_backend/service/events/dead_letter_queue.go:235.66,237.2 1 0
Qingyu_backend/service/events/dead_letter_queue.go:240.40,242.2 1 0
Qingyu_backend/service/events/event_store.go:108.50,117.2 1 0
Qingyu_backend/service/events/finance_events.go:64.104,80.2 1 0
Qingyu_backend/service/events/finance_events.go:83.84,99.2 1 0
Qingyu_backend/service/events/finance_events.go:102.96,118.2 1 0
Qingyu_backend/service/events/finance_events.go:141.131,159.2 1 0
Qingyu_backend/service/events/finance_events.go:162.109,179.2 1 0
Qingyu_backend/service/events/finance_events.go:182.117,200.2 1 0
Qingyu_backend/service/events/finance_events.go:203.90,219.2 1 0
Qingyu_backend/service/events/finance_events.go:242.146,262.2 1 0
Qingyu_backend/service/events/finance_events.go:265.85,281.2 1 0
Qingyu_backend/service/events/finance_events.go:303.123,322.2 1 0
Qingyu_backend/service/events/finance_events.go:325.82,341.2 1 0
Qingyu_backend/service/events/finance_events.go:352.50,356.2 1 0
Qingyu_backend/service/events/finance_events.go:359.82,360.30 1 0
Qingyu_backend/service/events/finance_events.go:361.27,363.133 2 0
Qingyu_backend/service/events/finance_events.go:366.29,368.98 2 0
Qingyu_backend/service/events/finance_events.go:372.26,374.99 2 0
Qingyu_backend/service/events/finance_events.go:377.30,379.122 2 0
Qingyu_backend/service/events/finance_events.go:382.31,384.109 2 0
Qingyu_backend/service/events/finance_events.go:388.31,390.110 2 0
Qingyu_backend/service/events/finance_events.go:393.32,395.104 2 0
Qingyu_backend/service/events/finance_events.go:400.2,400.12 1 0
Qingyu_backend/service/events/finance_events.go:404.54,406.2 1 0
Qingyu_backend/service/events/finance_events.go:409.64,419.2 1 0
Qingyu_backend/service/events/finance_events.go:428.48,432.2 1 0
Qingyu_backend/service/events/finance_events.go:435.81,436.30 1 0
Qingyu_backend/service/events/finance_events.go:437.32,439.128 2 0
Qingyu_backend/service/events/finance_events.go:444.27,446.108 2 0
Qingyu_backend/service/events/finance_events.go:451.2,451.12 1 0
Qingyu_backend/service/events/finance_events.go:455.53,457.2 1 0
Qingyu_backend/service/events/finance_events.go:460.63,465.2 1 0
Qingyu_backend/service/events/finance_events.go:474.62,478.2 1 0
Qingyu_backend/service/events/finance_events.go:481.88,482.30 1 0
Qingyu_backend/service/events/finance_events.go:483.26,485.141 2 0
Qingyu_backend/service/events/finance_events.go:490.27,492.100 2 0
Qingyu_backend/service/events/finance_events.go:496.2,496.12 1 0
Qingyu_backend/service/events/finance_events.go:500.60,502.2 1 0
Qingyu_backend/service/events/finance_events.go:505.70,510.2 1 0
Qingyu_backend/service/events/finance_events.go:519.66,523.2 1 0
Qingyu_backend/service/events/finance_events.go:526.90,527.30 1 0
Qingyu_backend/service/events/finance_events.go:528.29,530.88 2 0
Qingyu_backend/service/events/finance_events.go:532.32,534.88 2 0
Qingyu_backend/service/events/finance_events.go:536.32,538.91 2 0
Qingyu_backend/service/events/finance_events.go:541.2,541.12 1 0
Qingyu_backend/service/events/finance_events.go:545.62,547.2 1 0
Qingyu_backend/service/events/finance_events.go:550.72,557.2 1 0
Qingyu_backend/service/events/logging.go:32.44,40.2 1 1
Qingyu_backend/service/events/logging.go:43.66,44.19 1 1
Qingyu_backend/service/events/logging.go:44.19,46.3 1 0
Qingyu_backend/service/events/logging.go:49.2,50.16 2 1
Qingyu_backend/service/events/logging.go:50.16,52.3 1 1
Qingyu_backend/service/events/logging.go:55.2,61.31 6 1
Qingyu_backend/service/events/logging.go:61.31,63.3 1 1
Qingyu_backend/service/events/logging.go:63.8,65.3 1 1
Qingyu_backend/service/events/logging.go:68.2,83.8 3 1
Qingyu_backend/service/events/logging.go:87.104,94.2 1 0
Qingyu_backend/service/events/logging.go:97.129,105.16 2 0
Qingyu_backend/service/events/logging.go:105.16,111.3 2 0
Qingyu_backend/service/events/logging.go:111.8,116.3 2 0
Qingyu_backend/service/events/logging.go:120.112,126.16 2 0
Qingyu_backend/service/events/logging.go:126.16,129.3 2 0
Qingyu_backend/service/events/logging.go:129.8,131.3 1 0
Qingyu_backend/service/events/logging.go:135.122,142.2 1 0
Qingyu_backend/service/events/logging.go:145.112,151.2 1 0
Qingyu_backend/service/events/logging.go:154.123,161.2 1 0
Qingyu_backend/service/events/logging.go:164.93,169.2 1 0
Qingyu_backend/service/events/logging.go:172.123,179.2 1 0
Qingyu_backend/service/events/logging.go:182.110,188.47 2 1
Qingyu_backend/service/events/logging.go:188.47,190.3 1 0
Qingyu_backend/service/events/logging.go:193.2,193.22 1 1
Qingyu_backend/service/events/logging.go:193.22,195.3 1 1
Qingyu_backend/service/events/logging.go:196.2,196.20 1 1
Qingyu_backend/service/events/logging.go:196.20,198.3 1 1
Qingyu_backend/service/events/logging.go:201.2,201.40 1 1
Qingyu_backend/service/events/logging.go:201.40,204.3 2 1
Qingyu_backend/service/events/logging.go:206.2,206.50 1 1
Qingyu_backend/service/events/logging.go:210.103,222.47 2 1
Qingyu_backend/service/events/logging.go:222.47,224.3 1 0
Qingyu_backend/service/events/logging.go:227.2,227.28 1 1
Qingyu_backend/service/events/logging.go:227.28,229.3 1 1
Qingyu_backend/service/events/logging.go:229.8,231.3 1 1
Qingyu_backend/service/events/logging.go:235.113,245.47 2 1
Qingyu_backend/service/events/logging.go:245.47,247.3 1 0
Qingyu_backend/service/events/logging.go:249.2,249.50 1 1
Qingyu_backend/service/events/logging.go:253.45,261.2 1 1
Qingyu_backend/service/events/logging.go:264.59,266.29 2 1
Qingyu_backend/service/events/logging.go:266.29,267.23 1 1
Qingyu_backend/service/events/logging.go:267.23,269.4 1 1
Qingyu_backend/service/events/logging.go:269.9,269.30 1 0
Qingyu_backend/service/events/logging.go:269.30,271.4 1 0
Qingyu_backend/service/events/logging.go:271.9,274.18 2 0
Qingyu_backend/service/events/logging.go:274.18,277.5 1 0
Qingyu_backend/service/events/logging.go:277.10,279.5 1 0
Qingyu_backend/service/events/logging.go:283.2,283.23 1 1
Qingyu_backend/service/events/logging.go:283.23,285.3 1 0
Qingyu_backend/service/events/logging.go:287.2,287.48 1 1
Qingyu_backend/service/events/logging.go:297.74,301.2 1 1
Qingyu_backend/service/events/logging.go:304.104,307.27 2 1
Qingyu_backend/service/events/logging.go:307.27,308.26 1 1
Qingyu_backend/service/events/logging.go:309.15,310.53 1 1
Qingyu_backend/service/events/logging.go:311.12,312.50 1 1
Qingyu_backend/service/events/logging.go:313.14,314.52 1 0
Qingyu_backend/service/events/logging.go:315.16,316.54 1 0
Qingyu_backend/service/events/logging.go:317.13,318.51 1 1
Qingyu_backend/service/events/logging.go:319.18,320.51 1 0
Qingyu_backend/service/events/logging.go:321.22,322.55 1 1
Qingyu_backend/service/events/logging.go:323.14,324.18 1 0
Qingyu_backend/service/events/logging.go:324.18,326.5 1 0
Qingyu_backend/service/events/logging.go:326.10,328.5 1 0
Qingyu_backend/service/events/logging.go:329.11,332.67 2 0
Qingyu_backend/service/events/logging.go:336.2,336.15 1 1
Qingyu_backend/service/events/logging.go:337.15,338.36 1 0
Qingyu_backend/service/events/logging.go:339.14,340.35 1 1
Qingyu_backend/service/events/logging.go:341.14,342.35 1 0
Qingyu_backend/service/events/logging.go:343.15,344.36 1 0
Qingyu_backend/service/events/logging.go:345.10,346.35 1 0
Qingyu_backend/service/events/logging.go:351.123,353.27 2 0
Qingyu_backend/service/events/logging.go:353.27,355.3 1 0
Qingyu_backend/service/events/logging.go:358.2,364.32 6 0
Qingyu_backend/service/events/logging.go:364.32,366.3 1 0
Qingyu_backend/service/events/logging.go:368.2,368.76 1 0
Qingyu_backend/service/events/logging.go:372.31,374.2 1 1
Qingyu_backend/service/events/logging.go:377.36,379.2 1 1
Qingyu_backend/service/events/metrics.go:47.28,198.2 1 1
Qingyu_backend/service/events/metrics.go:201.90,204.2 2 0
Qingyu_backend/service/events/metrics.go:207.100,208.16 1 0
Qingyu_backend/service/events/metrics.go:208.16,212.3 3 0
Qingyu_backend/service/events/metrics.go:212.8,215.3 2 0
Qingyu_backend/service/events/metrics.go:216.2,216.90 1 0
Qingyu_backend/service/events/metrics.go:220.69,222.2 1 0
Qingyu_backend/service/events/metrics.go:225.54,227.2 1 0
Qingyu_backend/service/events/metrics.go:230.78,232.2 1 0
Qingyu_backend/service/events/metrics.go:235.69,237.2 1 0
Qingyu_backend/service/events/metrics.go:240.70,242.2 1 0
Qingyu_backend/service/events/metrics.go:245.59,247.2 1 0
Qingyu_backend/service/events/metrics.go:250.74,252.14 2 0
Qingyu_backend/service/events/metrics.go:252.14,254.3 1 0
Qingyu_backend/service/events/metrics.go:255.2,255.62 1 0
Qingyu_backend/service/events/metrics.go:259.90,260.16 1 0
Qingyu_backend/service/events/metrics.go:260.16,262.3 1 0
Qingyu_backend/service/events/metrics.go:262.8,264.3 1 0
Qingyu_backend/service/events/metrics.go:265.2,265.79 1 0
Qingyu_backend/service/events/metrics.go:269.69,271.2 1 0
Qingyu_backend/service/events/metrics.go:274.69,276.2 1 0
Qingyu_backend/service/events/metrics.go:279.115,281.21 2 1
Qingyu_backend/service/events/metrics.go:281.21,283.3 1 1
Qingyu_backend/service/events/metrics.go:284.2,285.79 2 1
Qingyu_backend/service/events/metrics.go:289.72,291.2 1 1
Qingyu_backend/service/events/metrics.go:296.13,298.2 1 1
Qingyu_backend/service/events/metrics.go:301.34,303.2 1 1
Qingyu_backend/service/events/mongo_event_store.go:25.82,26.19 1 0
Qingyu_backend/service/events/mongo_event_store.go:26.19,28.3 1 0
Qingyu_backend/service/events/mongo_event_store.go:30.2,43.14 4 0
Qingyu_backend/service/events/mongo_event_store.go:47.68,80.2 3 0
Qingyu_backend/service/events/mongo_event_store.go:83.78,84.23 1 0
Qingyu_backend/service/events/mongo_event_store.go:84.23,86.3 1 0
Qingyu_backend/service/events/mongo_event_store.go:88.2,99.36 2 0
Qingyu_backend/service/events/mongo_event_store.go:99.36,101.3 1 0
Qingyu_backend/service/events/mongo_event_store.go:103.2,104.16 2 0
Qingyu_backend/service/events/mongo_event_store.go:104.16,106.3 1 0
Qingyu_backend/service/events/mongo_event_store.go:108.2,108.12 1 0
Qingyu_backend/service/events/mongo_event_store.go:112.86,113.43 1 0
Qingyu_backend/service/events/mongo_event_store.go:113.43,115.3 1 0
Qingyu_backend/service/events/mongo_event_store.go:117.2,120.31 3 0
Qingyu_backend/service/events/mongo_event_store.go:120.31,132.37 2 0
Qingyu_backend/service/events/mongo_event_store.go:132.37,134.4 1 0
Qingyu_backend/service/events/mongo_event_store.go:136.3,136.45 1 0
Qingyu_backend/service/events/mongo_event_store.go:140.2,141.20 2 0
Qingyu_backend/service/events/mongo_event_store.go:141.20,143.3 1 0
Qingyu_backend/service/events/mongo_event_store.go:145.2,145.49 1 0
Qingyu_backend/service/events/mongo_event_store.go:145.49,147.27 2 0
Qingyu_backend/service/events/mongo_event_store.go:147.27,149.4 1 0
Qingyu_backend/service/events/mongo_event_store.go:151.3,153.17 3 0
Qingyu_backend/service/events/mongo_event_store.go:153.17,155.4 1 0
Qingyu_backend/service/events/mongo_event_store.go:158.2,158.12 1 0
Qingyu_backend/service/events/mongo_event_store.go:162.94,165.16 3 0
Qingyu_backend/service/events/mongo_event_store.go:165.16,166.34 1 0
Qingyu_backend/service/events/mongo_event_store.go:166.34,168.4 1 0
Qingyu_backend/service/events/mongo_event_store.go:169.3,169.63 1 0
Qingyu_backend/service/events/mongo_event_store.go:172.2,172.20 1 0
Qingyu_backend/service/events/mongo_event_store.go:176.121,184.16 4 0
Qingyu_backend/service/events/mongo_event_store.go:184.16,186.3 1 0
Qingyu_backend/service/events/mongo_event_store.go:187.2,190.48 3 0
Qingyu_backend/service/events/mongo_event_store.go:190.48,192.3 1 0
Qingyu_backend/service/events/mongo_event_store.go:194.2,194.20 1 0
Qingyu_backend/service/events/mongo_event_store.go:198.120,206.16 4 0
Qingyu_backend/service/events/mongo_event_store.go:206.16,208.3 1 0
Qingyu_backend/service/events/mongo_event_store.go:209.2,212.48 3 0
Qingyu_backend/service/events/mongo_event_store.go:212.48,214.3 1 0
Qingyu_backend/service/events/mongo_event_store.go:216.2,216.20 1 0
Qingyu_backend/service/events/mongo_event_store.go:220.130,233.16 4 0
Qingyu_backend/service/events/mongo_event_store.go:233.16,235.3 1 0
Qingyu_backend/service/events/mongo_event_store.go:236.2,239.48 3 0
Qingyu_backend/service/events/mongo_event_store.go:239.48,241.3 1 0
Qingyu_backend/service/events/mongo_event_store.go:243.2,243.20 1 0
Qingyu_backend/service/events/mongo_event_store.go:247.155,261.16 4 0
Qingyu_backend/service/events/mongo_event_store.go:261.16,263.3 1 0
Qingyu_backend/service/events/mongo_event_store.go:264.2,267.48 3 0
Qingyu_backend/service/events/mongo_event_store.go:267.48,269.3 1 0
Qingyu_backend/service/events/mongo_event_store.go:271.2,271.20 1 0
Qingyu_backend/service/events/mongo_event_store.go:275.125,280.21 3 0
Qingyu_backend/service/events/mongo_event_store.go:280.21,282.3 1 0
Qingyu_backend/service/events/mongo_event_store.go:283.2,287.28 3 0
Qingyu_backend/service/events/mongo_event_store.go:287.28,289.3 1 0
Qingyu_backend/service/events/mongo_event_store.go:290.2,290.25 1 0
Qingyu_backend/service/events/mongo_event_store.go:290.25,292.3 1 0
Qingyu_backend/service/events/mongo_event_store.go:293.2,293.54 1 0
Qingyu_backend/service/events/mongo_event_store.go:293.54,295.30 2 0
Qingyu_backend/service/events/mongo_event_store.go:295.30,297.4 1 0
Qingyu_backend/service/events/mongo_event_store.go:298.3,298.28 1 0
Qingyu_backend/service/events/mongo_event_store.go:298.28,300.4 1 0
Qingyu_backend/service/events/mongo_event_store.go:301.3,301.40 1 0
Qingyu_backend/service/events/mongo_event_store.go:303.2,303.29 1 0
Qingyu_backend/service/events/mongo_event_store.go:303.29,305.3 1 0
Qingyu_backend/service/events/mongo_event_store.go:308.2,309.22 2 0
Qingyu_backend/service/events/mongo_event_store.go:309.22,311.3 1 0
Qingyu_backend/service/events/mongo_event_store.go:312.2,312.23 1 0
Qingyu_backend/service/events/mongo_event_store.go:312.23,314.3 1 0
Qingyu_backend/service/events/mongo_event_store.go:316.2,317.16 2 0
Qingyu_backend/service/events/mongo_event_store.go:317.16,322.3 4 0
Qingyu_backend/service/events/mongo_event_store.go:323.2,332.23 3 0
Qingyu_backend/service/events/mongo_event_store.go:332.23,334.53 2 0
Qingyu_backend/service/events/mongo_event_store.go:334.53,336.12 2 0
Qingyu_backend/service/events/mongo_event_store.go:340.3,340.20 1 0
Qingyu_backend/service/events/mongo_event_store.go:340.20,342.12 2 0
Qingyu_backend/service/events/mongo_event_store.go:346.3,354.52 2 0
Qingyu_backend/service/events/mongo_event_store.go:354.52,357.12 2 0
Qingyu_backend/service/events/mongo_event_store.go:360.3,365.46 2 0
Qingyu_backend/service/events/mongo_event_store.go:368.2,376.20 4 0
Qingyu_backend/service/events/mongo_event_store.go:380.89,384.16 2 0
Qingyu_backend/service/events/mongo_event_store.go:384.16,386.3 1 0
Qingyu_backend/service/events/mongo_event_store.go:388.2,388.33 1 0
Qingyu_backend/service/events/mongo_event_store.go:392.89,394.28 2 0
Qingyu_backend/service/events/mongo_event_store.go:394.28,396.3 1 0
Qingyu_backend/service/events/mongo_event_store.go:397.2,397.25 1 0
Qingyu_backend/service/events/mongo_event_store.go:397.25,399.3 1 0
Qingyu_backend/service/events/mongo_event_store.go:400.2,400.54 1 0
Qingyu_backend/service/events/mongo_event_store.go:400.54,402.30 2 0
Qingyu_backend/service/events/mongo_event_store.go:402.30,404.4 1 0
Qingyu_backend/service/events/mongo_event_store.go:405.3,405.28 1 0
Qingyu_backend/service/events/mongo_event_store.go:405.28,407.4 1 0
Qingyu_backend/service/events/mongo_event_store.go:408.3,408.40 1 0
Qingyu_backend/service/events/mongo_event_store.go:410.2,410.29 1 0
Qingyu_backend/service/events/mongo_event_store.go:410.29,412.3 1 0
Qingyu_backend/service/events/mongo_event_store.go:414.2,415.16 2 0
Qingyu_backend/service/events/mongo_event_store.go:415.16,417.3 1 0
Qingyu_backend/service/events/mongo_event_store.go:419.2,419.19 1 0
Qingyu_backend/service/events/mongo_event_store.go:423.61,425.2 1 0
Qingyu_backend/service/events/mongo_event_store.go:428.31,430.2 1 0
Qingyu_backend/service/events/mongo_event_store.go:438.60,440.2 1 0
Qingyu_backend/service/events/mongo_event_store.go:443.125,449.2 3 0
Qingyu_backend/service/events/mongo_event_store.go:452.118,455.16 2 0
Qingyu_backend/service/events/mongo_event_store.go:455.16,457.3 1 0
Qingyu_backend/service/events/mongo_event_store.go:458.2,458.18 1 0
Qingyu_backend/service/events/mongo_event_store.go:458.18,460.3 1 0
Qingyu_backend/service/events/mongo_event_store.go:463.2,467.12 3 0
Qingyu_backend/service/events/mongo_event_store.go:471.117,477.2 3 0
Qingyu_backend/service/events/notification_events.go:41.110,58.2 1 0
Qingyu_backend/service/events/notification_events.go:61.92,74.2 1 0
Qingyu_backend/service/events/notification_events.go:77.73,90.2 1 0
Qingyu_backend/service/events/notification_events.go:93.76,105.2 1 0
Qingyu_backend/service/events/notification_events.go:116.62,120.2 1 0
Qingyu_backend/service/events/notification_events.go:123.88,125.9 2 0
Qingyu_backend/service/events/notification_events.go:125.9,127.3 1 0
Qingyu_backend/service/events/notification_events.go:130.2,131.40 2 0
Qingyu_backend/service/events/notification_events.go:131.40,132.25 1 0
Qingyu_backend/service/events/notification_events.go:132.25,134.9 2 0
Qingyu_backend/service/events/notification_events.go:138.2,138.16 1 0
Qingyu_backend/service/events/notification_events.go:138.16,140.3 1 0
Qingyu_backend/service/events/notification_events.go:142.2,146.12 2 0
Qingyu_backend/service/events/notification_events.go:150.60,152.2 1 0
Qingyu_backend/service/events/notification_events.go:155.70,159.2 1 0
Qingyu_backend/service/events/notification_events.go:168.58,172.2 1 0
Qingyu_backend/service/events/notification_events.go:175.86,177.9 2 0
Qingyu_backend/service/events/notification_events.go:177.9,179.3 1 0
Qingyu_backend/service/events/notification_events.go:182.2,183.40 2 0
Qingyu_backend/service/events/notification_events.go:183.40,184.23 1 0
Qingyu_backend/service/events/notification_events.go:184.23,186.9 2 0
Qingyu_backend/service/events/notification_events.go:190.2,190.14 1 0
Qingyu_backend/service/events/notification_events.go:190.14,192.3 1 0
Qingyu_backend/service/events/notification_events.go:195.2,195.58 1 0
Qingyu_backend/service/events/notification_events.go:195.58,199.3 1 0
Qingyu_backend/service/events/notification_events.go:201.2,201.12 1 0
Qingyu_backend/service/events/notification_events.go:205.58,207.2 1 0
Qingyu_backend/service/events/notification_events.go:210.68,214.2 1 0
Qingyu_backend/service/events/notification_events.go:223.60,227.2 1 0
Qingyu_backend/service/events/notification_events.go:230.87,232.9 2 0
Qingyu_backend/service/events/notification_events.go:232.9,234.3 1 0
Qingyu_backend/service/events/notification_events.go:237.2,238.40 2 0
Qingyu_backend/service/events/notification_events.go:238.40,239.24 1 0
Qingyu_backend/service/events/notification_events.go:239.24,241.9 2 0
Qingyu_backend/service/events/notification_events.go:245.2,245.15 1 0
Qingyu_backend/service/events/notification_events.go:245.15,247.3 1 0
Qingyu_backend/service/events/notification_events.go:249.2,253.12 2 0
Qingyu_backend/service/events/notification_events.go:257.59,259.2 1 0
Qingyu_backend/service/events/notification_events.go:262.69,266.2 1 0
Qingyu_backend/service/events/notification_events.go:275.62,279.2 1 0
Qingyu_backend/service/events/notification_events.go:282.88,284.9 2 0
Qingyu_backend/service/events/notification_events.go:284.9,286.3 1 0
Qingyu_backend/service/events/notification_events.go:289.2,290.40 2 0
Qingyu_backend/service/events/notification_events.go:290.40,291.26 1 0
Qingyu_backend/service/events/notification_events.go:291.26,293.9 2 0
Qingyu_backend/service/events/notification_events.go:297.2,297.16 1 0
Qingyu_backend/service/events/notification_events.go:297.16,299.3 1 0
Qingyu_backend/service/events/notification_events.go:301.2,314.12 2 0
Qingyu_backend/service/events/notification_events.go:318.60,320.2 1 0
Qingyu_backend/service/events/notification_events.go:323.70,327.2 1 0
Qingyu_backend/service/events/notification_events.go:336.72,340.2 1 0
Qingyu_backend/service/events/notification_events.go:343.93,344.30 1 0
Qingyu_backend/service/events/notification_events.go:345.32,347.101 2 0
Qingyu_backend/service/events/notification_events.go:350.29,352.108 2 0
Qingyu_backend/service/events/notification_events.go:355.29,357.77 2 0
Qingyu_backend/service/events/notification_events.go:361.2,361.12 1 0
Qingyu_backend/service/events/notification_events.go:365.65,367.2 1 0
Qingyu_backend/service/events/notification_events.go:370.75,376.2 1 0
Qingyu_backend/service/events/observability.go:50.56,66.2 1 0
Qingyu_backend/service/events/observability.go:79.90,80.19 1 0
Qingyu_backend/service/events/observability.go:80.19,82.3 1 0
Qingyu_backend/service/events/observability.go:84.2,90.46 2 0
Qingyu_backend/service/events/observability.go:90.46,92.3 1 0
Qingyu_backend/service/events/observability.go:95.2,98.46 2 0
Qingyu_backend/service/events/observability.go:98.46,100.3 1 0
Qingyu_backend/service/events/observability.go:102.2,108.21 2 0
Qingyu_backend/service/events/observability.go:112.52,122.16 3 0
Qingyu_backend/service/events/observability.go:122.16,124.3 1 0
Qingyu_backend/service/events/observability.go:126.2,129.12 3 0
Qingyu_backend/service/events/observability.go:133.52,134.30 1 0
Qingyu_backend/service/events/observability.go:134.30,137.3 2 0
Qingyu_backend/service/events/observability.go:139.2,150.16 3 0
Qingyu_backend/service/events/observability.go:150.16,152.3 1 0
Qingyu_backend/service/events/observability.go:156.2,157.16 2 0
Qingyu_backend/service/events/observability.go:157.16,159.3 1 0
Qingyu_backend/service/events/observability.go:162.2,179.57 5 0
Qingyu_backend/service/events/observability.go:179.57,181.3 1 0
Qingyu_backend/service/events/observability.go:183.2,188.12 2 0
Qingyu_backend/service/events/observability.go:192.54,194.2 1 0
Qingyu_backend/service/events/observability.go:197.54,199.2 1 0
Qingyu_backend/service/events/observability.go:202.56,204.2 1 0
Qingyu_backend/service/events/observability.go:207.62,209.2 1 0
Qingyu_backend/service/events/observability.go:212.83,219.2 3 0
Qingyu_backend/service/events/observability.go:222.94,225.2 1 0
Qingyu_backend/service/events/observability.go:228.68,229.33 1 0
Qingyu_backend/service/events/observability.go:229.33,231.3 1 0
Qingyu_backend/service/events/observability.go:232.2,232.27 1 0
Qingyu_backend/service/events/observability.go:236.68,240.26 2 0
Qingyu_backend/service/events/observability.go:240.26,242.3 1 0
Qingyu_backend/service/events/observability.go:245.2,246.37 2 0
Qingyu_backend/service/events/observability.go:246.37,247.30 1 0
Qingyu_backend/service/events/observability.go:247.30,249.4 1 0
Qingyu_backend/service/events/observability.go:252.2,252.19 1 0
Qingyu_backend/service/events/observability.go:252.19,254.3 1 0
Qingyu_backend/service/events/observability.go:256.2,257.12 2 0
Qingyu_backend/service/events/observability.go:261.96,275.2 2 0
Qingyu_backend/service/events/observability.go:288.100,292.2 2 0
Qingyu_backend/service/events/observability.go:294.78,297.2 1 0
Qingyu_backend/service/events/observability.go:299.60,302.2 1 0
Qingyu_backend/service/events/observability.go:319.19,326.2 1 0
Qingyu_backend/service/events/observability.go:329.88,335.25 2 0
Qingyu_backend/service/events/observability.go:335.25,338.3 2 0
Qingyu_backend/service/events/observability.go:340.2,340.30 1 0
Qingyu_backend/service/events/observability.go:340.30,343.3 2 0
Qingyu_backend/service/events/observability.go:346.2,346.25 1 0
Qingyu_backend/service/events/observability.go:346.25,353.3 3 0
Qingyu_backend/service/events/observability.go:355.2,355.18 1 0
Qingyu_backend/service/events/persisted_event_bus.go:33.100,43.16 2 1
Qingyu_backend/service/events/persisted_event_bus.go:43.16,45.3 1 0
Qingyu_backend/service/events/persisted_event_bus.go:47.2,47.12 1 1
Qingyu_backend/service/events/persisted_event_bus.go:51.90,53.2 1 1
Qingyu_backend/service/events/persisted_event_bus.go:56.85,58.2 1 1
Qingyu_backend/service/events/persisted_event_bus.go:61.82,63.49 1 1
Qingyu_backend/service/events/persisted_event_bus.go:63.49,66.3 1 1
Qingyu_backend/service/events/persisted_event_bus.go:69.2,69.39 1 1
Qingyu_backend/service/events/persisted_event_bus.go:73.87,75.18 1 1
Qingyu_backend/service/events/persisted_event_bus.go:75.18,76.10 1 1
Qingyu_backend/service/events/persisted_event_bus.go:77.28,77.28 0 1
Qingyu_backend/service/events/persisted_event_bus.go:79.11,82.68 2 0
Qingyu_backend/service/events/persisted_event_bus.go:82.68,84.5 1 0
Qingyu_backend/service/events/persisted_event_bus.go:86.8,87.50 1 1
Qingyu_backend/service/events/persisted_event_bus.go:87.50,89.4 1 0
Qingyu_backend/service/events/persisted_event_bus.go:93.2,93.44 1 1
Qingyu_backend/service/events/persisted_event_bus.go:97.85,99.2 1 1
Qingyu_backend/service/events/persisted_event_bus.go:102.51,104.12 2 1
Qingyu_backend/service/events/persisted_event_bus.go:104.12,107.3 2 1
Qingyu_backend/service/events/persisted_event_bus.go:111.50,117.6 4 1
Qingyu_backend/service/events/persisted_event_bus.go:117.6,118.10 1 1
Qingyu_backend/service/events/persisted_event_bus.go:119.19,121.22 1 1
Qingyu_backend/service/events/persisted_event_bus.go:121.22,123.5 1 0
Qingyu_backend/service/events/persisted_event_bus.go:124.4,124.10 1 1
Qingyu_backend/service/events/persisted_event_bus.go:126.29,130.25 2 0
Qingyu_backend/service/events/persisted_event_bus.go:130.25,133.5 2 0
Qingyu_backend/service/events/persisted_event_bus.go:135.19,137.22 1 0
Qingyu_backend/service/events/persisted_event_bus.go:137.22,140.5 2 0
Qingyu_backend/service/events/persisted_event_bus.go:146.82,147.22 1 0
Qingyu_backend/service/events/persisted_event_bus.go:147.22,149.3 1 0
Qingyu_backend/service/events/persisted_event_bus.go:151.2,151.56 1 0
Qingyu_backend/service/events/persisted_event_bus.go:151.56,154.32 2 0
Qingyu_backend/service/events/persisted_event_bus.go:154.32,155.52 1 0
Qingyu_backend/service/events/persisted_event_bus.go:155.52,157.5 1 0
Qingyu_backend/service/events/persisted_event_bus.go:163.127,166.2 1 0
Qingyu_backend/service/events/persisted_event_bus.go:169.43,173.2 3 1
Qingyu_backend/service/events/persisted_event_bus.go:188.90,196.2 1 0
Qingyu_backend/service/events/persisted_event_bus.go:199.90,201.2 1 0
Qingyu_backend/service/events/persisted_event_bus.go:204.85,206.2 1 0
Qingyu_backend/service/events/persisted_event_bus.go:209.82,211.2 1 0
Qingyu_backend/service/events/persisted_event_bus.go:214.87,216.2 1 0
Qingyu_backend/service/events/persisted_event_bus.go:228.61,235.2 1 0
Qingyu_backend/service/events/persisted_event_bus.go:238.85,241.55 2 0
Qingyu_backend/service/events/persisted_event_bus.go:241.55,243.17 2 0
Qingyu_backend/service/events/persisted_event_bus.go:243.17,245.4 1 0
Qingyu_backend/service/events/persisted_event_bus.go:247.3,250.47 2 0
Qingyu_backend/service/events/persisted_event_bus.go:250.47,251.9 1 0
Qingyu_backend/service/events/persisted_event_bus.go:255.3,255.26 1 0
Qingyu_backend/service/events/persisted_event_bus.go:255.26,257.4 1 0
Qingyu_backend/service/events/persisted_event_bus.go:260.3,261.10 2 0
Qingyu_backend/service/events/persisted_event_bus.go:262.21,263.20 1 0
Qingyu_backend/service/events/persisted_event_bus.go:264.28,264.28 0 0
Qingyu_backend/service/events/persisted_event_bus.go:269.2,269.81 1 0
Qingyu_backend/service/events/persisted_event_bus.go:273.57,275.2 1 0
Qingyu_backend/service/events/persisted_event_bus.go:278.67,280.2 1 0
Qingyu_backend/service/events/reading_events.go:35.71,48.2 1 0
Qingyu_backend/service/events/reading_events.go:51.78,64.2 1 0
Qingyu_backend/service/events/reading_events.go:75.62,79.2 1 0
Qingyu_backend/service/events/reading_events.go:82.88,85.9 2 0
Qingyu_backend/service/events/reading_events.go:85.9,87.3 1 0
Qingyu_backend/service/events/reading_events.go:90.2,90.30 1 0
Qingyu_backend/service/events/reading_events.go:91.28,92.94 1 0
Qingyu_backend/service/events/reading_events.go:98.32,99.104 1 0
Qingyu_backend/service/events/reading_events.go:102.33,103.91 1 0
Qingyu_backend/service/events/reading_events.go:107.2,107.12 1 0
Qingyu_backend/service/events/reading_events.go:111.60,113.2 1 0
Qingyu_backend/service/events/reading_events.go:116.70,122.2 1 0
Qingyu_backend/service/events/reading_events.go:131.68,135.2 1 0
Qingyu_backend/service/events/reading_events.go:138.91,141.9 2 0
Qingyu_backend/service/events/reading_events.go:141.9,143.3 1 0
Qingyu_backend/service/events/reading_events.go:146.2,154.12 2 0
Qingyu_backend/service/events/reading_events.go:158.63,160.2 1 0
Qingyu_backend/service/events/reading_events.go:163.73,168.2 1 0
Qingyu_backend/service/events/retry_policy.go:33.114,41.2 1 0
Qingyu_backend/service/events/retry_policy.go:44.77,45.29 1 0
Qingyu_backend/service/events/retry_policy.go:45.29,47.3 1 0
Qingyu_backend/service/events/retry_policy.go:50.2,50.38 1 0
Qingyu_backend/service/events/retry_policy.go:50.38,52.3 1 0
Qingyu_backend/service/events/retry_policy.go:55.2,55.46 1 0
Qingyu_backend/service/events/retry_policy.go:55.46,57.3 1 0
Qingyu_backend/service/events/retry_policy.go:59.2,59.13 1 0
Qingyu_backend/service/events/retry_policy.go:63.72,68.33 2 0
Qingyu_backend/service/events/retry_policy.go:68.33,70.3 1 0
Qingyu_backend/service/events/retry_policy.go:73.2,73.25 1 0
Qingyu_backend/service/events/retry_policy.go:73.25,77.3 2 0
Qingyu_backend/service/events/retry_policy.go:79.2,79.29 1 0
Qingyu_backend/service/events/retry_policy.go:83.53,85.2 1 0
Qingyu_backend/service/events/retry_policy.go:94.81,99.2 1 0
Qingyu_backend/service/events/retry_policy.go:102.69,104.2 1 0
Qingyu_backend/service/events/retry_policy.go:107.64,109.2 1 0
Qingyu_backend/service/events/retry_policy.go:112.45,114.2 1 0
Qingyu_backend/service/events/retry_policy.go:125.115,132.2 1 0
Qingyu_backend/service/events/retry_policy.go:135.72,137.2 1 0
Qingyu_backend/service/events/retry_policy.go:140.67,142.24 2 0
Qingyu_backend/service/events/retry_policy.go:142.24,144.3 1 0
Qingyu_backend/service/events/retry_policy.go:145.2,145.14 1 0
Qingyu_backend/service/events/retry_policy.go:149.48,151.2 1 0
Qingyu_backend/service/events/retry_queue.go:65.77,75.2 3 0
Qingyu_backend/service/events/retry_queue.go:78.68,104.2 3 0
Qingyu_backend/service/events/retry_queue.go:107.120,124.21 3 0
Qingyu_backend/service/events/retry_queue.go:124.21,126.3 1 0
Qingyu_backend/service/events/retry_queue.go:128.2,128.12 1 0
Qingyu_backend/service/events/retry_queue.go:132.87,142.16 4 0
Qingyu_backend/service/events/retry_queue.go:142.16,144.3 1 0
Qingyu_backend/service/events/retry_queue.go:145.2,148.47 3 0
Qingyu_backend/service/events/retry_queue.go:148.47,150.3 1 0
Qingyu_backend/service/events/retry_queue.go:152.2,152.19 1 0
Qingyu_backend/service/events/retry_queue.go:156.81,158.16 2 0
Qingyu_backend/service/events/retry_queue.go:158.16,160.3 1 0
Qingyu_backend/service/events/retry_queue.go:161.2,161.12 1 0
Qingyu_backend/service/events/retry_queue.go:165.80,169.16 3 0
Qingyu_backend/service/events/retry_queue.go:169.16,171.3 1 0
Qingyu_backend/service/events/retry_queue.go:174.2,175.16 2 0
Qingyu_backend/service/events/retry_queue.go:175.16,177.3 1 0
Qingyu_backend/service/events/retry_queue.go:180.2,180.30 1 0
Qingyu_backend/service/events/retry_queue.go:180.30,181.59 1 0
Qingyu_backend/service/events/retry_queue.go:181.59,183.4 1 0
Qingyu_backend/service/events/retry_queue.go:186.2,186.12 1 0
Qingyu_backend/service/events/retry_queue.go:190.121,200.16 3 0
Qingyu_backend/service/events/retry_queue.go:200.16,202.3 1 0
Qingyu_backend/service/events/retry_queue.go:204.2,204.12 1 0
Qingyu_backend/service/events/retry_queue.go:208.69,210.16 2 0
Qingyu_backend/service/events/retry_queue.go:210.16,212.3 1 0
Qingyu_backend/service/events/retry_queue.go:213.2,213.19 1 0
Qingyu_backend/service/events/retry_queue.go:217.89,221.16 2 0
Qingyu_backend/service/events/retry_queue.go:221.16,223.3 1 0
Qingyu_backend/service/events/retry_queue.go:225.2,225.33 1 0
Qingyu_backend/service/events/retry_queue.go:229.61,231.2 1 0
Qingyu_backend/service/events/retry_queue.go:234.35,236.2 1 0
Qingyu_backend/service/events/retry_worker.go:37.44,39.2 1 0
Qingyu_backend/service/events/retry_worker.go:41.36,43.2 1 0
Qingyu_backend/service/events/retry_worker.go:45.36,47.2 1 0
Qingyu_backend/service/events/retry_worker.go:57.16,58.24 1 0
Qingyu_backend/service/events/retry_worker.go:58.24,60.3 1 0
Qingyu_backend/service/events/retry_worker.go:61.2,61.20 1 0
Qingyu_backend/service/events/retry_worker.go:61.20,63.3 1 0
Qingyu_backend/service/events/retry_worker.go:65.2,74.3 1 0
Qingyu_backend/service/events/retry_worker.go:78.50,81.2 2 0
Qingyu_backend/service/events/retry_worker.go:84.30,87.2 2 0
Qingyu_backend/service/events/retry_worker.go:90.62,98.6 5 0
Qingyu_backend/service/events/retry_worker.go:98.6,99.10 1 0
Qingyu_backend/service/events/retry_worker.go:100.21,102.10 2 0
Qingyu_backend/service/events/retry_worker.go:104.19,106.10 2 0
Qingyu_backend/service/events/retry_worker.go:108.19,109.23 1 0
Qingyu_backend/service/events/retry_worker.go:115.57,118.16 2 0
Qingyu_backend/service/events/retry_worker.go:118.16,121.3 2 0
Qingyu_backend/service/events/retry_worker.go:123.2,123.21 1 0
Qingyu_backend/service/events/retry_worker.go:123.21,125.3 1 0
Qingyu_backend/service/events/retry_worker.go:127.2,129.29 2 0
Qingyu_backend/service/events/retry_worker.go:129.29,130.10 1 0
Qingyu_backend/service/events/retry_worker.go:131.21,132.10 1 0
Qingyu_backend/service/events/retry_worker.go:133.11,134.28 1 0
Qingyu_backend/service/events/retry_worker.go:140.73,154.16 4 0
Qingyu_backend/service/events/retry_worker.go:154.16,156.64 1 0
Qingyu_backend/service/events/retry_worker.go:156.64,158.4 1 0
Qingyu_backend/service/events/retry_worker.go:158.9,160.4 1 0
Qingyu_backend/service/events/retry_worker.go:161.3,161.9 1 0
Qingyu_backend/service/events/retry_worker.go:165.2,166.84 2 0
Qingyu_backend/service/events/retry_worker.go:166.84,169.63 2 0
Qingyu_backend/service/events/retry_worker.go:169.63,171.4 1 0
Qingyu_backend/service/events/retry_worker.go:172.3,172.9 1 0
Qingyu_backend/service/events/retry_worker.go:176.2,177.93 2 0
Qingyu_backend/service/events/retry_worker.go:177.93,179.3 1 0
Qingyu_backend/service/events/retry_worker.go:179.8,182.3 1 0
Qingyu_backend/service/events/retry_worker.go:186.108,195.2 2 0
Qingyu_backend/service/events/social_events.go:47.72,60.2 1 0
Qingyu_backend/service/events/social_events.go:63.74,76.2 1 0
Qingyu_backend/service/events/social_events.go:91.97,108.2 1 0
Qingyu_backend/service/events/social_events.go:111.133,131.2 1 0
Qingyu_backend/service/events/social_events.go:134.88,150.2 1 0
Qingyu_backend/service/events/social_events.go:155.78,168.2 1 0
Qingyu_backend/service/events/social_events.go:171.80,184.2 1 0
Qingyu_backend/service/events/social_events.go:198.68,210.2 1 0
Qingyu_backend/service/events/social_events.go:213.70,225.2 1 0
Qingyu_backend/service/events/social_events.go:236.64,240.2 1 0
Qingyu_backend/service/events/social_events.go:243.89,244.30 1 0
Qingyu_backend/service/events/social_events.go:245.22,247.108 2 0
Qingyu_backend/service/events/social_events.go:250.48,252.108 2 0
Qingyu_backend/service/events/social_events.go:255.24,257.100 2 0
Qingyu_backend/service/events/social_events.go:261.2,261.12 1 0
Qingyu_backend/service/events/social_events.go:265.61,267.2 1 0
Qingyu_backend/service/events/social_events.go:270.71,277.2 1 0
Qingyu_backend/service/events/social_events.go:286.60,290.2 1 0
Qingyu_backend/service/events/social_events.go:293.87,294.30 1 0
Qingyu_backend/service/events/social_events.go:295.40,297.96 2 0
Qingyu_backend/service/events/social_events.go:300.48,302.96 2 0
Qingyu_backend/service/events/social_events.go:305.44,307.84 2 0
Qingyu_backend/service/events/social_events.go:311.2,311.12 1 0
Qingyu_backend/service/events/social_events.go:315.59,317.2 1 0
Qingyu_backend/service/events/social_events.go:320.69,329.2 1 0
Qingyu_backend/service/events/social_events.go:338.62,342.2 1 0
Qingyu_backend/service/events/social_events.go:345.88,346.30 1 0
Qingyu_backend/service/events/social_events.go:347.22,349.81 2 0
Qingyu_backend/service/events/social_events.go:352.27,354.81 2 0
Qingyu_backend/service/events/social_events.go:357.24,359.109 2 0
Qingyu_backend/service/events/social_events.go:363.2,363.12 1 0
Qingyu_backend/service/events/social_events.go:367.60,369.2 1 0
Qingyu_backend/service/events/social_events.go:372.70,378.2 1 0
Qingyu_backend/service/events/system_events.go:63.116,82.2 1 0
Qingyu_backend/service/events/system_events.go:98.111,116.2 1 0
Qingyu_backend/service/events/system_events.go:119.97,138.2 1 0
Qingyu_backend/service/events/system_events.go:156.95,175.2 1 0
Qingyu_backend/service/events/system_events.go:178.93,198.2 1 0
Qingyu_backend/service/events/system_events.go:201.101,222.2 1 0
Qingyu_backend/service/events/system_events.go:238.90,257.2 1 0
Qingyu_backend/service/events/system_events.go:260.83,277.2 1 0
Qingyu_backend/service/events/system_events.go:293.113,310.2 1 0
Qingyu_backend/service/events/system_events.go:313.95,332.2 1 0
Qingyu_backend/service/events/system_events.go:335.62,352.2 1 0
Qingyu_backend/service/events/system_events.go:367.144,385.2 1 0
Qingyu_backend/service/events/system_events.go:396.44,400.2 1 0
Qingyu_backend/service/events/system_events.go:403.79,404.30 1 0
Qingyu_backend/service/events/system_events.go:405.26,408.79 2 0
Qingyu_backend/service/events/system_events.go:410.48,413.46 2 0
Qingyu_backend/service/events/system_events.go:415.48,418.80 2 0
Qingyu_backend/service/events/system_events.go:421.2,421.12 1 0
Qingyu_backend/service/events/system_events.go:425.51,427.2 1 0
Qingyu_backend/service/events/system_events.go:430.61,440.2 1 0
Qingyu_backend/service/events/system_events.go:449.62,453.2 1 0
Qingyu_backend/service/events/system_events.go:456.88,457.30 1 0
Qingyu_backend/service/events/system_events.go:458.26,460.75 2 0
Qingyu_backend/service/events/system_events.go:463.48,465.78 2 0
Qingyu_backend/service/events/system_events.go:468.54,470.96 2 0
Qingyu_backend/service/events/system_events.go:474.2,474.12 1 0
Qingyu_backend/service/events/system_events.go:478.60,480.2 1 0
Qingyu_backend/service/events/system_events.go:483.70,491.2 1 0
Qingyu_backend/service/events/system_events.go:500.54,504.2 1 0
Qingyu_backend/service/events/system_events.go:507.84,508.30 1 0
Qingyu_backend/service/events/system_events.go:509.26,512.52 2 0
Qingyu_backend/service/events/system_events.go:518.31,521.50 2 0
Qingyu_backend/service/events/system_events.go:525.26,527.100 2 0
Qingyu_backend/service/events/system_events.go:533.2,533.12 1 0
Qingyu_backend/service/events/system_events.go:537.56,539.2 1 0
Qingyu_backend/service/events/system_events.go:542.66,548.2 1 0
Qingyu_backend/service/events/system_events.go:557.86,561.2 1 0
Qingyu_backend/service/events/system_events.go:564.100,565.30 1 0
Qingyu_backend/service/events/system_events.go:566.27,569.55 2 0
Qingyu_backend/service/events/system_events.go:572.27,575.68 2 0
Qingyu_backend/service/events/system_events.go:578.31,581.50 2 0
Qingyu_backend/service/events/system_events.go:585.2,585.12 1 0
Qingyu_backend/service/events/system_events.go:589.72,591.2 1 0
Qingyu_backend/service/events/system_events.go:594.82,600.2 1 0
Qingyu_backend/service/events/tracing.go:23.60,29.2 1 0
Qingyu_backend/service/events/tracing.go:32.131,33.16 1 0
Qingyu_backend/service/events/tracing.go:33.16,35.3 1 0
Qingyu_backend/service/events/tracing.go:38.2,43.18 3 0
Qingyu_backend/service/events/tracing.go:47.59,48.31 1 0
Qingyu_backend/service/events/tracing.go:48.31,50.3 1 0
Qingyu_backend/service/events/tracing.go:51.2,52.42 2 0
Qingyu_backend/service/events/tracing.go:56.115,61.2 1 0
Qingyu_backend/service/events/tracing.go:64.115,69.2 1 0
Qingyu_backend/service/events/tracing.go:72.107,76.2 1 0
Qingyu_backend/service/events/tracing.go:79.129,85.2 1 0
Qingyu_backend/service/events/tracing.go:95.101,101.2 1 0
Qingyu_backend/service/events/tracing.go:104.90,106.2 1 0
Qingyu_backend/service/events/tracing.go:109.85,111.2 1 0
Qingyu_backend/service/events/tracing.go:114.82,126.22 6 0
Qingyu_backend/service/events/tracing.go:126.22,128.3 1 0
Qingyu_backend/service/events/tracing.go:131.2,131.37 1 0
Qingyu_backend/service/events/tracing.go:131.37,133.3 1 0
Qingyu_backend/service/events/tracing.go:133.8,135.3 1 0
Qingyu_backend/service/events/tracing.go:137.2,137.12 1 0
Qingyu_backend/service/events/tracing.go:141.87,146.12 2 0
Qingyu_backend/service/events/tracing.go:146.12,148.3 1 0
Qingyu_backend/service/events/tracing.go:150.2,157.22 4 0
Qingyu_backend/service/events/tracing.go:157.22,159.3 1 0
Qingyu_backend/service/events/tracing.go:162.2,162.37 1 0
Qingyu_backend/service/events/tracing.go:162.37,164.3 1 0
Qingyu_backend/service/events/tracing.go:164.8,166.3 1 0
Qingyu_backend/service/events/tracing.go:168.2,168.12 1 0
Qingyu_backend/service/events/tracing.go:179.112,185.2 1 0
Qingyu_backend/service/events/tracing.go:188.85,196.22 4 0
Qingyu_backend/service/events/tracing.go:196.22,199.3 2 0
Qingyu_backend/service/events/tracing.go:202.2,206.22 3 0
Qingyu_backend/service/events/tracing.go:206.22,208.3 1 0
Qingyu_backend/service/events/tracing.go:211.2,211.37 1 0
Qingyu_backend/service/events/tracing.go:211.37,213.3 1 0
Qingyu_backend/service/events/tracing.go:213.8,215.3 1 0
Qingyu_backend/service/events/tracing.go:217.2,217.12 1 0
Qingyu_backend/service/events/tracing.go:221.57,223.2 1 0
Qingyu_backend/service/events/tracing.go:226.67,228.2 1 0
Qingyu_backend/service/events/user_events.go:34.72,47.2 1 0
Qingyu_backend/service/events/user_events.go:50.63,62.2 1 0
Qingyu_backend/service/events/user_events.go:73.52,77.2 1 0
Qingyu_backend/service/events/user_events.go:80.83,83.9 2 0
Qingyu_backend/service/events/user_events.go:83.9,85.3 1 0
Qingyu_backend/service/events/user_events.go:88.2,93.12 2 0
Qingyu_backend/service/events/user_events.go:97.55,99.2 1 0
Qingyu_backend/service/events/user_events.go:102.65,104.2 1 0
Qingyu_backend/service/events/user_events.go:113.58,117.2 1 0
Qingyu_backend/service/events/user_events.go:120.86,123.9 2 0
Qingyu_backend/service/events/user_events.go:123.9,125.3 1 0
Qingyu_backend/service/events/user_events.go:128.2,137.12 2 0
Qingyu_backend/service/events/user_events.go:141.58,143.2 1 0
Qingyu_backend/service/events/user_events.go:146.68,154.2 1 0
Qingyu_backend/service/events/user_events.go:163.56,167.2 1 0
Qingyu_backend/service/events/user_events.go:170.85,173.9 2 0
Qingyu_backend/service/events/user_events.go:173.9,175.3 1 0
Qingyu_backend/service/events/user_events.go:178.2,178.30 1 0
Qingyu_backend/service/events/user_events.go:179.31,180.88 1 0
Qingyu_backend/service/events/user_events.go:184.29,185.88 1 0
Qingyu_backend/service/events/user_events.go:189.28,190.85 1 0
Qingyu_backend/service/events/user_events.go:195.2,195.12 1 0
Qingyu_backend/service/events/user_events.go:199.57,201.2 1 0
Qingyu_backend/service/events/user_events.go:204.67,210.2 1 0
Qingyu_backend/service/events/writer_events.go:19.55,21.2 1 0
Qingyu_backend/service/events/writer_events.go:24.60,31.2 1 0
Qingyu_backend/service/events/writer_events.go:34.58,36.2 1 0
Qingyu_backend/service/events/writer_events.go:39.52,41.2 1 0
Qingyu_backend/service/events/writer_events.go:51.55,53.2 1 0
Qingyu_backend/service/events/writer_events.go:56.60,61.2 1 0
Qingyu_backend/service/events/writer_events.go:64.58,66.2 1 0
Qingyu_backend/service/events/writer_events.go:69.52,71.2 1 0
Qingyu_backend/service/events/writer_events.go:81.55,83.2 1 0
Qingyu_backend/service/events/writer_events.go:86.60,91.2 1 0
Qingyu_backend/service/events/writer_events.go:94.58,96.2 1 0
Qingyu_backend/service/events/writer_events.go:99.52,101.2 1 0
Qingyu_backend/service/events/writer_events.go:112.54,114.2 1 0
Qingyu_backend/service/events/writer_events.go:117.59,123.2 1 0
Qingyu_backend/service/events/writer_events.go:126.57,128.2 1 0
Qingyu_backend/service/events/writer_events.go:131.51,133.2 1 0
Qingyu_backend/service/events/writer_events.go:143.54,145.2 1 0
Qingyu_backend/service/events/writer_events.go:148.59,153.2 1 0
Qingyu_backend/service/events/writer_events.go:156.57,158.2 1 0
Qingyu_backend/service/events/writer_events.go:161.51,163.2 1 0
Qingyu_backend/service/events/writer_events.go:173.54,175.2 1 0
Qingyu_backend/service/events/writer_events.go:178.59,183.2 1 0
Qingyu_backend/service/events/writer_events.go:186.57,188.2 1 0
Qingyu_backend/service/events/writer_events.go:191.51,193.2 1 0
Qingyu_backend/service/events/writer_events.go:204.59,206.2 1 0
Qingyu_backend/service/events/writer_events.go:209.64,215.2 1 0
Qingyu_backend/service/events/writer_events.go:218.62,220.2 1 0
Qingyu_backend/service/events/writer_events.go:223.56,225.2 1 0
Qingyu_backend/service/events/writer_events.go:235.59,237.2 1 0
Qingyu_backend/service/events/writer_events.go:240.64,245.2 1 0
Qingyu_backend/service/events/writer_events.go:248.62,250.2 1 0
Qingyu_backend/service/events/writer_events.go:253.56,255.2 1 0
