mode: atomic
Qingyu_backend/service/shared/auth/auth_service.go:41.15,52.2 1 20
Qingyu_backend/service/shared/auth/auth_service.go:57.106,59.75 1 7
Qingyu_backend/service/shared/auth/auth_service.go:59.75,61.3 1 2
Qingyu_backend/service/shared/auth/auth_service.go:64.2,71.16 3 5
Qingyu_backend/service/shared/auth/auth_service.go:71.16,73.3 1 0
Qingyu_backend/service/shared/auth/auth_service.go:76.2,77.23 2 5
Qingyu_backend/service/shared/auth/auth_service.go:77.23,79.3 1 4
Qingyu_backend/service/shared/auth/auth_service.go:82.2,83.16 2 5
Qingyu_backend/service/shared/auth/auth_service.go:83.16,86.3 1 0
Qingyu_backend/service/shared/auth/auth_service.go:88.2,88.17 1 5
Qingyu_backend/service/shared/auth/auth_service.go:88.17,90.3 1 5
Qingyu_backend/service/shared/auth/auth_service.go:93.2,95.16 3 5
Qingyu_backend/service/shared/auth/auth_service.go:95.16,97.3 1 0
Qingyu_backend/service/shared/auth/auth_service.go:100.2,108.8 1 5
Qingyu_backend/service/shared/auth/auth_service.go:112.97,120.16 3 2
Qingyu_backend/service/shared/auth/auth_service.go:120.16,122.3 1 1
Qingyu_backend/service/shared/auth/auth_service.go:125.2,126.16 2 1
Qingyu_backend/service/shared/auth/auth_service.go:126.16,128.3 1 0
Qingyu_backend/service/shared/auth/auth_service.go:130.2,131.33 2 1
Qingyu_backend/service/shared/auth/auth_service.go:131.33,133.3 1 1
Qingyu_backend/service/shared/auth/auth_service.go:136.2,136.25 1 1
Qingyu_backend/service/shared/auth/auth_service.go:136.25,138.3 1 0
Qingyu_backend/service/shared/auth/auth_service.go:141.2,141.87 1 1
Qingyu_backend/service/shared/auth/auth_service.go:141.87,147.3 1 0
Qingyu_backend/service/shared/auth/auth_service.go:150.2,151.16 2 1
Qingyu_backend/service/shared/auth/auth_service.go:151.16,153.3 1 0
Qingyu_backend/service/shared/auth/auth_service.go:156.2,157.16 2 1
Qingyu_backend/service/shared/auth/auth_service.go:157.16,163.3 1 0
Qingyu_backend/service/shared/auth/auth_service.go:164.2,175.8 2 1
Qingyu_backend/service/shared/auth/auth_service.go:179.107,182.16 2 3
Qingyu_backend/service/shared/auth/auth_service.go:182.16,184.3 1 0
Qingyu_backend/service/shared/auth/auth_service.go:187.2,187.25 1 3
Qingyu_backend/service/shared/auth/auth_service.go:187.25,191.17 3 1
Qingyu_backend/service/shared/auth/auth_service.go:191.17,193.4 1 0
Qingyu_backend/service/shared/auth/auth_service.go:196.3,200.17 3 1
Qingyu_backend/service/shared/auth/auth_service.go:200.17,202.4 1 0
Qingyu_backend/service/shared/auth/auth_service.go:204.3,205.34 2 1
Qingyu_backend/service/shared/auth/auth_service.go:205.34,207.4 1 1
Qingyu_backend/service/shared/auth/auth_service.go:210.3,210.26 1 1
Qingyu_backend/service/shared/auth/auth_service.go:210.26,212.4 1 0
Qingyu_backend/service/shared/auth/auth_service.go:215.3,216.17 2 1
Qingyu_backend/service/shared/auth/auth_service.go:216.17,218.4 1 0
Qingyu_backend/service/shared/auth/auth_service.go:220.3,228.9 1 1
Qingyu_backend/service/shared/auth/auth_service.go:233.2,237.20 3 2
Qingyu_backend/service/shared/auth/auth_service.go:237.20,239.3 1 1
Qingyu_backend/service/shared/auth/auth_service.go:242.2,249.16 3 2
Qingyu_backend/service/shared/auth/auth_service.go:249.16,251.3 1 0
Qingyu_backend/service/shared/auth/auth_service.go:254.2,256.31 3 2
Qingyu_backend/service/shared/auth/auth_service.go:256.31,258.3 1 2
Qingyu_backend/service/shared/auth/auth_service.go:261.2,273.62 2 2
Qingyu_backend/service/shared/auth/auth_service.go:273.62,275.3 1 0
Qingyu_backend/service/shared/auth/auth_service.go:278.2,280.16 3 2
Qingyu_backend/service/shared/auth/auth_service.go:280.16,282.3 1 0
Qingyu_backend/service/shared/auth/auth_service.go:285.2,293.8 1 2
Qingyu_backend/service/shared/auth/auth_service.go:297.75,299.61 1 1
Qingyu_backend/service/shared/auth/auth_service.go:299.61,301.3 1 0
Qingyu_backend/service/shared/auth/auth_service.go:303.2,303.12 1 1
Qingyu_backend/service/shared/auth/auth_service.go:307.91,310.16 2 1
Qingyu_backend/service/shared/auth/auth_service.go:310.16,312.3 1 0
Qingyu_backend/service/shared/auth/auth_service.go:314.2,314.22 1 1
Qingyu_backend/service/shared/auth/auth_service.go:318.98,321.16 2 1
Qingyu_backend/service/shared/auth/auth_service.go:321.16,323.3 1 0
Qingyu_backend/service/shared/auth/auth_service.go:325.2,325.20 1 1
Qingyu_backend/service/shared/auth/auth_service.go:331.105,333.2 1 2
Qingyu_backend/service/shared/auth/auth_service.go:336.100,338.2 1 1
Qingyu_backend/service/shared/auth/auth_service.go:341.91,343.2 1 2
Qingyu_backend/service/shared/auth/auth_service.go:346.94,348.16 2 1
Qingyu_backend/service/shared/auth/auth_service.go:348.16,350.3 1 0
Qingyu_backend/service/shared/auth/auth_service.go:352.2,353.29 2 1
Qingyu_backend/service/shared/auth/auth_service.go:353.29,355.3 1 2
Qingyu_backend/service/shared/auth/auth_service.go:357.2,357.23 1 1
Qingyu_backend/service/shared/auth/auth_service.go:363.98,365.2 1 0
Qingyu_backend/service/shared/auth/auth_service.go:368.104,370.2 1 0
Qingyu_backend/service/shared/auth/auth_service.go:373.80,375.2 1 0
Qingyu_backend/service/shared/auth/auth_service.go:378.88,380.71 1 1
Qingyu_backend/service/shared/auth/auth_service.go:380.71,382.3 1 0
Qingyu_backend/service/shared/auth/auth_service.go:385.2,385.69 1 1
Qingyu_backend/service/shared/auth/auth_service.go:385.69,387.3 1 1
Qingyu_backend/service/shared/auth/auth_service.go:389.2,389.12 1 1
Qingyu_backend/service/shared/auth/auth_service.go:393.88,395.71 1 1
Qingyu_backend/service/shared/auth/auth_service.go:395.71,397.3 1 0
Qingyu_backend/service/shared/auth/auth_service.go:400.2,400.69 1 1
Qingyu_backend/service/shared/auth/auth_service.go:400.69,402.3 1 1
Qingyu_backend/service/shared/auth/auth_service.go:404.2,404.12 1 1
Qingyu_backend/service/shared/auth/auth_service.go:410.95,416.2 1 0
Qingyu_backend/service/shared/auth/auth_service.go:419.95,422.2 1 0
Qingyu_backend/service/shared/auth/auth_service.go:425.87,428.2 1 0
Qingyu_backend/service/shared/auth/auth_service.go:431.87,434.2 1 0
Qingyu_backend/service/shared/auth/auth_service.go:439.65,440.19 1 20
Qingyu_backend/service/shared/auth/auth_service.go:440.19,442.3 1 0
Qingyu_backend/service/shared/auth/auth_service.go:445.2,445.25 1 20
Qingyu_backend/service/shared/auth/auth_service.go:445.25,447.3 1 0
Qingyu_backend/service/shared/auth/auth_service.go:448.2,448.26 1 20
Qingyu_backend/service/shared/auth/auth_service.go:448.26,450.3 1 0
Qingyu_backend/service/shared/auth/auth_service.go:451.2,451.32 1 20
Qingyu_backend/service/shared/auth/auth_service.go:451.32,453.3 1 0
Qingyu_backend/service/shared/auth/auth_service.go:454.2,454.23 1 20
Qingyu_backend/service/shared/auth/auth_service.go:454.23,456.3 1 0
Qingyu_backend/service/shared/auth/auth_service.go:457.2,457.26 1 20
Qingyu_backend/service/shared/auth/auth_service.go:457.26,459.3 1 0
Qingyu_backend/service/shared/auth/auth_service.go:460.2,460.29 1 20
Qingyu_backend/service/shared/auth/auth_service.go:460.29,462.3 1 0
Qingyu_backend/service/shared/auth/auth_service.go:465.2,465.47 1 20
Qingyu_backend/service/shared/auth/auth_service.go:465.47,467.3 1 0
Qingyu_backend/service/shared/auth/auth_service.go:469.2,470.12 2 20
Qingyu_backend/service/shared/auth/auth_service.go:474.61,475.20 1 1
Qingyu_backend/service/shared/auth/auth_service.go:475.20,477.3 1 0
Qingyu_backend/service/shared/auth/auth_service.go:478.2,478.31 1 1
Qingyu_backend/service/shared/auth/auth_service.go:482.60,487.2 2 0
Qingyu_backend/service/shared/auth/auth_service.go:490.51,492.2 1 1
Qingyu_backend/service/shared/auth/auth_service.go:495.47,497.2 1 1
Qingyu_backend/service/shared/auth/auth_service.go:502.77,509.2 1 0
Qingyu_backend/service/shared/auth/auth_service.go:512.48,516.2 3 2
Qingyu_backend/service/shared/auth/auth_service.go:519.95,522.22 2 1
Qingyu_backend/service/shared/auth/auth_service.go:522.22,524.3 1 1
Qingyu_backend/service/shared/auth/auth_service.go:527.2,527.18 1 1
Qingyu_backend/service/shared/auth/auth_service.go:528.37,529.29 1 1
Qingyu_backend/service/shared/auth/auth_service.go:530.37,531.29 1 0
Qingyu_backend/service/shared/auth/auth_service.go:532.33,533.25 1 0
Qingyu_backend/service/shared/auth/auth_service.go:534.37,535.29 1 0
Qingyu_backend/service/shared/auth/auth_service.go:536.36,537.28 1 0
Qingyu_backend/service/shared/auth/auth_service.go:538.10,539.28 1 0
Qingyu_backend/service/shared/auth/jwt_service.go:33.87,34.16 1 27
Qingyu_backend/service/shared/auth/jwt_service.go:34.16,36.3 1 0
Qingyu_backend/service/shared/auth/jwt_service.go:37.2,40.3 1 27
Qingyu_backend/service/shared/auth/jwt_service.go:46.108,47.18 1 18
Qingyu_backend/service/shared/auth/jwt_service.go:47.18,49.3 1 0
Qingyu_backend/service/shared/auth/jwt_service.go:51.2,58.30 3 18
Qingyu_backend/service/shared/auth/jwt_service.go:62.137,63.18 1 0
Qingyu_backend/service/shared/auth/jwt_service.go:63.18,65.3 1 0
Qingyu_backend/service/shared/auth/jwt_service.go:67.2,74.30 3 0
Qingyu_backend/service/shared/auth/jwt_service.go:78.142,81.16 2 0
Qingyu_backend/service/shared/auth/jwt_service.go:81.16,83.3 1 0
Qingyu_backend/service/shared/auth/jwt_service.go:86.2,94.16 4 0
Qingyu_backend/service/shared/auth/jwt_service.go:94.16,96.3 1 0
Qingyu_backend/service/shared/auth/jwt_service.go:98.2,98.39 1 0
Qingyu_backend/service/shared/auth/jwt_service.go:102.75,113.16 5 18
Qingyu_backend/service/shared/auth/jwt_service.go:113.16,115.3 1 0
Qingyu_backend/service/shared/auth/jwt_service.go:116.2,125.19 5 18
Qingyu_backend/service/shared/auth/jwt_service.go:129.65,134.2 4 26
Qingyu_backend/service/shared/auth/jwt_service.go:139.97,141.17 1 8
Qingyu_backend/service/shared/auth/jwt_service.go:141.17,143.3 1 0
Qingyu_backend/service/shared/auth/jwt_service.go:146.2,151.21 4 8
Qingyu_backend/service/shared/auth/jwt_service.go:151.21,153.3 1 0
Qingyu_backend/service/shared/auth/jwt_service.go:155.2,162.42 6 8
Qingyu_backend/service/shared/auth/jwt_service.go:162.42,164.3 1 1
Qingyu_backend/service/shared/auth/jwt_service.go:167.2,168.16 2 7
Qingyu_backend/service/shared/auth/jwt_service.go:168.16,170.3 1 0
Qingyu_backend/service/shared/auth/jwt_service.go:172.2,173.61 2 7
Qingyu_backend/service/shared/auth/jwt_service.go:173.61,175.3 1 0
Qingyu_backend/service/shared/auth/jwt_service.go:178.2,178.36 1 7
Qingyu_backend/service/shared/auth/jwt_service.go:178.36,180.3 1 1
Qingyu_backend/service/shared/auth/jwt_service.go:183.2,183.26 1 6
Qingyu_backend/service/shared/auth/jwt_service.go:183.26,185.28 2 6
Qingyu_backend/service/shared/auth/jwt_service.go:185.28,187.4 1 1
Qingyu_backend/service/shared/auth/jwt_service.go:190.2,190.21 1 5
Qingyu_backend/service/shared/auth/jwt_service.go:196.97,199.16 2 2
Qingyu_backend/service/shared/auth/jwt_service.go:199.16,201.3 1 0
Qingyu_backend/service/shared/auth/jwt_service.go:204.2,205.16 2 2
Qingyu_backend/service/shared/auth/jwt_service.go:205.16,207.3 1 0
Qingyu_backend/service/shared/auth/jwt_service.go:210.2,210.26 1 2
Qingyu_backend/service/shared/auth/jwt_service.go:210.26,212.24 2 2
Qingyu_backend/service/shared/auth/jwt_service.go:212.24,214.4 1 2
Qingyu_backend/service/shared/auth/jwt_service.go:217.2,217.22 1 2
Qingyu_backend/service/shared/auth/jwt_service.go:223.79,224.26 1 4
Qingyu_backend/service/shared/auth/jwt_service.go:224.26,226.3 1 0
Qingyu_backend/service/shared/auth/jwt_service.go:229.2,234.16 4 4
Qingyu_backend/service/shared/auth/jwt_service.go:234.16,236.3 1 0
Qingyu_backend/service/shared/auth/jwt_service.go:239.2,240.24 2 4
Qingyu_backend/service/shared/auth/jwt_service.go:240.24,242.3 1 0
Qingyu_backend/service/shared/auth/jwt_service.go:245.2,246.78 2 4
Qingyu_backend/service/shared/auth/jwt_service.go:246.78,248.3 1 0
Qingyu_backend/service/shared/auth/jwt_service.go:250.2,250.12 1 4
Qingyu_backend/service/shared/auth/jwt_service.go:254.90,255.26 1 9
Qingyu_backend/service/shared/auth/jwt_service.go:255.26,257.3 1 0
Qingyu_backend/service/shared/auth/jwt_service.go:260.2,265.16 5 9
Qingyu_backend/service/shared/auth/jwt_service.go:265.16,267.3 1 0
Qingyu_backend/service/shared/auth/jwt_service.go:269.2,269.24 1 9
Qingyu_backend/service/shared/auth/jwt_service.go:273.63,279.2 4 13
Qingyu_backend/service/shared/auth/jwt_service.go:284.79,290.21 4 5
Qingyu_backend/service/shared/auth/jwt_service.go:290.21,292.3 1 0
Qingyu_backend/service/shared/auth/jwt_service.go:294.2,296.16 3 5
Qingyu_backend/service/shared/auth/jwt_service.go:296.16,298.3 1 0
Qingyu_backend/service/shared/auth/jwt_service.go:300.2,301.61 2 5
Qingyu_backend/service/shared/auth/jwt_service.go:301.61,303.3 1 0
Qingyu_backend/service/shared/auth/jwt_service.go:305.2,305.21 1 5
Qingyu_backend/service/shared/auth/memory_blacklist.go:30.58,41.2 4 0
Qingyu_backend/service/shared/auth/memory_blacklist.go:44.123,50.2 4 0
Qingyu_backend/service/shared/auth/memory_blacklist.go:53.88,58.13 4 0
Qingyu_backend/service/shared/auth/memory_blacklist.go:58.13,60.3 1 0
Qingyu_backend/service/shared/auth/memory_blacklist.go:63.2,63.34 1 0
Qingyu_backend/service/shared/auth/memory_blacklist.go:63.34,67.3 2 0
Qingyu_backend/service/shared/auth/memory_blacklist.go:69.2,69.23 1 0
Qingyu_backend/service/shared/auth/memory_blacklist.go:73.94,80.27 5 0
Qingyu_backend/service/shared/auth/memory_blacklist.go:80.27,81.54 1 0
Qingyu_backend/service/shared/auth/memory_blacklist.go:81.54,83.30 1 0
Qingyu_backend/service/shared/auth/memory_blacklist.go:83.30,85.5 1 0
Qingyu_backend/service/shared/auth/memory_blacklist.go:89.2,89.19 1 0
Qingyu_backend/service/shared/auth/memory_blacklist.go:93.82,97.27 3 0
Qingyu_backend/service/shared/auth/memory_blacklist.go:97.27,99.3 1 0
Qingyu_backend/service/shared/auth/memory_blacklist.go:101.2,101.12 1 0
Qingyu_backend/service/shared/auth/memory_blacklist.go:105.81,107.2 1 0
Qingyu_backend/service/shared/auth/memory_blacklist.go:110.58,111.6 1 0
Qingyu_backend/service/shared/auth/memory_blacklist.go:111.6,112.10 1 0
Qingyu_backend/service/shared/auth/memory_blacklist.go:113.26,116.46 3 0
Qingyu_backend/service/shared/auth/memory_blacklist.go:116.46,117.30 1 0
Qingyu_backend/service/shared/auth/memory_blacklist.go:117.30,119.6 1 0
Qingyu_backend/service/shared/auth/memory_blacklist.go:121.4,121.18 1 0
Qingyu_backend/service/shared/auth/memory_blacklist.go:123.23,124.10 1 0
Qingyu_backend/service/shared/auth/memory_blacklist.go:130.49,134.2 3 0
Qingyu_backend/service/shared/auth/memory_blacklist.go:137.67,139.2 1 0
Qingyu_backend/service/shared/auth/memory_blacklist.go:142.66,150.42 6 0
Qingyu_backend/service/shared/auth/memory_blacklist.go:150.42,151.28 1 0
Qingyu_backend/service/shared/auth/memory_blacklist.go:151.28,153.4 1 0
Qingyu_backend/service/shared/auth/memory_blacklist.go:156.2,162.3 1 0
Qingyu_backend/service/shared/auth/oauth_service.go:33.135,42.37 2 16
Qingyu_backend/service/shared/auth/oauth_service.go:42.37,43.19 1 48
Qingyu_backend/service/shared/auth/oauth_service.go:43.19,44.12 1 0
Qingyu_backend/service/shared/auth/oauth_service.go:47.3,47.19 1 48
Qingyu_backend/service/shared/auth/oauth_service.go:48.17,55.5 1 16
Qingyu_backend/service/shared/auth/oauth_service.go:57.17,67.5 1 16
Qingyu_backend/service/shared/auth/oauth_service.go:69.13,80.5 1 16
Qingyu_backend/service/shared/auth/oauth_service.go:84.2,88.21 2 16
Qingyu_backend/service/shared/auth/oauth_service.go:92.166,94.13 2 10
Qingyu_backend/service/shared/auth/oauth_service.go:94.13,96.3 1 1
Qingyu_backend/service/shared/auth/oauth_service.go:99.2,109.33 3 9
Qingyu_backend/service/shared/auth/oauth_service.go:109.33,112.3 2 1
Qingyu_backend/service/shared/auth/oauth_service.go:115.2,125.21 4 9
Qingyu_backend/service/shared/auth/oauth_service.go:129.160,131.13 2 2
Qingyu_backend/service/shared/auth/oauth_service.go:131.13,133.3 1 0
Qingyu_backend/service/shared/auth/oauth_service.go:136.2,137.33 2 2
Qingyu_backend/service/shared/auth/oauth_service.go:137.33,138.23 1 1
Qingyu_backend/service/shared/auth/oauth_service.go:138.23,140.9 2 1
Qingyu_backend/service/shared/auth/oauth_service.go:144.2,144.20 1 2
Qingyu_backend/service/shared/auth/oauth_service.go:144.20,146.3 1 1
Qingyu_backend/service/shared/auth/oauth_service.go:148.2,148.41 1 1
Qingyu_backend/service/shared/auth/oauth_service.go:148.41,150.3 1 0
Qingyu_backend/service/shared/auth/oauth_service.go:153.2,154.16 2 1
Qingyu_backend/service/shared/auth/oauth_service.go:154.16,156.3 1 1
Qingyu_backend/service/shared/auth/oauth_service.go:158.2,158.28 1 0
Qingyu_backend/service/shared/auth/oauth_service.go:162.145,163.18 1 0
Qingyu_backend/service/shared/auth/oauth_service.go:164.37,165.41 1 0
Qingyu_backend/service/shared/auth/oauth_service.go:166.37,167.41 1 0
Qingyu_backend/service/shared/auth/oauth_service.go:168.33,169.37 1 0
Qingyu_backend/service/shared/auth/oauth_service.go:170.10,171.63 1 0
Qingyu_backend/service/shared/auth/oauth_service.go:176.117,180.16 3 0
Qingyu_backend/service/shared/auth/oauth_service.go:180.16,182.3 1 0
Qingyu_backend/service/shared/auth/oauth_service.go:183.2,185.38 2 0
Qingyu_backend/service/shared/auth/oauth_service.go:185.38,187.3 1 0
Qingyu_backend/service/shared/auth/oauth_service.go:189.2,190.16 2 0
Qingyu_backend/service/shared/auth/oauth_service.go:190.16,192.3 1 0
Qingyu_backend/service/shared/auth/oauth_service.go:194.2,205.58 2 0
Qingyu_backend/service/shared/auth/oauth_service.go:205.58,207.3 1 0
Qingyu_backend/service/shared/auth/oauth_service.go:209.2,218.8 1 0
Qingyu_backend/service/shared/auth/oauth_service.go:222.117,227.16 3 0
Qingyu_backend/service/shared/auth/oauth_service.go:227.16,229.3 1 0
Qingyu_backend/service/shared/auth/oauth_service.go:230.2,232.38 2 0
Qingyu_backend/service/shared/auth/oauth_service.go:232.38,234.3 1 0
Qingyu_backend/service/shared/auth/oauth_service.go:236.2,237.16 2 0
Qingyu_backend/service/shared/auth/oauth_service.go:237.16,239.3 1 0
Qingyu_backend/service/shared/auth/oauth_service.go:241.2,252.58 2 0
Qingyu_backend/service/shared/auth/oauth_service.go:252.58,254.3 1 0
Qingyu_backend/service/shared/auth/oauth_service.go:257.2,262.57 4 0
Qingyu_backend/service/shared/auth/oauth_service.go:262.57,273.28 5 0
Qingyu_backend/service/shared/auth/oauth_service.go:273.28,274.17 1 0
Qingyu_backend/service/shared/auth/oauth_service.go:274.17,277.10 3 0
Qingyu_backend/service/shared/auth/oauth_service.go:282.2,290.8 1 0
Qingyu_backend/service/shared/auth/oauth_service.go:294.113,301.16 3 0
Qingyu_backend/service/shared/auth/oauth_service.go:301.16,303.3 1 0
Qingyu_backend/service/shared/auth/oauth_service.go:304.2,306.38 2 0
Qingyu_backend/service/shared/auth/oauth_service.go:306.38,308.3 1 0
Qingyu_backend/service/shared/auth/oauth_service.go:310.2,311.16 2 0
Qingyu_backend/service/shared/auth/oauth_service.go:311.16,313.3 1 0
Qingyu_backend/service/shared/auth/oauth_service.go:317.2,326.30 5 0
Qingyu_backend/service/shared/auth/oauth_service.go:326.30,328.3 1 0
Qingyu_backend/service/shared/auth/oauth_service.go:329.2,331.71 2 0
Qingyu_backend/service/shared/auth/oauth_service.go:331.71,333.3 1 0
Qingyu_backend/service/shared/auth/oauth_service.go:336.2,339.16 2 0
Qingyu_backend/service/shared/auth/oauth_service.go:339.16,341.3 1 0
Qingyu_backend/service/shared/auth/oauth_service.go:342.2,344.46 2 0
Qingyu_backend/service/shared/auth/oauth_service.go:344.46,346.3 1 0
Qingyu_backend/service/shared/auth/oauth_service.go:348.2,358.70 3 0
Qingyu_backend/service/shared/auth/oauth_service.go:358.70,360.3 1 0
Qingyu_backend/service/shared/auth/oauth_service.go:362.2,362.29 1 0
Qingyu_backend/service/shared/auth/oauth_service.go:362.29,364.3 1 0
Qingyu_backend/service/shared/auth/oauth_service.go:366.2,373.8 1 0
Qingyu_backend/service/shared/auth/oauth_service.go:377.60,379.40 2 1
Qingyu_backend/service/shared/auth/oauth_service.go:379.40,380.35 1 1
Qingyu_backend/service/shared/auth/oauth_service.go:380.35,382.4 1 1
Qingyu_backend/service/shared/auth/oauth_service.go:388.47,392.2 3 9
Qingyu_backend/service/shared/auth/oauth_service.go:394.33,396.2 1 9
Qingyu_backend/service/shared/auth/oauth_service.go:399.66,401.16 2 11
Qingyu_backend/service/shared/auth/oauth_service.go:401.16,403.3 1 11
Qingyu_backend/service/shared/auth/oauth_service.go:404.2,404.33 1 0
Qingyu_backend/service/shared/auth/oauth_service.go:404.33,406.3 1 0
Qingyu_backend/service/shared/auth/oauth_service.go:407.2,407.11 1 0
Qingyu_backend/service/shared/auth/oauth_service.go:413.194,416.16 2 13
Qingyu_backend/service/shared/auth/oauth_service.go:416.16,418.3 1 0
Qingyu_backend/service/shared/auth/oauth_service.go:420.2,420.21 1 13
Qingyu_backend/service/shared/auth/oauth_service.go:420.21,421.32 1 2
Qingyu_backend/service/shared/auth/oauth_service.go:421.32,424.4 1 1
Qingyu_backend/service/shared/auth/oauth_service.go:425.3,425.88 1 1
Qingyu_backend/service/shared/auth/oauth_service.go:429.2,448.52 3 11
Qingyu_backend/service/shared/auth/oauth_service.go:448.52,450.3 1 0
Qingyu_backend/service/shared/auth/oauth_service.go:452.2,458.21 2 11
Qingyu_backend/service/shared/auth/oauth_service.go:462.91,464.16 2 2
Qingyu_backend/service/shared/auth/oauth_service.go:464.16,466.3 1 0
Qingyu_backend/service/shared/auth/oauth_service.go:468.2,468.20 1 2
Qingyu_backend/service/shared/auth/oauth_service.go:468.20,470.3 1 0
Qingyu_backend/service/shared/auth/oauth_service.go:472.2,472.30 1 2
Qingyu_backend/service/shared/auth/oauth_service.go:472.30,474.3 1 0
Qingyu_backend/service/shared/auth/oauth_service.go:477.2,478.37 2 2
Qingyu_backend/service/shared/auth/oauth_service.go:478.37,480.3 1 1
Qingyu_backend/service/shared/auth/oauth_service.go:482.2,482.54 1 1
Qingyu_backend/service/shared/auth/oauth_service.go:482.54,484.3 1 0
Qingyu_backend/service/shared/auth/oauth_service.go:486.2,491.12 2 1
Qingyu_backend/service/shared/auth/oauth_service.go:495.113,497.16 2 2
Qingyu_backend/service/shared/auth/oauth_service.go:497.16,499.3 1 0
Qingyu_backend/service/shared/auth/oauth_service.go:501.2,501.22 1 2
Qingyu_backend/service/shared/auth/oauth_service.go:505.95,506.73 1 1
Qingyu_backend/service/shared/auth/oauth_service.go:506.73,508.3 1 0
Qingyu_backend/service/shared/auth/oauth_service.go:510.2,515.12 2 1
Qingyu_backend/service/shared/auth/oauth_service.go:519.99,521.16 2 0
Qingyu_backend/service/shared/auth/oauth_service.go:521.16,523.3 1 0
Qingyu_backend/service/shared/auth/oauth_service.go:525.2,525.20 1 0
Qingyu_backend/service/shared/auth/oauth_service.go:525.20,527.3 1 0
Qingyu_backend/service/shared/auth/oauth_service.go:529.2,530.13 2 0
Qingyu_backend/service/shared/auth/oauth_service.go:530.13,532.3 1 0
Qingyu_backend/service/shared/auth/oauth_service.go:535.2,542.16 3 0
Qingyu_backend/service/shared/auth/oauth_service.go:542.16,544.3 1 0
Qingyu_backend/service/shared/auth/oauth_service.go:547.2,548.31 2 0
Qingyu_backend/service/shared/auth/oauth_service.go:548.31,550.3 1 0
Qingyu_backend/service/shared/auth/oauth_service.go:552.2,552.116 1 0
Qingyu_backend/service/shared/auth/oauth_service.go:552.116,554.3 1 0
Qingyu_backend/service/shared/auth/oauth_service.go:556.2,561.22 2 0
Qingyu_backend/service/shared/auth/oauth_service.go:565.74,568.40 2 1
Qingyu_backend/service/shared/auth/oauth_service.go:568.40,569.35 1 1
Qingyu_backend/service/shared/auth/oauth_service.go:569.35,571.4 1 1
Qingyu_backend/service/shared/auth/oauth_service.go:575.2,576.16 2 1
Qingyu_backend/service/shared/auth/oauth_service.go:576.16,578.3 1 0
Qingyu_backend/service/shared/auth/oauth_service.go:578.8,580.3 1 1
Qingyu_backend/service/shared/auth/oauth_service.go:582.2,582.12 1 1
Qingyu_backend/service/shared/auth/password_validator.go:20.48,27.2 1 20
Qingyu_backend/service/shared/auth/password_validator.go:34.69,36.33 1 7
Qingyu_backend/service/shared/auth/password_validator.go:36.33,38.3 1 2
Qingyu_backend/service/shared/auth/password_validator.go:40.2,40.33 1 5
Qingyu_backend/service/shared/auth/password_validator.go:40.33,42.3 1 0
Qingyu_backend/service/shared/auth/password_validator.go:45.2,45.18 1 5
Qingyu_backend/service/shared/auth/password_validator.go:45.18,47.17 2 5
Qingyu_backend/service/shared/auth/password_validator.go:47.17,49.4 1 0
Qingyu_backend/service/shared/auth/password_validator.go:53.2,53.20 1 5
Qingyu_backend/service/shared/auth/password_validator.go:53.20,55.17 2 5
Qingyu_backend/service/shared/auth/password_validator.go:55.17,57.4 1 0
Qingyu_backend/service/shared/auth/password_validator.go:60.2,60.12 1 5
Qingyu_backend/service/shared/auth/password_validator.go:77.78,81.24 2 0
Qingyu_backend/service/shared/auth/password_validator.go:81.24,83.3 1 0
Qingyu_backend/service/shared/auth/password_validator.go:84.2,84.25 1 0
Qingyu_backend/service/shared/auth/password_validator.go:84.25,86.3 1 0
Qingyu_backend/service/shared/auth/password_validator.go:89.2,94.32 5 0
Qingyu_backend/service/shared/auth/password_validator.go:94.32,95.28 1 0
Qingyu_backend/service/shared/auth/password_validator.go:95.28,97.4 1 0
Qingyu_backend/service/shared/auth/password_validator.go:97.9,97.35 1 0
Qingyu_backend/service/shared/auth/password_validator.go:97.35,99.4 1 0
Qingyu_backend/service/shared/auth/password_validator.go:99.9,99.35 1 0
Qingyu_backend/service/shared/auth/password_validator.go:99.35,101.4 1 0
Qingyu_backend/service/shared/auth/password_validator.go:101.9,101.61 1 0
Qingyu_backend/service/shared/auth/password_validator.go:101.61,103.4 1 0
Qingyu_backend/service/shared/auth/password_validator.go:106.2,106.15 1 0
Qingyu_backend/service/shared/auth/password_validator.go:106.15,108.3 1 0
Qingyu_backend/service/shared/auth/password_validator.go:109.2,109.26 1 0
Qingyu_backend/service/shared/auth/password_validator.go:109.26,111.3 1 0
Qingyu_backend/service/shared/auth/password_validator.go:111.8,111.33 1 0
Qingyu_backend/service/shared/auth/password_validator.go:111.33,113.3 1 0
Qingyu_backend/service/shared/auth/password_validator.go:114.2,114.16 1 0
Qingyu_backend/service/shared/auth/password_validator.go:114.16,116.3 1 0
Qingyu_backend/service/shared/auth/password_validator.go:119.2,119.16 1 0
Qingyu_backend/service/shared/auth/password_validator.go:119.16,121.3 1 0
Qingyu_backend/service/shared/auth/password_validator.go:121.8,121.23 1 0
Qingyu_backend/service/shared/auth/password_validator.go:121.23,123.3 1 0
Qingyu_backend/service/shared/auth/password_validator.go:123.8,125.3 1 0
Qingyu_backend/service/shared/auth/password_validator.go:129.69,137.37 2 0
Qingyu_backend/service/shared/auth/password_validator.go:137.37,138.23 1 0
Qingyu_backend/service/shared/auth/password_validator.go:138.23,140.4 1 0
Qingyu_backend/service/shared/auth/password_validator.go:143.2,143.14 1 0
Qingyu_backend/service/shared/auth/password_validator.go:147.62,153.2 1 0
Qingyu_backend/service/shared/auth/password_validator.go:158.73,161.2 2 0
Qingyu_backend/service/shared/auth/password_validator.go:164.73,167.2 2 0
Qingyu_backend/service/shared/auth/password_validator.go:170.79,173.2 2 0
Qingyu_backend/service/shared/auth/password_validator.go:176.78,179.2 2 0
Qingyu_backend/service/shared/auth/permission_service.go:27.106,33.2 1 28
Qingyu_backend/service/shared/auth/permission_service.go:38.111,41.16 2 14
Qingyu_backend/service/shared/auth/permission_service.go:41.16,43.3 1 0
Qingyu_backend/service/shared/auth/permission_service.go:46.2,46.35 1 14
Qingyu_backend/service/shared/auth/permission_service.go:46.35,47.18 1 18
Qingyu_backend/service/shared/auth/permission_service.go:47.18,49.4 1 5
Qingyu_backend/service/shared/auth/permission_service.go:53.2,53.35 1 9
Qingyu_backend/service/shared/auth/permission_service.go:53.35,54.25 1 11
Qingyu_backend/service/shared/auth/permission_service.go:54.25,56.4 1 2
Qingyu_backend/service/shared/auth/permission_service.go:60.2,60.35 1 7
Qingyu_backend/service/shared/auth/permission_service.go:60.35,61.36 1 9
Qingyu_backend/service/shared/auth/permission_service.go:61.36,63.49 2 5
Qingyu_backend/service/shared/auth/permission_service.go:63.49,65.5 1 3
Qingyu_backend/service/shared/auth/permission_service.go:69.2,69.19 1 4
Qingyu_backend/service/shared/auth/permission_service.go:73.106,75.26 1 19
Qingyu_backend/service/shared/auth/permission_service.go:75.26,78.33 3 19
Qingyu_backend/service/shared/auth/permission_service.go:78.33,80.22 1 11
Qingyu_backend/service/shared/auth/permission_service.go:80.22,82.5 1 0
Qingyu_backend/service/shared/auth/permission_service.go:83.4,83.42 1 11
Qingyu_backend/service/shared/auth/permission_service.go:88.2,89.16 2 8
Qingyu_backend/service/shared/auth/permission_service.go:89.16,91.3 1 0
Qingyu_backend/service/shared/auth/permission_service.go:94.2,94.26 1 8
Qingyu_backend/service/shared/auth/permission_service.go:94.26,97.27 3 8
Qingyu_backend/service/shared/auth/permission_service.go:97.27,99.4 1 8
Qingyu_backend/service/shared/auth/permission_service.go:100.3,100.63 1 8
Qingyu_backend/service/shared/auth/permission_service.go:103.2,103.25 1 8
Qingyu_backend/service/shared/auth/permission_service.go:107.106,109.16 2 1
Qingyu_backend/service/shared/auth/permission_service.go:109.16,111.3 1 0
Qingyu_backend/service/shared/auth/permission_service.go:113.2,113.25 1 1
Qingyu_backend/service/shared/auth/permission_service.go:117.97,120.16 2 4
Qingyu_backend/service/shared/auth/permission_service.go:120.16,122.3 1 0
Qingyu_backend/service/shared/auth/permission_service.go:125.2,125.26 1 4
Qingyu_backend/service/shared/auth/permission_service.go:125.26,126.21 1 4
Qingyu_backend/service/shared/auth/permission_service.go:126.21,128.4 1 2
Qingyu_backend/service/shared/auth/permission_service.go:131.2,131.19 1 2
Qingyu_backend/service/shared/auth/permission_service.go:137.106,138.26 1 2
Qingyu_backend/service/shared/auth/permission_service.go:138.26,140.3 1 0
Qingyu_backend/service/shared/auth/permission_service.go:142.2,143.44 2 2
Qingyu_backend/service/shared/auth/permission_service.go:147.77,149.2 1 29
Qingyu_backend/service/shared/auth/redis_adapter.go:16.62,18.2 1 0
Qingyu_backend/service/shared/auth/redis_adapter.go:23.77,25.2 1 0
Qingyu_backend/service/shared/auth/redis_adapter.go:28.105,30.2 1 0
Qingyu_backend/service/shared/auth/redis_adapter.go:33.70,35.2 1 0
Qingyu_backend/service/shared/auth/redis_adapter.go:40.83,42.2 1 0
Qingyu_backend/service/shared/auth/redis_adapter.go:45.87,47.2 1 0
Qingyu_backend/service/shared/auth/redis_adapter.go:50.106,52.2 1 0
Qingyu_backend/service/shared/auth/redis_adapter.go:55.87,58.28 2 0
Qingyu_backend/service/shared/auth/redis_adapter.go:58.28,60.3 1 0
Qingyu_backend/service/shared/auth/redis_adapter.go:61.2,61.53 1 0
Qingyu_backend/service/shared/auth/redis_adapter.go:65.84,67.2 1 0
Qingyu_backend/service/shared/auth/redis_adapter.go:70.87,73.28 2 0
Qingyu_backend/service/shared/auth/redis_adapter.go:73.28,75.3 1 0
Qingyu_backend/service/shared/auth/redis_adapter.go:76.2,76.53 1 0
Qingyu_backend/service/shared/auth/redis_adapter.go:80.89,82.2 1 0
Qingyu_backend/service/shared/auth/role_service.go:17.69,21.2 1 28
Qingyu_backend/service/shared/auth/role_service.go:26.98,28.20 1 10
Qingyu_backend/service/shared/auth/role_service.go:28.20,30.3 1 0
Qingyu_backend/service/shared/auth/role_service.go:33.2,34.16 2 10
Qingyu_backend/service/shared/auth/role_service.go:34.16,36.3 1 1
Qingyu_backend/service/shared/auth/role_service.go:39.2,46.57 2 9
Qingyu_backend/service/shared/auth/role_service.go:46.57,48.3 1 0
Qingyu_backend/service/shared/auth/role_service.go:51.2,51.41 1 9
Qingyu_backend/service/shared/auth/role_service.go:55.86,57.16 2 4
Qingyu_backend/service/shared/auth/role_service.go:57.16,59.3 1 1
Qingyu_backend/service/shared/auth/role_service.go:61.2,61.41 1 3
Qingyu_backend/service/shared/auth/role_service.go:65.104,68.16 2 1
Qingyu_backend/service/shared/auth/role_service.go:68.16,70.3 1 0
Qingyu_backend/service/shared/auth/role_service.go:73.2,73.19 1 1
Qingyu_backend/service/shared/auth/role_service.go:73.19,75.3 1 0
Qingyu_backend/service/shared/auth/role_service.go:78.2,79.20 2 1
Qingyu_backend/service/shared/auth/role_service.go:79.20,81.3 1 0
Qingyu_backend/service/shared/auth/role_service.go:82.2,82.27 1 1
Qingyu_backend/service/shared/auth/role_service.go:82.27,84.3 1 1
Qingyu_backend/service/shared/auth/role_service.go:85.2,85.28 1 1
Qingyu_backend/service/shared/auth/role_service.go:85.28,87.3 1 1
Qingyu_backend/service/shared/auth/role_service.go:89.2,89.23 1 1
Qingyu_backend/service/shared/auth/role_service.go:89.23,91.3 1 0
Qingyu_backend/service/shared/auth/role_service.go:94.2,94.68 1 1
Qingyu_backend/service/shared/auth/role_service.go:94.68,96.3 1 0
Qingyu_backend/service/shared/auth/role_service.go:98.2,98.12 1 1
Qingyu_backend/service/shared/auth/role_service.go:102.80,104.59 1 2
Qingyu_backend/service/shared/auth/role_service.go:104.59,106.3 1 1
Qingyu_backend/service/shared/auth/role_service.go:108.2,108.12 1 1
Qingyu_backend/service/shared/auth/role_service.go:112.75,114.16 2 1
Qingyu_backend/service/shared/auth/role_service.go:114.16,116.3 1 0
Qingyu_backend/service/shared/auth/role_service.go:119.2,120.29 2 1
Qingyu_backend/service/shared/auth/role_service.go:120.29,122.3 1 3
Qingyu_backend/service/shared/auth/role_service.go:124.2,124.20 1 1
Qingyu_backend/service/shared/auth/role_service.go:130.109,133.16 2 1
Qingyu_backend/service/shared/auth/role_service.go:133.16,135.3 1 0
Qingyu_backend/service/shared/auth/role_service.go:138.2,138.19 1 1
Qingyu_backend/service/shared/auth/role_service.go:138.19,140.3 1 0
Qingyu_backend/service/shared/auth/role_service.go:143.2,144.37 2 1
Qingyu_backend/service/shared/auth/role_service.go:144.37,146.3 1 1
Qingyu_backend/service/shared/auth/role_service.go:147.2,147.32 1 1
Qingyu_backend/service/shared/auth/role_service.go:147.32,149.3 1 2
Qingyu_backend/service/shared/auth/role_service.go:152.2,153.25 2 1
Qingyu_backend/service/shared/auth/role_service.go:153.25,155.3 1 3
Qingyu_backend/service/shared/auth/role_service.go:158.2,162.68 2 1
Qingyu_backend/service/shared/auth/role_service.go:162.68,164.3 1 0
Qingyu_backend/service/shared/auth/role_service.go:166.2,166.12 1 1
Qingyu_backend/service/shared/auth/role_service.go:170.109,173.16 2 1
Qingyu_backend/service/shared/auth/role_service.go:173.16,175.3 1 0
Qingyu_backend/service/shared/auth/role_service.go:178.2,178.19 1 1
Qingyu_backend/service/shared/auth/role_service.go:178.19,180.3 1 0
Qingyu_backend/service/shared/auth/role_service.go:183.2,184.32 2 1
Qingyu_backend/service/shared/auth/role_service.go:184.32,186.3 1 1
Qingyu_backend/service/shared/auth/role_service.go:188.2,189.37 2 1
Qingyu_backend/service/shared/auth/role_service.go:189.37,190.20 1 3
Qingyu_backend/service/shared/auth/role_service.go:190.20,192.4 1 2
Qingyu_backend/service/shared/auth/role_service.go:196.2,200.68 2 1
Qingyu_backend/service/shared/auth/role_service.go:200.68,202.3 1 0
Qingyu_backend/service/shared/auth/role_service.go:204.2,204.12 1 1
Qingyu_backend/service/shared/auth/role_service.go:210.56,219.2 1 15
Qingyu_backend/service/shared/auth/session_service.go:28.64,41.2 3 15
Qingyu_backend/service/shared/auth/session_service.go:46.98,49.16 2 30
Qingyu_backend/service/shared/auth/session_service.go:49.16,51.3 1 0
Qingyu_backend/service/shared/auth/session_service.go:54.2,65.73 5 30
Qingyu_backend/service/shared/auth/session_service.go:65.73,67.3 1 0
Qingyu_backend/service/shared/auth/session_service.go:71.2,71.71 1 30
Qingyu_backend/service/shared/auth/session_service.go:71.71,78.3 1 0
Qingyu_backend/service/shared/auth/session_service.go:80.2,80.21 1 30
Qingyu_backend/service/shared/auth/session_service.go:84.98,88.16 3 38
Qingyu_backend/service/shared/auth/session_service.go:88.16,90.3 1 4
Qingyu_backend/service/shared/auth/session_service.go:94.2,95.21 2 34
Qingyu_backend/service/shared/auth/session_service.go:95.21,97.3 1 0
Qingyu_backend/service/shared/auth/session_service.go:99.2,101.16 3 34
Qingyu_backend/service/shared/auth/session_service.go:101.16,103.3 1 0
Qingyu_backend/service/shared/auth/session_service.go:104.2,105.16 2 34
Qingyu_backend/service/shared/auth/session_service.go:105.16,107.3 1 0
Qingyu_backend/service/shared/auth/session_service.go:110.2,118.41 2 34
Qingyu_backend/service/shared/auth/session_service.go:118.41,121.3 2 0
Qingyu_backend/service/shared/auth/session_service.go:123.2,123.21 1 34
Qingyu_backend/service/shared/auth/session_service.go:127.90,130.16 2 6
Qingyu_backend/service/shared/auth/session_service.go:130.17,132.3 0 0
Qingyu_backend/service/shared/auth/session_service.go:135.2,136.55 2 6
Qingyu_backend/service/shared/auth/session_service.go:136.55,138.3 1 0
Qingyu_backend/service/shared/auth/session_service.go:141.2,141.20 1 6
Qingyu_backend/service/shared/auth/session_service.go:141.20,143.3 1 6
Qingyu_backend/service/shared/auth/session_service.go:145.2,145.12 1 6
Qingyu_backend/service/shared/auth/session_service.go:149.90,152.16 2 1
Qingyu_backend/service/shared/auth/session_service.go:152.16,154.3 1 0
Qingyu_backend/service/shared/auth/session_service.go:157.2,162.73 4 1
Qingyu_backend/service/shared/auth/session_service.go:162.73,164.3 1 0
Qingyu_backend/service/shared/auth/session_service.go:166.2,166.12 1 1
Qingyu_backend/service/shared/auth/session_service.go:170.99,172.16 2 0
Qingyu_backend/service/shared/auth/session_service.go:172.16,174.3 1 0
Qingyu_backend/service/shared/auth/session_service.go:175.2,175.18 1 0
Qingyu_backend/service/shared/auth/session_service.go:184.102,188.16 3 9
Qingyu_backend/service/shared/auth/session_service.go:188.16,191.3 1 1
Qingyu_backend/service/shared/auth/session_service.go:194.2,195.67 2 8
Qingyu_backend/service/shared/auth/session_service.go:195.67,197.3 1 0
Qingyu_backend/service/shared/auth/session_service.go:200.2,202.39 3 8
Qingyu_backend/service/shared/auth/session_service.go:202.39,204.17 2 21
Qingyu_backend/service/shared/auth/session_service.go:204.17,206.12 1 0
Qingyu_backend/service/shared/auth/session_service.go:208.3,209.55 2 21
Qingyu_backend/service/shared/auth/session_service.go:213.2,213.45 1 8
Qingyu_backend/service/shared/auth/session_service.go:213.45,215.3 1 0
Qingyu_backend/service/shared/auth/session_service.go:217.2,217.22 1 8
Qingyu_backend/service/shared/auth/session_service.go:221.92,224.16 2 1
Qingyu_backend/service/shared/auth/session_service.go:224.16,226.3 1 0
Qingyu_backend/service/shared/auth/session_service.go:229.2,229.35 1 1
Qingyu_backend/service/shared/auth/session_service.go:229.35,231.3 1 3
Qingyu_backend/service/shared/auth/session_service.go:234.2,237.12 3 1
Qingyu_backend/service/shared/auth/session_service.go:241.118,244.16 2 1
Qingyu_backend/service/shared/auth/session_service.go:244.16,246.3 1 0
Qingyu_backend/service/shared/auth/session_service.go:249.2,254.14 4 1
Qingyu_backend/service/shared/auth/session_service.go:254.14,256.3 1 0
Qingyu_backend/service/shared/auth/session_service.go:258.2,258.64 1 1
Qingyu_backend/service/shared/auth/session_service.go:258.64,260.3 1 0
Qingyu_backend/service/shared/auth/session_service.go:262.2,262.12 1 1
Qingyu_backend/service/shared/auth/session_service.go:268.66,270.44 2 30
Qingyu_backend/service/shared/auth/session_service.go:270.44,272.3 1 0
Qingyu_backend/service/shared/auth/session_service.go:273.2,273.39 1 30
Qingyu_backend/service/shared/auth/session_service.go:277.69,279.2 1 76
Qingyu_backend/service/shared/auth/session_service.go:282.71,284.2 1 82
Qingyu_backend/service/shared/auth/session_service.go:289.105,290.21 1 2
Qingyu_backend/service/shared/auth/session_service.go:290.21,292.3 1 0
Qingyu_backend/service/shared/auth/session_service.go:295.2,296.16 2 2
Qingyu_backend/service/shared/auth/session_service.go:296.16,299.3 1 0
Qingyu_backend/service/shared/auth/session_service.go:301.2,301.33 1 2
Qingyu_backend/service/shared/auth/session_service.go:301.33,303.3 1 1
Qingyu_backend/service/shared/auth/session_service.go:305.2,305.12 1 1
Qingyu_backend/service/shared/auth/session_service.go:311.107,312.21 1 2
Qingyu_backend/service/shared/auth/session_service.go:312.21,314.3 1 0
Qingyu_backend/service/shared/auth/session_service.go:317.2,318.16 2 2
Qingyu_backend/service/shared/auth/session_service.go:318.16,325.3 2 0
Qingyu_backend/service/shared/auth/session_service.go:328.2,328.32 1 2
Qingyu_backend/service/shared/auth/session_service.go:328.32,335.3 2 0
Qingyu_backend/service/shared/auth/session_service.go:338.2,353.45 5 2
Qingyu_backend/service/shared/auth/session_service.go:353.45,354.48 1 3
Qingyu_backend/service/shared/auth/session_service.go:354.48,355.70 1 4
Qingyu_backend/service/shared/auth/session_service.go:355.70,357.5 1 0
Qingyu_backend/service/shared/auth/session_service.go:362.2,363.60 2 2
Qingyu_backend/service/shared/auth/session_service.go:363.60,365.62 2 2
Qingyu_backend/service/shared/auth/session_service.go:365.62,373.12 2 0
Qingyu_backend/service/shared/auth/session_service.go:376.3,381.4 2 2
Qingyu_backend/service/shared/auth/session_service.go:384.2,390.12 2 2
Qingyu_backend/service/shared/auth/session_service.go:394.104,396.57 1 30
Qingyu_backend/service/shared/auth/session_service.go:396.57,402.17 4 30
Qingyu_backend/service/shared/auth/session_service.go:402.17,404.4 1 16
Qingyu_backend/service/shared/auth/session_service.go:407.3,408.33 2 30
Qingyu_backend/service/shared/auth/session_service.go:408.33,409.23 1 23
Qingyu_backend/service/shared/auth/session_service.go:409.23,411.10 2 0
Qingyu_backend/service/shared/auth/session_service.go:414.3,414.13 1 30
Qingyu_backend/service/shared/auth/session_service.go:414.13,416.4 1 30
Qingyu_backend/service/shared/auth/session_service.go:419.3,419.56 1 30
Qingyu_backend/service/shared/auth/session_service.go:424.109,426.57 1 6
Qingyu_backend/service/shared/auth/session_service.go:426.57,431.17 3 6
Qingyu_backend/service/shared/auth/session_service.go:431.17,433.4 1 0
Qingyu_backend/service/shared/auth/session_service.go:435.3,436.68 2 6
Qingyu_backend/service/shared/auth/session_service.go:436.68,438.4 1 0
Qingyu_backend/service/shared/auth/session_service.go:441.3,442.33 2 6
Qingyu_backend/service/shared/auth/session_service.go:442.33,443.23 1 12
Qingyu_backend/service/shared/auth/session_service.go:443.23,445.5 1 6
Qingyu_backend/service/shared/auth/session_service.go:449.3,449.59 1 6
Qingyu_backend/service/shared/auth/session_service.go:454.113,457.26 2 36
Qingyu_backend/service/shared/auth/session_service.go:457.26,460.3 1 2
Qingyu_backend/service/shared/auth/session_service.go:463.2,464.16 2 34
Qingyu_backend/service/shared/auth/session_service.go:464.16,466.3 1 0
Qingyu_backend/service/shared/auth/session_service.go:469.2,469.89 1 34
Qingyu_backend/service/shared/auth/session_service.go:473.86,481.2 1 0
Qingyu_backend/service/shared/auth/session_service.go:486.49,489.12 2 15
Qingyu_backend/service/shared/auth/session_service.go:489.12,490.16 1 15
Qingyu_backend/service/shared/auth/session_service.go:490.16,491.32 1 0
Qingyu_backend/service/shared/auth/session_service.go:491.32,493.5 1 0
Qingyu_backend/service/shared/auth/session_service.go:496.3,496.7 1 15
Qingyu_backend/service/shared/auth/session_service.go:496.7,497.11 1 15
Qingyu_backend/service/shared/auth/session_service.go:498.29,501.57 2 0
Qingyu_backend/service/shared/auth/session_service.go:501.57,503.6 1 0
Qingyu_backend/service/shared/auth/session_service.go:503.11,505.6 1 0
Qingyu_backend/service/shared/auth/session_service.go:506.25,509.11 3 0
Qingyu_backend/service/shared/auth/session_service.go:514.2,514.91 1 15
Qingyu_backend/service/shared/auth/session_service.go:518.48,519.28 1 0
Qingyu_backend/service/shared/auth/session_service.go:519.28,520.10 1 0
Qingyu_backend/service/shared/auth/session_service.go:521.30,521.30 0 0
Qingyu_backend/service/shared/auth/session_service.go:522.11,522.11 0 0
Qingyu_backend/service/shared/auth/session_service.go:528.80,544.2 3 0
Qingyu_backend/service/shared/auth/session_service.go:549.103,558.16 4 36
Qingyu_backend/service/shared/auth/session_service.go:558.16,560.3 1 0
Qingyu_backend/service/shared/auth/session_service.go:562.2,562.18 1 36
Qingyu_backend/service/shared/auth/session_service.go:566.95,569.2 2 36
Qingyu_backend/service/shared/auth/session_service.go:572.74,574.2 1 72
Qingyu_backend/service/shared/auth/session_service.go:577.109,585.34 5 36
Qingyu_backend/service/shared/auth/session_service.go:585.34,587.17 2 36
Qingyu_backend/service/shared/auth/session_service.go:587.17,589.4 1 0
Qingyu_backend/service/shared/auth/session_service.go:590.3,590.15 1 36
Qingyu_backend/service/shared/auth/session_service.go:590.15,591.9 1 36
Qingyu_backend/service/shared/auth/session_service.go:594.3,595.18 2 0
Qingyu_backend/service/shared/auth/session_service.go:598.2,598.15 1 36
Qingyu_backend/service/shared/auth/session_service.go:598.15,600.3 1 0
Qingyu_backend/service/shared/auth/session_service.go:603.2,603.15 1 36
Qingyu_backend/service/shared/auth/session_service.go:603.15,604.63 1 36
Qingyu_backend/service/shared/auth/session_service.go:604.63,609.4 1 0
Qingyu_backend/service/shared/auth/session_service.go:613.2,613.13 1 36
