mode: set
Qingyu_backend/service/shared/storage/backend_factory.go:29.52,31.2 1 0
Qingyu_backend/service/shared/storage/backend_factory.go:43.52,45.2 1 0
Qingyu_backend/service/shared/storage/backend_factory.go:52.42,54.2 1 0
Qingyu_backend/service/shared/storage/backend_factory.go:57.86,58.19 1 0
Qingyu_backend/service/shared/storage/backend_factory.go:58.19,60.3 1 0
Qingyu_backend/service/shared/storage/backend_factory.go:62.2,62.26 1 0
Qingyu_backend/service/shared/storage/backend_factory.go:63.24,64.38 1 0
Qingyu_backend/service/shared/storage/backend_factory.go:65.24,66.38 1 0
Qingyu_backend/service/shared/storage/backend_factory.go:67.22,68.60 1 0
Qingyu_backend/service/shared/storage/backend_factory.go:69.22,70.60 1 0
Qingyu_backend/service/shared/storage/backend_factory.go:71.21,72.59 1 0
Qingyu_backend/service/shared/storage/backend_factory.go:73.10,74.75 1 0
Qingyu_backend/service/shared/storage/backend_factory.go:79.91,81.9 2 0
Qingyu_backend/service/shared/storage/backend_factory.go:81.9,83.3 1 0
Qingyu_backend/service/shared/storage/backend_factory.go:85.2,85.32 1 0
Qingyu_backend/service/shared/storage/backend_factory.go:85.32,87.3 1 0
Qingyu_backend/service/shared/storage/backend_factory.go:89.2,89.72 1 0
Qingyu_backend/service/shared/storage/backend_factory.go:93.91,95.9 2 0
Qingyu_backend/service/shared/storage/backend_factory.go:95.9,97.3 1 0
Qingyu_backend/service/shared/storage/backend_factory.go:99.2,99.32 1 0
Qingyu_backend/service/shared/storage/backend_factory.go:99.32,101.3 1 0
Qingyu_backend/service/shared/storage/backend_factory.go:102.2,102.33 1 0
Qingyu_backend/service/shared/storage/backend_factory.go:102.33,104.3 1 0
Qingyu_backend/service/shared/storage/backend_factory.go:105.2,105.33 1 0
Qingyu_backend/service/shared/storage/backend_factory.go:105.33,107.3 1 0
Qingyu_backend/service/shared/storage/backend_factory.go:108.2,108.34 1 0
Qingyu_backend/service/shared/storage/backend_factory.go:108.34,110.3 1 0
Qingyu_backend/service/shared/storage/backend_factory.go:112.2,119.4 1 0
Qingyu_backend/service/shared/storage/backend_factory.go:123.63,131.2 1 0
Qingyu_backend/service/shared/storage/backend_factory.go:134.69,135.19 1 0
Qingyu_backend/service/shared/storage/backend_factory.go:135.19,137.3 1 0
Qingyu_backend/service/shared/storage/backend_factory.go:139.2,139.26 1 0
Qingyu_backend/service/shared/storage/backend_factory.go:140.24,142.10 2 0
Qingyu_backend/service/shared/storage/backend_factory.go:142.10,144.4 1 0
Qingyu_backend/service/shared/storage/backend_factory.go:145.3,145.33 1 0
Qingyu_backend/service/shared/storage/backend_factory.go:145.33,147.4 1 0
Qingyu_backend/service/shared/storage/backend_factory.go:148.3,148.13 1 0
Qingyu_backend/service/shared/storage/backend_factory.go:150.24,152.10 2 0
Qingyu_backend/service/shared/storage/backend_factory.go:152.10,154.4 1 0
Qingyu_backend/service/shared/storage/backend_factory.go:155.3,155.33 1 0
Qingyu_backend/service/shared/storage/backend_factory.go:155.33,157.4 1 0
Qingyu_backend/service/shared/storage/backend_factory.go:158.3,158.34 1 0
Qingyu_backend/service/shared/storage/backend_factory.go:158.34,160.4 1 0
Qingyu_backend/service/shared/storage/backend_factory.go:161.3,161.34 1 0
Qingyu_backend/service/shared/storage/backend_factory.go:161.34,163.4 1 0
Qingyu_backend/service/shared/storage/backend_factory.go:164.3,164.35 1 0
Qingyu_backend/service/shared/storage/backend_factory.go:164.35,166.4 1 0
Qingyu_backend/service/shared/storage/backend_factory.go:167.3,167.13 1 0
Qingyu_backend/service/shared/storage/backend_factory.go:169.10,170.70 1 0
Qingyu_backend/service/shared/storage/image_processor.go:23.64,27.2 1 0
Qingyu_backend/service/shared/storage/image_processor.go:72.117,75.16 2 0
Qingyu_backend/service/shared/storage/image_processor.go:75.16,77.3 1 0
Qingyu_backend/service/shared/storage/image_processor.go:78.2,82.16 3 0
Qingyu_backend/service/shared/storage/image_processor.go:82.16,84.3 1 0
Qingyu_backend/service/shared/storage/image_processor.go:87.2,88.24 2 0
Qingyu_backend/service/shared/storage/image_processor.go:88.24,90.17 2 0
Qingyu_backend/service/shared/storage/image_processor.go:90.17,92.4 1 0
Qingyu_backend/service/shared/storage/image_processor.go:96.2,97.58 2 0
Qingyu_backend/service/shared/storage/image_processor.go:97.58,99.3 1 0
Qingyu_backend/service/shared/storage/image_processor.go:102.2,104.16 3 0
Qingyu_backend/service/shared/storage/image_processor.go:104.16,106.3 1 0
Qingyu_backend/service/shared/storage/image_processor.go:109.2,110.16 2 0
Qingyu_backend/service/shared/storage/image_processor.go:110.16,112.3 1 0
Qingyu_backend/service/shared/storage/image_processor.go:115.2,121.8 2 0
Qingyu_backend/service/shared/storage/image_processor.go:125.141,141.16 3 0
Qingyu_backend/service/shared/storage/image_processor.go:141.16,143.3 1 0
Qingyu_backend/service/shared/storage/image_processor.go:145.2,145.27 1 0
Qingyu_backend/service/shared/storage/image_processor.go:149.109,162.16 3 0
Qingyu_backend/service/shared/storage/image_processor.go:162.16,164.3 1 0
Qingyu_backend/service/shared/storage/image_processor.go:166.2,166.28 1 0
Qingyu_backend/service/shared/storage/image_processor.go:170.117,186.16 3 0
Qingyu_backend/service/shared/storage/image_processor.go:186.16,188.3 1 0
Qingyu_backend/service/shared/storage/image_processor.go:190.2,190.25 1 0
Qingyu_backend/service/shared/storage/image_processor.go:194.117,206.16 3 0
Qingyu_backend/service/shared/storage/image_processor.go:206.16,208.3 1 0
Qingyu_backend/service/shared/storage/image_processor.go:210.2,210.27 1 0
Qingyu_backend/service/shared/storage/image_processor.go:216.104,220.21 2 0
Qingyu_backend/service/shared/storage/image_processor.go:220.21,227.3 1 0
Qingyu_backend/service/shared/storage/image_processor.go:230.2,230.57 1 0
Qingyu_backend/service/shared/storage/image_processor.go:230.57,231.27 1 0
Qingyu_backend/service/shared/storage/image_processor.go:231.27,233.59 1 0
Qingyu_backend/service/shared/storage/image_processor.go:233.59,235.5 1 0
Qingyu_backend/service/shared/storage/image_processor.go:235.10,235.38 1 0
Qingyu_backend/service/shared/storage/image_processor.go:235.38,237.5 1 0
Qingyu_backend/service/shared/storage/image_processor.go:237.10,239.5 1 0
Qingyu_backend/service/shared/storage/image_processor.go:240.9,244.18 3 0
Qingyu_backend/service/shared/storage/image_processor.go:244.18,246.5 1 0
Qingyu_backend/service/shared/storage/image_processor.go:247.4,247.19 1 0
Qingyu_backend/service/shared/storage/image_processor.go:247.19,249.5 1 0
Qingyu_backend/service/shared/storage/image_processor.go:250.4,250.67 1 0
Qingyu_backend/service/shared/storage/image_processor.go:259.2,259.20 1 0
Qingyu_backend/service/shared/storage/image_processor.go:263.116,265.37 2 0
Qingyu_backend/service/shared/storage/image_processor.go:265.37,267.3 1 0
Qingyu_backend/service/shared/storage/image_processor.go:269.2,269.33 1 0
Qingyu_backend/service/shared/storage/image_processor.go:270.21,271.62 1 0
Qingyu_backend/service/shared/storage/image_processor.go:272.13,274.32 2 0
Qingyu_backend/service/shared/storage/image_processor.go:275.10,277.62 1 0
Qingyu_backend/service/shared/storage/image_processor.go:282.88,286.2 3 0
Qingyu_backend/service/shared/storage/image_processor.go:289.70,293.2 3 0
Qingyu_backend/service/shared/storage/image_processor.go:296.67,300.2 3 0
Qingyu_backend/service/shared/storage/image_processor.go:303.90,306.2 2 0
Qingyu_backend/service/shared/storage/image_processor.go:309.99,311.16 2 0
Qingyu_backend/service/shared/storage/image_processor.go:311.16,313.3 1 0
Qingyu_backend/service/shared/storage/image_processor.go:314.2,317.16 3 0
Qingyu_backend/service/shared/storage/image_processor.go:317.16,319.3 1 0
Qingyu_backend/service/shared/storage/image_processor.go:321.2,325.8 1 0
Qingyu_backend/service/shared/storage/local_backend.go:19.62,24.2 1 0
Qingyu_backend/service/shared/storage/local_backend.go:27.87,33.47 3 0
Qingyu_backend/service/shared/storage/local_backend.go:33.47,35.3 1 0
Qingyu_backend/service/shared/storage/local_backend.go:38.2,39.16 2 0
Qingyu_backend/service/shared/storage/local_backend.go:39.16,41.3 1 0
Qingyu_backend/service/shared/storage/local_backend.go:42.2,46.16 3 0
Qingyu_backend/service/shared/storage/local_backend.go:46.16,48.3 1 0
Qingyu_backend/service/shared/storage/local_backend.go:50.2,50.12 1 0
Qingyu_backend/service/shared/storage/local_backend.go:54.86,58.16 3 0
Qingyu_backend/service/shared/storage/local_backend.go:58.16,59.25 1 0
Qingyu_backend/service/shared/storage/local_backend.go:59.25,61.4 1 0
Qingyu_backend/service/shared/storage/local_backend.go:62.3,62.56 1 0
Qingyu_backend/service/shared/storage/local_backend.go:65.2,65.18 1 0
Qingyu_backend/service/shared/storage/local_backend.go:69.71,72.44 2 0
Qingyu_backend/service/shared/storage/local_backend.go:72.44,73.25 1 0
Qingyu_backend/service/shared/storage/local_backend.go:73.25,75.4 1 0
Qingyu_backend/service/shared/storage/local_backend.go:76.3,76.51 1 0
Qingyu_backend/service/shared/storage/local_backend.go:79.2,79.12 1 0
Qingyu_backend/service/shared/storage/local_backend.go:83.79,87.16 3 0
Qingyu_backend/service/shared/storage/local_backend.go:87.16,88.25 1 0
Qingyu_backend/service/shared/storage/local_backend.go:88.25,90.4 1 0
Qingyu_backend/service/shared/storage/local_backend.go:91.3,91.20 1 0
Qingyu_backend/service/shared/storage/local_backend.go:94.2,94.18 1 0
Qingyu_backend/service/shared/storage/local_backend.go:98.106,103.2 2 0
Qingyu_backend/service/shared/storage/minio_backend.go:32.66,38.16 2 0
Qingyu_backend/service/shared/storage/minio_backend.go:38.16,40.3 1 0
Qingyu_backend/service/shared/storage/minio_backend.go:43.2,44.20 2 0
Qingyu_backend/service/shared/storage/minio_backend.go:44.20,46.3 1 0
Qingyu_backend/service/shared/storage/minio_backend.go:48.2,58.16 4 0
Qingyu_backend/service/shared/storage/minio_backend.go:58.16,60.3 1 0
Qingyu_backend/service/shared/storage/minio_backend.go:62.2,62.13 1 0
Qingyu_backend/service/shared/storage/minio_backend.go:62.13,67.17 2 0
Qingyu_backend/service/shared/storage/minio_backend.go:67.17,69.4 1 0
Qingyu_backend/service/shared/storage/minio_backend.go:72.2,72.21 1 0
Qingyu_backend/service/shared/storage/minio_backend.go:76.87,88.16 2 0
Qingyu_backend/service/shared/storage/minio_backend.go:88.16,90.3 1 0
Qingyu_backend/service/shared/storage/minio_backend.go:92.2,92.12 1 0
Qingyu_backend/service/shared/storage/minio_backend.go:96.127,98.23 2 0
Qingyu_backend/service/shared/storage/minio_backend.go:98.23,100.3 1 0
Qingyu_backend/service/shared/storage/minio_backend.go:100.8,102.3 1 0
Qingyu_backend/service/shared/storage/minio_backend.go:104.2,112.16 2 0
Qingyu_backend/service/shared/storage/minio_backend.go:112.16,114.3 1 0
Qingyu_backend/service/shared/storage/minio_backend.go:116.2,116.12 1 0
Qingyu_backend/service/shared/storage/minio_backend.go:120.86,122.16 2 0
Qingyu_backend/service/shared/storage/minio_backend.go:122.16,124.3 1 0
Qingyu_backend/service/shared/storage/minio_backend.go:127.2,128.16 2 0
Qingyu_backend/service/shared/storage/minio_backend.go:128.16,131.3 2 0
Qingyu_backend/service/shared/storage/minio_backend.go:133.2,133.20 1 0
Qingyu_backend/service/shared/storage/minio_backend.go:137.71,139.16 2 0
Qingyu_backend/service/shared/storage/minio_backend.go:139.16,141.3 1 0
Qingyu_backend/service/shared/storage/minio_backend.go:143.2,143.12 1 0
Qingyu_backend/service/shared/storage/minio_backend.go:147.79,149.16 2 0
Qingyu_backend/service/shared/storage/minio_backend.go:149.16,152.38 2 0
Qingyu_backend/service/shared/storage/minio_backend.go:152.38,154.4 1 0
Qingyu_backend/service/shared/storage/minio_backend.go:155.3,155.70 1 0
Qingyu_backend/service/shared/storage/minio_backend.go:158.2,158.18 1 0
Qingyu_backend/service/shared/storage/minio_backend.go:162.106,165.16 2 0
Qingyu_backend/service/shared/storage/minio_backend.go:165.16,167.3 1 0
Qingyu_backend/service/shared/storage/minio_backend.go:169.2,169.26 1 0
Qingyu_backend/service/shared/storage/minio_backend.go:173.112,175.16 2 0
Qingyu_backend/service/shared/storage/minio_backend.go:175.16,177.3 1 0
Qingyu_backend/service/shared/storage/minio_backend.go:179.2,179.26 1 0
Qingyu_backend/service/shared/storage/minio_backend.go:183.97,185.16 2 0
Qingyu_backend/service/shared/storage/minio_backend.go:185.16,187.3 1 0
Qingyu_backend/service/shared/storage/minio_backend.go:189.2,189.19 1 0
Qingyu_backend/service/shared/storage/minio_backend.go:193.112,199.2 2 0
Qingyu_backend/service/shared/storage/minio_backend.go:202.88,214.16 4 0
Qingyu_backend/service/shared/storage/minio_backend.go:214.16,216.3 1 0
Qingyu_backend/service/shared/storage/minio_backend.go:218.2,218.12 1 0
Qingyu_backend/service/shared/storage/minio_backend.go:224.118,228.2 1 0
Qingyu_backend/service/shared/storage/minio_backend.go:232.121,236.2 1 0
Qingyu_backend/service/shared/storage/minio_backend.go:239.92,242.2 1 0
Qingyu_backend/service/shared/storage/minio_backend.go:245.89,248.2 1 0
Qingyu_backend/service/shared/storage/minio_backend.go:253.82,255.16 2 0
Qingyu_backend/service/shared/storage/minio_backend.go:255.16,257.3 1 0
Qingyu_backend/service/shared/storage/minio_backend.go:258.2,258.12 1 0
Qingyu_backend/service/shared/storage/minio_backend.go:262.77,264.16 2 0
Qingyu_backend/service/shared/storage/minio_backend.go:264.16,266.3 1 0
Qingyu_backend/service/shared/storage/minio_backend.go:267.2,267.20 1 0
Qingyu_backend/service/shared/storage/minio_backend.go:271.110,286.16 4 0
Qingyu_backend/service/shared/storage/minio_backend.go:286.16,288.3 1 0
Qingyu_backend/service/shared/storage/minio_backend.go:290.2,290.12 1 0
Qingyu_backend/service/shared/storage/minio_backend.go:294.50,296.2 1 0
Qingyu_backend/service/shared/storage/minio_backend.go:299.63,302.16 2 0
Qingyu_backend/service/shared/storage/minio_backend.go:302.16,304.3 1 0
Qingyu_backend/service/shared/storage/minio_backend.go:305.2,305.13 1 0
Qingyu_backend/service/shared/storage/minio_backend.go:305.13,307.3 1 0
Qingyu_backend/service/shared/storage/minio_backend.go:308.2,308.12 1 0
Qingyu_backend/service/shared/storage/multipart_upload_service.go:24.118,32.2 1 1
Qingyu_backend/service/shared/storage/multipart_upload_service.go:72.158,74.23 1 1
Qingyu_backend/service/shared/storage/multipart_upload_service.go:74.23,76.3 1 1
Qingyu_backend/service/shared/storage/multipart_upload_service.go:79.2,80.23 2 1
Qingyu_backend/service/shared/storage/multipart_upload_service.go:80.23,81.71 1 1
Qingyu_backend/service/shared/storage/multipart_upload_service.go:81.71,83.4 1 1
Qingyu_backend/service/shared/storage/multipart_upload_service.go:84.3,84.28 1 1
Qingyu_backend/service/shared/storage/multipart_upload_service.go:88.2,89.33 2 1
Qingyu_backend/service/shared/storage/multipart_upload_service.go:89.33,91.3 1 1
Qingyu_backend/service/shared/storage/multipart_upload_service.go:94.2,119.16 8 1
Qingyu_backend/service/shared/storage/multipart_upload_service.go:119.16,121.3 1 1
Qingyu_backend/service/shared/storage/multipart_upload_service.go:124.2,130.8 1 1
Qingyu_backend/service/shared/storage/multipart_upload_service.go:134.98,137.16 2 1
Qingyu_backend/service/shared/storage/multipart_upload_service.go:137.16,139.3 1 1
Qingyu_backend/service/shared/storage/multipart_upload_service.go:142.2,142.64 1 1
Qingyu_backend/service/shared/storage/multipart_upload_service.go:142.64,144.3 1 1
Qingyu_backend/service/shared/storage/multipart_upload_service.go:147.2,147.40 1 1
Qingyu_backend/service/shared/storage/multipart_upload_service.go:147.40,149.3 1 0
Qingyu_backend/service/shared/storage/multipart_upload_service.go:152.2,152.64 1 1
Qingyu_backend/service/shared/storage/multipart_upload_service.go:152.64,154.3 1 1
Qingyu_backend/service/shared/storage/multipart_upload_service.go:157.2,157.54 1 1
Qingyu_backend/service/shared/storage/multipart_upload_service.go:157.54,158.38 1 1
Qingyu_backend/service/shared/storage/multipart_upload_service.go:158.38,160.4 1 1
Qingyu_backend/service/shared/storage/multipart_upload_service.go:164.2,164.24 1 1
Qingyu_backend/service/shared/storage/multipart_upload_service.go:164.24,166.17 2 1
Qingyu_backend/service/shared/storage/multipart_upload_service.go:166.17,168.4 1 0
Qingyu_backend/service/shared/storage/multipart_upload_service.go:169.3,169.36 1 1
Qingyu_backend/service/shared/storage/multipart_upload_service.go:169.36,171.4 1 1
Qingyu_backend/service/shared/storage/multipart_upload_service.go:173.3,173.50 1 0
Qingyu_backend/service/shared/storage/multipart_upload_service.go:173.50,175.4 1 0
Qingyu_backend/service/shared/storage/multipart_upload_service.go:179.2,181.16 3 1
Qingyu_backend/service/shared/storage/multipart_upload_service.go:181.16,183.3 1 1
Qingyu_backend/service/shared/storage/multipart_upload_service.go:186.2,191.16 3 1
Qingyu_backend/service/shared/storage/multipart_upload_service.go:191.16,193.3 1 0
Qingyu_backend/service/shared/storage/multipart_upload_service.go:195.2,195.12 1 1
Qingyu_backend/service/shared/storage/multipart_upload_service.go:199.148,202.16 2 1
Qingyu_backend/service/shared/storage/multipart_upload_service.go:202.16,204.3 1 1
Qingyu_backend/service/shared/storage/multipart_upload_service.go:207.2,207.54 1 1
Qingyu_backend/service/shared/storage/multipart_upload_service.go:207.54,209.3 1 1
Qingyu_backend/service/shared/storage/multipart_upload_service.go:214.2,216.16 3 1
Qingyu_backend/service/shared/storage/multipart_upload_service.go:216.16,218.3 1 0
Qingyu_backend/service/shared/storage/multipart_upload_service.go:221.2,234.16 3 1
Qingyu_backend/service/shared/storage/multipart_upload_service.go:234.16,236.3 1 1
Qingyu_backend/service/shared/storage/multipart_upload_service.go:239.2,240.16 2 1
Qingyu_backend/service/shared/storage/multipart_upload_service.go:240.16,242.3 1 0
Qingyu_backend/service/shared/storage/multipart_upload_service.go:245.2,247.26 2 1
Qingyu_backend/service/shared/storage/multipart_upload_service.go:251.99,254.16 2 1
Qingyu_backend/service/shared/storage/multipart_upload_service.go:254.16,256.3 1 1
Qingyu_backend/service/shared/storage/multipart_upload_service.go:259.2,260.16 2 1
Qingyu_backend/service/shared/storage/multipart_upload_service.go:260.16,263.3 1 0
Qingyu_backend/service/shared/storage/multipart_upload_service.go:266.2,267.16 2 1
Qingyu_backend/service/shared/storage/multipart_upload_service.go:267.16,269.3 1 0
Qingyu_backend/service/shared/storage/multipart_upload_service.go:271.2,271.12 1 1
Qingyu_backend/service/shared/storage/multipart_upload_service.go:275.147,277.2 1 1
Qingyu_backend/service/shared/storage/multipart_upload_service.go:280.107,282.16 2 1
Qingyu_backend/service/shared/storage/multipart_upload_service.go:282.16,284.3 1 1
Qingyu_backend/service/shared/storage/multipart_upload_service.go:286.2,286.29 1 1
Qingyu_backend/service/shared/storage/multipart_upload_service.go:286.29,288.3 1 0
Qingyu_backend/service/shared/storage/multipart_upload_service.go:290.2,291.22 2 1
Qingyu_backend/service/shared/storage/multipart_upload_service.go:297.129,302.44 1 1
Qingyu_backend/service/shared/storage/multipart_upload_service.go:302.44,306.3 1 0
Qingyu_backend/service/shared/storage/multipart_upload_service.go:310.2,310.12 1 1
Qingyu_backend/service/shared/storage/multipart_upload_service.go:314.113,316.42 1 1
Qingyu_backend/service/shared/storage/multipart_upload_service.go:316.42,319.17 3 1
Qingyu_backend/service/shared/storage/multipart_upload_service.go:319.17,322.4 1 0
Qingyu_backend/service/shared/storage/multipart_upload_service.go:324.2,324.12 1 1
Qingyu_backend/service/shared/storage/multipart_upload_service.go:328.59,330.49 2 1
Qingyu_backend/service/shared/storage/multipart_upload_service.go:330.49,332.3 1 0
Qingyu_backend/service/shared/storage/multipart_upload_service.go:333.2,333.47 1 1
Qingyu_backend/service/shared/storage/multipart_upload_service.go:337.32,339.2 1 1
Qingyu_backend/service/shared/storage/multipart_upload_service.go:342.42,345.2 1 1
Qingyu_backend/service/shared/storage/repository_adapter.go:14.77,16.2 1 0
Qingyu_backend/service/shared/storage/repository_adapter.go:19.79,21.2 1 0
Qingyu_backend/service/shared/storage/repository_adapter.go:24.88,26.2 1 0
Qingyu_backend/service/shared/storage/repository_adapter.go:29.110,31.2 1 0
Qingyu_backend/service/shared/storage/repository_adapter.go:34.78,36.2 1 0
Qingyu_backend/service/shared/storage/repository_adapter.go:39.121,50.2 3 0
Qingyu_backend/service/shared/storage/repository_adapter.go:53.91,55.2 1 0
Qingyu_backend/service/shared/storage/repository_adapter.go:58.92,60.2 1 0
Qingyu_backend/service/shared/storage/repository_adapter.go:63.99,65.2 1 0
Qingyu_backend/service/shared/storage/storage_service.go:53.88,59.2 1 0
Qingyu_backend/service/shared/storage/storage_service.go:64.97,76.21 7 0
Qingyu_backend/service/shared/storage/storage_service.go:76.21,80.3 1 0
Qingyu_backend/service/shared/storage/storage_service.go:83.2,83.67 1 0
Qingyu_backend/service/shared/storage/storage_service.go:83.67,85.3 1 0
Qingyu_backend/service/shared/storage/storage_service.go:88.2,104.57 2 0
Qingyu_backend/service/shared/storage/storage_service.go:104.57,108.3 2 0
Qingyu_backend/service/shared/storage/storage_service.go:110.2,110.22 1 0
Qingyu_backend/service/shared/storage/storage_service.go:114.98,117.16 2 0
Qingyu_backend/service/shared/storage/storage_service.go:117.16,119.3 1 0
Qingyu_backend/service/shared/storage/storage_service.go:122.2,123.16 2 0
Qingyu_backend/service/shared/storage/storage_service.go:123.16,125.3 1 0
Qingyu_backend/service/shared/storage/storage_service.go:128.2,128.12 1 0
Qingyu_backend/service/shared/storage/storage_service.go:128.12,132.3 1 0
Qingyu_backend/service/shared/storage/storage_service.go:134.2,134.20 1 0
Qingyu_backend/service/shared/storage/storage_service.go:138.79,141.16 2 0
Qingyu_backend/service/shared/storage/storage_service.go:141.16,143.3 1 0
Qingyu_backend/service/shared/storage/storage_service.go:146.2,146.61 1 0
Qingyu_backend/service/shared/storage/storage_service.go:146.61,149.3 1 0
Qingyu_backend/service/shared/storage/storage_service.go:152.2,152.55 1 0
Qingyu_backend/service/shared/storage/storage_service.go:152.55,154.3 1 0
Qingyu_backend/service/shared/storage/storage_service.go:156.2,156.12 1 0
Qingyu_backend/service/shared/storage/storage_service.go:160.97,162.16 2 0
Qingyu_backend/service/shared/storage/storage_service.go:162.16,164.3 1 0
Qingyu_backend/service/shared/storage/storage_service.go:165.2,165.22 1 0
Qingyu_backend/service/shared/storage/storage_service.go:171.92,173.2 1 0
Qingyu_backend/service/shared/storage/storage_service.go:176.93,178.2 1 0
Qingyu_backend/service/shared/storage/storage_service.go:181.100,184.16 2 0
Qingyu_backend/service/shared/storage/storage_service.go:184.16,186.3 1 0
Qingyu_backend/service/shared/storage/storage_service.go:189.2,189.23 1 0
Qingyu_backend/service/shared/storage/storage_service.go:189.23,191.3 1 0
Qingyu_backend/service/shared/storage/storage_service.go:194.2,194.31 1 0
Qingyu_backend/service/shared/storage/storage_service.go:194.31,196.3 1 0
Qingyu_backend/service/shared/storage/storage_service.go:199.2,199.52 1 0
Qingyu_backend/service/shared/storage/storage_service.go:205.105,208.15 2 0
Qingyu_backend/service/shared/storage/storage_service.go:208.15,210.3 1 0
Qingyu_backend/service/shared/storage/storage_service.go:211.2,212.19 2 0
Qingyu_backend/service/shared/storage/storage_service.go:212.19,214.3 1 0
Qingyu_backend/service/shared/storage/storage_service.go:215.2,215.20 1 0
Qingyu_backend/service/shared/storage/storage_service.go:215.20,217.3 1 0
Qingyu_backend/service/shared/storage/storage_service.go:219.2,219.71 1 0
Qingyu_backend/service/shared/storage/storage_service.go:223.122,226.16 2 0
Qingyu_backend/service/shared/storage/storage_service.go:226.16,228.3 1 0
Qingyu_backend/service/shared/storage/storage_service.go:231.2,232.16 2 0
Qingyu_backend/service/shared/storage/storage_service.go:232.16,234.3 1 0
Qingyu_backend/service/shared/storage/storage_service.go:236.2,236.17 1 0
Qingyu_backend/service/shared/storage/storage_service.go:242.68,246.2 3 0
Qingyu_backend/service/shared/storage/storage_service.go:249.47,252.2 2 0
Qingyu_backend/service/shared/storage/storage_service.go:255.43,257.2 1 0
Qingyu_backend/service/shared/storage/storage_service.go:260.43,262.2 1 0
Qingyu_backend/service/shared/storage/storage_service.go:265.43,267.2 1 0
Qingyu_backend/service/shared/storage/storage_service.go:270.30,274.2 3 1
Qingyu_backend/service/shared/storage/storage_service.go:279.68,280.19 1 0
Qingyu_backend/service/shared/storage/storage_service.go:280.19,282.3 1 0
Qingyu_backend/service/shared/storage/storage_service.go:285.2,285.22 1 0
Qingyu_backend/service/shared/storage/storage_service.go:285.22,287.3 1 0
Qingyu_backend/service/shared/storage/storage_service.go:288.2,288.23 1 0
Qingyu_backend/service/shared/storage/storage_service.go:288.23,290.3 1 0
Qingyu_backend/service/shared/storage/storage_service.go:293.2,294.12 2 0
Qingyu_backend/service/shared/storage/storage_service.go:298.64,299.20 1 0
Qingyu_backend/service/shared/storage/storage_service.go:299.20,301.3 1 0
Qingyu_backend/service/shared/storage/storage_service.go:304.2,305.16 2 0
Qingyu_backend/service/shared/storage/storage_service.go:305.16,307.3 1 0
Qingyu_backend/service/shared/storage/storage_service.go:308.2,309.12 2 0
Qingyu_backend/service/shared/storage/storage_service.go:313.63,317.2 2 0
Qingyu_backend/service/shared/storage/storage_service.go:320.54,322.2 1 0
Qingyu_backend/service/shared/storage/storage_service.go:325.50,327.2 1 0
