mode: set
Qingyu_backend/service/admin/admin_service.go:64.110,70.2 1 0
Qingyu_backend/service/admin/admin_service.go:75.96,77.55 1 0
Qingyu_backend/service/admin/admin_service.go:77.55,79.3 1 0
Qingyu_backend/service/admin/admin_service.go:82.2,83.16 2 0
Qingyu_backend/service/admin/admin_service.go:83.16,85.3 1 0
Qingyu_backend/service/admin/admin_service.go:87.2,88.22 2 0
Qingyu_backend/service/admin/admin_service.go:88.22,91.3 1 0
Qingyu_backend/service/admin/admin_service.go:91.8,100.57 2 0
Qingyu_backend/service/admin/admin_service.go:100.57,102.4 1 0
Qingyu_backend/service/admin/admin_service.go:106.2,107.28 2 0
Qingyu_backend/service/admin/admin_service.go:107.28,109.3 1 0
Qingyu_backend/service/admin/admin_service.go:111.2,119.68 2 0
Qingyu_backend/service/admin/admin_service.go:119.68,121.3 1 0
Qingyu_backend/service/admin/admin_service.go:124.2,135.12 2 0
Qingyu_backend/service/admin/admin_service.go:139.111,141.2 1 0
Qingyu_backend/service/admin/admin_service.go:146.90,147.20 1 0
Qingyu_backend/service/admin/admin_service.go:148.13,150.58 2 0
Qingyu_backend/service/admin/admin_service.go:151.15,152.38 1 0
Qingyu_backend/service/admin/admin_service.go:153.16,163.13 2 0
Qingyu_backend/service/admin/admin_service.go:164.10,165.67 1 0
Qingyu_backend/service/admin/admin_service.go:170.110,173.19 2 0
Qingyu_backend/service/admin/admin_service.go:173.19,176.3 1 0
Qingyu_backend/service/admin/admin_service.go:179.2,179.71 1 0
Qingyu_backend/service/admin/admin_service.go:179.71,181.3 1 0
Qingyu_backend/service/admin/admin_service.go:184.2,195.12 2 0
Qingyu_backend/service/admin/admin_service.go:199.80,201.58 1 0
Qingyu_backend/service/admin/admin_service.go:201.58,203.3 1 0
Qingyu_backend/service/admin/admin_service.go:206.2,212.12 2 0
Qingyu_backend/service/admin/admin_service.go:216.107,218.16 2 0
Qingyu_backend/service/admin/admin_service.go:218.16,220.3 1 0
Qingyu_backend/service/admin/admin_service.go:221.2,221.19 1 0
Qingyu_backend/service/admin/admin_service.go:227.128,230.15 2 0
Qingyu_backend/service/admin/admin_service.go:230.15,232.3 1 0
Qingyu_backend/service/admin/admin_service.go:234.2,246.12 2 0
Qingyu_backend/service/admin/admin_service.go:252.94,262.51 2 0
Qingyu_backend/service/admin/admin_service.go:262.51,264.3 1 0
Qingyu_backend/service/admin/admin_service.go:266.2,266.12 1 0
Qingyu_backend/service/admin/admin_service.go:270.108,273.15 2 0
Qingyu_backend/service/admin/admin_service.go:273.15,275.3 1 0
Qingyu_backend/service/admin/admin_service.go:276.2,277.19 2 0
Qingyu_backend/service/admin/admin_service.go:277.19,279.3 1 0
Qingyu_backend/service/admin/admin_service.go:280.2,280.20 1 0
Qingyu_backend/service/admin/admin_service.go:280.20,282.3 1 0
Qingyu_backend/service/admin/admin_service.go:284.2,294.16 3 0
Qingyu_backend/service/admin/admin_service.go:294.16,296.3 1 0
Qingyu_backend/service/admin/admin_service.go:298.2,298.18 1 0
Qingyu_backend/service/admin/admin_service.go:302.106,312.16 3 0
Qingyu_backend/service/admin/admin_service.go:312.16,314.3 1 0
Qingyu_backend/service/admin/admin_service.go:317.2,322.46 4 0
Qingyu_backend/service/admin/admin_service.go:322.46,324.3 1 0
Qingyu_backend/service/admin/admin_service.go:327.2,327.27 1 0
Qingyu_backend/service/admin/admin_service.go:327.27,337.46 3 0
Qingyu_backend/service/admin/admin_service.go:337.46,339.4 1 0
Qingyu_backend/service/admin/admin_service.go:342.2,344.39 2 0
Qingyu_backend/service/admin/admin_service.go:344.39,346.3 1 0
Qingyu_backend/service/admin/admin_service.go:348.2,348.38 1 0
Qingyu_backend/service/admin/admin_service.go:354.85,364.2 2 0
Qingyu_backend/service/admin/admin_service.go:367.86,376.2 2 0
Qingyu_backend/service/admin/admin_service.go:379.91,382.2 1 0
Qingyu_backend/service/admin/admin_service.go:385.145,397.2 2 0
Qingyu_backend/service/admin/admin_service.go:400.114,402.15 1 0
Qingyu_backend/service/admin/admin_service.go:402.15,404.3 1 0
Qingyu_backend/service/admin/admin_service.go:405.2,405.19 1 0
Qingyu_backend/service/admin/admin_service.go:405.19,407.3 1 0
Qingyu_backend/service/admin/admin_service.go:408.2,408.20 1 0
Qingyu_backend/service/admin/admin_service.go:408.20,410.3 1 0
Qingyu_backend/service/admin/admin_service.go:412.2,417.30 4 0
Qingyu_backend/service/admin/admin_service.go:421.89,431.2 2 0
Qingyu_backend/service/admin/admin_service.go:436.66,437.19 1 0
Qingyu_backend/service/admin/admin_service.go:437.19,439.3 1 0
Qingyu_backend/service/admin/admin_service.go:442.2,442.24 1 0
Qingyu_backend/service/admin/admin_service.go:442.24,444.3 1 0
Qingyu_backend/service/admin/admin_service.go:445.2,445.22 1 0
Qingyu_backend/service/admin/admin_service.go:445.22,447.3 1 0
Qingyu_backend/service/admin/admin_service.go:448.2,448.23 1 0
Qingyu_backend/service/admin/admin_service.go:448.23,450.3 1 0
Qingyu_backend/service/admin/admin_service.go:453.2,454.12 2 0
Qingyu_backend/service/admin/admin_service.go:458.62,459.20 1 0
Qingyu_backend/service/admin/admin_service.go:459.20,461.3 1 0
Qingyu_backend/service/admin/admin_service.go:464.2,464.12 1 0
Qingyu_backend/service/admin/admin_service.go:468.61,472.2 2 0
Qingyu_backend/service/admin/admin_service.go:475.52,477.2 1 0
Qingyu_backend/service/admin/admin_service.go:480.48,482.2 1 0
Qingyu_backend/service/admin/analytics_service.go:174.45,176.2 1 1
Qingyu_backend/service/admin/analytics_service.go:179.135,181.38 1 1
Qingyu_backend/service/admin/analytics_service.go:181.38,183.3 1 1
Qingyu_backend/service/admin/analytics_service.go:188.2,193.72 4 1
Qingyu_backend/service/admin/analytics_service.go:193.72,202.23 4 1
Qingyu_backend/service/admin/analytics_service.go:203.16,204.46 1 1
Qingyu_backend/service/admin/analytics_service.go:205.17,206.46 1 1
Qingyu_backend/service/admin/analytics_service.go:207.18,208.46 1 1
Qingyu_backend/service/admin/analytics_service.go:212.2,219.8 1 1
Qingyu_backend/service/admin/analytics_service.go:223.141,244.2 1 1
Qingyu_backend/service/admin/analytics_service.go:247.129,249.38 1 1
Qingyu_backend/service/admin/analytics_service.go:249.38,251.3 1 1
Qingyu_backend/service/admin/analytics_service.go:256.2,262.72 5 1
Qingyu_backend/service/admin/analytics_service.go:262.72,274.23 6 1
Qingyu_backend/service/admin/analytics_service.go:275.16,276.46 1 1
Qingyu_backend/service/admin/analytics_service.go:277.17,278.46 1 1
Qingyu_backend/service/admin/analytics_service.go:279.18,280.46 1 0
Qingyu_backend/service/admin/analytics_service.go:284.2,291.8 1 1
Qingyu_backend/service/admin/analytics_service.go:295.141,297.38 1 1
Qingyu_backend/service/admin/analytics_service.go:297.38,299.3 1 1
Qingyu_backend/service/admin/analytics_service.go:304.2,311.72 6 1
Qingyu_backend/service/admin/analytics_service.go:311.72,319.25 4 1
Qingyu_backend/service/admin/analytics_service.go:319.25,322.4 2 1
Qingyu_backend/service/admin/analytics_service.go:324.3,324.45 1 1
Qingyu_backend/service/admin/analytics_service.go:327.2,337.8 2 1
Qingyu_backend/service/admin/analytics_service.go:341.104,365.2 1 1
Qingyu_backend/service/admin/audit_log_service.go:66.79,70.2 1 1
Qingyu_backend/service/admin/audit_log_service.go:73.115,74.16 1 1
Qingyu_backend/service/admin/audit_log_service.go:74.16,76.3 1 1
Qingyu_backend/service/admin/audit_log_service.go:79.2,79.76 1 1
Qingyu_backend/service/admin/audit_log_service.go:79.76,81.3 1 1
Qingyu_backend/service/admin/audit_log_service.go:84.2,99.26 2 1
Qingyu_backend/service/admin/audit_log_service.go:99.26,100.25 1 1
Qingyu_backend/service/admin/audit_log_service.go:100.25,102.4 1 1
Qingyu_backend/service/admin/audit_log_service.go:103.3,103.42 1 1
Qingyu_backend/service/admin/audit_log_service.go:103.42,108.4 1 1
Qingyu_backend/service/admin/audit_log_service.go:111.2,111.43 1 1
Qingyu_backend/service/admin/audit_log_service.go:115.134,116.16 1 1
Qingyu_backend/service/admin/audit_log_service.go:116.16,118.3 1 1
Qingyu_backend/service/admin/audit_log_service.go:121.2,122.15 2 1
Qingyu_backend/service/admin/audit_log_service.go:122.15,124.3 1 1
Qingyu_backend/service/admin/audit_log_service.go:125.2,126.19 2 1
Qingyu_backend/service/admin/audit_log_service.go:126.19,128.3 1 1
Qingyu_backend/service/admin/audit_log_service.go:129.2,129.20 1 1
Qingyu_backend/service/admin/audit_log_service.go:129.20,131.3 1 1
Qingyu_backend/service/admin/audit_log_service.go:134.2,143.26 2 1
Qingyu_backend/service/admin/audit_log_service.go:143.26,145.3 1 1
Qingyu_backend/service/admin/audit_log_service.go:146.2,146.24 1 1
Qingyu_backend/service/admin/audit_log_service.go:146.24,148.3 1 1
Qingyu_backend/service/admin/audit_log_service.go:151.2,152.16 2 1
Qingyu_backend/service/admin/audit_log_service.go:152.16,154.3 1 0
Qingyu_backend/service/admin/audit_log_service.go:157.2,158.16 2 1
Qingyu_backend/service/admin/audit_log_service.go:158.16,160.3 1 0
Qingyu_backend/service/admin/audit_log_service.go:162.2,162.25 1 1
Qingyu_backend/service/admin/audit_log_service.go:166.135,167.24 1 1
Qingyu_backend/service/admin/audit_log_service.go:167.24,169.3 1 1
Qingyu_backend/service/admin/audit_log_service.go:170.2,170.22 1 1
Qingyu_backend/service/admin/audit_log_service.go:170.22,172.3 1 1
Qingyu_backend/service/admin/audit_log_service.go:174.2,174.63 1 1
Qingyu_backend/service/admin/audit_log_service.go:178.133,179.44 1 1
Qingyu_backend/service/admin/audit_log_service.go:179.44,181.3 1 1
Qingyu_backend/service/admin/audit_log_service.go:182.2,182.30 1 1
Qingyu_backend/service/admin/audit_log_service.go:182.30,184.3 1 1
Qingyu_backend/service/admin/audit_log_service.go:186.2,186.58 1 1
Qingyu_backend/service/admin/audit_log_service.go:190.93,191.25 1 1
Qingyu_backend/service/admin/audit_log_service.go:191.25,193.3 1 1
Qingyu_backend/service/admin/audit_log_service.go:195.2,195.48 1 1
Qingyu_backend/service/admin/audit_log_service.go:199.127,204.31 3 1
Qingyu_backend/service/admin/audit_log_service.go:204.31,206.3 1 1
Qingyu_backend/service/admin/audit_log_service.go:207.2,207.31 1 1
Qingyu_backend/service/admin/audit_log_service.go:207.31,209.3 1 1
Qingyu_backend/service/admin/audit_log_service.go:212.2,212.31 1 1
Qingyu_backend/service/admin/audit_log_service.go:212.31,217.55 3 1
Qingyu_backend/service/admin/audit_log_service.go:217.55,223.4 1 1
Qingyu_backend/service/admin/audit_log_service.go:226.2,226.16 1 1
Qingyu_backend/service/admin/export_service.go:59.39,63.2 1 1
Qingyu_backend/service/admin/export_service.go:68.121,70.62 1 1
Qingyu_backend/service/admin/export_service.go:70.62,72.3 1 1
Qingyu_backend/service/admin/export_service.go:74.2,79.30 4 1
Qingyu_backend/service/admin/export_service.go:79.30,81.3 1 1
Qingyu_backend/service/admin/export_service.go:82.2,82.46 1 1
Qingyu_backend/service/admin/export_service.go:82.46,84.3 1 0
Qingyu_backend/service/admin/export_service.go:87.2,87.28 1 1
Qingyu_backend/service/admin/export_service.go:87.28,90.31 2 1
Qingyu_backend/service/admin/export_service.go:90.31,92.50 2 1
Qingyu_backend/service/admin/export_service.go:92.50,94.5 1 0
Qingyu_backend/service/admin/export_service.go:95.9,99.50 3 0
Qingyu_backend/service/admin/export_service.go:99.50,101.5 1 0
Qingyu_backend/service/admin/export_service.go:105.2,106.39 2 1
Qingyu_backend/service/admin/export_service.go:106.39,108.3 1 0
Qingyu_backend/service/admin/export_service.go:110.2,110.25 1 1
Qingyu_backend/service/admin/export_service.go:116.123,118.62 1 1
Qingyu_backend/service/admin/export_service.go:118.62,120.3 1 0
Qingyu_backend/service/admin/export_service.go:123.2,127.30 3 1
Qingyu_backend/service/admin/export_service.go:127.30,129.68 2 1
Qingyu_backend/service/admin/export_service.go:129.68,131.4 1 0
Qingyu_backend/service/admin/export_service.go:135.2,135.35 1 1
Qingyu_backend/service/admin/export_service.go:135.35,139.33 3 1
Qingyu_backend/service/admin/export_service.go:139.33,142.27 3 1
Qingyu_backend/service/admin/export_service.go:142.27,144.5 1 1
Qingyu_backend/service/admin/export_service.go:145.4,145.65 1 1
Qingyu_backend/service/admin/export_service.go:145.65,147.5 1 0
Qingyu_backend/service/admin/export_service.go:152.2,153.16 2 1
Qingyu_backend/service/admin/export_service.go:153.16,155.3 1 0
Qingyu_backend/service/admin/export_service.go:157.2,157.25 1 1
Qingyu_backend/service/admin/export_service.go:163.87,164.23 1 1
Qingyu_backend/service/admin/export_service.go:164.23,166.3 1 0
Qingyu_backend/service/admin/export_service.go:168.2,173.30 4 1
Qingyu_backend/service/admin/export_service.go:173.30,175.3 1 1
Qingyu_backend/service/admin/export_service.go:176.2,176.46 1 1
Qingyu_backend/service/admin/export_service.go:176.46,178.3 1 0
Qingyu_backend/service/admin/export_service.go:180.2,181.39 2 1
Qingyu_backend/service/admin/export_service.go:181.39,183.3 1 0
Qingyu_backend/service/admin/export_service.go:185.2,185.25 1 1
Qingyu_backend/service/admin/export_service.go:191.99,192.41 1 1
Qingyu_backend/service/admin/export_service.go:192.41,194.3 1 1
Qingyu_backend/service/admin/export_service.go:195.2,195.12 1 1
Qingyu_backend/service/admin/export_service.go:199.62,201.17 2 1
Qingyu_backend/service/admin/export_service.go:201.17,205.16 4 1
Qingyu_backend/service/admin/export_service.go:205.16,206.9 1 1
Qingyu_backend/service/admin/export_service.go:209.2,209.15 1 1
Qingyu_backend/service/admin/export_service.go:220.72,222.2 1 0
Qingyu_backend/service/admin/export_service.go:225.61,226.26 1 0
Qingyu_backend/service/admin/export_service.go:226.26,228.3 1 0
Qingyu_backend/service/admin/export_service.go:229.2,231.34 3 0
Qingyu_backend/service/admin/export_service.go:231.34,234.3 2 0
Qingyu_backend/service/admin/export_service.go:235.2,235.12 1 0
Qingyu_backend/service/admin/export_service.go:255.42,263.2 1 0
Qingyu_backend/service/admin/sensitive_operation_service.go:47.94,53.2 1 1
Qingyu_backend/service/admin/sensitive_operation_service.go:56.96,64.17 5 1
Qingyu_backend/service/admin/sensitive_operation_service.go:64.17,66.3 1 1
Qingyu_backend/service/admin/sensitive_operation_service.go:69.2,69.33 1 1
Qingyu_backend/service/admin/sensitive_operation_service.go:73.125,74.16 1 1
Qingyu_backend/service/admin/sensitive_operation_service.go:74.16,76.3 1 1
Qingyu_backend/service/admin/sensitive_operation_service.go:79.2,82.38 2 1
Qingyu_backend/service/admin/sensitive_operation_service.go:82.38,84.36 2 1
Qingyu_backend/service/admin/sensitive_operation_service.go:84.36,87.4 1 1
Qingyu_backend/service/admin/sensitive_operation_service.go:87.9,90.4 1 1
Qingyu_backend/service/admin/sensitive_operation_service.go:91.3,91.24 1 1
Qingyu_backend/service/admin/sensitive_operation_service.go:95.2,98.17 2 1
Qingyu_backend/service/admin/sensitive_operation_service.go:98.17,99.27 1 1
Qingyu_backend/service/admin/sensitive_operation_service.go:99.27,101.4 1 1
Qingyu_backend/service/admin/sensitive_operation_service.go:102.3,106.4 1 1
Qingyu_backend/service/admin/sensitive_operation_service.go:110.2,110.58 1 1
Qingyu_backend/service/admin/sensitive_operation_service.go:114.91,115.40 1 1
Qingyu_backend/service/admin/sensitive_operation_service.go:115.40,117.3 1 1
Qingyu_backend/service/admin/sensitive_operation_service.go:119.2,125.12 5 1
Qingyu_backend/service/admin/sensitive_operation_service.go:129.96,130.40 1 1
Qingyu_backend/service/admin/sensitive_operation_service.go:130.40,132.3 1 1
Qingyu_backend/service/admin/sensitive_operation_service.go:134.2,140.12 5 1
Qingyu_backend/service/admin/sensitive_operation_service.go:144.40,146.38 2 1
Qingyu_backend/service/admin/sensitive_operation_service.go:146.38,148.3 1 1
Qingyu_backend/service/admin/sensitive_operation_service.go:149.2,149.19 1 1
Qingyu_backend/service/admin/sensitive_operation_service.go:153.57,156.2 2 1
Qingyu_backend/service/admin/sensitive_operation_service.go:159.60,162.2 2 1
Qingyu_backend/service/admin/user_admin_service.go:88.83,92.2 1 0
Qingyu_backend/service/admin/user_admin_service.go:95.145,96.14 1 0
Qingyu_backend/service/admin/user_admin_service.go:96.14,98.3 1 0
Qingyu_backend/service/admin/user_admin_service.go:99.2,99.36 1 0
Qingyu_backend/service/admin/user_admin_service.go:99.36,101.3 1 0
Qingyu_backend/service/admin/user_admin_service.go:103.2,103.53 1 0
Qingyu_backend/service/admin/user_admin_service.go:107.103,109.16 2 0
Qingyu_backend/service/admin/user_admin_service.go:109.16,111.3 1 0
Qingyu_backend/service/admin/user_admin_service.go:113.2,114.16 2 0
Qingyu_backend/service/admin/user_admin_service.go:114.16,116.3 1 0
Qingyu_backend/service/admin/user_admin_service.go:118.2,118.18 1 0
Qingyu_backend/service/admin/user_admin_service.go:122.116,124.16 2 0
Qingyu_backend/service/admin/user_admin_service.go:124.16,126.3 1 0
Qingyu_backend/service/admin/user_admin_service.go:129.2,130.16 2 0
Qingyu_backend/service/admin/user_admin_service.go:130.16,132.3 1 0
Qingyu_backend/service/admin/user_admin_service.go:135.2,135.27 1 0
Qingyu_backend/service/admin/user_admin_service.go:135.27,137.3 1 0
Qingyu_backend/service/admin/user_admin_service.go:139.2,139.49 1 0
Qingyu_backend/service/admin/user_admin_service.go:143.95,145.16 2 0
Qingyu_backend/service/admin/user_admin_service.go:145.16,147.3 1 0
Qingyu_backend/service/admin/user_admin_service.go:150.2,150.24 1 0
Qingyu_backend/service/admin/user_admin_service.go:150.24,152.3 1 0
Qingyu_backend/service/admin/user_admin_service.go:155.2,156.16 2 0
Qingyu_backend/service/admin/user_admin_service.go:156.16,158.3 1 0
Qingyu_backend/service/admin/user_admin_service.go:161.2,161.27 1 0
Qingyu_backend/service/admin/user_admin_service.go:161.27,163.3 1 0
Qingyu_backend/service/admin/user_admin_service.go:165.2,165.46 1 0
Qingyu_backend/service/admin/user_admin_service.go:169.85,171.16 2 0
Qingyu_backend/service/admin/user_admin_service.go:171.16,173.3 1 0
Qingyu_backend/service/admin/user_admin_service.go:176.2,177.16 2 0
Qingyu_backend/service/admin/user_admin_service.go:177.16,179.3 1 0
Qingyu_backend/service/admin/user_admin_service.go:182.2,182.27 1 0
Qingyu_backend/service/admin/user_admin_service.go:182.27,184.3 1 0
Qingyu_backend/service/admin/user_admin_service.go:186.2,186.35 1 0
Qingyu_backend/service/admin/user_admin_service.go:190.120,192.32 2 0
Qingyu_backend/service/admin/user_admin_service.go:192.32,194.17 2 0
Qingyu_backend/service/admin/user_admin_service.go:194.17,195.12 1 0
Qingyu_backend/service/admin/user_admin_service.go:199.3,200.42 2 0
Qingyu_backend/service/admin/user_admin_service.go:200.42,201.12 1 0
Qingyu_backend/service/admin/user_admin_service.go:204.3,204.24 1 0
Qingyu_backend/service/admin/user_admin_service.go:207.2,207.19 1 0
Qingyu_backend/service/admin/user_admin_service.go:207.19,209.3 1 0
Qingyu_backend/service/admin/user_admin_service.go:211.2,211.55 1 0
Qingyu_backend/service/admin/user_admin_service.go:215.94,217.2 1 0
Qingyu_backend/service/admin/user_admin_service.go:220.144,222.16 2 0
Qingyu_backend/service/admin/user_admin_service.go:222.16,224.3 1 0
Qingyu_backend/service/admin/user_admin_service.go:226.2,226.14 1 0
Qingyu_backend/service/admin/user_admin_service.go:226.14,228.3 1 0
Qingyu_backend/service/admin/user_admin_service.go:229.2,229.36 1 0
Qingyu_backend/service/admin/user_admin_service.go:229.36,231.3 1 0
Qingyu_backend/service/admin/user_admin_service.go:233.2,233.58 1 0
Qingyu_backend/service/admin/user_admin_service.go:237.117,239.16 2 0
Qingyu_backend/service/admin/user_admin_service.go:239.16,241.3 1 0
Qingyu_backend/service/admin/user_admin_service.go:243.2,243.42 1 0
Qingyu_backend/service/admin/user_admin_service.go:247.102,249.16 2 0
Qingyu_backend/service/admin/user_admin_service.go:249.16,251.3 1 0
Qingyu_backend/service/admin/user_admin_service.go:254.2,255.16 2 0
Qingyu_backend/service/admin/user_admin_service.go:255.16,257.3 1 0
Qingyu_backend/service/admin/user_admin_service.go:260.2,261.16 2 0
Qingyu_backend/service/admin/user_admin_service.go:261.16,263.3 1 0
Qingyu_backend/service/admin/user_admin_service.go:265.2,265.71 1 0
Qingyu_backend/service/admin/user_admin_service.go:265.71,267.3 1 0
Qingyu_backend/service/admin/user_admin_service.go:269.2,269.25 1 0
Qingyu_backend/service/admin/user_admin_service.go:273.131,274.14 1 0
Qingyu_backend/service/admin/user_admin_service.go:274.14,276.3 1 0
Qingyu_backend/service/admin/user_admin_service.go:277.2,277.36 1 0
Qingyu_backend/service/admin/user_admin_service.go:277.36,279.3 1 0
Qingyu_backend/service/admin/user_admin_service.go:281.2,281.61 1 0
Qingyu_backend/service/admin/user_admin_service.go:285.131,286.24 1 0
Qingyu_backend/service/admin/user_admin_service.go:286.24,288.3 1 0
Qingyu_backend/service/admin/user_admin_service.go:290.2,290.14 1 0
Qingyu_backend/service/admin/user_admin_service.go:290.14,292.3 1 0
Qingyu_backend/service/admin/user_admin_service.go:293.2,293.36 1 0
Qingyu_backend/service/admin/user_admin_service.go:293.36,295.3 1 0
Qingyu_backend/service/admin/user_admin_service.go:297.2,297.61 1 0
Qingyu_backend/service/admin/user_admin_service.go:301.93,303.2 1 0
Qingyu_backend/service/admin/user_admin_service.go:306.102,307.30 1 0
Qingyu_backend/service/admin/user_admin_service.go:307.30,309.3 1 0
Qingyu_backend/service/admin/user_admin_service.go:311.2,311.46 1 0
Qingyu_backend/service/admin/user_admin_service.go:315.112,316.14 1 0
Qingyu_backend/service/admin/user_admin_service.go:316.14,318.3 1 0
Qingyu_backend/service/admin/user_admin_service.go:319.2,319.16 1 0
Qingyu_backend/service/admin/user_admin_service.go:319.16,321.3 1 0
Qingyu_backend/service/admin/user_admin_service.go:322.2,322.30 1 0
Qingyu_backend/service/admin/user_admin_service.go:322.30,324.3 1 0
Qingyu_backend/service/admin/user_admin_service.go:326.2,326.52 1 0
Qingyu_backend/service/admin/user_admin_service.go:330.36,339.2 2 0
Qingyu_backend/service/admin/user_admin_service.go:342.57,346.16 4 0
Qingyu_backend/service/admin/user_admin_service.go:346.16,348.3 1 0
Qingyu_backend/service/admin/user_admin_service.go:350.2,350.30 1 0
Qingyu_backend/service/admin/user_admin_service.go:350.30,352.3 1 0
Qingyu_backend/service/admin/user_admin_service.go:354.2,354.23 1 0
Qingyu_backend/service/admin/user_admin_service.go:379.109,381.28 1 0
Qingyu_backend/service/admin/user_admin_service.go:381.28,383.3 1 0
Qingyu_backend/service/admin/user_admin_service.go:386.2,387.25 2 0
Qingyu_backend/service/admin/user_admin_service.go:387.25,389.3 1 0
Qingyu_backend/service/admin/user_admin_service.go:392.2,393.20 2 0
Qingyu_backend/service/admin/user_admin_service.go:393.20,396.17 3 0
Qingyu_backend/service/admin/user_admin_service.go:396.17,398.4 1 0
Qingyu_backend/service/admin/user_admin_service.go:402.2,412.23 2 0
Qingyu_backend/service/admin/user_admin_service.go:412.23,414.3 1 0
Qingyu_backend/service/admin/user_admin_service.go:415.2,415.25 1 0
Qingyu_backend/service/admin/user_admin_service.go:415.25,417.3 1 0
Qingyu_backend/service/admin/user_admin_service.go:420.2,420.51 1 0
Qingyu_backend/service/admin/user_admin_service.go:420.51,422.3 1 0
Qingyu_backend/service/admin/user_admin_service.go:425.2,425.53 1 0
Qingyu_backend/service/admin/user_admin_service.go:425.53,427.3 1 0
Qingyu_backend/service/admin/user_admin_service.go:429.2,429.18 1 0
Qingyu_backend/service/admin/user_admin_service.go:433.122,435.28 1 0
Qingyu_backend/service/admin/user_admin_service.go:435.28,437.3 1 0
Qingyu_backend/service/admin/user_admin_service.go:440.2,441.18 2 0
Qingyu_backend/service/admin/user_admin_service.go:441.18,443.3 1 0
Qingyu_backend/service/admin/user_admin_service.go:444.2,445.18 2 0
Qingyu_backend/service/admin/user_admin_service.go:445.18,447.3 1 0
Qingyu_backend/service/admin/user_admin_service.go:451.2,454.33 3 0
Qingyu_backend/service/admin/user_admin_service.go:454.33,459.17 3 0
Qingyu_backend/service/admin/user_admin_service.go:459.17,461.4 1 0
Qingyu_backend/service/admin/user_admin_service.go:463.3,473.52 2 0
Qingyu_backend/service/admin/user_admin_service.go:473.52,475.4 1 0
Qingyu_backend/service/admin/user_admin_service.go:477.3,477.22 1 0
Qingyu_backend/service/admin/user_admin_service.go:481.2,481.63 1 0
Qingyu_backend/service/admin/user_admin_service.go:481.63,483.3 1 0
Qingyu_backend/service/admin/user_admin_service.go:485.2,485.23 1 0
