mode: set
Qingyu_backend/service/admin/admin_service.go:64.110,70.2 1 0
Qingyu_backend/service/admin/admin_service.go:75.96,77.55 1 0
Qingyu_backend/service/admin/admin_service.go:77.55,79.3 1 0
Qingyu_backend/service/admin/admin_service.go:82.2,83.16 2 0
Qingyu_backend/service/admin/admin_service.go:83.16,85.3 1 0
Qingyu_backend/service/admin/admin_service.go:87.2,88.22 2 0
Qingyu_backend/service/admin/admin_service.go:88.22,91.3 1 0
Qingyu_backend/service/admin/admin_service.go:91.8,100.57 2 0
Qingyu_backend/service/admin/admin_service.go:100.57,102.4 1 0
Qingyu_backend/service/admin/admin_service.go:106.2,107.28 2 0
Qingyu_backend/service/admin/admin_service.go:107.28,109.3 1 0
Qingyu_backend/service/admin/admin_service.go:111.2,119.68 2 0
Qingyu_backend/service/admin/admin_service.go:119.68,121.3 1 0
Qingyu_backend/service/admin/admin_service.go:124.2,135.12 2 0
Qingyu_backend/service/admin/admin_service.go:139.111,141.2 1 0
Qingyu_backend/service/admin/admin_service.go:146.90,147.20 1 0
Qingyu_backend/service/admin/admin_service.go:148.13,150.58 2 0
Qingyu_backend/service/admin/admin_service.go:151.15,152.38 1 0
Qingyu_backend/service/admin/admin_service.go:153.16,163.13 2 0
Qingyu_backend/service/admin/admin_service.go:164.10,165.67 1 0
Qingyu_backend/service/admin/admin_service.go:170.110,173.19 2 0
Qingyu_backend/service/admin/admin_service.go:173.19,176.3 1 0
Qingyu_backend/service/admin/admin_service.go:179.2,179.71 1 0
Qingyu_backend/service/admin/admin_service.go:179.71,181.3 1 0
Qingyu_backend/service/admin/admin_service.go:184.2,195.12 2 0
Qingyu_backend/service/admin/admin_service.go:199.80,201.58 1 0
Qingyu_backend/service/admin/admin_service.go:201.58,203.3 1 0
Qingyu_backend/service/admin/admin_service.go:206.2,212.12 2 0
Qingyu_backend/service/admin/admin_service.go:216.107,218.16 2 0
Qingyu_backend/service/admin/admin_service.go:218.16,220.3 1 0
Qingyu_backend/service/admin/admin_service.go:221.2,221.19 1 0
Qingyu_backend/service/admin/admin_service.go:227.128,230.15 2 0
Qingyu_backend/service/admin/admin_service.go:230.15,232.3 1 0
Qingyu_backend/service/admin/admin_service.go:234.2,246.12 2 0
Qingyu_backend/service/admin/admin_service.go:252.94,262.51 2 0
Qingyu_backend/service/admin/admin_service.go:262.51,264.3 1 0
Qingyu_backend/service/admin/admin_service.go:266.2,266.12 1 0
Qingyu_backend/service/admin/admin_service.go:270.108,273.15 2 0
Qingyu_backend/service/admin/admin_service.go:273.15,275.3 1 0
Qingyu_backend/service/admin/admin_service.go:276.2,277.19 2 0
Qingyu_backend/service/admin/admin_service.go:277.19,279.3 1 0
Qingyu_backend/service/admin/admin_service.go:280.2,280.20 1 0
Qingyu_backend/service/admin/admin_service.go:280.20,282.3 1 0
Qingyu_backend/service/admin/admin_service.go:284.2,294.16 3 0
Qingyu_backend/service/admin/admin_service.go:294.16,296.3 1 0
Qingyu_backend/service/admin/admin_service.go:298.2,298.18 1 0
Qingyu_backend/service/admin/admin_service.go:302.106,312.16 3 0
Qingyu_backend/service/admin/admin_service.go:312.16,314.3 1 0
Qingyu_backend/service/admin/admin_service.go:317.2,322.46 4 0
Qingyu_backend/service/admin/admin_service.go:322.46,324.3 1 0
Qingyu_backend/service/admin/admin_service.go:327.2,327.27 1 0
Qingyu_backend/service/admin/admin_service.go:327.27,337.46 3 0
Qingyu_backend/service/admin/admin_service.go:337.46,339.4 1 0
Qingyu_backend/service/admin/admin_service.go:342.2,344.39 2 0
Qingyu_backend/service/admin/admin_service.go:344.39,346.3 1 0
Qingyu_backend/service/admin/admin_service.go:348.2,348.38 1 0
Qingyu_backend/service/admin/admin_service.go:354.85,364.2 2 0
Qingyu_backend/service/admin/admin_service.go:367.86,376.2 2 0
Qingyu_backend/service/admin/admin_service.go:379.91,382.2 1 0
Qingyu_backend/service/admin/admin_service.go:385.145,397.2 2 0
Qingyu_backend/service/admin/admin_service.go:400.114,402.15 1 0
Qingyu_backend/service/admin/admin_service.go:402.15,404.3 1 0
Qingyu_backend/service/admin/admin_service.go:405.2,405.19 1 0
Qingyu_backend/service/admin/admin_service.go:405.19,407.3 1 0
Qingyu_backend/service/admin/admin_service.go:408.2,408.20 1 0
Qingyu_backend/service/admin/admin_service.go:408.20,410.3 1 0
Qingyu_backend/service/admin/admin_service.go:412.2,417.30 4 0
Qingyu_backend/service/admin/admin_service.go:421.89,431.2 2 0
Qingyu_backend/service/admin/admin_service.go:436.66,437.19 1 0
Qingyu_backend/service/admin/admin_service.go:437.19,439.3 1 0
Qingyu_backend/service/admin/admin_service.go:442.2,442.24 1 0
Qingyu_backend/service/admin/admin_service.go:442.24,444.3 1 0
Qingyu_backend/service/admin/admin_service.go:445.2,445.22 1 0
Qingyu_backend/service/admin/admin_service.go:445.22,447.3 1 0
Qingyu_backend/service/admin/admin_service.go:448.2,448.23 1 0
Qingyu_backend/service/admin/admin_service.go:448.23,450.3 1 0
Qingyu_backend/service/admin/admin_service.go:453.2,454.12 2 0
Qingyu_backend/service/admin/admin_service.go:458.62,459.20 1 0
Qingyu_backend/service/admin/admin_service.go:459.20,461.3 1 0
Qingyu_backend/service/admin/admin_service.go:464.2,464.12 1 0
Qingyu_backend/service/admin/admin_service.go:468.61,472.2 2 0
Qingyu_backend/service/admin/admin_service.go:475.52,477.2 1 0
Qingyu_backend/service/admin/admin_service.go:480.48,482.2 1 0
Qingyu_backend/service/admin/analytics_service.go:174.45,176.2 1 1
Qingyu_backend/service/admin/analytics_service.go:179.135,181.38 1 0
Qingyu_backend/service/admin/analytics_service.go:181.38,183.3 1 0
Qingyu_backend/service/admin/analytics_service.go:188.2,193.72 4 0
Qingyu_backend/service/admin/analytics_service.go:193.72,202.23 4 0
Qingyu_backend/service/admin/analytics_service.go:203.16,204.46 1 0
Qingyu_backend/service/admin/analytics_service.go:205.17,206.46 1 0
Qingyu_backend/service/admin/analytics_service.go:207.18,208.46 1 0
Qingyu_backend/service/admin/analytics_service.go:212.2,219.8 1 0
Qingyu_backend/service/admin/analytics_service.go:223.141,244.2 1 1
Qingyu_backend/service/admin/analytics_service.go:247.129,249.38 1 0
Qingyu_backend/service/admin/analytics_service.go:249.38,251.3 1 0
Qingyu_backend/service/admin/analytics_service.go:256.2,262.72 5 0
Qingyu_backend/service/admin/analytics_service.go:262.72,274.23 6 0
Qingyu_backend/service/admin/analytics_service.go:275.16,276.46 1 0
Qingyu_backend/service/admin/analytics_service.go:277.17,278.46 1 0
Qingyu_backend/service/admin/analytics_service.go:279.18,280.46 1 0
Qingyu_backend/service/admin/analytics_service.go:284.2,291.8 1 0
Qingyu_backend/service/admin/analytics_service.go:295.141,297.38 1 0
Qingyu_backend/service/admin/analytics_service.go:297.38,299.3 1 0
Qingyu_backend/service/admin/analytics_service.go:304.2,311.72 6 0
Qingyu_backend/service/admin/analytics_service.go:311.72,319.25 4 0
Qingyu_backend/service/admin/analytics_service.go:319.25,322.4 2 0
Qingyu_backend/service/admin/analytics_service.go:324.3,324.45 1 0
Qingyu_backend/service/admin/analytics_service.go:327.2,337.8 2 0
Qingyu_backend/service/admin/analytics_service.go:341.104,365.2 1 0
Qingyu_backend/service/admin/audit_log_service.go:66.79,70.2 1 0
Qingyu_backend/service/admin/audit_log_service.go:73.115,74.16 1 0
Qingyu_backend/service/admin/audit_log_service.go:74.16,76.3 1 0
Qingyu_backend/service/admin/audit_log_service.go:79.2,79.76 1 0
Qingyu_backend/service/admin/audit_log_service.go:79.76,81.3 1 0
Qingyu_backend/service/admin/audit_log_service.go:84.2,99.26 2 0
Qingyu_backend/service/admin/audit_log_service.go:99.26,100.25 1 0
Qingyu_backend/service/admin/audit_log_service.go:100.25,102.4 1 0
Qingyu_backend/service/admin/audit_log_service.go:103.3,103.42 1 0
Qingyu_backend/service/admin/audit_log_service.go:103.42,108.4 1 0
Qingyu_backend/service/admin/audit_log_service.go:111.2,111.43 1 0
Qingyu_backend/service/admin/audit_log_service.go:115.134,116.16 1 0
Qingyu_backend/service/admin/audit_log_service.go:116.16,118.3 1 0
Qingyu_backend/service/admin/audit_log_service.go:121.2,122.15 2 0
Qingyu_backend/service/admin/audit_log_service.go:122.15,124.3 1 0
Qingyu_backend/service/admin/audit_log_service.go:125.2,126.19 2 0
Qingyu_backend/service/admin/audit_log_service.go:126.19,128.3 1 0
Qingyu_backend/service/admin/audit_log_service.go:129.2,129.20 1 0
Qingyu_backend/service/admin/audit_log_service.go:129.20,131.3 1 0
Qingyu_backend/service/admin/audit_log_service.go:134.2,143.26 2 0
Qingyu_backend/service/admin/audit_log_service.go:143.26,145.3 1 0
Qingyu_backend/service/admin/audit_log_service.go:146.2,146.24 1 0
Qingyu_backend/service/admin/audit_log_service.go:146.24,148.3 1 0
Qingyu_backend/service/admin/audit_log_service.go:151.2,152.16 2 0
Qingyu_backend/service/admin/audit_log_service.go:152.16,154.3 1 0
Qingyu_backend/service/admin/audit_log_service.go:157.2,158.16 2 0
Qingyu_backend/service/admin/audit_log_service.go:158.16,160.3 1 0
Qingyu_backend/service/admin/audit_log_service.go:162.2,162.25 1 0
Qingyu_backend/service/admin/audit_log_service.go:166.135,167.24 1 0
Qingyu_backend/service/admin/audit_log_service.go:167.24,169.3 1 0
Qingyu_backend/service/admin/audit_log_service.go:170.2,170.22 1 0
Qingyu_backend/service/admin/audit_log_service.go:170.22,172.3 1 0
Qingyu_backend/service/admin/audit_log_service.go:174.2,174.63 1 0
Qingyu_backend/service/admin/audit_log_service.go:178.133,179.44 1 0
Qingyu_backend/service/admin/audit_log_service.go:179.44,181.3 1 0
Qingyu_backend/service/admin/audit_log_service.go:182.2,182.30 1 0
Qingyu_backend/service/admin/audit_log_service.go:182.30,184.3 1 0
Qingyu_backend/service/admin/audit_log_service.go:186.2,186.58 1 0
Qingyu_backend/service/admin/audit_log_service.go:190.93,191.25 1 0
Qingyu_backend/service/admin/audit_log_service.go:191.25,193.3 1 0
Qingyu_backend/service/admin/audit_log_service.go:195.2,195.48 1 0
Qingyu_backend/service/admin/audit_log_service.go:199.127,204.31 3 0
Qingyu_backend/service/admin/audit_log_service.go:204.31,206.3 1 0
Qingyu_backend/service/admin/audit_log_service.go:207.2,207.31 1 0
Qingyu_backend/service/admin/audit_log_service.go:207.31,209.3 1 0
Qingyu_backend/service/admin/audit_log_service.go:212.2,212.31 1 0
Qingyu_backend/service/admin/audit_log_service.go:212.31,217.55 3 0
Qingyu_backend/service/admin/audit_log_service.go:217.55,223.4 1 0
Qingyu_backend/service/admin/audit_log_service.go:226.2,226.16 1 0
Qingyu_backend/service/admin/category_admin_service.go:32.98,36.2 1 1
Qingyu_backend/service/admin/category_admin_service.go:76.129,78.16 2 1
Qingyu_backend/service/admin/category_admin_service.go:78.16,80.3 1 0
Qingyu_backend/service/admin/category_admin_service.go:81.2,81.12 1 1
Qingyu_backend/service/admin/category_admin_service.go:81.12,83.3 1 1
Qingyu_backend/service/admin/category_admin_service.go:85.2,86.25 2 1
Qingyu_backend/service/admin/category_admin_service.go:86.25,88.17 2 1
Qingyu_backend/service/admin/category_admin_service.go:88.17,90.4 1 1
Qingyu_backend/service/admin/category_admin_service.go:91.3,93.16 2 1
Qingyu_backend/service/admin/category_admin_service.go:93.16,95.4 1 1
Qingyu_backend/service/admin/category_admin_service.go:98.2,113.61 3 1
Qingyu_backend/service/admin/category_admin_service.go:113.61,115.3 1 0
Qingyu_backend/service/admin/category_admin_service.go:117.2,117.22 1 1
Qingyu_backend/service/admin/category_admin_service.go:121.140,123.16 2 1
Qingyu_backend/service/admin/category_admin_service.go:123.16,125.3 1 1
Qingyu_backend/service/admin/category_admin_service.go:127.2,127.51 1 1
Qingyu_backend/service/admin/category_admin_service.go:127.51,129.17 2 1
Qingyu_backend/service/admin/category_admin_service.go:129.17,131.4 1 0
Qingyu_backend/service/admin/category_admin_service.go:132.3,132.13 1 1
Qingyu_backend/service/admin/category_admin_service.go:132.13,134.4 1 1
Qingyu_backend/service/admin/category_admin_service.go:135.3,135.28 1 1
Qingyu_backend/service/admin/category_admin_service.go:138.2,138.28 1 1
Qingyu_backend/service/admin/category_admin_service.go:138.28,140.3 1 1
Qingyu_backend/service/admin/category_admin_service.go:141.2,141.21 1 1
Qingyu_backend/service/admin/category_admin_service.go:141.21,143.3 1 0
Qingyu_backend/service/admin/category_admin_service.go:144.2,144.26 1 1
Qingyu_backend/service/admin/category_admin_service.go:144.26,146.3 1 1
Qingyu_backend/service/admin/category_admin_service.go:147.2,149.61 2 1
Qingyu_backend/service/admin/category_admin_service.go:149.61,151.3 1 0
Qingyu_backend/service/admin/category_admin_service.go:153.2,153.22 1 1
Qingyu_backend/service/admin/category_admin_service.go:157.89,159.16 2 1
Qingyu_backend/service/admin/category_admin_service.go:159.16,161.3 1 0
Qingyu_backend/service/admin/category_admin_service.go:162.2,162.17 1 1
Qingyu_backend/service/admin/category_admin_service.go:162.17,164.3 1 1
Qingyu_backend/service/admin/category_admin_service.go:166.2,167.16 2 1
Qingyu_backend/service/admin/category_admin_service.go:167.16,169.3 1 1
Qingyu_backend/service/admin/category_admin_service.go:170.2,170.28 1 1
Qingyu_backend/service/admin/category_admin_service.go:170.28,172.3 1 1
Qingyu_backend/service/admin/category_admin_service.go:174.2,174.39 1 1
Qingyu_backend/service/admin/category_admin_service.go:178.102,180.16 2 1
Qingyu_backend/service/admin/category_admin_service.go:180.16,182.3 1 0
Qingyu_backend/service/admin/category_admin_service.go:184.2,185.36 2 1
Qingyu_backend/service/admin/category_admin_service.go:185.36,187.3 1 1
Qingyu_backend/service/admin/category_admin_service.go:189.2,190.36 2 1
Qingyu_backend/service/admin/category_admin_service.go:190.36,192.26 2 1
Qingyu_backend/service/admin/category_admin_service.go:192.26,194.4 1 1
Qingyu_backend/service/admin/category_admin_service.go:194.9,195.60 1 1
Qingyu_backend/service/admin/category_admin_service.go:195.60,197.5 1 1
Qingyu_backend/service/admin/category_admin_service.go:201.2,201.23 1 1
Qingyu_backend/service/admin/category_admin_service.go:205.126,207.19 2 1
Qingyu_backend/service/admin/category_admin_service.go:207.19,208.29 1 1
Qingyu_backend/service/admin/category_admin_service.go:208.29,210.4 1 1
Qingyu_backend/service/admin/category_admin_service.go:211.3,211.29 1 1
Qingyu_backend/service/admin/category_admin_service.go:211.29,213.4 1 1
Qingyu_backend/service/admin/category_admin_service.go:214.3,214.26 1 1
Qingyu_backend/service/admin/category_admin_service.go:214.26,216.4 1 0
Qingyu_backend/service/admin/category_admin_service.go:219.2,219.40 1 1
Qingyu_backend/service/admin/category_admin_service.go:223.113,225.2 1 1
Qingyu_backend/service/admin/category_admin_service.go:228.113,230.16 2 1
Qingyu_backend/service/admin/category_admin_service.go:230.16,232.3 1 1
Qingyu_backend/service/admin/category_admin_service.go:234.2,234.25 1 1
Qingyu_backend/service/admin/category_admin_service.go:234.25,235.75 1 1
Qingyu_backend/service/admin/category_admin_service.go:235.75,237.4 1 1
Qingyu_backend/service/admin/category_admin_service.go:240.2,241.25 2 1
Qingyu_backend/service/admin/category_admin_service.go:241.25,243.17 2 1
Qingyu_backend/service/admin/category_admin_service.go:243.17,245.4 1 0
Qingyu_backend/service/admin/category_admin_service.go:246.3,248.16 2 1
Qingyu_backend/service/admin/category_admin_service.go:248.16,250.4 1 1
Qingyu_backend/service/admin/category_admin_service.go:253.2,257.45 4 1
Qingyu_backend/service/admin/category_admin_service.go:261.119,262.31 1 1
Qingyu_backend/service/admin/category_admin_service.go:262.31,264.3 1 1
Qingyu_backend/service/admin/category_admin_service.go:266.2,270.20 4 1
Qingyu_backend/service/admin/category_admin_service.go:270.20,272.17 2 1
Qingyu_backend/service/admin/category_admin_service.go:272.17,273.9 1 0
Qingyu_backend/service/admin/category_admin_service.go:276.3,276.30 1 1
Qingyu_backend/service/admin/category_admin_service.go:276.30,278.4 1 1
Qingyu_backend/service/admin/category_admin_service.go:280.3,280.29 1 1
Qingyu_backend/service/admin/category_admin_service.go:280.29,281.9 1 1
Qingyu_backend/service/admin/category_admin_service.go:284.3,285.23 2 1
Qingyu_backend/service/admin/category_admin_service.go:285.23,286.9 1 0
Qingyu_backend/service/admin/category_admin_service.go:288.3,288.26 1 1
Qingyu_backend/service/admin/category_admin_service.go:291.2,291.12 1 1
Qingyu_backend/service/admin/category_admin_service.go:295.102,297.16 2 1
Qingyu_backend/service/admin/category_admin_service.go:297.16,299.3 1 1
Qingyu_backend/service/admin/category_admin_service.go:301.2,304.45 3 1
Qingyu_backend/service/admin/export_service.go:59.39,63.2 1 0
Qingyu_backend/service/admin/export_service.go:68.121,70.62 1 0
Qingyu_backend/service/admin/export_service.go:70.62,72.3 1 0
Qingyu_backend/service/admin/export_service.go:74.2,79.30 4 0
Qingyu_backend/service/admin/export_service.go:79.30,81.3 1 0
Qingyu_backend/service/admin/export_service.go:82.2,82.46 1 0
Qingyu_backend/service/admin/export_service.go:82.46,84.3 1 0
Qingyu_backend/service/admin/export_service.go:87.2,87.28 1 0
Qingyu_backend/service/admin/export_service.go:87.28,90.31 2 0
Qingyu_backend/service/admin/export_service.go:90.31,92.50 2 0
Qingyu_backend/service/admin/export_service.go:92.50,94.5 1 0
Qingyu_backend/service/admin/export_service.go:95.9,99.50 3 0
Qingyu_backend/service/admin/export_service.go:99.50,101.5 1 0
Qingyu_backend/service/admin/export_service.go:105.2,106.39 2 0
Qingyu_backend/service/admin/export_service.go:106.39,108.3 1 0
Qingyu_backend/service/admin/export_service.go:110.2,110.25 1 0
Qingyu_backend/service/admin/export_service.go:116.123,118.62 1 0
Qingyu_backend/service/admin/export_service.go:118.62,120.3 1 0
Qingyu_backend/service/admin/export_service.go:123.2,127.30 3 0
Qingyu_backend/service/admin/export_service.go:127.30,129.68 2 0
Qingyu_backend/service/admin/export_service.go:129.68,131.4 1 0
Qingyu_backend/service/admin/export_service.go:135.2,135.35 1 0
Qingyu_backend/service/admin/export_service.go:135.35,139.33 3 0
Qingyu_backend/service/admin/export_service.go:139.33,142.27 3 0
Qingyu_backend/service/admin/export_service.go:142.27,144.5 1 0
Qingyu_backend/service/admin/export_service.go:145.4,145.65 1 0
Qingyu_backend/service/admin/export_service.go:145.65,147.5 1 0
Qingyu_backend/service/admin/export_service.go:152.2,153.16 2 0
Qingyu_backend/service/admin/export_service.go:153.16,155.3 1 0
Qingyu_backend/service/admin/export_service.go:157.2,157.25 1 0
Qingyu_backend/service/admin/export_service.go:163.87,164.23 1 0
Qingyu_backend/service/admin/export_service.go:164.23,166.3 1 0
Qingyu_backend/service/admin/export_service.go:168.2,173.30 4 0
Qingyu_backend/service/admin/export_service.go:173.30,175.3 1 0
Qingyu_backend/service/admin/export_service.go:176.2,176.46 1 0
Qingyu_backend/service/admin/export_service.go:176.46,178.3 1 0
Qingyu_backend/service/admin/export_service.go:180.2,181.39 2 0
Qingyu_backend/service/admin/export_service.go:181.39,183.3 1 0
Qingyu_backend/service/admin/export_service.go:185.2,185.25 1 0
Qingyu_backend/service/admin/export_service.go:191.99,192.41 1 0
Qingyu_backend/service/admin/export_service.go:192.41,194.3 1 0
Qingyu_backend/service/admin/export_service.go:195.2,195.12 1 0
Qingyu_backend/service/admin/export_service.go:199.62,201.17 2 0
Qingyu_backend/service/admin/export_service.go:201.17,205.16 4 0
Qingyu_backend/service/admin/export_service.go:205.16,206.9 1 0
Qingyu_backend/service/admin/export_service.go:209.2,209.15 1 0
Qingyu_backend/service/admin/export_service.go:220.72,222.2 1 0
Qingyu_backend/service/admin/export_service.go:225.61,226.26 1 0
Qingyu_backend/service/admin/export_service.go:226.26,228.3 1 0
Qingyu_backend/service/admin/export_service.go:229.2,231.34 3 0
Qingyu_backend/service/admin/export_service.go:231.34,234.3 2 0
Qingyu_backend/service/admin/export_service.go:235.2,235.12 1 0
Qingyu_backend/service/admin/export_service.go:255.42,263.2 1 0
Qingyu_backend/service/admin/sensitive_operation_service.go:47.94,53.2 1 0
Qingyu_backend/service/admin/sensitive_operation_service.go:56.96,64.17 5 0
Qingyu_backend/service/admin/sensitive_operation_service.go:64.17,66.3 1 0
Qingyu_backend/service/admin/sensitive_operation_service.go:69.2,69.33 1 0
Qingyu_backend/service/admin/sensitive_operation_service.go:73.125,74.16 1 0
Qingyu_backend/service/admin/sensitive_operation_service.go:74.16,76.3 1 0
Qingyu_backend/service/admin/sensitive_operation_service.go:79.2,82.38 2 0
Qingyu_backend/service/admin/sensitive_operation_service.go:82.38,84.36 2 0
Qingyu_backend/service/admin/sensitive_operation_service.go:84.36,87.4 1 0
Qingyu_backend/service/admin/sensitive_operation_service.go:87.9,90.4 1 0
Qingyu_backend/service/admin/sensitive_operation_service.go:91.3,91.24 1 0
Qingyu_backend/service/admin/sensitive_operation_service.go:95.2,98.17 2 0
Qingyu_backend/service/admin/sensitive_operation_service.go:98.17,99.27 1 0
Qingyu_backend/service/admin/sensitive_operation_service.go:99.27,101.4 1 0
Qingyu_backend/service/admin/sensitive_operation_service.go:102.3,106.4 1 0
Qingyu_backend/service/admin/sensitive_operation_service.go:110.2,110.58 1 0
Qingyu_backend/service/admin/sensitive_operation_service.go:114.91,115.40 1 0
Qingyu_backend/service/admin/sensitive_operation_service.go:115.40,117.3 1 0
Qingyu_backend/service/admin/sensitive_operation_service.go:119.2,125.12 5 0
Qingyu_backend/service/admin/sensitive_operation_service.go:129.96,130.40 1 0
Qingyu_backend/service/admin/sensitive_operation_service.go:130.40,132.3 1 0
Qingyu_backend/service/admin/sensitive_operation_service.go:134.2,140.12 5 0
Qingyu_backend/service/admin/sensitive_operation_service.go:144.40,146.38 2 0
Qingyu_backend/service/admin/sensitive_operation_service.go:146.38,148.3 1 0
Qingyu_backend/service/admin/sensitive_operation_service.go:149.2,149.19 1 0
Qingyu_backend/service/admin/sensitive_operation_service.go:153.57,156.2 2 0
Qingyu_backend/service/admin/sensitive_operation_service.go:159.60,162.2 2 0
Qingyu_backend/service/admin/user_admin_service.go:88.83,92.2 1 0
Qingyu_backend/service/admin/user_admin_service.go:95.145,96.14 1 0
Qingyu_backend/service/admin/user_admin_service.go:96.14,98.3 1 0
Qingyu_backend/service/admin/user_admin_service.go:99.2,99.36 1 0
Qingyu_backend/service/admin/user_admin_service.go:99.36,101.3 1 0
Qingyu_backend/service/admin/user_admin_service.go:103.2,103.53 1 0
Qingyu_backend/service/admin/user_admin_service.go:107.103,109.16 2 0
Qingyu_backend/service/admin/user_admin_service.go:109.16,111.3 1 0
Qingyu_backend/service/admin/user_admin_service.go:113.2,114.16 2 0
Qingyu_backend/service/admin/user_admin_service.go:114.16,116.3 1 0
Qingyu_backend/service/admin/user_admin_service.go:118.2,118.18 1 0
Qingyu_backend/service/admin/user_admin_service.go:122.116,124.16 2 0
Qingyu_backend/service/admin/user_admin_service.go:124.16,126.3 1 0
Qingyu_backend/service/admin/user_admin_service.go:129.2,130.16 2 0
Qingyu_backend/service/admin/user_admin_service.go:130.16,132.3 1 0
Qingyu_backend/service/admin/user_admin_service.go:135.2,135.27 1 0
Qingyu_backend/service/admin/user_admin_service.go:135.27,137.3 1 0
Qingyu_backend/service/admin/user_admin_service.go:139.2,139.49 1 0
Qingyu_backend/service/admin/user_admin_service.go:143.95,145.16 2 0
Qingyu_backend/service/admin/user_admin_service.go:145.16,147.3 1 0
Qingyu_backend/service/admin/user_admin_service.go:150.2,150.24 1 0
Qingyu_backend/service/admin/user_admin_service.go:150.24,152.3 1 0
Qingyu_backend/service/admin/user_admin_service.go:155.2,156.16 2 0
Qingyu_backend/service/admin/user_admin_service.go:156.16,158.3 1 0
Qingyu_backend/service/admin/user_admin_service.go:161.2,161.27 1 0
Qingyu_backend/service/admin/user_admin_service.go:161.27,163.3 1 0
Qingyu_backend/service/admin/user_admin_service.go:165.2,165.46 1 0
Qingyu_backend/service/admin/user_admin_service.go:169.85,171.16 2 0
Qingyu_backend/service/admin/user_admin_service.go:171.16,173.3 1 0
Qingyu_backend/service/admin/user_admin_service.go:176.2,177.16 2 0
Qingyu_backend/service/admin/user_admin_service.go:177.16,179.3 1 0
Qingyu_backend/service/admin/user_admin_service.go:182.2,182.27 1 0
Qingyu_backend/service/admin/user_admin_service.go:182.27,184.3 1 0
Qingyu_backend/service/admin/user_admin_service.go:186.2,186.35 1 0
Qingyu_backend/service/admin/user_admin_service.go:190.120,192.32 2 0
Qingyu_backend/service/admin/user_admin_service.go:192.32,194.17 2 0
Qingyu_backend/service/admin/user_admin_service.go:194.17,195.12 1 0
Qingyu_backend/service/admin/user_admin_service.go:199.3,200.42 2 0
Qingyu_backend/service/admin/user_admin_service.go:200.42,201.12 1 0
Qingyu_backend/service/admin/user_admin_service.go:204.3,204.24 1 0
Qingyu_backend/service/admin/user_admin_service.go:207.2,207.19 1 0
Qingyu_backend/service/admin/user_admin_service.go:207.19,209.3 1 0
Qingyu_backend/service/admin/user_admin_service.go:211.2,211.55 1 0
Qingyu_backend/service/admin/user_admin_service.go:215.94,217.2 1 0
Qingyu_backend/service/admin/user_admin_service.go:220.144,222.16 2 0
Qingyu_backend/service/admin/user_admin_service.go:222.16,224.3 1 0
Qingyu_backend/service/admin/user_admin_service.go:226.2,226.14 1 0
Qingyu_backend/service/admin/user_admin_service.go:226.14,228.3 1 0
Qingyu_backend/service/admin/user_admin_service.go:229.2,229.36 1 0
Qingyu_backend/service/admin/user_admin_service.go:229.36,231.3 1 0
Qingyu_backend/service/admin/user_admin_service.go:233.2,233.58 1 0
Qingyu_backend/service/admin/user_admin_service.go:237.117,239.16 2 0
Qingyu_backend/service/admin/user_admin_service.go:239.16,241.3 1 0
Qingyu_backend/service/admin/user_admin_service.go:243.2,243.42 1 0
Qingyu_backend/service/admin/user_admin_service.go:247.102,249.16 2 0
Qingyu_backend/service/admin/user_admin_service.go:249.16,251.3 1 0
Qingyu_backend/service/admin/user_admin_service.go:254.2,255.16 2 0
Qingyu_backend/service/admin/user_admin_service.go:255.16,257.3 1 0
Qingyu_backend/service/admin/user_admin_service.go:260.2,261.16 2 0
Qingyu_backend/service/admin/user_admin_service.go:261.16,263.3 1 0
Qingyu_backend/service/admin/user_admin_service.go:265.2,265.71 1 0
Qingyu_backend/service/admin/user_admin_service.go:265.71,267.3 1 0
Qingyu_backend/service/admin/user_admin_service.go:269.2,269.25 1 0
Qingyu_backend/service/admin/user_admin_service.go:273.131,274.14 1 0
Qingyu_backend/service/admin/user_admin_service.go:274.14,276.3 1 0
Qingyu_backend/service/admin/user_admin_service.go:277.2,277.36 1 0
Qingyu_backend/service/admin/user_admin_service.go:277.36,279.3 1 0
Qingyu_backend/service/admin/user_admin_service.go:281.2,281.61 1 0
Qingyu_backend/service/admin/user_admin_service.go:285.131,286.24 1 0
Qingyu_backend/service/admin/user_admin_service.go:286.24,288.3 1 0
Qingyu_backend/service/admin/user_admin_service.go:290.2,290.14 1 0
Qingyu_backend/service/admin/user_admin_service.go:290.14,292.3 1 0
Qingyu_backend/service/admin/user_admin_service.go:293.2,293.36 1 0
Qingyu_backend/service/admin/user_admin_service.go:293.36,295.3 1 0
Qingyu_backend/service/admin/user_admin_service.go:297.2,297.61 1 0
Qingyu_backend/service/admin/user_admin_service.go:301.93,303.2 1 0
Qingyu_backend/service/admin/user_admin_service.go:306.102,307.30 1 0
Qingyu_backend/service/admin/user_admin_service.go:307.30,309.3 1 0
Qingyu_backend/service/admin/user_admin_service.go:311.2,311.46 1 0
Qingyu_backend/service/admin/user_admin_service.go:315.112,316.14 1 0
Qingyu_backend/service/admin/user_admin_service.go:316.14,318.3 1 0
Qingyu_backend/service/admin/user_admin_service.go:319.2,319.16 1 0
Qingyu_backend/service/admin/user_admin_service.go:319.16,321.3 1 0
Qingyu_backend/service/admin/user_admin_service.go:322.2,322.30 1 0
Qingyu_backend/service/admin/user_admin_service.go:322.30,324.3 1 0
Qingyu_backend/service/admin/user_admin_service.go:326.2,326.52 1 0
Qingyu_backend/service/admin/user_admin_service.go:330.36,339.2 2 0
Qingyu_backend/service/admin/user_admin_service.go:342.57,346.16 4 0
Qingyu_backend/service/admin/user_admin_service.go:346.16,348.3 1 0
Qingyu_backend/service/admin/user_admin_service.go:350.2,350.30 1 0
Qingyu_backend/service/admin/user_admin_service.go:350.30,352.3 1 0
Qingyu_backend/service/admin/user_admin_service.go:354.2,354.23 1 0
Qingyu_backend/service/admin/user_admin_service.go:379.109,381.28 1 0
Qingyu_backend/service/admin/user_admin_service.go:381.28,383.3 1 0
Qingyu_backend/service/admin/user_admin_service.go:386.2,387.25 2 0
Qingyu_backend/service/admin/user_admin_service.go:387.25,389.3 1 0
Qingyu_backend/service/admin/user_admin_service.go:392.2,393.20 2 0
Qingyu_backend/service/admin/user_admin_service.go:393.20,396.17 3 0
Qingyu_backend/service/admin/user_admin_service.go:396.17,398.4 1 0
Qingyu_backend/service/admin/user_admin_service.go:402.2,412.23 2 0
Qingyu_backend/service/admin/user_admin_service.go:412.23,414.3 1 0
Qingyu_backend/service/admin/user_admin_service.go:415.2,415.25 1 0
Qingyu_backend/service/admin/user_admin_service.go:415.25,417.3 1 0
Qingyu_backend/service/admin/user_admin_service.go:420.2,420.51 1 0
Qingyu_backend/service/admin/user_admin_service.go:420.51,422.3 1 0
Qingyu_backend/service/admin/user_admin_service.go:425.2,425.53 1 0
Qingyu_backend/service/admin/user_admin_service.go:425.53,427.3 1 0
Qingyu_backend/service/admin/user_admin_service.go:429.2,429.18 1 0
Qingyu_backend/service/admin/user_admin_service.go:433.122,435.28 1 0
Qingyu_backend/service/admin/user_admin_service.go:435.28,437.3 1 0
Qingyu_backend/service/admin/user_admin_service.go:440.2,441.18 2 0
Qingyu_backend/service/admin/user_admin_service.go:441.18,443.3 1 0
Qingyu_backend/service/admin/user_admin_service.go:444.2,445.18 2 0
Qingyu_backend/service/admin/user_admin_service.go:445.18,447.3 1 0
Qingyu_backend/service/admin/user_admin_service.go:451.2,454.33 3 0
Qingyu_backend/service/admin/user_admin_service.go:454.33,459.17 3 0
Qingyu_backend/service/admin/user_admin_service.go:459.17,461.4 1 0
Qingyu_backend/service/admin/user_admin_service.go:463.3,473.52 2 0
Qingyu_backend/service/admin/user_admin_service.go:473.52,475.4 1 0
Qingyu_backend/service/admin/user_admin_service.go:477.3,477.22 1 0
Qingyu_backend/service/admin/user_admin_service.go:481.2,481.63 1 0
Qingyu_backend/service/admin/user_admin_service.go:481.63,483.3 1 0
Qingyu_backend/service/admin/user_admin_service.go:485.2,485.23 1 0
Qingyu_backend/api/v1/admin/analytics_api.go:20.84,24.2 1 0
Qingyu_backend/api/v1/admin/analytics_api.go:37.61,43.44 4 0
Qingyu_backend/api/v1/admin/analytics_api.go:43.44,49.3 2 0
Qingyu_backend/api/v1/admin/analytics_api.go:52.2,53.16 2 0
Qingyu_backend/api/v1/admin/analytics_api.go:53.16,59.3 2 0
Qingyu_backend/api/v1/admin/analytics_api.go:61.2,62.16 2 0
Qingyu_backend/api/v1/admin/analytics_api.go:62.16,68.3 2 0
Qingyu_backend/api/v1/admin/analytics_api.go:71.2,71.74 1 0
Qingyu_backend/api/v1/admin/analytics_api.go:71.74,77.3 2 0
Qingyu_backend/api/v1/admin/analytics_api.go:80.2,88.16 3 0
Qingyu_backend/api/v1/admin/analytics_api.go:88.16,94.3 2 0
Qingyu_backend/api/v1/admin/analytics_api.go:96.2,100.4 1 0
Qingyu_backend/api/v1/admin/analytics_api.go:113.63,119.24 4 0
Qingyu_backend/api/v1/admin/analytics_api.go:119.24,120.67 1 0
Qingyu_backend/api/v1/admin/analytics_api.go:120.67,122.4 1 0
Qingyu_backend/api/v1/admin/analytics_api.go:122.9,128.4 2 0
Qingyu_backend/api/v1/admin/analytics_api.go:131.2,131.22 1 0
Qingyu_backend/api/v1/admin/analytics_api.go:131.22,132.65 1 0
Qingyu_backend/api/v1/admin/analytics_api.go:132.65,134.4 1 0
Qingyu_backend/api/v1/admin/analytics_api.go:134.9,140.4 2 0
Qingyu_backend/api/v1/admin/analytics_api.go:144.2,151.16 3 0
Qingyu_backend/api/v1/admin/analytics_api.go:151.16,157.3 2 0
Qingyu_backend/api/v1/admin/analytics_api.go:159.2,163.4 1 0
Qingyu_backend/api/v1/admin/analytics_api.go:177.59,183.44 4 0
Qingyu_backend/api/v1/admin/analytics_api.go:183.44,189.3 2 0
Qingyu_backend/api/v1/admin/analytics_api.go:192.2,193.16 2 0
Qingyu_backend/api/v1/admin/analytics_api.go:193.16,199.3 2 0
Qingyu_backend/api/v1/admin/analytics_api.go:201.2,202.16 2 0
Qingyu_backend/api/v1/admin/analytics_api.go:202.16,208.3 2 0
Qingyu_backend/api/v1/admin/analytics_api.go:211.2,211.74 1 0
Qingyu_backend/api/v1/admin/analytics_api.go:211.74,217.3 2 0
Qingyu_backend/api/v1/admin/analytics_api.go:220.2,228.16 3 0
Qingyu_backend/api/v1/admin/analytics_api.go:228.16,234.3 2 0
Qingyu_backend/api/v1/admin/analytics_api.go:236.2,240.4 1 0
Qingyu_backend/api/v1/admin/analytics_api.go:254.63,260.44 4 0
Qingyu_backend/api/v1/admin/analytics_api.go:260.44,266.3 2 0
Qingyu_backend/api/v1/admin/analytics_api.go:268.2,268.22 1 0
Qingyu_backend/api/v1/admin/analytics_api.go:268.22,274.3 2 0
Qingyu_backend/api/v1/admin/analytics_api.go:277.2,278.16 2 0
Qingyu_backend/api/v1/admin/analytics_api.go:278.16,284.3 2 0
Qingyu_backend/api/v1/admin/analytics_api.go:286.2,287.16 2 0
Qingyu_backend/api/v1/admin/analytics_api.go:287.16,293.3 2 0
Qingyu_backend/api/v1/admin/analytics_api.go:296.2,296.71 1 0
Qingyu_backend/api/v1/admin/analytics_api.go:296.71,302.3 2 0
Qingyu_backend/api/v1/admin/analytics_api.go:305.2,313.16 3 0
Qingyu_backend/api/v1/admin/analytics_api.go:313.16,319.3 2 0
Qingyu_backend/api/v1/admin/analytics_api.go:321.2,325.4 1 0
Qingyu_backend/api/v1/admin/analytics_api.go:336.60,339.16 2 0
Qingyu_backend/api/v1/admin/analytics_api.go:339.16,345.3 2 0
Qingyu_backend/api/v1/admin/analytics_api.go:347.2,351.4 1 0
Qingyu_backend/api/v1/admin/analytics_api.go:368.64,373.22 3 0
Qingyu_backend/api/v1/admin/analytics_api.go:373.22,379.3 2 0
Qingyu_backend/api/v1/admin/analytics_api.go:382.2,384.31 3 0
Qingyu_backend/api/v1/admin/analytics_api.go:384.31,385.22 1 0
Qingyu_backend/api/v1/admin/analytics_api.go:385.22,387.9 2 0
Qingyu_backend/api/v1/admin/analytics_api.go:390.2,390.18 1 0
Qingyu_backend/api/v1/admin/analytics_api.go:390.18,396.3 2 0
Qingyu_backend/api/v1/admin/analytics_api.go:399.2,399.41 1 0
Qingyu_backend/api/v1/admin/analytics_api.go:399.41,405.3 2 0
Qingyu_backend/api/v1/admin/analytics_api.go:408.2,411.20 3 0
Qingyu_backend/api/v1/admin/analytics_api.go:412.21,414.46 2 0
Qingyu_backend/api/v1/admin/analytics_api.go:416.28,418.80 2 0
Qingyu_backend/api/v1/admin/analytics_api.go:420.24,422.54 2 0
Qingyu_backend/api/v1/admin/analytics_api.go:424.22,426.40 2 0
Qingyu_backend/api/v1/admin/analytics_api.go:428.10,433.9 2 0
Qingyu_backend/api/v1/admin/analytics_api.go:437.2,437.21 1 0
Qingyu_backend/api/v1/admin/analytics_api.go:437.21,441.3 3 0
Qingyu_backend/api/v1/admin/analytics_api.go:441.8,441.29 1 0
Qingyu_backend/api/v1/admin/analytics_api.go:441.29,448.3 2 0
Qingyu_backend/api/v1/admin/analytics_api.go:459.64,471.16 3 0
Qingyu_backend/api/v1/admin/analytics_api.go:471.16,477.3 2 0
Qingyu_backend/api/v1/admin/analytics_api.go:480.2,517.4 9 0
Qingyu_backend/api/v1/admin/analytics_api.go:529.66,531.47 2 0
Qingyu_backend/api/v1/admin/analytics_api.go:531.47,537.3 2 0
Qingyu_backend/api/v1/admin/analytics_api.go:542.2,549.4 1 0
Qingyu_backend/api/v1/admin/analytics_api.go:575.66,583.118 6 0
Qingyu_backend/api/v1/admin/analytics_api.go:583.118,589.3 2 0
Qingyu_backend/api/v1/admin/analytics_api.go:592.2,593.16 2 0
Qingyu_backend/api/v1/admin/analytics_api.go:593.16,599.3 2 0
Qingyu_backend/api/v1/admin/analytics_api.go:601.2,602.16 2 0
Qingyu_backend/api/v1/admin/analytics_api.go:602.16,608.3 2 0
Qingyu_backend/api/v1/admin/analytics_api.go:610.2,611.16 2 0
Qingyu_backend/api/v1/admin/analytics_api.go:611.16,617.3 2 0
Qingyu_backend/api/v1/admin/analytics_api.go:619.2,620.16 2 0
Qingyu_backend/api/v1/admin/analytics_api.go:620.16,626.3 2 0
Qingyu_backend/api/v1/admin/analytics_api.go:631.2,649.4 1 0
Qingyu_backend/api/v1/admin/analytics_api.go:660.59,675.2 1 0
Qingyu_backend/api/v1/admin/analytics_api.go:687.66,692.23 3 0
Qingyu_backend/api/v1/admin/analytics_api.go:692.23,698.3 2 0
Qingyu_backend/api/v1/admin/analytics_api.go:700.2,701.43 2 0
Qingyu_backend/api/v1/admin/analytics_api.go:701.43,707.3 2 0
Qingyu_backend/api/v1/admin/analytics_api.go:712.2,721.4 1 0
Qingyu_backend/api/v1/admin/announcement_api.go:20.100,24.2 1 0
Qingyu_backend/api/v1/admin/announcement_api.go:44.62,54.59 2 0
Qingyu_backend/api/v1/admin/announcement_api.go:54.59,56.17 2 0
Qingyu_backend/api/v1/admin/announcement_api.go:56.17,58.4 1 0
Qingyu_backend/api/v1/admin/announcement_api.go:62.2,62.65 1 0
Qingyu_backend/api/v1/admin/announcement_api.go:62.65,64.3 1 0
Qingyu_backend/api/v1/admin/announcement_api.go:67.2,67.62 1 0
Qingyu_backend/api/v1/admin/announcement_api.go:67.62,69.3 1 0
Qingyu_backend/api/v1/admin/announcement_api.go:72.2,72.50 1 0
Qingyu_backend/api/v1/admin/announcement_api.go:72.50,73.55 1 0
Qingyu_backend/api/v1/admin/announcement_api.go:73.55,75.4 1 0
Qingyu_backend/api/v1/admin/announcement_api.go:79.2,79.53 1 0
Qingyu_backend/api/v1/admin/announcement_api.go:79.53,80.57 1 0
Qingyu_backend/api/v1/admin/announcement_api.go:80.57,82.4 1 0
Qingyu_backend/api/v1/admin/announcement_api.go:86.2,86.47 1 0
Qingyu_backend/api/v1/admin/announcement_api.go:86.47,88.3 1 0
Qingyu_backend/api/v1/admin/announcement_api.go:91.2,91.56 1 0
Qingyu_backend/api/v1/admin/announcement_api.go:91.56,93.3 1 0
Qingyu_backend/api/v1/admin/announcement_api.go:96.2,97.16 2 0
Qingyu_backend/api/v1/admin/announcement_api.go:97.16,100.3 2 0
Qingyu_backend/api/v1/admin/announcement_api.go:102.2,102.27 1 0
Qingyu_backend/api/v1/admin/announcement_api.go:118.65,120.9 2 0
Qingyu_backend/api/v1/admin/announcement_api.go:120.9,122.3 1 0
Qingyu_backend/api/v1/admin/announcement_api.go:124.2,125.16 2 0
Qingyu_backend/api/v1/admin/announcement_api.go:125.16,128.3 2 0
Qingyu_backend/api/v1/admin/announcement_api.go:130.2,130.35 1 0
Qingyu_backend/api/v1/admin/announcement_api.go:146.64,148.47 2 0
Qingyu_backend/api/v1/admin/announcement_api.go:148.47,151.3 2 0
Qingyu_backend/api/v1/admin/announcement_api.go:154.2,155.18 2 0
Qingyu_backend/api/v1/admin/announcement_api.go:155.18,157.3 1 0
Qingyu_backend/api/v1/admin/announcement_api.go:159.2,160.16 2 0
Qingyu_backend/api/v1/admin/announcement_api.go:160.16,163.3 2 0
Qingyu_backend/api/v1/admin/announcement_api.go:165.2,165.35 1 0
Qingyu_backend/api/v1/admin/announcement_api.go:183.64,185.9 2 0
Qingyu_backend/api/v1/admin/announcement_api.go:185.9,187.3 1 0
Qingyu_backend/api/v1/admin/announcement_api.go:189.2,190.47 2 0
Qingyu_backend/api/v1/admin/announcement_api.go:190.47,193.3 2 0
Qingyu_backend/api/v1/admin/announcement_api.go:195.2,195.98 1 0
Qingyu_backend/api/v1/admin/announcement_api.go:195.98,198.3 2 0
Qingyu_backend/api/v1/admin/announcement_api.go:200.2,200.26 1 0
Qingyu_backend/api/v1/admin/announcement_api.go:217.64,219.9 2 0
Qingyu_backend/api/v1/admin/announcement_api.go:219.9,221.3 1 0
Qingyu_backend/api/v1/admin/announcement_api.go:223.2,223.92 1 0
Qingyu_backend/api/v1/admin/announcement_api.go:223.92,226.3 2 0
Qingyu_backend/api/v1/admin/announcement_api.go:228.2,228.26 1 0
Qingyu_backend/api/v1/admin/announcement_api.go:244.63,246.47 2 0
Qingyu_backend/api/v1/admin/announcement_api.go:246.47,249.3 2 0
Qingyu_backend/api/v1/admin/announcement_api.go:251.2,251.93 1 0
Qingyu_backend/api/v1/admin/announcement_api.go:251.93,254.3 2 0
Qingyu_backend/api/v1/admin/announcement_api.go:256.2,256.26 1 0
Qingyu_backend/api/v1/admin/announcement_api.go:277.57,279.47 2 0
Qingyu_backend/api/v1/admin/announcement_api.go:279.47,282.3 2 0
Qingyu_backend/api/v1/admin/announcement_api.go:285.2,285.23 1 0
Qingyu_backend/api/v1/admin/announcement_api.go:285.23,288.3 2 0
Qingyu_backend/api/v1/admin/announcement_api.go:290.2,290.90 1 0
Qingyu_backend/api/v1/admin/announcement_api.go:290.90,293.3 2 0
Qingyu_backend/api/v1/admin/announcement_api.go:295.2,295.26 1 0
Qingyu_backend/api/v1/admin/audit_admin_api.go:18.78,22.2 1 0
Qingyu_backend/api/v1/admin/audit_admin_api.go:40.60,45.47 4 0
Qingyu_backend/api/v1/admin/audit_admin_api.go:45.47,46.50 1 0
Qingyu_backend/api/v1/admin/audit_admin_api.go:46.50,48.4 1 0
Qingyu_backend/api/v1/admin/audit_admin_api.go:51.2,51.50 1 0
Qingyu_backend/api/v1/admin/audit_admin_api.go:51.50,52.51 1 0
Qingyu_backend/api/v1/admin/audit_admin_api.go:52.51,54.4 1 0
Qingyu_backend/api/v1/admin/audit_admin_api.go:58.2,59.16 2 0
Qingyu_backend/api/v1/admin/audit_admin_api.go:59.16,62.3 2 0
Qingyu_backend/api/v1/admin/audit_admin_api.go:66.2,69.30 3 0
Qingyu_backend/api/v1/admin/audit_admin_api.go:88.55,90.19 2 0
Qingyu_backend/api/v1/admin/audit_admin_api.go:90.19,93.3 2 0
Qingyu_backend/api/v1/admin/audit_admin_api.go:95.2,96.47 2 0
Qingyu_backend/api/v1/admin/audit_admin_api.go:96.47,99.3 2 0
Qingyu_backend/api/v1/admin/audit_admin_api.go:102.2,103.13 2 0
Qingyu_backend/api/v1/admin/audit_admin_api.go:103.13,106.3 2 0
Qingyu_backend/api/v1/admin/audit_admin_api.go:109.2,113.16 3 0
Qingyu_backend/api/v1/admin/audit_admin_api.go:113.16,116.3 2 0
Qingyu_backend/api/v1/admin/audit_admin_api.go:118.2,119.14 2 0
Qingyu_backend/api/v1/admin/audit_admin_api.go:119.14,121.3 1 0
Qingyu_backend/api/v1/admin/audit_admin_api.go:123.2,123.46 1 0
Qingyu_backend/api/v1/admin/audit_admin_api.go:142.56,144.19 2 0
Qingyu_backend/api/v1/admin/audit_admin_api.go:144.19,147.3 2 0
Qingyu_backend/api/v1/admin/audit_admin_api.go:149.2,150.47 2 0
Qingyu_backend/api/v1/admin/audit_admin_api.go:150.47,153.3 2 0
Qingyu_backend/api/v1/admin/audit_admin_api.go:156.2,157.13 2 0
Qingyu_backend/api/v1/admin/audit_admin_api.go:157.13,160.3 2 0
Qingyu_backend/api/v1/admin/audit_admin_api.go:163.2,167.16 3 0
Qingyu_backend/api/v1/admin/audit_admin_api.go:167.16,170.3 2 0
Qingyu_backend/api/v1/admin/audit_admin_api.go:172.2,173.14 2 0
Qingyu_backend/api/v1/admin/audit_admin_api.go:173.14,175.3 1 0
Qingyu_backend/api/v1/admin/audit_admin_api.go:177.2,177.46 1 0
Qingyu_backend/api/v1/admin/audit_admin_api.go:195.61,199.51 3 0
Qingyu_backend/api/v1/admin/audit_admin_api.go:199.51,200.48 1 0
Qingyu_backend/api/v1/admin/audit_admin_api.go:200.48,202.4 1 0
Qingyu_backend/api/v1/admin/audit_admin_api.go:205.2,205.50 1 0
Qingyu_backend/api/v1/admin/audit_admin_api.go:205.50,206.51 1 0
Qingyu_backend/api/v1/admin/audit_admin_api.go:206.51,208.4 1 0
Qingyu_backend/api/v1/admin/audit_admin_api.go:212.2,213.16 2 0
Qingyu_backend/api/v1/admin/audit_admin_api.go:213.16,216.3 2 0
Qingyu_backend/api/v1/admin/audit_admin_api.go:218.2,218.30 1 0
Qingyu_backend/api/v1/admin/audit_admin_api.go:234.62,237.16 2 0
Qingyu_backend/api/v1/admin/audit_admin_api.go:237.16,240.3 2 0
Qingyu_backend/api/v1/admin/audit_admin_api.go:242.2,242.28 1 0
Qingyu_backend/api/v1/admin/audit_admin_api.go:260.60,262.47 2 0
Qingyu_backend/api/v1/admin/audit_admin_api.go:262.47,265.3 2 0
Qingyu_backend/api/v1/admin/audit_admin_api.go:268.2,269.13 2 0
Qingyu_backend/api/v1/admin/audit_admin_api.go:269.13,272.3 2 0
Qingyu_backend/api/v1/admin/audit_admin_api.go:274.2,282.39 3 0
Qingyu_backend/api/v1/admin/audit_admin_api.go:282.39,283.131 1 0
Qingyu_backend/api/v1/admin/audit_admin_api.go:283.131,286.4 2 0
Qingyu_backend/api/v1/admin/audit_admin_api.go:286.9,288.4 1 0
Qingyu_backend/api/v1/admin/audit_admin_api.go:291.2,291.29 1 0
Qingyu_backend/api/v1/admin/audit_api.go:21.116,26.2 1 0
Qingyu_backend/api/v1/admin/audit_api.go:44.52,58.24 10 0
Qingyu_backend/api/v1/admin/audit_api.go:58.24,59.67 1 0
Qingyu_backend/api/v1/admin/audit_api.go:59.67,61.4 1 0
Qingyu_backend/api/v1/admin/audit_api.go:63.2,63.22 1 0
Qingyu_backend/api/v1/admin/audit_api.go:63.22,64.65 1 0
Qingyu_backend/api/v1/admin/audit_api.go:64.65,66.4 1 0
Qingyu_backend/api/v1/admin/audit_api.go:70.2,83.16 3 0
Qingyu_backend/api/v1/admin/audit_api.go:83.16,89.3 2 0
Qingyu_backend/api/v1/admin/audit_api.go:91.2,101.4 1 0
Qingyu_backend/api/v1/admin/audit_api.go:114.60,118.44 3 0
Qingyu_backend/api/v1/admin/audit_api.go:118.44,124.3 2 0
Qingyu_backend/api/v1/admin/audit_api.go:127.2,128.16 2 0
Qingyu_backend/api/v1/admin/audit_api.go:128.16,134.3 2 0
Qingyu_backend/api/v1/admin/audit_api.go:136.2,143.4 1 0
Qingyu_backend/api/v1/admin/audit_api.go:159.55,168.24 7 0
Qingyu_backend/api/v1/admin/audit_api.go:168.24,169.67 1 0
Qingyu_backend/api/v1/admin/audit_api.go:169.67,171.4 1 0
Qingyu_backend/api/v1/admin/audit_api.go:173.2,173.22 1 0
Qingyu_backend/api/v1/admin/audit_api.go:173.22,174.65 1 0
Qingyu_backend/api/v1/admin/audit_api.go:174.65,176.4 1 0
Qingyu_backend/api/v1/admin/audit_api.go:180.2,190.16 3 0
Qingyu_backend/api/v1/admin/audit_api.go:190.16,196.3 2 0
Qingyu_backend/api/v1/admin/audit_api.go:199.2,199.21 1 0
Qingyu_backend/api/v1/admin/audit_api.go:199.21,201.17 2 0
Qingyu_backend/api/v1/admin/audit_api.go:201.17,207.4 2 0
Qingyu_backend/api/v1/admin/audit_api.go:209.3,211.45 3 0
Qingyu_backend/api/v1/admin/audit_api.go:212.8,212.29 1 0
Qingyu_backend/api/v1/admin/audit_api.go:212.29,218.3 1 0
Qingyu_backend/api/v1/admin/audit_api.go:218.8,223.3 1 0
Qingyu_backend/api/v1/admin/audit_api.go:234.57,242.16 3 0
Qingyu_backend/api/v1/admin/audit_api.go:242.16,248.3 2 0
Qingyu_backend/api/v1/admin/audit_api.go:256.2,263.4 1 0
Qingyu_backend/api/v1/admin/audit_api.go:267.77,277.2 2 0
Qingyu_backend/api/v1/admin/banner_api.go:19.69,23.2 1 0
Qingyu_backend/api/v1/admin/banner_api.go:42.50,52.59 2 0
Qingyu_backend/api/v1/admin/banner_api.go:52.59,54.17 2 0
Qingyu_backend/api/v1/admin/banner_api.go:54.17,56.4 1 0
Qingyu_backend/api/v1/admin/banner_api.go:60.2,60.59 1 0
Qingyu_backend/api/v1/admin/banner_api.go:60.59,62.3 1 0
Qingyu_backend/api/v1/admin/banner_api.go:65.2,65.50 1 0
Qingyu_backend/api/v1/admin/banner_api.go:65.50,66.55 1 0
Qingyu_backend/api/v1/admin/banner_api.go:66.55,68.4 1 0
Qingyu_backend/api/v1/admin/banner_api.go:72.2,72.53 1 0
Qingyu_backend/api/v1/admin/banner_api.go:72.53,73.57 1 0
Qingyu_backend/api/v1/admin/banner_api.go:73.57,75.4 1 0
Qingyu_backend/api/v1/admin/banner_api.go:79.2,79.47 1 0
Qingyu_backend/api/v1/admin/banner_api.go:79.47,81.3 1 0
Qingyu_backend/api/v1/admin/banner_api.go:84.2,84.56 1 0
Qingyu_backend/api/v1/admin/banner_api.go:84.56,86.3 1 0
Qingyu_backend/api/v1/admin/banner_api.go:89.2,90.16 2 0
Qingyu_backend/api/v1/admin/banner_api.go:90.16,93.3 2 0
Qingyu_backend/api/v1/admin/banner_api.go:95.2,95.27 1 0
Qingyu_backend/api/v1/admin/banner_api.go:111.53,113.14 2 0
Qingyu_backend/api/v1/admin/banner_api.go:113.14,116.3 2 0
Qingyu_backend/api/v1/admin/banner_api.go:118.2,119.16 2 0
Qingyu_backend/api/v1/admin/banner_api.go:119.16,122.3 2 0
Qingyu_backend/api/v1/admin/banner_api.go:124.2,124.29 1 0
Qingyu_backend/api/v1/admin/banner_api.go:140.52,142.47 2 0
Qingyu_backend/api/v1/admin/banner_api.go:142.47,145.3 2 0
Qingyu_backend/api/v1/admin/banner_api.go:147.2,148.16 2 0
Qingyu_backend/api/v1/admin/banner_api.go:148.16,151.3 2 0
Qingyu_backend/api/v1/admin/banner_api.go:153.2,153.29 1 0
Qingyu_backend/api/v1/admin/banner_api.go:171.52,173.14 2 0
Qingyu_backend/api/v1/admin/banner_api.go:173.14,176.3 2 0
Qingyu_backend/api/v1/admin/banner_api.go:178.2,179.47 2 0
Qingyu_backend/api/v1/admin/banner_api.go:179.47,182.3 2 0
Qingyu_backend/api/v1/admin/banner_api.go:184.2,184.86 1 0
Qingyu_backend/api/v1/admin/banner_api.go:184.86,187.3 2 0
Qingyu_backend/api/v1/admin/banner_api.go:189.2,189.26 1 0
Qingyu_backend/api/v1/admin/banner_api.go:206.52,208.14 2 0
Qingyu_backend/api/v1/admin/banner_api.go:208.14,211.3 2 0
Qingyu_backend/api/v1/admin/banner_api.go:213.2,213.80 1 0
Qingyu_backend/api/v1/admin/banner_api.go:213.80,216.3 2 0
Qingyu_backend/api/v1/admin/banner_api.go:218.2,218.26 1 0
Qingyu_backend/api/v1/admin/banner_api.go:234.57,236.47 2 0
Qingyu_backend/api/v1/admin/banner_api.go:236.47,239.3 2 0
Qingyu_backend/api/v1/admin/banner_api.go:241.2,241.87 1 0
Qingyu_backend/api/v1/admin/banner_api.go:241.87,244.3 2 0
Qingyu_backend/api/v1/admin/banner_api.go:246.2,246.26 1 0
Qingyu_backend/api/v1/admin/banner_api.go:262.55,264.47 2 0
Qingyu_backend/api/v1/admin/banner_api.go:264.47,267.3 2 0
Qingyu_backend/api/v1/admin/banner_api.go:269.2,269.85 1 0
Qingyu_backend/api/v1/admin/banner_api.go:269.85,272.3 2 0
Qingyu_backend/api/v1/admin/banner_api.go:274.2,274.26 1 0
Qingyu_backend/api/v1/admin/banner_api.go:288.59,290.14 2 0
Qingyu_backend/api/v1/admin/banner_api.go:290.14,293.3 2 0
Qingyu_backend/api/v1/admin/banner_api.go:295.2,295.87 1 0
Qingyu_backend/api/v1/admin/banner_api.go:295.87,298.3 2 0
Qingyu_backend/api/v1/admin/banner_api.go:300.2,300.26 1 0
Qingyu_backend/api/v1/admin/category_admin_api.go:18.91,22.2 1 1
Qingyu_backend/api/v1/admin/category_admin_api.go:34.61,36.47 2 1
Qingyu_backend/api/v1/admin/category_admin_api.go:36.47,39.3 2 1
Qingyu_backend/api/v1/admin/category_admin_api.go:41.2,42.16 2 1
Qingyu_backend/api/v1/admin/category_admin_api.go:42.16,45.3 2 1
Qingyu_backend/api/v1/admin/category_admin_api.go:47.2,47.51 1 1
Qingyu_backend/api/v1/admin/category_admin_api.go:60.60,63.54 2 1
Qingyu_backend/api/v1/admin/category_admin_api.go:63.54,65.3 1 1
Qingyu_backend/api/v1/admin/category_admin_api.go:67.2,68.16 2 1
Qingyu_backend/api/v1/admin/category_admin_api.go:68.16,71.3 2 1
Qingyu_backend/api/v1/admin/category_admin_api.go:73.2,73.53 1 1
Qingyu_backend/api/v1/admin/category_admin_api.go:84.62,86.16 2 1
Qingyu_backend/api/v1/admin/category_admin_api.go:86.16,89.3 2 1
Qingyu_backend/api/v1/admin/category_admin_api.go:91.2,91.47 1 1
Qingyu_backend/api/v1/admin/category_admin_api.go:104.62,106.14 2 1
Qingyu_backend/api/v1/admin/category_admin_api.go:106.14,109.3 2 1
Qingyu_backend/api/v1/admin/category_admin_api.go:111.2,112.16 2 1
Qingyu_backend/api/v1/admin/category_admin_api.go:112.16,115.3 2 1
Qingyu_backend/api/v1/admin/category_admin_api.go:117.2,117.51 1 1
Qingyu_backend/api/v1/admin/category_admin_api.go:132.61,134.14 2 1
Qingyu_backend/api/v1/admin/category_admin_api.go:134.14,137.3 2 1
Qingyu_backend/api/v1/admin/category_admin_api.go:139.2,140.47 2 1
Qingyu_backend/api/v1/admin/category_admin_api.go:140.47,143.3 2 1
Qingyu_backend/api/v1/admin/category_admin_api.go:145.2,146.16 2 1
Qingyu_backend/api/v1/admin/category_admin_api.go:146.16,149.3 2 1
Qingyu_backend/api/v1/admin/category_admin_api.go:151.2,151.51 1 1
Qingyu_backend/api/v1/admin/category_admin_api.go:165.61,167.14 2 1
Qingyu_backend/api/v1/admin/category_admin_api.go:167.14,170.3 2 1
Qingyu_backend/api/v1/admin/category_admin_api.go:172.2,172.84 1 1
Qingyu_backend/api/v1/admin/category_admin_api.go:172.84,175.3 2 1
Qingyu_backend/api/v1/admin/category_admin_api.go:177.2,177.46 1 1
Qingyu_backend/api/v1/admin/category_admin_api.go:191.59,193.14 2 1
Qingyu_backend/api/v1/admin/category_admin_api.go:193.14,196.3 2 1
Qingyu_backend/api/v1/admin/category_admin_api.go:198.2,199.47 2 1
Qingyu_backend/api/v1/admin/category_admin_api.go:199.47,202.3 2 1
Qingyu_backend/api/v1/admin/category_admin_api.go:204.2,204.88 1 1
Qingyu_backend/api/v1/admin/category_admin_api.go:204.88,207.3 2 1
Qingyu_backend/api/v1/admin/category_admin_api.go:209.2,209.46 1 1
Qingyu_backend/api/v1/admin/category_admin_api.go:223.59,225.14 2 1
Qingyu_backend/api/v1/admin/category_admin_api.go:225.14,228.3 2 1
Qingyu_backend/api/v1/admin/category_admin_api.go:230.2,233.47 2 1
Qingyu_backend/api/v1/admin/category_admin_api.go:233.47,236.3 2 1
Qingyu_backend/api/v1/admin/category_admin_api.go:238.2,238.97 1 1
Qingyu_backend/api/v1/admin/category_admin_api.go:238.97,241.3 2 1
Qingyu_backend/api/v1/admin/category_admin_api.go:243.2,243.46 1 1
Qingyu_backend/api/v1/admin/config_api.go:19.74,23.2 1 0
Qingyu_backend/api/v1/admin/config_api.go:41.53,43.16 2 0
Qingyu_backend/api/v1/admin/config_api.go:43.16,46.3 2 0
Qingyu_backend/api/v1/admin/config_api.go:48.2,50.4 1 0
Qingyu_backend/api/v1/admin/config_api.go:71.54,73.46 2 0
Qingyu_backend/api/v1/admin/config_api.go:73.46,76.3 2 0
Qingyu_backend/api/v1/admin/config_api.go:78.2,79.16 2 0
Qingyu_backend/api/v1/admin/config_api.go:79.16,82.3 2 0
Qingyu_backend/api/v1/admin/config_api.go:84.2,84.60 1 0
Qingyu_backend/api/v1/admin/config_api.go:107.52,109.47 2 0
Qingyu_backend/api/v1/admin/config_api.go:109.47,112.3 2 0
Qingyu_backend/api/v1/admin/config_api.go:115.2,120.88 2 0
Qingyu_backend/api/v1/admin/config_api.go:120.88,123.3 2 0
Qingyu_backend/api/v1/admin/config_api.go:125.2,125.59 1 0
Qingyu_backend/api/v1/admin/config_api.go:147.57,149.47 2 0
Qingyu_backend/api/v1/admin/config_api.go:149.47,152.3 2 0
Qingyu_backend/api/v1/admin/config_api.go:155.2,156.37 2 0
Qingyu_backend/api/v1/admin/config_api.go:156.37,161.3 1 0
Qingyu_backend/api/v1/admin/config_api.go:163.2,163.94 1 0
Qingyu_backend/api/v1/admin/config_api.go:163.94,166.3 2 0
Qingyu_backend/api/v1/admin/config_api.go:168.2,168.65 1 0
Qingyu_backend/api/v1/admin/config_api.go:188.54,190.47 2 0
Qingyu_backend/api/v1/admin/config_api.go:190.47,193.3 2 0
Qingyu_backend/api/v1/admin/config_api.go:195.2,195.95 1 0
Qingyu_backend/api/v1/admin/config_api.go:195.95,198.3 2 0
Qingyu_backend/api/v1/admin/config_api.go:200.2,200.59 1 0
Qingyu_backend/api/v1/admin/config_api.go:219.56,221.16 2 0
Qingyu_backend/api/v1/admin/config_api.go:221.16,224.3 2 0
Qingyu_backend/api/v1/admin/config_api.go:226.2,228.4 1 0
Qingyu_backend/api/v1/admin/config_api.go:243.59,244.83 1 0
Qingyu_backend/api/v1/admin/config_api.go:244.83,247.3 2 0
Qingyu_backend/api/v1/admin/config_api.go:249.2,249.59 1 0
Qingyu_backend/api/v1/admin/content_export_api.go:30.21,37.2 1 0
Qingyu_backend/api/v1/admin/content_export_api.go:57.58,61.42 2 0
Qingyu_backend/api/v1/admin/content_export_api.go:61.42,64.3 2 0
Qingyu_backend/api/v1/admin/content_export_api.go:67.2,72.47 2 0
Qingyu_backend/api/v1/admin/content_export_api.go:72.47,74.3 1 0
Qingyu_backend/api/v1/admin/content_export_api.go:77.2,77.47 1 0
Qingyu_backend/api/v1/admin/content_export_api.go:77.47,79.3 1 0
Qingyu_backend/api/v1/admin/content_export_api.go:82.2,82.57 1 0
Qingyu_backend/api/v1/admin/content_export_api.go:82.57,83.73 1 0
Qingyu_backend/api/v1/admin/content_export_api.go:83.73,84.31 1 0
Qingyu_backend/api/v1/admin/content_export_api.go:84.31,86.5 1 0
Qingyu_backend/api/v1/admin/content_export_api.go:87.4,87.40 1 0
Qingyu_backend/api/v1/admin/content_export_api.go:91.2,91.51 1 0
Qingyu_backend/api/v1/admin/content_export_api.go:91.51,92.71 1 0
Qingyu_backend/api/v1/admin/content_export_api.go:92.71,95.31 2 0
Qingyu_backend/api/v1/admin/content_export_api.go:95.31,97.5 1 0
Qingyu_backend/api/v1/admin/content_export_api.go:98.4,98.36 1 0
Qingyu_backend/api/v1/admin/content_export_api.go:103.2,104.16 2 0
Qingyu_backend/api/v1/admin/content_export_api.go:104.16,107.3 2 0
Qingyu_backend/api/v1/admin/content_export_api.go:110.2,111.29 2 0
Qingyu_backend/api/v1/admin/content_export_api.go:111.29,113.3 1 0
Qingyu_backend/api/v1/admin/content_export_api.go:116.2,130.16 2 0
Qingyu_backend/api/v1/admin/content_export_api.go:131.13,132.52 1 0
Qingyu_backend/api/v1/admin/content_export_api.go:133.15,134.54 1 0
Qingyu_backend/api/v1/admin/content_export_api.go:155.61,159.42 2 0
Qingyu_backend/api/v1/admin/content_export_api.go:159.42,162.3 2 0
Qingyu_backend/api/v1/admin/content_export_api.go:165.2,170.48 2 0
Qingyu_backend/api/v1/admin/content_export_api.go:170.48,172.3 1 0
Qingyu_backend/api/v1/admin/content_export_api.go:175.2,175.57 1 0
Qingyu_backend/api/v1/admin/content_export_api.go:175.57,176.73 1 0
Qingyu_backend/api/v1/admin/content_export_api.go:176.73,178.4 1 0
Qingyu_backend/api/v1/admin/content_export_api.go:181.2,181.51 1 0
Qingyu_backend/api/v1/admin/content_export_api.go:181.51,182.71 1 0
Qingyu_backend/api/v1/admin/content_export_api.go:182.71,185.4 2 0
Qingyu_backend/api/v1/admin/content_export_api.go:189.2,190.16 2 0
Qingyu_backend/api/v1/admin/content_export_api.go:190.16,193.3 2 0
Qingyu_backend/api/v1/admin/content_export_api.go:196.2,197.35 2 0
Qingyu_backend/api/v1/admin/content_export_api.go:197.35,199.3 1 0
Qingyu_backend/api/v1/admin/content_export_api.go:202.2,215.16 2 0
Qingyu_backend/api/v1/admin/content_export_api.go:216.13,217.58 1 0
Qingyu_backend/api/v1/admin/content_export_api.go:218.15,219.60 1 0
Qingyu_backend/api/v1/admin/content_export_api.go:234.68,249.16 3 0
Qingyu_backend/api/v1/admin/content_export_api.go:249.16,252.3 2 0
Qingyu_backend/api/v1/admin/content_export_api.go:254.2,256.35 3 0
Qingyu_backend/api/v1/admin/content_export_api.go:268.71,282.16 3 0
Qingyu_backend/api/v1/admin/content_export_api.go:282.16,285.3 2 0
Qingyu_backend/api/v1/admin/content_export_api.go:287.2,289.35 3 0
Qingyu_backend/api/v1/admin/content_export_api.go:295.132,300.16 4 0
Qingyu_backend/api/v1/admin/content_export_api.go:300.16,303.3 2 0
Qingyu_backend/api/v1/admin/content_export_api.go:305.2,305.33 1 0
Qingyu_backend/api/v1/admin/content_export_api.go:309.134,314.16 4 0
Qingyu_backend/api/v1/admin/content_export_api.go:314.16,317.3 2 0
Qingyu_backend/api/v1/admin/content_export_api.go:319.2,319.90 1 0
Qingyu_backend/api/v1/admin/content_export_api.go:323.135,328.16 4 0
Qingyu_backend/api/v1/admin/content_export_api.go:328.16,331.3 2 0
Qingyu_backend/api/v1/admin/content_export_api.go:333.2,333.33 1 0
Qingyu_backend/api/v1/admin/content_export_api.go:337.137,342.16 4 0
Qingyu_backend/api/v1/admin/content_export_api.go:342.16,345.3 2 0
Qingyu_backend/api/v1/admin/content_export_api.go:347.2,347.90 1 0
Qingyu_backend/api/v1/admin/content_export_api.go:357.52,370.2 1 0
Qingyu_backend/api/v1/admin/content_export_api.go:377.55,389.2 1 0
Qingyu_backend/api/v1/admin/events_api.go:19.90,23.2 1 0
Qingyu_backend/api/v1/admin/events_api.go:48.57,50.47 2 0
Qingyu_backend/api/v1/admin/events_api.go:50.47,53.3 2 0
Qingyu_backend/api/v1/admin/events_api.go:56.2,56.20 1 0
Qingyu_backend/api/v1/admin/events_api.go:56.20,58.3 1 0
Qingyu_backend/api/v1/admin/events_api.go:59.2,59.40 1 0
Qingyu_backend/api/v1/admin/events_api.go:59.40,62.3 2 0
Qingyu_backend/api/v1/admin/events_api.go:65.2,72.20 2 0
Qingyu_backend/api/v1/admin/events_api.go:72.20,74.17 2 0
Qingyu_backend/api/v1/admin/events_api.go:74.17,77.4 2 0
Qingyu_backend/api/v1/admin/events_api.go:78.3,78.31 1 0
Qingyu_backend/api/v1/admin/events_api.go:81.2,81.18 1 0
Qingyu_backend/api/v1/admin/events_api.go:81.18,83.17 2 0
Qingyu_backend/api/v1/admin/events_api.go:83.17,86.4 2 0
Qingyu_backend/api/v1/admin/events_api.go:87.3,87.27 1 0
Qingyu_backend/api/v1/admin/events_api.go:92.2,93.16 2 0
Qingyu_backend/api/v1/admin/events_api.go:93.16,97.3 3 0
Qingyu_backend/api/v1/admin/events_api.go:100.2,108.16 2 0
Qingyu_backend/api/v1/admin/events_api.go:108.16,110.3 1 0
Qingyu_backend/api/v1/admin/events_api.go:112.2,112.27 1 0
Qingyu_backend/api/v1/admin/permission_api.go:21.89,25.2 1 0
Qingyu_backend/api/v1/admin/permission_api.go:40.61,42.16 2 0
Qingyu_backend/api/v1/admin/permission_api.go:42.16,45.3 2 0
Qingyu_backend/api/v1/admin/permission_api.go:47.2,47.34 1 0
Qingyu_backend/api/v1/admin/permission_api.go:62.57,64.16 2 0
Qingyu_backend/api/v1/admin/permission_api.go:64.16,67.3 2 0
Qingyu_backend/api/v1/admin/permission_api.go:69.2,70.16 2 0
Qingyu_backend/api/v1/admin/permission_api.go:70.16,73.3 2 0
Qingyu_backend/api/v1/admin/permission_api.go:75.2,75.33 1 0
Qingyu_backend/api/v1/admin/permission_api.go:91.60,93.47 2 0
Qingyu_backend/api/v1/admin/permission_api.go:93.47,96.3 2 0
Qingyu_backend/api/v1/admin/permission_api.go:98.2,98.90 1 0
Qingyu_backend/api/v1/admin/permission_api.go:98.90,101.3 2 0
Qingyu_backend/api/v1/admin/permission_api.go:103.2,103.26 1 0
Qingyu_backend/api/v1/admin/permission_api.go:119.60,121.16 2 0
Qingyu_backend/api/v1/admin/permission_api.go:121.16,124.3 2 0
Qingyu_backend/api/v1/admin/permission_api.go:126.2,127.47 2 0
Qingyu_backend/api/v1/admin/permission_api.go:127.47,130.3 2 0
Qingyu_backend/api/v1/admin/permission_api.go:132.2,133.90 2 0
Qingyu_backend/api/v1/admin/permission_api.go:133.90,136.3 2 0
Qingyu_backend/api/v1/admin/permission_api.go:138.2,138.26 1 0
Qingyu_backend/api/v1/admin/permission_api.go:153.60,155.16 2 0
Qingyu_backend/api/v1/admin/permission_api.go:155.16,158.3 2 0
Qingyu_backend/api/v1/admin/permission_api.go:160.2,160.90 1 0
Qingyu_backend/api/v1/admin/permission_api.go:160.90,163.3 2 0
Qingyu_backend/api/v1/admin/permission_api.go:165.2,165.26 1 0
Qingyu_backend/api/v1/admin/permission_api.go:181.55,183.16 2 0
Qingyu_backend/api/v1/admin/permission_api.go:183.16,186.3 2 0
Qingyu_backend/api/v1/admin/permission_api.go:188.2,188.28 1 0
Qingyu_backend/api/v1/admin/permission_api.go:203.51,205.18 2 0
Qingyu_backend/api/v1/admin/permission_api.go:205.18,208.3 2 0
Qingyu_backend/api/v1/admin/permission_api.go:210.2,211.16 2 0
Qingyu_backend/api/v1/admin/permission_api.go:211.16,214.3 2 0
Qingyu_backend/api/v1/admin/permission_api.go:216.2,216.27 1 0
Qingyu_backend/api/v1/admin/permission_api.go:232.54,234.47 2 0
Qingyu_backend/api/v1/admin/permission_api.go:234.47,237.3 2 0
Qingyu_backend/api/v1/admin/permission_api.go:239.2,239.84 1 0
Qingyu_backend/api/v1/admin/permission_api.go:239.84,242.3 2 0
Qingyu_backend/api/v1/admin/permission_api.go:244.2,244.26 1 0
Qingyu_backend/api/v1/admin/permission_api.go:260.54,262.18 2 0
Qingyu_backend/api/v1/admin/permission_api.go:262.18,265.3 2 0
Qingyu_backend/api/v1/admin/permission_api.go:267.2,268.47 2 0
Qingyu_backend/api/v1/admin/permission_api.go:268.47,271.3 2 0
Qingyu_backend/api/v1/admin/permission_api.go:273.2,274.84 2 0
Qingyu_backend/api/v1/admin/permission_api.go:274.84,277.3 2 0
Qingyu_backend/api/v1/admin/permission_api.go:279.2,279.26 1 0
Qingyu_backend/api/v1/admin/permission_api.go:294.54,296.18 2 0
Qingyu_backend/api/v1/admin/permission_api.go:296.18,299.3 2 0
Qingyu_backend/api/v1/admin/permission_api.go:301.2,301.86 1 0
Qingyu_backend/api/v1/admin/permission_api.go:301.86,304.3 2 0
Qingyu_backend/api/v1/admin/permission_api.go:306.2,306.26 1 0
Qingyu_backend/api/v1/admin/permission_api.go:322.66,326.42 3 0
Qingyu_backend/api/v1/admin/permission_api.go:326.42,329.3 2 0
Qingyu_backend/api/v1/admin/permission_api.go:331.2,331.114 1 0
Qingyu_backend/api/v1/admin/permission_api.go:331.114,334.3 2 0
Qingyu_backend/api/v1/admin/permission_api.go:336.2,336.26 1 0
Qingyu_backend/api/v1/admin/permission_api.go:352.68,356.42 3 0
Qingyu_backend/api/v1/admin/permission_api.go:356.42,359.3 2 0
Qingyu_backend/api/v1/admin/permission_api.go:361.2,361.116 1 0
Qingyu_backend/api/v1/admin/permission_api.go:361.116,364.3 2 0
Qingyu_backend/api/v1/admin/permission_api.go:366.2,366.26 1 0
Qingyu_backend/api/v1/admin/permission_api.go:381.62,383.18 2 0
Qingyu_backend/api/v1/admin/permission_api.go:383.18,386.3 2 0
Qingyu_backend/api/v1/admin/permission_api.go:388.2,389.16 2 0
Qingyu_backend/api/v1/admin/permission_api.go:389.16,392.3 2 0
Qingyu_backend/api/v1/admin/permission_api.go:394.2,394.34 1 0
Qingyu_backend/api/v1/admin/permission_api.go:410.56,412.18 2 0
Qingyu_backend/api/v1/admin/permission_api.go:412.18,415.3 2 0
Qingyu_backend/api/v1/admin/permission_api.go:417.2,418.16 2 0
Qingyu_backend/api/v1/admin/permission_api.go:418.16,421.3 2 0
Qingyu_backend/api/v1/admin/permission_api.go:423.2,423.28 1 0
Qingyu_backend/api/v1/admin/permission_api.go:438.60,440.18 2 0
Qingyu_backend/api/v1/admin/permission_api.go:440.18,443.3 2 0
Qingyu_backend/api/v1/admin/permission_api.go:445.2,446.47 2 0
Qingyu_backend/api/v1/admin/permission_api.go:446.47,449.3 2 0
Qingyu_backend/api/v1/admin/permission_api.go:451.2,451.102 1 0
Qingyu_backend/api/v1/admin/permission_api.go:451.102,454.3 2 0
Qingyu_backend/api/v1/admin/permission_api.go:456.2,456.26 1 0
Qingyu_backend/api/v1/admin/permission_api.go:471.62,475.32 3 0
Qingyu_backend/api/v1/admin/permission_api.go:475.32,478.3 2 0
Qingyu_backend/api/v1/admin/permission_api.go:480.2,480.100 1 0
Qingyu_backend/api/v1/admin/permission_api.go:480.100,483.3 2 0
Qingyu_backend/api/v1/admin/permission_api.go:485.2,485.26 1 0
Qingyu_backend/api/v1/admin/permission_api.go:499.62,501.18 2 0
Qingyu_backend/api/v1/admin/permission_api.go:501.18,504.3 2 0
Qingyu_backend/api/v1/admin/permission_api.go:506.2,507.16 2 0
Qingyu_backend/api/v1/admin/permission_api.go:507.16,510.3 2 0
Qingyu_backend/api/v1/admin/permission_api.go:512.2,512.34 1 0
Qingyu_backend/api/v1/admin/permission_api.go:533.130,539.37 2 0
Qingyu_backend/api/v1/admin/permission_api.go:539.37,540.74 1 0
Qingyu_backend/api/v1/admin/permission_api.go:540.74,543.4 2 0
Qingyu_backend/api/v1/admin/permission_api.go:543.9,545.4 1 0
Qingyu_backend/api/v1/admin/permission_api.go:548.2,548.29 1 0
Qingyu_backend/api/v1/admin/permission_api.go:562.66,564.47 2 0
Qingyu_backend/api/v1/admin/permission_api.go:564.47,567.3 2 0
Qingyu_backend/api/v1/admin/permission_api.go:569.2,569.79 1 0
Qingyu_backend/api/v1/admin/permission_api.go:583.68,585.47 2 0
Qingyu_backend/api/v1/admin/permission_api.go:585.47,588.3 2 0
Qingyu_backend/api/v1/admin/permission_api.go:590.2,590.81 1 0
Qingyu_backend/api/v1/admin/permission_template_api.go:17.109,21.2 1 1
Qingyu_backend/api/v1/admin/permission_template_api.go:50.66,52.47 2 0
Qingyu_backend/api/v1/admin/permission_template_api.go:52.47,59.3 2 0
Qingyu_backend/api/v1/admin/permission_template_api.go:62.2,72.16 3 0
Qingyu_backend/api/v1/admin/permission_template_api.go:72.16,78.3 2 0
Qingyu_backend/api/v1/admin/permission_template_api.go:80.2,83.4 1 0
Qingyu_backend/api/v1/admin/permission_template_api.go:96.63,98.22 2 0
Qingyu_backend/api/v1/admin/permission_template_api.go:98.22,104.3 2 0
Qingyu_backend/api/v1/admin/permission_template_api.go:106.2,107.16 2 0
Qingyu_backend/api/v1/admin/permission_template_api.go:107.16,113.3 2 0
Qingyu_backend/api/v1/admin/permission_template_api.go:115.2,118.4 1 0
Qingyu_backend/api/v1/admin/permission_template_api.go:131.69,133.16 2 0
Qingyu_backend/api/v1/admin/permission_template_api.go:133.16,139.3 2 0
Qingyu_backend/api/v1/admin/permission_template_api.go:141.2,142.16 2 0
Qingyu_backend/api/v1/admin/permission_template_api.go:142.16,148.3 2 0
Qingyu_backend/api/v1/admin/permission_template_api.go:150.2,153.4 1 0
Qingyu_backend/api/v1/admin/permission_template_api.go:167.66,169.22 2 0
Qingyu_backend/api/v1/admin/permission_template_api.go:169.22,175.3 2 0
Qingyu_backend/api/v1/admin/permission_template_api.go:177.2,178.47 2 0
Qingyu_backend/api/v1/admin/permission_template_api.go:178.47,185.3 2 0
Qingyu_backend/api/v1/admin/permission_template_api.go:188.2,196.16 3 0
Qingyu_backend/api/v1/admin/permission_template_api.go:196.16,202.3 2 0
Qingyu_backend/api/v1/admin/permission_template_api.go:204.2,206.4 1 0
Qingyu_backend/api/v1/admin/permission_template_api.go:219.66,221.22 2 0
Qingyu_backend/api/v1/admin/permission_template_api.go:221.22,227.3 2 0
Qingyu_backend/api/v1/admin/permission_template_api.go:229.2,230.16 2 0
Qingyu_backend/api/v1/admin/permission_template_api.go:230.16,236.3 2 0
Qingyu_backend/api/v1/admin/permission_template_api.go:238.2,240.4 1 0
Qingyu_backend/api/v1/admin/permission_template_api.go:253.65,257.16 3 1
Qingyu_backend/api/v1/admin/permission_template_api.go:257.16,263.3 2 0
Qingyu_backend/api/v1/admin/permission_template_api.go:265.2,268.4 1 1
Qingyu_backend/api/v1/admin/permission_template_api.go:282.65,284.22 2 0
Qingyu_backend/api/v1/admin/permission_template_api.go:284.22,290.3 2 0
Qingyu_backend/api/v1/admin/permission_template_api.go:292.2,295.47 2 0
Qingyu_backend/api/v1/admin/permission_template_api.go:295.47,302.3 2 0
Qingyu_backend/api/v1/admin/permission_template_api.go:304.2,305.16 2 0
Qingyu_backend/api/v1/admin/permission_template_api.go:305.16,311.3 2 0
Qingyu_backend/api/v1/admin/permission_template_api.go:313.2,315.4 1 0
Qingyu_backend/api/v1/admin/permission_template_api.go:327.77,329.16 2 0
Qingyu_backend/api/v1/admin/permission_template_api.go:329.16,335.3 2 0
Qingyu_backend/api/v1/admin/permission_template_api.go:337.2,339.4 1 0
Qingyu_backend/api/v1/admin/permission_template_api.go:343.75,345.2 2 1
Qingyu_backend/api/v1/admin/permission_template_api.go:345.2,355.3 8 1
Qingyu_backend/api/v1/admin/quota_admin_api.go:17.69,21.2 1 0
Qingyu_backend/api/v1/admin/quota_admin_api.go:39.59,41.24 2 0
Qingyu_backend/api/v1/admin/quota_admin_api.go:41.24,44.3 2 0
Qingyu_backend/api/v1/admin/quota_admin_api.go:46.2,47.47 2 0
Qingyu_backend/api/v1/admin/quota_admin_api.go:47.47,50.3 2 0
Qingyu_backend/api/v1/admin/quota_admin_api.go:53.2,54.23 2 0
Qingyu_backend/api/v1/admin/quota_admin_api.go:55.15,56.38 1 0
Qingyu_backend/api/v1/admin/quota_admin_api.go:57.17,58.40 1 0
Qingyu_backend/api/v1/admin/quota_admin_api.go:59.15,60.38 1 0
Qingyu_backend/api/v1/admin/quota_admin_api.go:61.10,63.9 2 0
Qingyu_backend/api/v1/admin/quota_admin_api.go:66.2,67.16 2 0
Qingyu_backend/api/v1/admin/quota_admin_api.go:67.16,70.3 2 0
Qingyu_backend/api/v1/admin/quota_admin_api.go:72.2,72.53 1 0
Qingyu_backend/api/v1/admin/quota_admin_api.go:90.60,92.24 2 0
Qingyu_backend/api/v1/admin/quota_admin_api.go:92.24,95.3 2 0
Qingyu_backend/api/v1/admin/quota_admin_api.go:97.2,98.16 2 0
Qingyu_backend/api/v1/admin/quota_admin_api.go:98.16,101.3 2 0
Qingyu_backend/api/v1/admin/quota_admin_api.go:103.2,103.53 1 0
Qingyu_backend/api/v1/admin/quota_admin_api.go:121.61,123.24 2 0
Qingyu_backend/api/v1/admin/quota_admin_api.go:123.24,126.3 2 0
Qingyu_backend/api/v1/admin/quota_admin_api.go:128.2,129.16 2 0
Qingyu_backend/api/v1/admin/quota_admin_api.go:129.16,132.3 2 0
Qingyu_backend/api/v1/admin/quota_admin_api.go:134.2,134.53 1 0
Qingyu_backend/api/v1/admin/quota_admin_api.go:152.63,154.24 2 0
Qingyu_backend/api/v1/admin/quota_admin_api.go:154.24,157.3 2 0
Qingyu_backend/api/v1/admin/quota_admin_api.go:160.2,161.16 2 0
Qingyu_backend/api/v1/admin/quota_admin_api.go:161.16,164.3 2 0
Qingyu_backend/api/v1/admin/quota_admin_api.go:166.2,166.56 1 0
Qingyu_backend/api/v1/admin/system_admin_api.go:18.69,22.2 1 0
Qingyu_backend/api/v1/admin/system_admin_api.go:39.59,41.47 2 0
Qingyu_backend/api/v1/admin/system_admin_api.go:41.47,44.3 2 0
Qingyu_backend/api/v1/admin/system_admin_api.go:47.2,48.13 2 0
Qingyu_backend/api/v1/admin/system_admin_api.go:48.13,51.3 2 0
Qingyu_backend/api/v1/admin/system_admin_api.go:54.2,55.16 2 0
Qingyu_backend/api/v1/admin/system_admin_api.go:55.16,58.3 2 0
Qingyu_backend/api/v1/admin/system_admin_api.go:60.2,60.26 1 0
Qingyu_backend/api/v1/admin/system_admin_api.go:78.62,80.18 2 0
Qingyu_backend/api/v1/admin/system_admin_api.go:80.18,83.3 2 0
Qingyu_backend/api/v1/admin/system_admin_api.go:86.2,87.16 2 0
Qingyu_backend/api/v1/admin/system_admin_api.go:87.16,90.3 2 0
Qingyu_backend/api/v1/admin/system_admin_api.go:92.2,92.28 1 0
Qingyu_backend/api/v1/admin/system_admin_api.go:112.61,129.16 7 0
Qingyu_backend/api/v1/admin/system_admin_api.go:129.16,132.3 2 0
Qingyu_backend/api/v1/admin/system_admin_api.go:134.2,134.91 1 0
Qingyu_backend/api/v1/admin/system_admin_api.go:150.59,155.16 3 0
Qingyu_backend/api/v1/admin/system_admin_api.go:155.16,158.3 2 0
Qingyu_backend/api/v1/admin/system_admin_api.go:160.2,160.28 1 0
Qingyu_backend/api/v1/admin/system_admin_api.go:176.60,181.16 3 0
Qingyu_backend/api/v1/admin/system_admin_api.go:181.16,184.3 2 0
Qingyu_backend/api/v1/admin/system_admin_api.go:186.2,186.30 1 0
Qingyu_backend/api/v1/admin/system_admin_api.go:204.63,206.47 2 0
Qingyu_backend/api/v1/admin/system_admin_api.go:206.47,209.3 2 0
Qingyu_backend/api/v1/admin/system_admin_api.go:211.2,215.16 3 0
Qingyu_backend/api/v1/admin/system_admin_api.go:215.16,218.3 2 0
Qingyu_backend/api/v1/admin/system_admin_api.go:220.2,220.26 1 0
Qingyu_backend/api/v1/admin/system_admin_api.go:238.63,246.47 2 0
Qingyu_backend/api/v1/admin/system_admin_api.go:246.47,249.3 2 0
Qingyu_backend/api/v1/admin/system_admin_api.go:252.2,253.13 2 0
Qingyu_backend/api/v1/admin/system_admin_api.go:253.13,256.3 2 0
Qingyu_backend/api/v1/admin/system_admin_api.go:258.2,262.16 3 0
Qingyu_backend/api/v1/admin/system_admin_api.go:262.16,265.3 2 0
Qingyu_backend/api/v1/admin/system_admin_api.go:267.2,267.35 1 0
Qingyu_backend/api/v1/admin/system_admin_api.go:285.61,293.16 5 0
Qingyu_backend/api/v1/admin/system_admin_api.go:293.16,296.3 2 0
Qingyu_backend/api/v1/admin/system_admin_api.go:298.2,298.77 1 0
Qingyu_backend/api/v1/admin/user_admin_api.go:20.84,24.2 1 0
Qingyu_backend/api/v1/admin/user_admin_api.go:43.52,52.53 4 0
Qingyu_backend/api/v1/admin/user_admin_api.go:52.53,54.3 1 0
Qingyu_backend/api/v1/admin/user_admin_api.go:56.2,57.16 2 0
Qingyu_backend/api/v1/admin/user_admin_api.go:57.16,60.3 2 0
Qingyu_backend/api/v1/admin/user_admin_api.go:62.2,69.29 2 0
Qingyu_backend/api/v1/admin/user_admin_api.go:86.56,88.18 2 0
Qingyu_backend/api/v1/admin/user_admin_api.go:88.18,91.3 2 0
Qingyu_backend/api/v1/admin/user_admin_api.go:93.2,94.16 2 0
Qingyu_backend/api/v1/admin/user_admin_api.go:94.16,95.42 1 0
Qingyu_backend/api/v1/admin/user_admin_api.go:95.42,98.4 2 0
Qingyu_backend/api/v1/admin/user_admin_api.go:99.3,100.9 2 0
Qingyu_backend/api/v1/admin/user_admin_api.go:103.2,103.27 1 0
Qingyu_backend/api/v1/admin/user_admin_api.go:121.59,123.18 2 0
Qingyu_backend/api/v1/admin/user_admin_api.go:123.18,126.3 2 0
Qingyu_backend/api/v1/admin/user_admin_api.go:128.2,129.47 2 0
Qingyu_backend/api/v1/admin/user_admin_api.go:129.47,132.3 2 0
Qingyu_backend/api/v1/admin/user_admin_api.go:134.2,135.99 2 0
Qingyu_backend/api/v1/admin/user_admin_api.go:135.99,136.42 1 0
Qingyu_backend/api/v1/admin/user_admin_api.go:136.42,139.4 2 0
Qingyu_backend/api/v1/admin/user_admin_api.go:140.3,140.52 1 0
Qingyu_backend/api/v1/admin/user_admin_api.go:140.52,143.4 2 0
Qingyu_backend/api/v1/admin/user_admin_api.go:144.3,145.9 2 0
Qingyu_backend/api/v1/admin/user_admin_api.go:148.2,148.26 1 0
Qingyu_backend/api/v1/admin/user_admin_api.go:166.57,168.18 2 0
Qingyu_backend/api/v1/admin/user_admin_api.go:168.18,171.3 2 0
Qingyu_backend/api/v1/admin/user_admin_api.go:173.2,174.47 2 0
Qingyu_backend/api/v1/admin/user_admin_api.go:174.47,177.3 2 0
Qingyu_backend/api/v1/admin/user_admin_api.go:179.2,179.99 1 0
Qingyu_backend/api/v1/admin/user_admin_api.go:179.99,180.42 1 0
Qingyu_backend/api/v1/admin/user_admin_api.go:180.42,183.4 2 0
Qingyu_backend/api/v1/admin/user_admin_api.go:184.3,184.52 1 0
Qingyu_backend/api/v1/admin/user_admin_api.go:184.52,187.4 2 0
Qingyu_backend/api/v1/admin/user_admin_api.go:188.3,188.41 1 0
Qingyu_backend/api/v1/admin/user_admin_api.go:188.41,191.4 2 0
Qingyu_backend/api/v1/admin/user_admin_api.go:192.3,193.9 2 0
Qingyu_backend/api/v1/admin/user_admin_api.go:196.2,196.26 1 0
Qingyu_backend/api/v1/admin/user_admin_api.go:213.53,215.18 2 0
Qingyu_backend/api/v1/admin/user_admin_api.go:215.18,218.3 2 0
Qingyu_backend/api/v1/admin/user_admin_api.go:220.2,220.85 1 0
Qingyu_backend/api/v1/admin/user_admin_api.go:220.85,221.42 1 0
Qingyu_backend/api/v1/admin/user_admin_api.go:221.42,224.4 2 0
Qingyu_backend/api/v1/admin/user_admin_api.go:225.3,225.52 1 0
Qingyu_backend/api/v1/admin/user_admin_api.go:225.52,228.4 2 0
Qingyu_backend/api/v1/admin/user_admin_api.go:229.3,230.9 2 0
Qingyu_backend/api/v1/admin/user_admin_api.go:233.2,233.26 1 0
Qingyu_backend/api/v1/admin/user_admin_api.go:251.60,253.18 2 0
Qingyu_backend/api/v1/admin/user_admin_api.go:253.18,256.3 2 0
Qingyu_backend/api/v1/admin/user_admin_api.go:258.2,262.16 4 0
Qingyu_backend/api/v1/admin/user_admin_api.go:262.16,263.43 1 0
Qingyu_backend/api/v1/admin/user_admin_api.go:263.43,266.4 2 0
Qingyu_backend/api/v1/admin/user_admin_api.go:267.3,268.9 2 0
Qingyu_backend/api/v1/admin/user_admin_api.go:271.2,278.29 2 0
Qingyu_backend/api/v1/admin/user_admin_api.go:294.60,296.18 2 0
Qingyu_backend/api/v1/admin/user_admin_api.go:296.18,299.3 2 0
Qingyu_backend/api/v1/admin/user_admin_api.go:301.2,302.16 2 0
Qingyu_backend/api/v1/admin/user_admin_api.go:302.16,303.43 1 0
Qingyu_backend/api/v1/admin/user_admin_api.go:303.43,306.4 2 0
Qingyu_backend/api/v1/admin/user_admin_api.go:307.3,308.9 2 0
Qingyu_backend/api/v1/admin/user_admin_api.go:311.2,311.28 1 0
Qingyu_backend/api/v1/admin/user_admin_api.go:328.60,330.18 2 0
Qingyu_backend/api/v1/admin/user_admin_api.go:330.18,333.3 2 0
Qingyu_backend/api/v1/admin/user_admin_api.go:335.2,336.16 2 0
Qingyu_backend/api/v1/admin/user_admin_api.go:336.16,337.42 1 0
Qingyu_backend/api/v1/admin/user_admin_api.go:337.42,340.4 2 0
Qingyu_backend/api/v1/admin/user_admin_api.go:341.3,342.9 2 0
Qingyu_backend/api/v1/admin/user_admin_api.go:345.2,350.29 2 0
Qingyu_backend/api/v1/admin/user_admin_api.go:366.60,368.47 2 0
Qingyu_backend/api/v1/admin/user_admin_api.go:368.47,371.3 2 0
Qingyu_backend/api/v1/admin/user_admin_api.go:373.2,373.27 1 0
Qingyu_backend/api/v1/admin/user_admin_api.go:373.27,376.3 2 0
Qingyu_backend/api/v1/admin/user_admin_api.go:378.2,379.105 2 0
Qingyu_backend/api/v1/admin/user_admin_api.go:379.105,382.3 2 0
Qingyu_backend/api/v1/admin/user_admin_api.go:384.2,384.26 1 0
Qingyu_backend/api/v1/admin/user_admin_api.go:400.59,402.47 2 0
Qingyu_backend/api/v1/admin/user_admin_api.go:402.47,405.3 2 0
Qingyu_backend/api/v1/admin/user_admin_api.go:407.2,407.27 1 0
Qingyu_backend/api/v1/admin/user_admin_api.go:407.27,410.3 2 0
Qingyu_backend/api/v1/admin/user_admin_api.go:412.2,412.96 1 0
Qingyu_backend/api/v1/admin/user_admin_api.go:412.96,415.3 2 0
Qingyu_backend/api/v1/admin/user_admin_api.go:417.2,417.26 1 0
Qingyu_backend/api/v1/admin/user_admin_api.go:434.54,436.19 2 0
Qingyu_backend/api/v1/admin/user_admin_api.go:436.19,439.3 2 0
Qingyu_backend/api/v1/admin/user_admin_api.go:441.2,445.16 4 0
Qingyu_backend/api/v1/admin/user_admin_api.go:445.16,448.3 2 0
Qingyu_backend/api/v1/admin/user_admin_api.go:450.2,457.29 2 0
Qingyu_backend/api/v1/admin/user_admin_api.go:470.56,472.16 2 0
Qingyu_backend/api/v1/admin/user_admin_api.go:472.16,475.3 2 0
Qingyu_backend/api/v1/admin/user_admin_api.go:477.2,477.29 1 0
Qingyu_backend/api/v1/admin/user_admin_api.go:535.53,537.47 2 0
Qingyu_backend/api/v1/admin/user_admin_api.go:537.47,540.3 2 0
Qingyu_backend/api/v1/admin/user_admin_api.go:542.2,553.16 3 0
Qingyu_backend/api/v1/admin/user_admin_api.go:553.16,554.47 1 0
Qingyu_backend/api/v1/admin/user_admin_api.go:554.47,557.4 2 0
Qingyu_backend/api/v1/admin/user_admin_api.go:558.3,558.41 1 0
Qingyu_backend/api/v1/admin/user_admin_api.go:558.41,561.4 2 0
Qingyu_backend/api/v1/admin/user_admin_api.go:562.3,563.9 2 0
Qingyu_backend/api/v1/admin/user_admin_api.go:566.2,566.27 1 0
Qingyu_backend/api/v1/admin/user_admin_api.go:582.59,584.47 2 0
Qingyu_backend/api/v1/admin/user_admin_api.go:584.47,587.3 2 0
Qingyu_backend/api/v1/admin/user_admin_api.go:589.2,597.16 3 0
Qingyu_backend/api/v1/admin/user_admin_api.go:597.16,598.41 1 0
Qingyu_backend/api/v1/admin/user_admin_api.go:598.41,601.4 2 0
Qingyu_backend/api/v1/admin/user_admin_api.go:602.3,603.9 2 0
Qingyu_backend/api/v1/admin/user_admin_api.go:606.2,611.29 2 0
Qingyu_backend/api/v1/admin/user_export_api.go:22.86,26.2 1 0
Qingyu_backend/api/v1/admin/user_export_api.go:43.55,47.41 2 0
Qingyu_backend/api/v1/admin/user_export_api.go:47.41,50.3 2 0
Qingyu_backend/api/v1/admin/user_export_api.go:53.2,58.47 2 0
Qingyu_backend/api/v1/admin/user_export_api.go:58.47,60.3 1 0
Qingyu_backend/api/v1/admin/user_export_api.go:63.2,64.16 2 0
Qingyu_backend/api/v1/admin/user_export_api.go:64.16,67.3 2 0
Qingyu_backend/api/v1/admin/user_export_api.go:69.2,69.16 1 0
Qingyu_backend/api/v1/admin/user_export_api.go:70.13,71.31 1 0
Qingyu_backend/api/v1/admin/user_export_api.go:72.14,73.33 1 0
Qingyu_backend/api/v1/admin/user_export_api.go:86.65,98.2 2 0
Qingyu_backend/api/v1/admin/user_export_api.go:101.79,114.32 7 0
Qingyu_backend/api/v1/admin/user_export_api.go:114.32,127.3 3 0
Qingyu_backend/api/v1/admin/user_export_api.go:131.81,141.33 6 0
Qingyu_backend/api/v1/admin/user_export_api.go:141.33,144.3 2 0
Qingyu_backend/api/v1/admin/user_export_api.go:147.2,147.32 1 0
Qingyu_backend/api/v1/admin/user_export_api.go:147.32,159.3 10 0
Qingyu_backend/api/v1/admin/user_export_api.go:162.2,162.19 1 0
Qingyu_backend/api/v1/admin/user_export_api.go:166.44,167.21 1 0
Qingyu_backend/api/v1/admin/user_export_api.go:167.21,169.3 1 0
Qingyu_backend/api/v1/admin/user_export_api.go:171.2,180.29 4 0
Qingyu_backend/api/v1/admin/user_export_api.go:180.29,181.53 1 0
Qingyu_backend/api/v1/admin/user_export_api.go:181.53,184.4 2 0
Qingyu_backend/api/v1/admin/user_export_api.go:187.2,187.20 1 0
