mode: set
E:\Github\Qingyu\Qingyu_backend\api\v1\admin\analytics_api.go:20.84,24.2 1 1
E:\Github\Qingyu\Qingyu_backend\api\v1\admin\analytics_api.go:37.61,43.44 4 1
E:\Github\Qingyu\Qingyu_backend\api\v1\admin\analytics_api.go:43.44,49.3 2 1
E:\Github\Qingyu\Qingyu_backend\api\v1\admin\analytics_api.go:52.2,53.16 2 1
E:\Github\Qingyu\Qingyu_backend\api\v1\admin\analytics_api.go:53.16,59.3 2 1
E:\Github\Qingyu\Qingyu_backend\api\v1\admin\analytics_api.go:61.2,62.16 2 1
E:\Github\Qingyu\Qingyu_backend\api\v1\admin\analytics_api.go:62.16,68.3 2 0
E:\Github\Qingyu\Qingyu_backend\api\v1\admin\analytics_api.go:71.2,71.74 1 1
E:\Github\Qingyu\Qingyu_backend\api\v1\admin\analytics_api.go:71.74,77.3 2 1
E:\Github\Qingyu\Qingyu_backend\api\v1\admin\analytics_api.go:80.2,88.16 3 1
E:\Github\Qingyu\Qingyu_backend\api\v1\admin\analytics_api.go:88.16,94.3 2 0
E:\Github\Qingyu\Qingyu_backend\api\v1\admin\analytics_api.go:96.2,100.4 1 1
E:\Github\Qingyu\Qingyu_backend\api\v1\admin\analytics_api.go:113.63,119.24 4 1
E:\Github\Qingyu\Qingyu_backend\api\v1\admin\analytics_api.go:119.24,120.67 1 1
E:\Github\Qingyu\Qingyu_backend\api\v1\admin\analytics_api.go:120.67,122.4 1 1
E:\Github\Qingyu\Qingyu_backend\api\v1\admin\analytics_api.go:122.9,128.4 2 1
E:\Github\Qingyu\Qingyu_backend\api\v1\admin\analytics_api.go:131.2,131.22 1 1
E:\Github\Qingyu\Qingyu_backend\api\v1\admin\analytics_api.go:131.22,132.65 1 1
E:\Github\Qingyu\Qingyu_backend\api\v1\admin\analytics_api.go:132.65,134.4 1 1
E:\Github\Qingyu\Qingyu_backend\api\v1\admin\analytics_api.go:134.9,140.4 2 0
E:\Github\Qingyu\Qingyu_backend\api\v1\admin\analytics_api.go:144.2,151.16 3 1
E:\Github\Qingyu\Qingyu_backend\api\v1\admin\analytics_api.go:151.16,157.3 2 0
E:\Github\Qingyu\Qingyu_backend\api\v1\admin\analytics_api.go:159.2,163.4 1 1
E:\Github\Qingyu\Qingyu_backend\api\v1\admin\analytics_api.go:177.59,183.44 4 1
E:\Github\Qingyu\Qingyu_backend\api\v1\admin\analytics_api.go:183.44,189.3 2 1
E:\Github\Qingyu\Qingyu_backend\api\v1\admin\analytics_api.go:192.2,193.16 2 1
E:\Github\Qingyu\Qingyu_backend\api\v1\admin\analytics_api.go:193.16,199.3 2 0
E:\Github\Qingyu\Qingyu_backend\api\v1\admin\analytics_api.go:201.2,202.16 2 1
E:\Github\Qingyu\Qingyu_backend\api\v1\admin\analytics_api.go:202.16,208.3 2 0
E:\Github\Qingyu\Qingyu_backend\api\v1\admin\analytics_api.go:211.2,211.74 1 1
E:\Github\Qingyu\Qingyu_backend\api\v1\admin\analytics_api.go:211.74,217.3 2 0
E:\Github\Qingyu\Qingyu_backend\api\v1\admin\analytics_api.go:220.2,228.16 3 1
E:\Github\Qingyu\Qingyu_backend\api\v1\admin\analytics_api.go:228.16,234.3 2 0
E:\Github\Qingyu\Qingyu_backend\api\v1\admin\analytics_api.go:236.2,240.4 1 1
E:\Github\Qingyu\Qingyu_backend\api\v1\admin\analytics_api.go:254.63,260.44 4 1
E:\Github\Qingyu\Qingyu_backend\api\v1\admin\analytics_api.go:260.44,266.3 2 0
E:\Github\Qingyu\Qingyu_backend\api\v1\admin\analytics_api.go:268.2,268.22 1 1
E:\Github\Qingyu\Qingyu_backend\api\v1\admin\analytics_api.go:268.22,274.3 2 1
E:\Github\Qingyu\Qingyu_backend\api\v1\admin\analytics_api.go:277.2,278.16 2 1
E:\Github\Qingyu\Qingyu_backend\api\v1\admin\analytics_api.go:278.16,284.3 2 0
E:\Github\Qingyu\Qingyu_backend\api\v1\admin\analytics_api.go:286.2,287.16 2 1
E:\Github\Qingyu\Qingyu_backend\api\v1\admin\analytics_api.go:287.16,293.3 2 0
E:\Github\Qingyu\Qingyu_backend\api\v1\admin\analytics_api.go:296.2,296.71 1 1
E:\Github\Qingyu\Qingyu_backend\api\v1\admin\analytics_api.go:296.71,302.3 2 1
E:\Github\Qingyu\Qingyu_backend\api\v1\admin\analytics_api.go:305.2,313.16 3 1
E:\Github\Qingyu\Qingyu_backend\api\v1\admin\analytics_api.go:313.16,319.3 2 0
E:\Github\Qingyu\Qingyu_backend\api\v1\admin\analytics_api.go:321.2,325.4 1 1
E:\Github\Qingyu\Qingyu_backend\api\v1\admin\analytics_api.go:336.60,339.16 2 1
E:\Github\Qingyu\Qingyu_backend\api\v1\admin\analytics_api.go:339.16,345.3 2 0
E:\Github\Qingyu\Qingyu_backend\api\v1\admin\analytics_api.go:347.2,351.4 1 1
E:\Github\Qingyu\Qingyu_backend\api\v1\admin\analytics_api.go:368.64,373.22 3 1
E:\Github\Qingyu\Qingyu_backend\api\v1\admin\analytics_api.go:373.22,379.3 2 1
E:\Github\Qingyu\Qingyu_backend\api\v1\admin\analytics_api.go:382.2,384.31 3 1
E:\Github\Qingyu\Qingyu_backend\api\v1\admin\analytics_api.go:384.31,385.22 1 1
E:\Github\Qingyu\Qingyu_backend\api\v1\admin\analytics_api.go:385.22,387.9 2 1
E:\Github\Qingyu\Qingyu_backend\api\v1\admin\analytics_api.go:390.2,390.18 1 1
E:\Github\Qingyu\Qingyu_backend\api\v1\admin\analytics_api.go:390.18,396.3 2 1
E:\Github\Qingyu\Qingyu_backend\api\v1\admin\analytics_api.go:399.2,399.41 1 1
E:\Github\Qingyu\Qingyu_backend\api\v1\admin\analytics_api.go:399.41,405.3 2 0
E:\Github\Qingyu\Qingyu_backend\api\v1\admin\analytics_api.go:408.2,411.20 3 1
E:\Github\Qingyu\Qingyu_backend\api\v1\admin\analytics_api.go:412.21,414.46 2 1
E:\Github\Qingyu\Qingyu_backend\api\v1\admin\analytics_api.go:416.28,418.80 2 0
E:\Github\Qingyu\Qingyu_backend\api\v1\admin\analytics_api.go:420.24,422.54 2 0
E:\Github\Qingyu\Qingyu_backend\api\v1\admin\analytics_api.go:424.22,426.40 2 0
E:\Github\Qingyu\Qingyu_backend\api\v1\admin\analytics_api.go:428.10,433.9 2 0
E:\Github\Qingyu\Qingyu_backend\api\v1\admin\analytics_api.go:437.2,437.21 1 1
E:\Github\Qingyu\Qingyu_backend\api\v1\admin\analytics_api.go:437.21,441.3 3 1
E:\Github\Qingyu\Qingyu_backend\api\v1\admin\analytics_api.go:441.8,441.29 1 0
E:\Github\Qingyu\Qingyu_backend\api\v1\admin\analytics_api.go:441.29,448.3 2 0
E:\Github\Qingyu\Qingyu_backend\api\v1\admin\analytics_api.go:459.64,471.16 3 1
E:\Github\Qingyu\Qingyu_backend\api\v1\admin\analytics_api.go:471.16,477.3 2 0
E:\Github\Qingyu\Qingyu_backend\api\v1\admin\analytics_api.go:480.2,517.4 9 1
E:\Github\Qingyu\Qingyu_backend\api\v1\admin\analytics_api.go:529.66,531.47 2 1
E:\Github\Qingyu\Qingyu_backend\api\v1\admin\analytics_api.go:531.47,537.3 2 1
E:\Github\Qingyu\Qingyu_backend\api\v1\admin\analytics_api.go:542.2,549.4 1 1
E:\Github\Qingyu\Qingyu_backend\api\v1\admin\analytics_api.go:575.66,583.118 6 1
E:\Github\Qingyu\Qingyu_backend\api\v1\admin\analytics_api.go:583.118,589.3 2 1
E:\Github\Qingyu\Qingyu_backend\api\v1\admin\analytics_api.go:592.2,593.16 2 1
E:\Github\Qingyu\Qingyu_backend\api\v1\admin\analytics_api.go:593.16,599.3 2 0
E:\Github\Qingyu\Qingyu_backend\api\v1\admin\analytics_api.go:601.2,602.16 2 1
E:\Github\Qingyu\Qingyu_backend\api\v1\admin\analytics_api.go:602.16,608.3 2 0
E:\Github\Qingyu\Qingyu_backend\api\v1\admin\analytics_api.go:610.2,611.16 2 1
E:\Github\Qingyu\Qingyu_backend\api\v1\admin\analytics_api.go:611.16,617.3 2 0
E:\Github\Qingyu\Qingyu_backend\api\v1\admin\analytics_api.go:619.2,620.16 2 1
E:\Github\Qingyu\Qingyu_backend\api\v1\admin\analytics_api.go:620.16,626.3 2 0
E:\Github\Qingyu\Qingyu_backend\api\v1\admin\analytics_api.go:631.2,649.4 1 1
E:\Github\Qingyu\Qingyu_backend\api\v1\admin\analytics_api.go:660.59,675.2 1 1
E:\Github\Qingyu\Qingyu_backend\api\v1\admin\analytics_api.go:687.66,692.23 3 1
E:\Github\Qingyu\Qingyu_backend\api\v1\admin\analytics_api.go:692.23,698.3 2 1
E:\Github\Qingyu\Qingyu_backend\api\v1\admin\analytics_api.go:700.2,701.43 2 1
E:\Github\Qingyu\Qingyu_backend\api\v1\admin\analytics_api.go:701.43,707.3 2 1
E:\Github\Qingyu\Qingyu_backend\api\v1\admin\analytics_api.go:712.2,721.4 1 1
