mode: set
Qingyu_backend/models/auth/permission_template.go:36.48,37.19 1 0
Qingyu_backend/models/auth/permission_template.go:37.19,39.3 1 0
Qingyu_backend/models/auth/permission_template.go:40.2,40.19 1 0
Qingyu_backend/models/auth/permission_template.go:40.19,42.3 1 0
Qingyu_backend/models/auth/permission_template.go:43.2,43.30 1 0
Qingyu_backend/models/auth/permission_template.go:43.30,45.3 1 0
Qingyu_backend/models/auth/permission_template.go:46.2,46.12 1 0
Qingyu_backend/models/auth/permission_template.go:62.43,64.2 1 0
Qingyu_backend/models/auth/role.go:106.62,108.45 1 1
Qingyu_backend/models/auth/role.go:108.45,110.3 1 1
Qingyu_backend/models/auth/role.go:112.2,112.37 1 1
Qingyu_backend/models/auth/role.go:112.37,115.3 2 1
Qingyu_backend/models/auth/role.go:116.2,116.14 1 1
Qingyu_backend/models/auth/role.go:120.71,121.18 1 1
Qingyu_backend/models/auth/role.go:121.18,123.3 1 0
Qingyu_backend/models/auth/role.go:125.2,125.59 1 1
Qingyu_backend/models/auth/role.go:125.59,127.3 1 1
Qingyu_backend/models/auth/role.go:128.2,128.59 1 1
Qingyu_backend/models/auth/role.go:128.59,130.3 1 1
Qingyu_backend/models/auth/role.go:132.2,132.34 1 1
Qingyu_backend/models/auth/role.go:132.34,134.3 1 1
Qingyu_backend/models/auth/role.go:135.2,135.14 1 1
Qingyu_backend/models/auth/role.go:139.39,140.18 1 1
Qingyu_backend/models/auth/role.go:140.18,142.3 1 1
Qingyu_backend/models/auth/role.go:143.2,143.55 1 1
Qingyu_backend/models/auth/role.go:143.55,145.3 1 1
Qingyu_backend/models/auth/role.go:146.2,146.20 1 1
Qingyu_backend/models/auth/role.go:146.20,148.3 1 1
Qingyu_backend/models/auth/role.go:149.2,149.12 1 1
Qingyu_backend/models/auth/role.go:153.73,155.30 1 1
Qingyu_backend/models/auth/role.go:155.30,157.3 1 1
Qingyu_backend/models/auth/role.go:159.2,159.37 1 1
Qingyu_backend/models/auth/role.go:159.37,160.38 1 1
Qingyu_backend/models/auth/role.go:160.38,162.4 1 1
Qingyu_backend/models/auth/role.go:164.2,164.14 1 1
