	Qingyu_backend/api/v1/reader		coverage: 0.0% of statements
	Qingyu_backend/api/v1/reading		coverage: 0.0% of statements
	Qingyu_backend/api/v1/recommendation		coverage: 0.0% of statements
	Qingyu_backend/api/v1/shared		coverage: 0.0% of statements
	Qingyu_backend/api/v1/system		coverage: 0.0% of statements
	Qingyu_backend/api/v1/writer		coverage: 0.0% of statements
	Qingyu_backend/cmd/migrate		coverage: 0.0% of statements
	Qingyu_backend/cmd/server		coverage: 0.0% of statements
ok  	Qingyu_backend/config	0.320s	coverage: 33.2% of statements
ok  	Qingyu_backend/core	0.444s	coverage: 42.9% of statements
?   	Qingyu_backend/global	[no test files]
ok  	Qingyu_backend/middleware	0.501s	coverage: 14.6% of statements
	Qingyu_backend/migration		coverage: 0.0% of statements
	Qingyu_backend/migration/examples		coverage: 0.0% of statements
	Qingyu_backend/migration/seeds		coverage: 0.0% of statements
?   	Qingyu_backend/models	[no test files]
	Qingyu_backend/models/ai		coverage: 0.0% of statements
	Qingyu_backend/models/audit		coverage: 0.0% of statements
	Qingyu_backend/models/document		coverage: 0.0% of statements
	Qingyu_backend/models/reading/bookstore		coverage: 0.0% of statements
?   	Qingyu_backend/models/reading/reader	[no test files]
?   	Qingyu_backend/models/recommendation/reco	[no test files]
?   	Qingyu_backend/models/shared/admin	[no test files]
?   	Qingyu_backend/models/shared/auth	[no test files]
?   	Qingyu_backend/models/shared/messaging	[no test files]
?   	Qingyu_backend/models/shared/recommendation	[no test files]
?   	Qingyu_backend/models/shared/storage	[no test files]
?   	Qingyu_backend/models/shared/wallet	[no test files]
?   	Qingyu_backend/models/stats	[no test files]
	Qingyu_backend/models/users		coverage: 0.0% of statements
	Qingyu_backend/pkg/audit		coverage: 0.0% of statements
	Qingyu_backend/pkg/errors		coverage: 0.0% of statements
ok  	Qingyu_backend/pkg/response	2.584s	coverage: 56.3% of statements
ok  	Qingyu_backend/pkg/validator	2.791s	coverage: 71.3% of statements
?   	Qingyu_backend/repository/interfaces	[no test files]
?   	Qingyu_backend/repository/interfaces/audit	[no test files]
?   	Qingyu_backend/repository/interfaces/bookstore	[no test files]
	Qingyu_backend/repository/interfaces/infrastructure		coverage: 0.0% of statements
?   	Qingyu_backend/repository/interfaces/reading	[no test files]
?   	Qingyu_backend/repository/interfaces/recommendation	[no test files]
?   	Qingyu_backend/repository/interfaces/shared	[no test files]
?   	Qingyu_backend/repository/interfaces/stats	[no test files]
	Qingyu_backend/repository/interfaces/user		coverage: 0.0% of statements
?   	Qingyu_backend/repository/interfaces/writing	[no test files]
	Qingyu_backend/repository/mongodb		coverage: 0.0% of statements
	Qingyu_backend/repository/mongodb/bookstore		coverage: 0.0% of statements
	Qingyu_backend/repository/mongodb/reading		coverage: 0.0% of statements
	Qingyu_backend/repository/mongodb/recommendation		coverage: 0.0% of statements
	Qingyu_backend/repository/mongodb/shared		coverage: 0.0% of statements
	Qingyu_backend/repository/mongodb/stats		coverage: 0.0% of statements
	Qingyu_backend/repository/mongodb/user		coverage: 0.0% of statements
	Qingyu_backend/repository/mongodb/writing		coverage: 0.0% of statements
	Qingyu_backend/repository/querybuilder		coverage: 0.0% of statements
	Qingyu_backend/router		coverage: 0.0% of statements
	Qingyu_backend/router/bookstore		coverage: 0.0% of statements
	Qingyu_backend/router/project			Qingyu_backend/router/recommendation		coverage: 0.0% of statements
	Qingyu_backend/router/shared		coverage: 0.0% of statements
	Qingyu_backend/router/users		coverage: 0.0% of statements
	Qingyu_backend/router/writer		coverage: 0.0% of statements
	Qingyu_backend/service		coverage: 0.0% of statements
ok  	Qingyu_backend/service/ai	0.313s	coverage: 13.2% of statements
ok  	Qingyu_backend/service/ai/adapter	3.370s	coverage: 5.2% of statements
	Qingyu_backend/service/ai/dto		coverage: 0.0% of statements
	Qingyu_backend/service/audit		coverage: 0.0% of statements
	Qingyu_backend/service/base		coverage: 0.0% of statements
	Qingyu_backend/service/bookstore		coverage: 0.0% of statements
	Qingyu_backend/service/container		coverage: 0.0% of statements
	Qingyu_backend/service/document		coverage: 0.0% of statements
	Qingyu_backend/service/interfaces		coverage: 0.0% of statements
	Qingyu_backend/service/project		coverage: 0.0% of statements
	Qingyu_backend/service/reading		coverage: 0.0% of statements
	Qingyu_backend/service/recommendation		coverage: 0.0% of statements
ok  	Qingyu_backend/service/shared/admin	1.780s	coverage: 84.1% of statements
ok  	Qingyu_backend/service/shared/auth	1.733s	coverage: 49.2% of statements
ok  	Qingyu_backend/service/shared/container	0.465s	coverage: 27.4% of statements
ok  	Qingyu_backend/service/shared/messaging	1.857s	coverage: 79.8% of statements
ok  	Qingyu_backend/service/shared/recommendation	1.885s	coverage: 86.4% of statements
ok  	Qingyu_backend/service/shared/storage	2.115s	coverage: 56.1% of statements
ok  	Qingyu_backend/service/shared/wallet	2.887s	coverage: 52.7% of statements
	Qingyu_backend/service/stats		coverage: 0.0% of statements
ok  	Qingyu_backend/service/user	0.717s	coverage: 6.8% of statements
	Qingyu_backend/service/user/mocks		coverage: 0.0% of statements
ok  	Qingyu_backend/test	3.625s	coverage: [no statements]
ok  	Qingyu_backend/test/api	0.661s	coverage: [no statements]
	Qingyu_backend/test/examples		coverage: 0.0% of statements
	Qingyu_backend/test/fixtures		coverage: 0.0% of statements
Warning: Config file not found: Config File "config" Not Found in "[E:\\Github\\Qingyu\\Qingyu_backend\\test\\integration]"
Successfully connected to MongoDB: mongodb://localhost:27017/qingyu
--- FAIL: TestUserAPI_Integration (0.14s)
    --- FAIL: TestUserAPI_Integration/瀹屾暣鐢ㄦ埛鐢熷懡鍛ㄦ湡 (0.13s)
        --- FAIL: TestUserAPI_Integration/瀹屾暣鐢ㄦ埛鐢熷懡鍛ㄦ湡/鑾峰彇涓汉淇℃伅 (0.00s)
            user_api_integration_test.go:174: 
                	Error Trace:	E:/Github/Qingyu/Qingyu_backend/test/integration/user_api_integration_test.go:174
                	Error:      	Not equal: 
                	            	expected: 200
                	            	actual  : 401
                	Test:       	TestUserAPI_Integration/瀹屾暣鐢ㄦ埛鐢熷懡鍛ㄦ湡/鑾峰彇涓汉淇℃伅
                	Messages:   	鑾峰彇涓汉淇℃伅搴旇杩斿洖200
            user_api_integration_test.go:180: 
                	Error Trace:	E:/Github/Qingyu/Qingyu_backend/test/integration/user_api_integration_test.go:180
                	Error:      	Not equal: 
                	            	expected: 200
                	            	actual  : 401
                	Test:       	TestUserAPI_Integration/瀹屾暣鐢ㄦ埛鐢熷懡鍛ㄦ湡/鑾峰彇涓汉淇℃伅
panic: interface conversion: interface {} is nil, not map[string]interface {} [recovered, repanicked]

goroutine 2220 [running]:
testing.tRunner.func1.2({0x7ff6e30da9e0, 0xc007ff7950})
	C:/Program Files/Go/src/testing/testing.go:1872 +0x239
testing.tRunner.func1()
	C:/Program Files/Go/src/testing/testing.go:1875 +0x35b
panic({0x7ff6e30da9e0?, 0xc007ff7950?})
	C:/Program Files/Go/src/runtime/panic.go:783 +0x132
Qingyu_backend/test/integration.testCompleteUserLifecycle.func3(0xc00878a000)
	E:/Github/Qingyu/Qingyu_backend/test/integration/user_api_integration_test.go:182 +0x54c
testing.tRunner(0xc00878a000, 0xc007fdf400)
	C:/Program Files/Go/src/testing/testing.go:1934 +0xc3
created by testing.(*T).Run in goroutine 2242
	C:/Program Files/Go/src/testing/testing.go:1997 +0x44b
FAIL	Qingyu_backend/test/integration	5.676s
ok  	Qingyu_backend/test/performance	1.154s	coverage: [no statements]
Successfully connected to MongoDB: mongodb://localhost:27017/qingyu
--- FAIL: TestBehaviorRepository_Create (0.15s)
    recommendation_behavior_test.go:49: 
        	Error Trace:	E:/Github/Qingyu/Qingyu_backend/test/repository/recommendation_behavior_test.go:49
        	Error:      	Should NOT be empty, but was 
        	Test:       	TestBehaviorRepository_Create
Successfully connected to MongoDB: mongodb://localhost:27017/qingyu
Successfully connected to MongoDB: mongodb://localhost:27017/qingyu
Successfully connected to MongoDB: mongodb://localhost:27017/qingyu
Successfully connected to MongoDB: mongodb://localhost:27017/qingyu
Successfully connected to MongoDB: mongodb://localhost:27017/qingyu
Successfully connected to MongoDB: mongodb://localhost:27017/qingyu
Successfully connected to MongoDB: mongodb://localhost:27017/qingyu
Successfully connected to MongoDB: mongodb://localhost:27017/qingyu
--- FAIL: TestHotRecommendationRepository_GetHotBooks (0.06s)
    recommendation_hot_test.go:68: 
        	Error Trace:	E:/Github/Qingyu/Qingyu_backend/test/repository/recommendation_hot_test.go:68
        	Error:      	Not equal: 
        	            	expected: "book_002"
        	            	actual  : "book_001"
        	            	
        	            	Diff:
        	            	--- Expected
        	            	+++ Actual
        	            	@@ -1 +1 @@
        	            	-book_002
        	            	+book_001
        	Test:       	TestHotRecommendationRepository_GetHotBooks
Successfully connected to MongoDB: mongodb://localhost:27017/qingyu
Successfully connected to MongoDB: mongodb://localhost:27017/qingyu
Successfully connected to MongoDB: mongodb://localhost:27017/qingyu
Successfully connected to MongoDB: mongodb://localhost:27017/qingyu
Successfully connected to MongoDB: mongodb://localhost:27017/qingyu
Successfully connected to MongoDB: mongodb://localhost:27017/qingyu
Successfully connected to MongoDB: mongodb://localhost:27017/qingyu
Successfully connected to MongoDB: mongodb://localhost:27017/qingyu
Successfully connected to MongoDB: mongodb://localhost:27017/qingyu
Successfully connected to MongoDB: mongodb://localhost:27017/qingyu
Successfully connected to MongoDB: mongodb://localhost:27017/qingyu
Successfully connected to MongoDB: mongodb://localhost:27017/qingyu
Successfully connected to MongoDB: mongodb://localhost:27017/qingyu
Successfully connected to MongoDB: mongodb://localhost:27017/qingyu
Successfully connected to MongoDB: mongodb://localhost:27017/qingyu
Successfully connected to MongoDB: mongodb://localhost:27017/qingyu
Successfully connected to MongoDB: mongodb://localhost:27017/qingyu
Successfully connected to MongoDB: mongodb://localhost:27017/qingyu
Successfully connected to MongoDB: mongodb://localhost:27017/qingyu
Successfully connected to MongoDB: mongodb://localhost:27017/qingyu
Successfully connected to MongoDB: mongodb://localhost:27017/qingyu
Successfully connected to MongoDB: mongodb://localhost:27017/qingyu
Successfully connected to MongoDB: mongodb://localhost:27017/qingyu
Successfully connected to MongoDB: mongodb://localhost:27017/qingyu
FAIL
coverage: [no statements]
FAIL	Qingyu_backend/test/repository	1.567s
ok  	Qingyu_backend/test/repository/reading	0.831s	coverage: [no statements]
--- FAIL: TestBehaviorRepository_Create (0.00s)
    recommendation_behavior_test.go:24: 鍔犺浇閰嶇疆澶辫触: fatal error reading config file: open ../../config/config.yaml: The system cannot find the path specified.
--- FAIL: TestBehaviorRepository_Create_NilBehavior (0.00s)
    recommendation_behavior_test.go:60: 鍔犺浇閰嶇疆澶辫触: fatal error reading config file: open ../../config/config.yaml: The system cannot find the path specified.
--- FAIL: TestBehaviorRepository_BatchCreate (0.00s)
    recommendation_behavior_test.go:78: 鍔犺浇閰嶇疆澶辫触: fatal error reading config file: open ../../config/config.yaml: The system cannot find the path specified.
--- FAIL: TestBehaviorRepository_BatchCreate_EmptySlice (0.00s)
    recommendation_behavior_test.go:123: 鍔犺浇閰嶇疆澶辫触: fatal error reading config file: open ../../config/config.yaml: The system cannot find the path specified.
--- FAIL: TestBehaviorRepository_GetByUser (0.00s)
    recommendation_behavior_test.go:140: 鍔犺浇閰嶇疆澶辫触: fatal error reading config file: open ../../config/config.yaml: The system cannot find the path specified.
--- FAIL: TestBehaviorRepository_GetByUser_EmptyUserID (0.00s)
    recommendation_behavior_test.go:193: 鍔犺浇閰嶇疆澶辫触: fatal error reading config file: open ../../config/config.yaml: The system cannot find the path specified.
--- FAIL: TestBehaviorRepository_GetByUser_NoData (0.00s)
    recommendation_behavior_test.go:211: 鍔犺浇閰嶇疆澶辫触: fatal error reading config file: open ../../config/config.yaml: The system cannot find the path specified.
--- FAIL: TestBehaviorRepository_CompleteFlow (0.00s)
    recommendation_behavior_test.go:229: 鍔犺浇閰嶇疆澶辫触: fatal error reading config file: open ../../config/config.yaml: The system cannot find the path specified.
--- FAIL: TestHotRecommendationRepository_GetHotBooks (0.00s)
    recommendation_hot_test.go:22: 鍔犺浇閰嶇疆澶辫触: fatal error reading config file: open ../../config/config.yaml: The system cannot find the path specified.
--- FAIL: TestHotRecommendationRepository_GetHotBooks_NoData (0.00s)
    recommendation_hot_test.go:77: 鍔犺浇閰嶇疆澶辫触: fatal error reading config file: open ../../config/config.yaml: The system cannot find the path specified.
--- FAIL: TestHotRecommendationRepository_GetHotBooksByCategory (0.00s)
    recommendation_hot_test.go:95: 鍔犺浇閰嶇疆澶辫触: fatal error reading config file: open ../../config/config.yaml: The system cannot find the path specified.
--- FAIL: TestHotRecommendationRepository_GetTrendingBooks (0.00s)
    recommendation_hot_test.go:173: 鍔犺浇閰嶇疆澶辫触: fatal error reading config file: open ../../config/config.yaml: The system cannot find the path specified.
--- FAIL: TestHotRecommendationRepository_GetNewPopularBooks (0.00s)
    recommendation_hot_test.go:222: 鍔犺浇閰嶇疆澶辫触: fatal error reading config file: open ../../config/config.yaml: The system cannot find the path specified.
--- FAIL: TestHotRecommendationRepository_Health (0.00s)
    recommendation_hot_test.go:296: 鍔犺浇閰嶇疆澶辫触: fatal error reading config file: open ../../config/config.yaml: The system cannot find the path specified.
--- FAIL: TestHotRecommendationRepository_GetHotBooksByCategory_EmptyCategory (0.00s)
    recommendation_hot_test.go:313: 鍔犺浇閰嶇疆澶辫触: fatal error reading config file: open ../../config/config.yaml: The system cannot find the path specified.
--- FAIL: TestItemFeatureRepository_Create (0.00s)
    recommendation_item_feature_test.go:21: 鍔犺浇閰嶇疆澶辫触: fatal error reading config file: open ../../config/config.yaml: The system cannot find the path specified.
--- FAIL: TestItemFeatureRepository_Upsert (0.00s)
    recommendation_item_feature_test.go:55: 鍔犺浇閰嶇疆澶辫触: fatal error reading config file: open ../../config/config.yaml: The system cannot find the path specified.
--- FAIL: TestItemFeatureRepository_GetByItemID (0.00s)
    recommendation_item_feature_test.go:104: 鍔犺浇閰嶇疆澶辫触: fatal error reading config file: open ../../config/config.yaml: The system cannot find the path specified.
--- FAIL: TestItemFeatureRepository_GetByItemID_NotFound (0.00s)
    recommendation_item_feature_test.go:141: 鍔犺浇閰嶇疆澶辫触: fatal error reading config file: open ../../config/config.yaml: The system cannot find the path specified.
--- FAIL: TestItemFeatureRepository_BatchGetByItemIDs (0.00s)
    recommendation_item_feature_test.go:159: 鍔犺浇閰嶇疆澶辫触: fatal error reading config file: open ../../config/config.yaml: The system cannot find the path specified.
--- FAIL: TestItemFeatureRepository_BatchGetByItemIDs_EmptySlice (0.00s)
    recommendation_item_feature_test.go:204: 鍔犺浇閰嶇疆澶辫触: fatal error reading config file: open ../../config/config.yaml: The system cannot find the path specified.
--- FAIL: TestItemFeatureRepository_GetByCategory (0.00s)
    recommendation_item_feature_test.go:222: 鍔犺浇閰嶇疆澶辫触: fatal error reading config file: open ../../config/config.yaml: The system cannot find the path specified.
--- FAIL: TestItemFeatureRepository_GetByTags (0.00s)
    recommendation_item_feature_test.go:269: 鍔犺浇閰嶇疆澶辫触: fatal error reading config file: open ../../config/config.yaml: The system cannot find the path specified.
--- FAIL: TestItemFeatureRepository_Delete (0.00s)
    recommendation_item_feature_test.go:324: 鍔犺浇閰嶇疆澶辫触: fatal error reading config file: open ../../config/config.yaml: The system cannot find the path specified.
--- FAIL: TestItemFeatureRepository_Health (0.00s)
    recommendation_item_feature_test.go:357: 鍔犺浇閰嶇疆澶辫触: fatal error reading config file: open ../../config/config.yaml: The system cannot find the path specified.
--- FAIL: TestProfileRepository_Upsert_Create (0.00s)
    recommendation_profile_test.go:21: 鍔犺浇閰嶇疆澶辫触: fatal error reading config file: open ../../config/config.yaml: The system cannot find the path specified.
--- FAIL: TestProfileRepository_Upsert_Update (0.00s)
    recommendation_profile_test.go:60: 鍔犺浇閰嶇疆澶辫触: fatal error reading config file: open ../../config/config.yaml: The system cannot find the path specified.
--- FAIL: TestProfileRepository_Upsert_NilProfile (0.00s)
    recommendation_profile_test.go:114: 鍔犺浇閰嶇疆澶辫触: fatal error reading config file: open ../../config/config.yaml: The system cannot find the path specified.
--- FAIL: TestProfileRepository_Upsert_EmptyUserID (0.00s)
    recommendation_profile_test.go:132: 鍔犺浇閰嶇疆澶辫触: fatal error reading config file: open ../../config/config.yaml: The system cannot find the path specified.
--- FAIL: TestProfileRepository_GetByUserID (0.00s)
    recommendation_profile_test.go:157: 鍔犺浇閰嶇疆澶辫触: fatal error reading config file: open ../../config/config.yaml: The system cannot find the path specified.
--- FAIL: TestProfileRepository_GetByUserID_NotFound (0.00s)
    recommendation_profile_test.go:204: 鍔犺浇閰嶇疆澶辫触: fatal error reading config file: open ../../config/config.yaml: The system cannot find the path specified.
--- FAIL: TestProfileRepository_GetByUserID_EmptyUserID (0.00s)
    recommendation_profile_test.go:222: 鍔犺浇閰嶇疆澶辫触: fatal error reading config file: open ../../config/config.yaml: The system cannot find the path specified.
--- FAIL: TestProfileRepository_CompleteFlow (0.00s)
    recommendation_profile_test.go:240: 鍔犺浇閰嶇疆澶辫触: fatal error reading config file: open ../../config/config.yaml: The system cannot find the path specified.
FAIL
coverage: [no statements]
FAIL	Qingyu_backend/test/repository/recommendation	0.350s
Successfully connected to MongoDB: mongodb://localhost:27017/qingyu
Successfully connected to MongoDB: mongodb://localhost:27017/qingyu
Successfully connected to MongoDB: mongodb://localhost:27017/qingyu
--- FAIL: TestUserRepository_Integration (0.06s)
    --- FAIL: TestUserRepository_Integration/GetByPhone (0.00s)
        user_repository_test.go:83: 
            	Error Trace:	E:/Github/Qingyu/Qingyu_backend/test/repository/user/user_repository_test.go:83
            	Error:      	Not equal: 
            	            	expected: "68f49c13cf26cfcefa98f6da"
            	            	actual  : "68f49a9ea598e9a70c31ddca"
            	            	
            	            	Diff:
            	            	--- Expected
            	            	+++ Actual
            	            	@@ -1 +1 @@
            	            	-68f49c13cf26cfcefa98f6da
            	            	+68f49a9ea598e9a70c31ddca
            	Test:       	TestUserRepository_Integration/GetByPhone
            	Messages:   	鐢ㄦ埛ID搴旇鍖归厤
Successfully connected to MongoDB: mongodb://localhost:27017/qingyu
FAIL
coverage: [no statements]
FAIL	Qingyu_backend/test/repository/user	0.630s
--- FAIL: TestShortcutService_GetUserShortcuts (0.00s)
    --- FAIL: TestShortcutService_GetUserShortcuts/楠岃瘉榛樿蹇嵎閿暟閲?(0.00s)
        shortcut_service_test.go:34: 
            	Error Trace:	E:/Github/Qingyu/Qingyu_backend/test/service/shortcut_service_test.go:34
            	Error:      	Not equal: 
            	            	expected: 33
            	            	actual  : 34
            	Test:       	TestShortcutService_GetUserShortcuts/楠岃瘉榛樿蹇嵎閿暟閲?--- FAIL: TestUserService_LoginUser_ActiveStatus_Success (0.15s)
panic: runtime error: invalid memory address or nil pointer dereference [recovered, repanicked]
[signal 0xc0000005 code=0x0 addr=0x10 pc=0x7ff65db46fbc]

goroutine 140 [running]:
testing.tRunner.func1.2({0x7ff65dc5c2e0, 0x7ff65e37d490})
	C:/Program Files/Go/src/testing/testing.go:1872 +0x239
testing.tRunner.func1()
	C:/Program Files/Go/src/testing/testing.go:1875 +0x35b
panic({0x7ff65dc5c2e0?, 0x7ff65e37d490?})
	C:/Program Files/Go/src/runtime/panic.go:783 +0x132
Qingyu_backend/middleware.GenerateToken({0xc000296cf0?, 0x7ff65de57118?}, {0x0?, 0xc000296cf0?}, {0xc00029f920?, 0x7ff65dd375ad?, 0x7?})
	E:/Github/Qingyu/Qingyu_backend/middleware/jwt.go:175 +0x3c
Qingyu_backend/service/user.(*UserServiceImpl).generateToken(...)
	E:/Github/Qingyu/Qingyu_backend/service/user/user_service.go:548
Qingyu_backend/service/user.(*UserServiceImpl).LoginUser(0xc00003bf18, {0x7ff65de57118, 0x7ff65e3eea00}, 0xc00003beb0)
	E:/Github/Qingyu/Qingyu_backend/service/user/user_service.go:345 +0x7ba
Qingyu_backend/test/service_test.TestUserService_LoginUser_ActiveStatus_Success(0xc0005176c0)
	E:/Github/Qingyu/Qingyu_backend/test/service/user_login_status_test.go:214 +0x3b6
testing.tRunner(0xc0005176c0, 0x7ff65dd785f8)
	C:/Program Files/Go/src/testing/testing.go:1934 +0xc3
created by testing.(*T).Run in goroutine 1
	C:/Program Files/Go/src/testing/testing.go:1997 +0x44b
FAIL	Qingyu_backend/test/service	0.416s
ok  	Qingyu_backend/test/service/reading	2.098s	coverage: [no statements]
--- FAIL: TestRecommendationService_GetPersonalizedRecommendations_Enhanced (0.00s)
    --- FAIL: TestRecommendationService_GetPersonalizedRecommendations_Enhanced/鏃犵敾鍍忕敤鎴?鍐峰惎鍔ㄧ瓥鐣?(0.00s)
        recommendation_service_enhanced_test.go:236: 
            	Error Trace:	E:/Github/Qingyu/Qingyu_backend/test/service/recommendation_test/recommendation_service_enhanced_test.go:236
            	Error:      	Not equal: 
            	            	expected: []string{"hot1", "hot2", "hot3"}
            	            	actual  : []string{"hot1", "hot2"}
            	            	
            	            	Diff:
            	            	--- Expected
            	            	+++ Actual
            	            	@@ -1,5 +1,4 @@
            	            	-([]string) (len=3) {
            	            	+([]string) (len=2) {
            	            	  (string) (len=4) "hot1",
            	            	- (string) (len=4) "hot2",
            	            	- (string) (len=4) "hot3"
            	            	+ (string) (len=4) "hot2"
            	            	 }
            	Test:       	TestRecommendationService_GetPersonalizedRecommendations_Enhanced/鏃犵敾鍍忕敤鎴?鍐峰惎鍔ㄧ瓥鐣?--- FAIL: TestRecommendationService_GetSimilarItems_Enhanced (0.00s)
    --- FAIL: TestRecommendationService_GetSimilarItems_Enhanced/鎵惧埌鐩镐技鐗╁搧 (0.00s)
panic: 
	assert: mock: I don't know what to return because the method call was unexpected.
		Either do Mock.On("GetHotBooks").Return(...) first, or remove the GetHotBooks() call.
		This method was unexpected:
			GetHotBooks(context.backgroundCtx,int,int)
			0: context.backgroundCtx{emptyCtx:context.emptyCtx{}}
			1: 8
			2: 7
		at: [E:/Github/Qingyu/Qingyu_backend/test/service/recommendation_test/recommendation_service_enhanced_test.go:80 E:/Github/Qingyu/Qingyu_backend/service/recommendation/recommendation_service.go:235 E:/Github/Qingyu/Qingyu_backend/service/recommendation/recommendation_service.go:196 E:/Github/Qingyu/Qingyu_backend/test/service/recommendation_test/recommendation_service_enhanced_test.go:319] [recovered, repanicked]

goroutine 15 [running]:
testing.tRunner.func1.2({0x7ff62353ae80, 0xc000029e80})
	C:/Program Files/Go/src/testing/testing.go:1872 +0x239
testing.tRunner.func1()
	C:/Program Files/Go/src/testing/testing.go:1875 +0x35b
panic({0x7ff62353ae80?, 0xc000029e80?})
	C:/Program Files/Go/src/runtime/panic.go:783 +0x132
github.com/stretchr/testify/mock.(*Mock).fail(0xc0000c6a00, {0x7ff6235aad6b?, 0x4?}, {0xc00007f3c0?, 0x3?, 0x3?})
	C:/Users/yukin/go/pkg/mod/github.com/stretchr/testify@v1.11.1/mock/mock.go:359 +0x125
github.com/stretchr/testify/mock.(*Mock).MethodCalled(0xc0000c6a00, {0x7ff623645cbf, 0xb}, {0xc0001808d0, 0x3, 0x3})
	C:/Users/yukin/go/pkg/mod/github.com/stretchr/testify@v1.11.1/mock/mock.go:527 +0x77b
github.com/stretchr/testify/mock.(*Mock).Called(0xc0000c6a00, {0xc0001808d0, 0x3, 0x3})
	C:/Users/yukin/go/pkg/mod/github.com/stretchr/testify@v1.11.1/mock/mock.go:491 +0x125
Qingyu_backend/test/service/recommendation_test_test.(*MockHotRecommendationRepo).GetHotBooks(0xc0000c6a00, {0x7ff6235fe688, 0x7ff623826360}, 0x8, 0x7)
	E:/Github/Qingyu/Qingyu_backend/test/service/recommendation_test/recommendation_service_enhanced_test.go:80 +0x112
Qingyu_backend/service/recommendation.(*RecommendationServiceImpl).GetHotRecommendations(0xc00002ddd8?, {0x7ff6235fe688?, 0x7ff623826360?}, 0x5?, 0x14?)
	E:/Github/Qingyu/Qingyu_backend/service/recommendation/recommendation_service.go:235 +0x51
Qingyu_backend/service/recommendation.(*RecommendationServiceImpl).GetSimilarItems(0xc000080420, {0x7ff6235fe688, 0x7ff623826360}, {0x7ff6235960c6, 0x5}, 0xa)
	E:/Github/Qingyu/Qingyu_backend/service/recommendation/recommendation_service.go:196 +0x65f
Qingyu_backend/test/service/recommendation_test_test.TestRecommendationService_GetSimilarItems_Enhanced.func1(0xc0000f0fc0)
	E:/Github/Qingyu/Qingyu_backend/test/service/recommendation_test/recommendation_service_enhanced_test.go:319 +0x713
testing.tRunner(0xc0000f0fc0, 0xc000073040)
	C:/Program Files/Go/src/testing/testing.go:1934 +0xc3
created by testing.(*T).Run in goroutine 14
	C:/Program Files/Go/src/testing/testing.go:1997 +0x44b
FAIL	Qingyu_backend/test/service/recommendation_test	1.544s
--- FAIL: TestMessagingService_SubscribeToTopic_Success (0.00s)
panic: cannot use Func in expectations. Use mock.AnythingOfType("func(context.Context, *shared.MockMessage) error") [recovered, repanicked]

goroutine 36 [running]:
testing.tRunner.func1.2({0x7ff6298b9220, 0xc0002171c0})
	C:/Program Files/Go/src/testing/testing.go:1872 +0x239
testing.tRunner.func1()
	C:/Program Files/Go/src/testing/testing.go:1875 +0x35b
panic({0x7ff6298b9220?, 0xc0002171c0?})
	C:/Program Files/Go/src/runtime/panic.go:783 +0x132
github.com/stretchr/testify/mock.(*Mock).On(0xc0000c1770?, {0x7ff62991805c?, 0xb?}, {0xc00007f800?, 0x7ff6297acead?, 0x2?})
	C:/Users/yukin/go/pkg/mod/github.com/stretchr/testify@v1.11.1/mock/mock.go:372 +0x328
Qingyu_backend/test/service/shared.TestMessagingService_SubscribeToTopic_Success(0xc0000f5500)
	E:/Github/Qingyu/Qingyu_backend/test/service/shared/messaging_service_test.go:548 +0x3ae
testing.tRunner(0xc0000f5500, 0x7ff629932598)
	C:/Program Files/Go/src/testing/testing.go:1934 +0xc3
created by testing.(*T).Run in goroutine 1
	C:/Program Files/Go/src/testing/testing.go:1997 +0x44b
FAIL	Qingyu_backend/test/service/shared	1.585s
	Qingyu_backend/test/testutil		coverage: 0.0% of statements
FAIL
